<?xml version="1.0" encoding="UTF-8"?>
<!-- Generated by org.testng.reporters.JUnitReportReporter -->
<testsuite hostname="phajek-PC" name="com.intuit.ihg.product.mobile.test.MobileAcceptanceTestPlan" tests="1" failures="0" timestamp="4 Feb 2015 14:01:54 GMT" time="49.010" errors="0">
  <testcase name="testMobileAsk" time="49.010" classname="com.intuit.ihg.product.mobile.test.MobileAcceptanceTestPlan"/>
</testsuite> <!-- com.intuit.ihg.product.mobile.test.MobileAcceptanceTestPlan -->
