<?xml version="1.0" encoding="UTF-8"?>
<!-- Generated by org.testng.reporters.JUnitReportReporter -->
<testsuite hostname="phajek-PC" name="com.intuit.ihg.product.sitegen.test.SiteGenAcceptanceTests" tests="1" failures="0" timestamp="4 Feb 2015 13:05:31 GMT" time="32.475" errors="0">
  <testcase name="testSiteGenLoginLogout" time="32.475" classname="com.intuit.ihg.product.sitegen.test.SiteGenAcceptanceTests"/>
</testsuite> <!-- com.intuit.ihg.product.sitegen.test.SiteGenAcceptanceTests -->
