<?xml version="1.0" encoding="UTF-8"?>
<!-- Generated by org.testng.reporters.JUnitReportReporter -->
<testsuite hostname="DESKTOP-I2C2K8M" name="com.medfusion.product.pss2patientportal.test.PSS2PatientPortalAcceptanceTests02" tests="1" failures="0" timestamp="17 Sep 2020 08:19:05 GMT" time="415.339" errors="0">
  <testcase name="testE2EAnonymousAthena" time="415.339" classname="com.medfusion.product.pss2patientportal.test.PSS2PatientPortalAcceptanceTests02"/>
</testsuite> <!-- com.medfusion.product.pss2patientportal.test.PSS2PatientPortalAcceptanceTests02 -->
