<?xml version="1.0" encoding="UTF-8"?>
<con:soapui-project activeEnvironment="Default" name="test" resourceRoot="" soapui-version="5.1.2" abortOnError="false" runType="SEQUENTIAL" id="b0a850ba-dc59-4bd7-91e6-1db44d72989e" xmlns:con="http://eviware.com/soapui/config"><con:settings/><con:interface xsi:type="con:WsdlInterface" wsaVersion="NONE" name="medfusionSoapBinding" type="wsdl" bindingName="{urn:Medfusion}medfusionSoapBinding" soapVersion="1_1" anonymous="optional" definition="file:/C:/Users/pharlid/Desktop/test.wsdl" id="a1de2ebf-9e98-4ad8-a738-0d21ce534940" xmlns:xsi="http://www.w3.org/2001/XMLSchema-instance"><con:settings/><con:definitionCache type="TEXT" rootPart="file:\C:\Users\pharlid\Desktop\test.wsdl"><con:part><con:url>file:\C:\Users\pharlid\Desktop\test.wsdl</con:url><con:content><![CDATA[<wsdl:definitions targetNamespace="urn:Medfusion" xmlns:apachesoap="http://xml.apache.org/xml-soap" xmlns:impl="urn:Medfusion" xmlns:intf="urn:Medfusion" xmlns:soapenc="http://schemas.xmlsoap.org/soap/encoding/" xmlns:tns1="http://objects.medfusion.webservices.integrations.medfusion.net" xmlns:tns2="http://exceptions.common.webservices.integrations.medfusion.net" xmlns:tns3="http://query.common.webservices.integrations.medfusion.net" xmlns:wsdl="http://schemas.xmlsoap.org/wsdl/" xmlns:wsdlsoap="http://schemas.xmlsoap.org/wsdl/soap/" xmlns:xsd="http://www.w3.org/2001/XMLSchema">
  <!--WSDL created by Apache Axis version: 1.4
Built on Jul 25, 2011 (12:52:11 EDT)-->
  <wsdl:types>
    <schema targetNamespace="http://objects.medfusion.webservices.integrations.medfusion.net" xmlns="http://www.w3.org/2001/XMLSchema">
      <import namespace="urn:Medfusion"/>
      <import namespace="http://exceptions.common.webservices.integrations.medfusion.net"/>
      <import namespace="http://query.common.webservices.integrations.medfusion.net"/>
      <import namespace="http://schemas.xmlsoap.org/soap/encoding/"/>
      <complexType name="Location">
        <sequence>
          <element name="address1" nillable="true" type="xsd:string"/>
          <element name="address2" nillable="true" type="xsd:string"/>
          <element name="address3" nillable="true" type="xsd:string"/>
          <element name="address4" nillable="true" type="xsd:string"/>
          <element name="city" nillable="true" type="xsd:string"/>
          <element name="country" nillable="true" type="xsd:string"/>
          <element name="faxPhone" nillable="true" type="xsd:string"/>
          <element name="locationId" nillable="true" type="xsd:int"/>
          <element name="mobilePhone" nillable="true" type="xsd:string"/>
          <element name="name" nillable="true" type="xsd:string"/>
          <element name="phone" nillable="true" type="xsd:string"/>
          <element name="postalCode" nillable="true" type="xsd:string"/>
          <element name="practiceId" nillable="true" type="xsd:int"/>
          <element name="state" nillable="true" type="xsd:string"/>
        </sequence>
      </complexType>
      <complexType name="Practice">
        <sequence>
          <element name="name" nillable="true" type="xsd:string"/>
          <element name="practiceId" nillable="true" type="xsd:int"/>
          <element name="shortName" nillable="true" type="xsd:string"/>
        </sequence>
      </complexType>
      <complexType name="Member">
        <sequence>
          <element name="memberCountry" nillable="true" type="xsd:string"/>
          <element name="memberDob" nillable="true" type="xsd:dateTime"/>
          <element name="memberEmail" nillable="true" type="xsd:string"/>
          <element name="memberFirstName" nillable="true" type="xsd:string"/>
          <element name="memberHomeAddress1" nillable="true" type="xsd:string"/>
          <element name="memberHomeAddress2" nillable="true" type="xsd:string"/>
          <element name="memberHomeCity" nillable="true" type="xsd:string"/>
          <element name="memberHomePostalCode" nillable="true" type="xsd:string"/>
          <element name="memberHomeState" nillable="true" type="xsd:string"/>
          <element name="memberId" nillable="true" type="xsd:int"/>
          <element name="memberLastName" nillable="true" type="xsd:string"/>
          <element name="memberMiddleName" nillable="true" type="xsd:string"/>
          <element name="memberSSN" nillable="true" type="xsd:string"/>
          <element name="memberUserName" nillable="true" type="xsd:string"/>
        </sequence>
      </complexType>
      <complexType name="MemberMapValue">
        <sequence>
          <element name="fieldName" nillable="true" type="xsd:string"/>
          <element name="fieldValue" nillable="true" type="xsd:anyType"/>
        </sequence>
      </complexType>
      <complexType name="MemberMap">
        <sequence>
          <element name="memberId" nillable="true" type="xsd:int"/>
          <element name="values" nillable="true" type="impl:ArrayOf_tns2_MemberMapValue"/>
        </sequence>
      </complexType>
      <complexType name="Insurance">
        <sequence>
          <element name="claimsAddress1" nillable="true" type="xsd:string"/>
          <element name="claimsAddress2" nillable="true" type="xsd:string"/>
          <element name="claimsAddress3" nillable="true" type="xsd:string"/>
          <element name="claimsAddress4" nillable="true" type="xsd:string"/>
          <element name="claimsCity" nillable="true" type="xsd:string"/>
          <element name="claimsCountry" nillable="true" type="xsd:string"/>
          <element name="claimsPhoneNumber" nillable="true" type="xsd:string"/>
          <element name="claimsPostalCode" nillable="true" type="xsd:string"/>
          <element name="claimsState" nillable="true" type="xsd:string"/>
          <element name="coPay" nillable="true" type="xsd:decimal"/>
          <element name="companyName" nillable="true" type="xsd:string"/>
          <element name="dateEffective" nillable="true" type="xsd:dateTime"/>
          <element name="expirationDate" nillable="true" type="xsd:dateTime"/>
          <element name="groupNumber" nillable="true" type="xsd:string"/>
          <element name="insuranceId" nillable="true" type="xsd:int"/>
          <element name="insuredDOB" nillable="true" type="xsd:dateTime"/>
          <element name="insuredName" nillable="true" type="xsd:string"/>
          <element name="insuredSSN" nillable="true" type="xsd:string"/>
          <element name="memberId" nillable="true" type="xsd:int"/>
          <element name="planName" nillable="true" type="xsd:string"/>
          <element name="policyNumber" nillable="true" type="xsd:string"/>
        </sequence>
      </complexType>
      <complexType name="Field">
        <sequence>
          <element name="fieldName" nillable="true" type="xsd:string"/>
          <element name="fieldValue" nillable="true" type="xsd:anyType"/>
        </sequence>
      </complexType>
      <complexType name="Fields">
        <sequence>
          <element name="fields" nillable="true" type="impl:ArrayOf_tns2_Field"/>
        </sequence>
      </complexType>
      <complexType name="Insurance2">
        <sequence>
          <element name="fields" nillable="true" type="tns1:Fields"/>
        </sequence>
      </complexType>
      <complexType name="SA">
        <sequence>
          <element name="memberId" nillable="true" type="xsd:int"/>
          <element name="practiceId" nillable="true" type="xsd:int"/>
          <element name="saComplaint" nillable="true" type="xsd:string"/>
          <element name="saEndTime" nillable="true" type="xsd:dateTime"/>
          <element name="saId" nillable="true" type="xsd:int"/>
          <element name="saReport" nillable="true" type="xsd:string"/>
          <element name="saReportType" nillable="true" type="xsd:string"/>
          <element name="saSecondaryReport" nillable="true" type="xsd:string"/>
          <element name="saStartTime" nillable="true" type="xsd:dateTime"/>
        </sequence>
      </complexType>
      <complexType name="SA2">
        <sequence>
          <element name="fields" nillable="true" type="tns1:Fields"/>
        </sequence>
      </complexType>
      <complexType name="ApptReq">
        <sequence>
          <element name="fields" nillable="true" type="tns1:Fields"/>
        </sequence>
      </complexType>
      <complexType name="Staff">
        <sequence>
          <element name="fields" nillable="true" type="tns1:Fields"/>
        </sequence>
      </complexType>
      <complexType name="OBP">
        <sequence>
          <element name="fields" nillable="true" type="tns1:Fields"/>
        </sequence>
      </complexType>
      <complexType name="RxRefillReq">
        <sequence>
          <element name="fields" nillable="true" type="tns1:Fields"/>
        </sequence>
      </complexType>
      <complexType name="RxRefillReqEntry">
        <sequence>
          <element name="fields" nillable="true" type="tns1:Fields"/>
        </sequence>
      </complexType>
      <complexType name="Comm">
        <sequence>
          <element name="fields" nillable="true" type="tns1:Fields"/>
        </sequence>
      </complexType>
      <complexType name="WebServiceReturnComposite">
        <sequence>
          <element name="fields" nillable="true" type="tns1:Fields"/>
        </sequence>
      </complexType>
      <complexType name="VOV">
        <sequence>
          <element name="fields" nillable="true" type="tns1:Fields"/>
        </sequence>
      </complexType>
      <complexType name="EM">
        <sequence>
          <element name="fields" nillable="true" type="tns1:Fields"/>
        </sequence>
      </complexType>
      <complexType name="EMTemplate">
        <sequence>
          <element name="fields" nillable="true" type="tns1:Fields"/>
        </sequence>
      </complexType>
      <complexType name="EMStatus">
        <sequence>
          <element name="fields" nillable="true" type="tns1:Fields"/>
        </sequence>
      </complexType>
      <complexType name="EMField">
        <sequence>
          <element name="fields" nillable="true" type="tns1:Fields"/>
        </sequence>
      </complexType>
      <complexType name="CustomForm">
        <sequence>
          <element name="fields" nillable="true" type="tns1:Fields"/>
        </sequence>
      </complexType>
      <complexType name="CFF">
        <sequence>
          <element name="fields" nillable="true" type="tns1:Fields"/>
        </sequence>
      </complexType>
      <complexType name="CPTCode">
        <sequence>
          <element name="fields" nillable="true" type="tns1:Fields"/>
        </sequence>
      </complexType>
      <complexType name="DiagCode">
        <sequence>
          <element name="fields" nillable="true" type="tns1:Fields"/>
        </sequence>
      </complexType>
      <complexType name="RouteCode">
        <sequence>
          <element name="fields" nillable="true" type="tns1:Fields"/>
        </sequence>
      </complexType>
      <complexType name="SigCode">
        <sequence>
          <element name="fields" nillable="true" type="tns1:Fields"/>
        </sequence>
      </complexType>
      <complexType name="MemberLocked">
        <sequence>
          <element name="fields" nillable="true" type="tns1:Fields"/>
        </sequence>
      </complexType>
      <complexType name="NameValuePairComposite">
        <sequence>
          <element name="fields" nillable="true" type="tns1:Fields"/>
        </sequence>
      </complexType>
      <complexType name="Statement">
        <sequence>
          <element name="fields" nillable="true" type="tns1:Fields"/>
        </sequence>
      </complexType>
      <complexType name="ES">
        <sequence>
          <element name="fields" nillable="true" type="tns1:Fields"/>
        </sequence>
      </complexType>
      <complexType name="Pharmacy">
        <sequence>
          <element name="fields" nillable="true" type="tns1:Fields"/>
        </sequence>
      </complexType>
      <complexType name="CommDetail">
        <sequence>
          <element name="fields" nillable="true" type="tns1:Fields"/>
        </sequence>
      </complexType>
      <complexType name="CommAttachment">
        <sequence>
          <element name="fields" nillable="true" type="tns1:Fields"/>
        </sequence>
      </complexType>
      <complexType name="EMFieldValue">
        <sequence>
          <element name="fields" nillable="true" type="tns1:Fields"/>
        </sequence>
      </complexType>
      <complexType name="EMRecipient">
        <sequence>
          <element name="fields" nillable="true" type="tns1:Fields"/>
        </sequence>
      </complexType>
      <complexType name="CFC">
        <sequence>
          <element name="fields" nillable="true" type="tns1:Fields"/>
        </sequence>
      </complexType>
      <complexType name="CFCQ">
        <sequence>
          <element name="fields" nillable="true" type="tns1:Fields"/>
        </sequence>
      </complexType>
      <complexType name="CFSS">
        <sequence>
          <element name="fields" nillable="true" type="tns1:Fields"/>
        </sequence>
      </complexType>
      <complexType name="CFSQ">
        <sequence>
          <element name="fields" nillable="true" type="tns1:Fields"/>
        </sequence>
      </complexType>
      <complexType name="CFCQA">
        <sequence>
          <element name="fields" nillable="true" type="tns1:Fields"/>
        </sequence>
      </complexType>
      <complexType name="CFSQA">
        <sequence>
          <element name="fields" nillable="true" type="tns1:Fields"/>
        </sequence>
      </complexType>
      <complexType name="CFA">
        <sequence>
          <element name="fields" nillable="true" type="tns1:Fields"/>
        </sequence>
      </complexType>
      <complexType name="NameValuePair">
        <sequence>
          <element name="fields" nillable="true" type="tns1:Fields"/>
        </sequence>
      </complexType>
    </schema>
    <schema targetNamespace="http://exceptions.common.webservices.integrations.medfusion.net" xmlns="http://www.w3.org/2001/XMLSchema">
      <import namespace="http://objects.medfusion.webservices.integrations.medfusion.net"/>
      <import namespace="urn:Medfusion"/>
      <import namespace="http://query.common.webservices.integrations.medfusion.net"/>
      <import namespace="http://schemas.xmlsoap.org/soap/encoding/"/>
      <complexType name="WebServiceException">
        <sequence>
          <element name="message" nillable="true" type="xsd:string"/>
        </sequence>
      </complexType>
      <complexType name="WebServiceExceptionInvalidParameter">
        <complexContent>
          <extension base="tns2:WebServiceException">
            <sequence/>
          </extension>
        </complexContent>
      </complexType>
      <complexType name="WebServiceExceptionComposite">
        <complexContent>
          <extension base="tns2:WebServiceException">
            <sequence/>
          </extension>
        </complexContent>
      </complexType>
      <complexType name="WebServiceExceptionUnhandled">
        <complexContent>
          <extension base="tns2:WebServiceException">
            <sequence/>
          </extension>
        </complexContent>
      </complexType>
      <complexType name="WebServiceExceptionPermission">
        <complexContent>
          <extension base="tns2:WebServiceException">
            <sequence/>
          </extension>
        </complexContent>
      </complexType>
    </schema>
    <schema targetNamespace="urn:Medfusion" xmlns="http://www.w3.org/2001/XMLSchema">
      <import namespace="http://objects.medfusion.webservices.integrations.medfusion.net"/>
      <import namespace="http://exceptions.common.webservices.integrations.medfusion.net"/>
      <import namespace="http://query.common.webservices.integrations.medfusion.net"/>
      <import namespace="http://schemas.xmlsoap.org/soap/encoding/"/>
      <complexType name="ArrayOf_tns2_Practice">
        <complexContent>
          <restriction base="soapenc:Array">
            <attribute ref="soapenc:arrayType" wsdl:arrayType="tns1:Practice[]"/>
          </restriction>
        </complexContent>
      </complexType>
      <complexType name="ArrayOf_tns4_Criteria">
        <complexContent>
          <restriction base="soapenc:Array">
            <attribute ref="soapenc:arrayType" wsdl:arrayType="tns3:Criteria[]"/>
          </restriction>
        </complexContent>
      </complexType>
      <complexType name="ArrayOf_xsd_string">
        <complexContent>
          <restriction base="soapenc:Array">
            <attribute ref="soapenc:arrayType" wsdl:arrayType="xsd:string[]"/>
          </restriction>
        </complexContent>
      </complexType>
      <complexType name="ArrayOf_tns2_Member">
        <complexContent>
          <restriction base="soapenc:Array">
            <attribute ref="soapenc:arrayType" wsdl:arrayType="tns1:Member[]"/>
          </restriction>
        </complexContent>
      </complexType>
      <complexType name="ArrayOf_xsd_int">
        <complexContent>
          <restriction base="soapenc:Array">
            <attribute ref="soapenc:arrayType" wsdl:arrayType="xsd:int[]"/>
          </restriction>
        </complexContent>
      </complexType>
      <complexType name="ArrayOf_tns2_MemberMapValue">
        <complexContent>
          <restriction base="soapenc:Array">
            <attribute ref="soapenc:arrayType" wsdl:arrayType="tns1:MemberMapValue[]"/>
          </restriction>
        </complexContent>
      </complexType>
      <complexType name="ArrayOf_tns2_MemberMap">
        <complexContent>
          <restriction base="soapenc:Array">
            <attribute ref="soapenc:arrayType" wsdl:arrayType="tns1:MemberMap[]"/>
          </restriction>
        </complexContent>
      </complexType>
      <complexType name="ArrayOf_tns2_Insurance">
        <complexContent>
          <restriction base="soapenc:Array">
            <attribute ref="soapenc:arrayType" wsdl:arrayType="tns1:Insurance[]"/>
          </restriction>
        </complexContent>
      </complexType>
      <complexType name="ArrayOf_tns2_Field">
        <complexContent>
          <restriction base="soapenc:Array">
            <attribute ref="soapenc:arrayType" wsdl:arrayType="tns1:Field[]"/>
          </restriction>
        </complexContent>
      </complexType>
      <complexType name="ArrayOf_tns2_Insurance2">
        <complexContent>
          <restriction base="soapenc:Array">
            <attribute ref="soapenc:arrayType" wsdl:arrayType="tns1:Insurance2[]"/>
          </restriction>
        </complexContent>
      </complexType>
      <complexType name="ArrayOf_tns2_SA">
        <complexContent>
          <restriction base="soapenc:Array">
            <attribute ref="soapenc:arrayType" wsdl:arrayType="tns1:SA[]"/>
          </restriction>
        </complexContent>
      </complexType>
      <complexType name="ArrayOf_tns2_SA2">
        <complexContent>
          <restriction base="soapenc:Array">
            <attribute ref="soapenc:arrayType" wsdl:arrayType="tns1:SA2[]"/>
          </restriction>
        </complexContent>
      </complexType>
      <complexType name="ArrayOf_tns2_Location">
        <complexContent>
          <restriction base="soapenc:Array">
            <attribute ref="soapenc:arrayType" wsdl:arrayType="tns1:Location[]"/>
          </restriction>
        </complexContent>
      </complexType>
      <complexType name="ArrayOf_tns2_ApptReq">
        <complexContent>
          <restriction base="soapenc:Array">
            <attribute ref="soapenc:arrayType" wsdl:arrayType="tns1:ApptReq[]"/>
          </restriction>
        </complexContent>
      </complexType>
      <complexType name="ArrayOf_tns2_Staff">
        <complexContent>
          <restriction base="soapenc:Array">
            <attribute ref="soapenc:arrayType" wsdl:arrayType="tns1:Staff[]"/>
          </restriction>
        </complexContent>
      </complexType>
      <complexType name="ArrayOf_tns2_OBP">
        <complexContent>
          <restriction base="soapenc:Array">
            <attribute ref="soapenc:arrayType" wsdl:arrayType="tns1:OBP[]"/>
          </restriction>
        </complexContent>
      </complexType>
      <complexType name="ArrayOf_tns2_RxRefillReq">
        <complexContent>
          <restriction base="soapenc:Array">
            <attribute ref="soapenc:arrayType" wsdl:arrayType="tns1:RxRefillReq[]"/>
          </restriction>
        </complexContent>
      </complexType>
      <complexType name="ArrayOf_tns2_Comm">
        <complexContent>
          <restriction base="soapenc:Array">
            <attribute ref="soapenc:arrayType" wsdl:arrayType="tns1:Comm[]"/>
          </restriction>
        </complexContent>
      </complexType>
      <complexType name="ArrayOf_tns2_WebServiceReturnComposite">
        <complexContent>
          <restriction base="soapenc:Array">
            <attribute ref="soapenc:arrayType" wsdl:arrayType="tns1:WebServiceReturnComposite[]"/>
          </restriction>
        </complexContent>
      </complexType>
      <complexType name="ArrayOf_tns2_VOV">
        <complexContent>
          <restriction base="soapenc:Array">
            <attribute ref="soapenc:arrayType" wsdl:arrayType="tns1:VOV[]"/>
          </restriction>
        </complexContent>
      </complexType>
      <complexType name="ArrayOf_tns2_RxRefillReqEntry">
        <complexContent>
          <restriction base="soapenc:Array">
            <attribute ref="soapenc:arrayType" wsdl:arrayType="tns1:RxRefillReqEntry[]"/>
          </restriction>
        </complexContent>
      </complexType>
      <complexType name="ArrayOf_tns2_EM">
        <complexContent>
          <restriction base="soapenc:Array">
            <attribute ref="soapenc:arrayType" wsdl:arrayType="tns1:EM[]"/>
          </restriction>
        </complexContent>
      </complexType>
      <complexType name="ArrayOf_tns2_EMTemplate">
        <complexContent>
          <restriction base="soapenc:Array">
            <attribute ref="soapenc:arrayType" wsdl:arrayType="tns1:EMTemplate[]"/>
          </restriction>
        </complexContent>
      </complexType>
      <complexType name="ArrayOf_tns2_EMStatus">
        <complexContent>
          <restriction base="soapenc:Array">
            <attribute ref="soapenc:arrayType" wsdl:arrayType="tns1:EMStatus[]"/>
          </restriction>
        </complexContent>
      </complexType>
      <complexType name="ArrayOf_tns2_EMField">
        <complexContent>
          <restriction base="soapenc:Array">
            <attribute ref="soapenc:arrayType" wsdl:arrayType="tns1:EMField[]"/>
          </restriction>
        </complexContent>
      </complexType>
      <complexType name="ArrayOf_tns2_CustomForm">
        <complexContent>
          <restriction base="soapenc:Array">
            <attribute ref="soapenc:arrayType" wsdl:arrayType="tns1:CustomForm[]"/>
          </restriction>
        </complexContent>
      </complexType>
      <complexType name="ArrayOf_tns2_CFF">
        <complexContent>
          <restriction base="soapenc:Array">
            <attribute ref="soapenc:arrayType" wsdl:arrayType="tns1:CFF[]"/>
          </restriction>
        </complexContent>
      </complexType>
      <complexType name="ArrayOf_tns2_CPTCode">
        <complexContent>
          <restriction base="soapenc:Array">
            <attribute ref="soapenc:arrayType" wsdl:arrayType="tns1:CPTCode[]"/>
          </restriction>
        </complexContent>
      </complexType>
      <complexType name="ArrayOf_tns2_DiagCode">
        <complexContent>
          <restriction base="soapenc:Array">
            <attribute ref="soapenc:arrayType" wsdl:arrayType="tns1:DiagCode[]"/>
          </restriction>
        </complexContent>
      </complexType>
      <complexType name="ArrayOf_tns2_RouteCode">
        <complexContent>
          <restriction base="soapenc:Array">
            <attribute ref="soapenc:arrayType" wsdl:arrayType="tns1:RouteCode[]"/>
          </restriction>
        </complexContent>
      </complexType>
      <complexType name="ArrayOf_tns2_SigCode">
        <complexContent>
          <restriction base="soapenc:Array">
            <attribute ref="soapenc:arrayType" wsdl:arrayType="tns1:SigCode[]"/>
          </restriction>
        </complexContent>
      </complexType>
      <complexType name="ArrayOf_tns2_MemberLocked">
        <complexContent>
          <restriction base="soapenc:Array">
            <attribute ref="soapenc:arrayType" wsdl:arrayType="tns1:MemberLocked[]"/>
          </restriction>
        </complexContent>
      </complexType>
      <complexType name="ArrayOf_tns2_NameValuePairComposite">
        <complexContent>
          <restriction base="soapenc:Array">
            <attribute ref="soapenc:arrayType" wsdl:arrayType="tns1:NameValuePairComposite[]"/>
          </restriction>
        </complexContent>
      </complexType>
      <complexType name="ArrayOf_tns2_Statement">
        <complexContent>
          <restriction base="soapenc:Array">
            <attribute ref="soapenc:arrayType" wsdl:arrayType="tns1:Statement[]"/>
          </restriction>
        </complexContent>
      </complexType>
      <complexType name="ArrayOf_tns2_ES">
        <complexContent>
          <restriction base="soapenc:Array">
            <attribute ref="soapenc:arrayType" wsdl:arrayType="tns1:ES[]"/>
          </restriction>
        </complexContent>
      </complexType>
      <complexType name="ArrayOf_tns2_Pharmacy">
        <complexContent>
          <restriction base="soapenc:Array">
            <attribute ref="soapenc:arrayType" wsdl:arrayType="tns1:Pharmacy[]"/>
          </restriction>
        </complexContent>
      </complexType>
      <complexType name="ArrayOf_tns2_CommDetail">
        <complexContent>
          <restriction base="soapenc:Array">
            <attribute ref="soapenc:arrayType" wsdl:arrayType="tns1:CommDetail[]"/>
          </restriction>
        </complexContent>
      </complexType>
      <complexType name="ArrayOf_tns2_CommAttachment">
        <complexContent>
          <restriction base="soapenc:Array">
            <attribute ref="soapenc:arrayType" wsdl:arrayType="tns1:CommAttachment[]"/>
          </restriction>
        </complexContent>
      </complexType>
      <complexType name="ArrayOf_tns2_EMFieldValue">
        <complexContent>
          <restriction base="soapenc:Array">
            <attribute ref="soapenc:arrayType" wsdl:arrayType="tns1:EMFieldValue[]"/>
          </restriction>
        </complexContent>
      </complexType>
      <complexType name="ArrayOf_tns2_EMRecipient">
        <complexContent>
          <restriction base="soapenc:Array">
            <attribute ref="soapenc:arrayType" wsdl:arrayType="tns1:EMRecipient[]"/>
          </restriction>
        </complexContent>
      </complexType>
      <complexType name="ArrayOf_tns2_CFC">
        <complexContent>
          <restriction base="soapenc:Array">
            <attribute ref="soapenc:arrayType" wsdl:arrayType="tns1:CFC[]"/>
          </restriction>
        </complexContent>
      </complexType>
      <complexType name="ArrayOf_tns2_CFCQ">
        <complexContent>
          <restriction base="soapenc:Array">
            <attribute ref="soapenc:arrayType" wsdl:arrayType="tns1:CFCQ[]"/>
          </restriction>
        </complexContent>
      </complexType>
      <complexType name="ArrayOf_tns2_CFSS">
        <complexContent>
          <restriction base="soapenc:Array">
            <attribute ref="soapenc:arrayType" wsdl:arrayType="tns1:CFSS[]"/>
          </restriction>
        </complexContent>
      </complexType>
      <complexType name="ArrayOf_tns2_CFSQ">
        <complexContent>
          <restriction base="soapenc:Array">
            <attribute ref="soapenc:arrayType" wsdl:arrayType="tns1:CFSQ[]"/>
          </restriction>
        </complexContent>
      </complexType>
      <complexType name="ArrayOf_tns2_CFCQA">
        <complexContent>
          <restriction base="soapenc:Array">
            <attribute ref="soapenc:arrayType" wsdl:arrayType="tns1:CFCQA[]"/>
          </restriction>
        </complexContent>
      </complexType>
      <complexType name="ArrayOf_tns2_CFSQA">
        <complexContent>
          <restriction base="soapenc:Array">
            <attribute ref="soapenc:arrayType" wsdl:arrayType="tns1:CFSQA[]"/>
          </restriction>
        </complexContent>
      </complexType>
      <complexType name="ArrayOf_tns2_CFA">
        <complexContent>
          <restriction base="soapenc:Array">
            <attribute ref="soapenc:arrayType" wsdl:arrayType="tns1:CFA[]"/>
          </restriction>
        </complexContent>
      </complexType>
    </schema>
    <schema targetNamespace="http://query.common.webservices.integrations.medfusion.net" xmlns="http://www.w3.org/2001/XMLSchema">
      <import namespace="http://objects.medfusion.webservices.integrations.medfusion.net"/>
      <import namespace="urn:Medfusion"/>
      <import namespace="http://exceptions.common.webservices.integrations.medfusion.net"/>
      <import namespace="http://schemas.xmlsoap.org/soap/encoding/"/>
      <complexType name="Criteria">
        <sequence>
          <element name="fieldName" nillable="true" type="xsd:string"/>
          <element name="fieldValue" nillable="true" type="xsd:anyType"/>
          <element name="operation" type="xsd:int"/>
          <element name="operationCaseSensitive" type="xsd:boolean"/>
        </sequence>
      </complexType>
    </schema>
  </wsdl:types>
  <wsdl:message name="getCommsByCriteriaResponse">
    <wsdl:part name="getCommsByCriteriaReturn" type="impl:ArrayOf_tns2_Comm"/>
  </wsdl:message>
  <wsdl:message name="getAllRouteCodesResponse">
    <wsdl:part name="getAllRouteCodesReturn" type="impl:ArrayOf_tns2_RouteCode"/>
  </wsdl:message>
  <wsdl:message name="setPatientIdResponse"/>
  <wsdl:message name="deleteMemberRequest">
    <wsdl:part name="in0" type="xsd:int"/>
    <wsdl:part name="in1" type="xsd:int"/>
  </wsdl:message>
  <wsdl:message name="getEMStatusesByEMIdsRequest">
    <wsdl:part name="in0" type="impl:ArrayOf_xsd_int"/>
  </wsdl:message>
  <wsdl:message name="getStaffByIdsResponse">
    <wsdl:part name="getStaffByIdsReturn" type="impl:ArrayOf_tns2_Staff"/>
  </wsdl:message>
  <wsdl:message name="getAllLocationsResponse">
    <wsdl:part name="getAllLocationsReturn" type="impl:ArrayOf_tns2_Location"/>
  </wsdl:message>
  <wsdl:message name="getAllEMFieldsRequest"/>
  <wsdl:message name="createOrUpdateMultipleMemberLockedRequest">
    <wsdl:part name="in0" type="impl:ArrayOf_tns2_MemberLocked"/>
    <wsdl:part name="in1" type="xsd:int"/>
    <wsdl:part name="in2" type="xsd:string"/>
    <wsdl:part name="in3" type="impl:ArrayOf_xsd_string"/>
    <wsdl:part name="in4" type="xsd:boolean"/>
    <wsdl:part name="in5" type="xsd:string"/>
    <wsdl:part name="in6" type="xsd:string"/>
    <wsdl:part name="in7" type="impl:ArrayOf_tns2_NameValuePairComposite"/>
  </wsdl:message>
  <wsdl:message name="createMemberLockedRequest">
    <wsdl:part name="in0" type="tns1:MemberLocked"/>
  </wsdl:message>
  <wsdl:message name="getInsurancesForUserByMedfusionIdRequest">
    <wsdl:part name="in0" type="xsd:int"/>
  </wsdl:message>
  <wsdl:message name="getMemberMapForUsersByMedfusionIdsRequest">
    <wsdl:part name="in0" type="impl:ArrayOf_xsd_string"/>
    <wsdl:part name="in1" type="impl:ArrayOf_xsd_int"/>
    <wsdl:part name="in2" type="impl:ArrayOf_xsd_string"/>
  </wsdl:message>
  <wsdl:message name="postOnlineBillPaymentsRequest">
    <wsdl:part name="in0" type="impl:ArrayOf_xsd_int"/>
  </wsdl:message>
  <wsdl:message name="createOrUpdateMultipleMUMemberLockedResponse">
    <wsdl:part name="createOrUpdateMultipleMUMemberLockedReturn" type="impl:ArrayOf_tns2_WebServiceReturnComposite"/>
  </wsdl:message>
  <wsdl:message name="getInsurance2sForUsersByMedfusionIdsResponse">
    <wsdl:part name="getInsurance2sForUsersByMedfusionIdsReturn" type="impl:ArrayOf_tns2_Insurance2"/>
  </wsdl:message>
  <wsdl:message name="getStaffByExternalIdsResponse">
    <wsdl:part name="getStaffByExternalIdsReturn" type="impl:ArrayOf_tns2_Staff"/>
  </wsdl:message>
  <wsdl:message name="getMemberForUsersByMedfusionIdsResponse">
    <wsdl:part name="getMemberForUsersByMedfusionIdsReturn" type="impl:ArrayOf_tns2_Member"/>
  </wsdl:message>
  <wsdl:message name="getOBPByCriteriaResponse">
    <wsdl:part name="getOBPByCriteriaReturn" type="impl:ArrayOf_tns2_OBP"/>
  </wsdl:message>
  <wsdl:message name="isMedfusionIdInPracticeResponse">
    <wsdl:part name="isMedfusionIdInPracticeReturn" type="xsd:boolean"/>
  </wsdl:message>
  <wsdl:message name="getMemberForUserRequest">
    <wsdl:part name="in0" type="xsd:int"/>
  </wsdl:message>
  <wsdl:message name="setExternalIdForMemberResponse"/>
  <wsdl:message name="getStaffByIdResponse">
    <wsdl:part name="getStaffByIdReturn" type="tns1:Staff"/>
  </wsdl:message>
  <wsdl:message name="getCFFForCustomFormResponse">
    <wsdl:part name="getCFFForCustomFormReturn" type="tns1:CFF"/>
  </wsdl:message>
  <wsdl:message name="getAllRouteCodesRequest"/>
  <wsdl:message name="getPharmacyByCriteriaResponse">
    <wsdl:part name="getPharmacyByCriteriaReturn" type="impl:ArrayOf_tns2_Pharmacy"/>
  </wsdl:message>
  <wsdl:message name="getMemberMapForUsersByDataResponse">
    <wsdl:part name="getMemberMapForUsersByDataReturn" type="impl:ArrayOf_tns2_MemberMap"/>
  </wsdl:message>
  <wsdl:message name="addSigCodeRequest">
    <wsdl:part name="in0" type="xsd:string"/>
    <wsdl:part name="in1" type="xsd:string"/>
    <wsdl:part name="in2" type="xsd:int"/>
  </wsdl:message>
  <wsdl:message name="getExternalSystemsForPracticeResponse">
    <wsdl:part name="getExternalSystemsForPracticeReturn" type="impl:ArrayOf_tns2_ES"/>
  </wsdl:message>
  <wsdl:message name="setExternalIdForMemberRequest">
    <wsdl:part name="in0" type="xsd:int"/>
    <wsdl:part name="in1" type="xsd:int"/>
    <wsdl:part name="in2" type="xsd:int"/>
    <wsdl:part name="in3" type="xsd:string"/>
  </wsdl:message>
  <wsdl:message name="getAllPracticesRequest"/>
  <wsdl:message name="addESToPracticeResponse"/>
  <wsdl:message name="externallyProcessRxRefillReqsRequest">
    <wsdl:part name="in0" type="impl:ArrayOf_xsd_int"/>
  </wsdl:message>
  <wsdl:message name="getApptReqsByCriteriaResponse">
    <wsdl:part name="getApptReqsByCriteriaReturn" type="impl:ArrayOf_tns2_ApptReq"/>
  </wsdl:message>
  <wsdl:message name="addESToPracticeRequest">
    <wsdl:part name="in0" type="xsd:int"/>
    <wsdl:part name="in1" type="xsd:int"/>
    <wsdl:part name="in2" type="xsd:boolean"/>
  </wsdl:message>
  <wsdl:message name="getStaffForPracticeResponse">
    <wsdl:part name="getStaffForPracticeReturn" type="impl:ArrayOf_tns2_Staff"/>
  </wsdl:message>
  <wsdl:message name="getMemberForUserResponse">
    <wsdl:part name="getMemberForUserReturn" type="tns1:Member"/>
  </wsdl:message>
  <wsdl:message name="getAllLocationsRequest"/>
  <wsdl:message name="createEMTemplateRequest">
    <wsdl:part name="in0" type="tns1:EMTemplate"/>
  </wsdl:message>
  <wsdl:message name="getMemberLockedsByCriteriaResponse">
    <wsdl:part name="getMemberLockedsByCriteriaReturn" type="impl:ArrayOf_tns2_MemberLocked"/>
  </wsdl:message>
  <wsdl:message name="communicateAndProcessVOVRequest">
    <wsdl:part name="in0" type="xsd:int"/>
    <wsdl:part name="in1" type="xsd:int"/>
    <wsdl:part name="in2" type="xsd:int"/>
    <wsdl:part name="in3" type="xsd:int"/>
    <wsdl:part name="in4" type="xsd:decimal"/>
    <wsdl:part name="in5" type="tns1:Comm"/>
  </wsdl:message>
  <wsdl:message name="communicateAndProcessVOVResponse">
    <wsdl:part name="communicateAndProcessVOVReturn" type="xsd:int"/>
  </wsdl:message>
  <wsdl:message name="createMemberLockedResponse">
    <wsdl:part name="createMemberLockedReturn" type="xsd:int"/>
  </wsdl:message>
  <wsdl:message name="prescribeRxRefillReqEntryFromPatientResponse"/>
  <wsdl:message name="deleteSigCodeResponse"/>
  <wsdl:message name="sendMultipleMemberUnlockEmailRequest">
    <wsdl:part name="in0" type="impl:ArrayOf_xsd_int"/>
    <wsdl:part name="in1" type="xsd:int"/>
    <wsdl:part name="in2" type="xsd:string"/>
    <wsdl:part name="in3" type="impl:ArrayOf_xsd_string"/>
    <wsdl:part name="in4" type="xsd:string"/>
    <wsdl:part name="in5" type="xsd:string"/>
    <wsdl:part name="in6" type="impl:ArrayOf_tns2_NameValuePairComposite"/>
  </wsdl:message>
  <wsdl:message name="createOrUpdatePharmaciesRequest">
    <wsdl:part name="in0" type="impl:ArrayOf_tns2_Pharmacy"/>
  </wsdl:message>
  <wsdl:message name="setStatementOutOfDateResponse"/>
  <wsdl:message name="sendCommunicationsResponse">
    <wsdl:part name="sendCommunicationsReturn" type="impl:ArrayOf_tns2_WebServiceReturnComposite"/>
  </wsdl:message>
  <wsdl:message name="getLocationByExternalIdResponse">
    <wsdl:part name="getLocationByExternalIdReturn" type="tns1:Location"/>
  </wsdl:message>
  <wsdl:message name="getApptReqsByCriteriaRequest">
    <wsdl:part name="in0" type="xsd:int"/>
    <wsdl:part name="in1" type="impl:ArrayOf_tns4_Criteria"/>
  </wsdl:message>
  <wsdl:message name="reconcileOnlineBillPaymentsResponse"/>
  <wsdl:message name="getVOVsByCriteriaRequest">
    <wsdl:part name="in0" type="xsd:int"/>
    <wsdl:part name="in1" type="impl:ArrayOf_tns4_Criteria"/>
  </wsdl:message>
  <wsdl:message name="externallyProcessRxRefillReqsResponse"/>
  <wsdl:message name="setApptReqStatusResponse"/>
  <wsdl:message name="getAllCFFsResponse">
    <wsdl:part name="getAllCFFsReturn" type="impl:ArrayOf_tns2_CFF"/>
  </wsdl:message>
  <wsdl:message name="getCFFForCustomFormRequest">
    <wsdl:part name="in0" type="xsd:int"/>
  </wsdl:message>
  <wsdl:message name="getEMsByCriteriaRequest">
    <wsdl:part name="in0" type="xsd:int"/>
    <wsdl:part name="in1" type="impl:ArrayOf_tns4_Criteria"/>
  </wsdl:message>
  <wsdl:message name="setExternalIdForStaffRequest">
    <wsdl:part name="in0" type="xsd:int"/>
    <wsdl:part name="in1" type="xsd:int"/>
    <wsdl:part name="in2" type="xsd:int"/>
    <wsdl:part name="in3" type="xsd:string"/>
  </wsdl:message>
  <wsdl:message name="setStatementDeliveryPreferenceRequest">
    <wsdl:part name="in0" type="xsd:int"/>
    <wsdl:part name="in1" type="impl:ArrayOf_xsd_int"/>
    <wsdl:part name="in2" type="xsd:string"/>
  </wsdl:message>
  <wsdl:message name="getInsurancesForUserByMedfusionIdResponse">
    <wsdl:part name="getInsurancesForUserByMedfusionIdReturn" type="impl:ArrayOf_tns2_Insurance"/>
  </wsdl:message>
  <wsdl:message name="deletePharmaciesRequest">
    <wsdl:part name="in0" type="xsd:int"/>
    <wsdl:part name="in1" type="impl:ArrayOf_xsd_int"/>
    <wsdl:part name="in2" type="impl:ArrayOf_xsd_int"/>
  </wsdl:message>
  <wsdl:message name="getMemberMapsByExternalIdsRequest">
    <wsdl:part name="in0" type="xsd:int"/>
    <wsdl:part name="in1" type="impl:ArrayOf_xsd_string"/>
    <wsdl:part name="in2" type="xsd:int"/>
    <wsdl:part name="in3" type="impl:ArrayOf_xsd_string"/>
  </wsdl:message>
  <wsdl:message name="setApptReqScheduledDateRequest">
    <wsdl:part name="in0" type="xsd:int"/>
    <wsdl:part name="in1" type="xsd:int"/>
    <wsdl:part name="in2" type="xsd:dateTime"/>
  </wsdl:message>
  <wsdl:message name="getInsurance2sForUsersByMedfusionIdsRequest">
    <wsdl:part name="in0" type="impl:ArrayOf_xsd_int"/>
  </wsdl:message>
  <wsdl:message name="getSymptomAnalysesForUserByMedfusionIdRequest">
    <wsdl:part name="in0" type="xsd:int"/>
    <wsdl:part name="in1" type="xsd:int"/>
    <wsdl:part name="in2" type="xsd:dateTime"/>
    <wsdl:part name="in3" type="xsd:dateTime"/>
    <wsdl:part name="in4" type="xsd:dateTime"/>
    <wsdl:part name="in5" type="xsd:dateTime"/>
    <wsdl:part name="in6" type="impl:ArrayOf_xsd_string"/>
  </wsdl:message>
  <wsdl:message name="getMemberMapForUsersByCriteriaRequest">
    <wsdl:part name="in0" type="xsd:int"/>
    <wsdl:part name="in1" type="impl:ArrayOf_xsd_string"/>
    <wsdl:part name="in2" type="impl:ArrayOf_tns4_Criteria"/>
    <wsdl:part name="in3" type="impl:ArrayOf_xsd_string"/>
  </wsdl:message>
  <wsdl:message name="createEMResponse">
    <wsdl:part name="createEMReturn" type="xsd:int"/>
  </wsdl:message>
  <wsdl:message name="createStatementResponse">
    <wsdl:part name="createStatementReturn" type="xsd:int"/>
  </wsdl:message>
  <wsdl:message name="getEMStatusesByEMIdsResponse">
    <wsdl:part name="getEMStatusesByEMIdsReturn" type="impl:ArrayOf_tns2_EMStatus"/>
  </wsdl:message>
  <wsdl:message name="unlockMemberRequest">
    <wsdl:part name="in0" type="xsd:int"/>
    <wsdl:part name="in1" type="xsd:int"/>
    <wsdl:part name="in2" type="xsd:int"/>
    <wsdl:part name="in3" type="xsd:string"/>
    <wsdl:part name="in4" type="xsd:string"/>
    <wsdl:part name="in5" type="xsd:dateTime"/>
    <wsdl:part name="in6" type="xsd:string"/>
    <wsdl:part name="in7" type="xsd:string"/>
    <wsdl:part name="in8" type="xsd:string"/>
    <wsdl:part name="in9" type="xsd:string"/>
  </wsdl:message>
  <wsdl:message name="sendCommunicationRequest">
    <wsdl:part name="in0" type="tns1:Comm"/>
  </wsdl:message>
  <wsdl:message name="addSigCodeResponse">
    <wsdl:part name="addSigCodeReturn" type="xsd:int"/>
  </wsdl:message>
  <wsdl:message name="getEMsByCriteriaResponse">
    <wsdl:part name="getEMsByCriteriaReturn" type="impl:ArrayOf_tns2_EM"/>
  </wsdl:message>
  <wsdl:message name="getExternalIdForPracticeResponse">
    <wsdl:part name="getExternalIdForPracticeReturn" type="xsd:string"/>
  </wsdl:message>
  <wsdl:message name="getCustomFormsByCriteriaResponse">
    <wsdl:part name="getCustomFormsByCriteriaReturn" type="impl:ArrayOf_tns2_CustomForm"/>
  </wsdl:message>
  <wsdl:message name="getSymptomAnalysesForUserByMedfusionIdResponse">
    <wsdl:part name="getSymptomAnalysesForUserByMedfusionIdReturn" type="impl:ArrayOf_tns2_SA"/>
  </wsdl:message>
  <wsdl:message name="getAllPracticesResponse">
    <wsdl:part name="getAllPracticesReturn" type="impl:ArrayOf_tns2_Practice"/>
  </wsdl:message>
  <wsdl:message name="getCommsByCriteriaRequest">
    <wsdl:part name="in0" type="xsd:int"/>
    <wsdl:part name="in1" type="impl:ArrayOf_tns4_Criteria"/>
  </wsdl:message>
  <wsdl:message name="setExternalIdForStaffResponse"/>
  <wsdl:message name="getMemberForUsersByCriteriaRequest">
    <wsdl:part name="in0" type="xsd:int"/>
    <wsdl:part name="in1" type="impl:ArrayOf_tns4_Criteria"/>
    <wsdl:part name="in2" type="impl:ArrayOf_xsd_string"/>
  </wsdl:message>
  <wsdl:message name="WebServiceExceptionUnhandled">
    <wsdl:part name="fault" type="tns2:WebServiceExceptionUnhandled"/>
  </wsdl:message>
  <wsdl:message name="getAllEMFieldsResponse">
    <wsdl:part name="getAllEMFieldsReturn" type="impl:ArrayOf_tns2_EMField"/>
  </wsdl:message>
  <wsdl:message name="DONOTUSEResponse"/>
  <wsdl:message name="prescribeRxRefillReqEntryFromDoctorResponse"/>
  <wsdl:message name="prescribeRxRefillReqEntryFromPatientRequest">
    <wsdl:part name="in0" type="xsd:int"/>
    <wsdl:part name="in1" type="xsd:int"/>
    <wsdl:part name="in2" type="xsd:int"/>
    <wsdl:part name="in3" type="xsd:int"/>
    <wsdl:part name="in4" type="xsd:int"/>
  </wsdl:message>
  <wsdl:message name="getRxRefillReqByCriteriaResponse">
    <wsdl:part name="getRxRefillReqByCriteriaReturn" type="impl:ArrayOf_tns2_RxRefillReq"/>
  </wsdl:message>
  <wsdl:message name="getLocationsForPracticeResponse">
    <wsdl:part name="getLocationsForPracticeReturn" type="impl:ArrayOf_tns2_Location"/>
  </wsdl:message>
  <wsdl:message name="getCustomFormForMemberIdAndFormIdRequest">
    <wsdl:part name="in0" type="xsd:int"/>
    <wsdl:part name="in1" type="xsd:int"/>
    <wsdl:part name="in2" type="xsd:int"/>
    <wsdl:part name="in3" type="xsd:boolean"/>
  </wsdl:message>
  <wsdl:message name="processRxRefillReqFromCallinQueueResponse"/>
  <wsdl:message name="deactivateMemberResponse"/>
  <wsdl:message name="getStaffByExternalIdsRequest">
    <wsdl:part name="in0" type="xsd:int"/>
    <wsdl:part name="in1" type="xsd:int"/>
    <wsdl:part name="in2" type="impl:ArrayOf_xsd_string"/>
  </wsdl:message>
  <wsdl:message name="getMemberMapForUserRequest">
    <wsdl:part name="in0" type="impl:ArrayOf_xsd_string"/>
    <wsdl:part name="in1" type="xsd:int"/>
  </wsdl:message>
  <wsdl:message name="getAllCFFsRequest">
    <wsdl:part name="in0" type="xsd:int"/>
  </wsdl:message>
  <wsdl:message name="getStaffByIdsRequest">
    <wsdl:part name="in0" type="impl:ArrayOf_xsd_int"/>
  </wsdl:message>
  <wsdl:message name="deleteEMRequest">
    <wsdl:part name="in0" type="xsd:int"/>
  </wsdl:message>
  <wsdl:message name="getMemberMapForUsersByCriteriaResponse">
    <wsdl:part name="getMemberMapForUsersByCriteriaReturn" type="impl:ArrayOf_tns2_MemberMap"/>
  </wsdl:message>
  <wsdl:message name="deleteEMResponse"/>
  <wsdl:message name="unlockMemberLockedResponse">
    <wsdl:part name="unlockMemberLockedReturn" type="xsd:int"/>
  </wsdl:message>
  <wsdl:message name="getSA2SByCriteriaRequest">
    <wsdl:part name="in0" type="xsd:int"/>
    <wsdl:part name="in1" type="impl:ArrayOf_tns4_Criteria"/>
  </wsdl:message>
  <wsdl:message name="getCustomFormForMemberIdAndFormIdResponse">
    <wsdl:part name="getCustomFormForMemberIdAndFormIdReturn" type="tns1:CustomForm"/>
  </wsdl:message>
  <wsdl:message name="getMemberMapForUserByPracticeIdAndPatientIdRequest">
    <wsdl:part name="in0" type="impl:ArrayOf_xsd_string"/>
    <wsdl:part name="in1" type="xsd:int"/>
    <wsdl:part name="in2" type="xsd:string"/>
  </wsdl:message>
  <wsdl:message name="createStatementRequest">
    <wsdl:part name="in0" type="tns1:Statement"/>
  </wsdl:message>
  <wsdl:message name="getMemberLockedsByCriteriaRequest">
    <wsdl:part name="in0" type="xsd:int"/>
    <wsdl:part name="in1" type="impl:ArrayOf_tns4_Criteria"/>
  </wsdl:message>
  <wsdl:message name="getMemberForUsersByCriteriaResponse">
    <wsdl:part name="getMemberForUsersByCriteriaReturn" type="impl:ArrayOf_tns2_Member"/>
  </wsdl:message>
  <wsdl:message name="setCustomFormStatusRequest">
    <wsdl:part name="in0" type="xsd:int"/>
    <wsdl:part name="in1" type="xsd:int"/>
    <wsdl:part name="in2" type="xsd:string"/>
  </wsdl:message>
  <wsdl:message name="createEMFromTemplateResponse">
    <wsdl:part name="createEMFromTemplateReturn" type="xsd:int"/>
  </wsdl:message>
  <wsdl:message name="postOnlineBillPaymentsResponse"/>
  <wsdl:message name="createOrUpdateMultipleMUMemberLockedRequest">
    <wsdl:part name="in0" type="impl:ArrayOf_tns2_MemberLocked"/>
    <wsdl:part name="in1" type="xsd:int"/>
    <wsdl:part name="in2" type="xsd:string"/>
    <wsdl:part name="in3" type="impl:ArrayOf_xsd_string"/>
    <wsdl:part name="in4" type="xsd:boolean"/>
    <wsdl:part name="in5" type="xsd:string"/>
    <wsdl:part name="in6" type="xsd:string"/>
    <wsdl:part name="in7" type="impl:ArrayOf_tns2_NameValuePairComposite"/>
  </wsdl:message>
  <wsdl:message name="markCommunicationAsReadResponse"/>
  <wsdl:message name="communicateAndProcessVOVWithPrescriptionResponse">
    <wsdl:part name="communicateAndProcessVOVWithPrescriptionReturn" type="xsd:int"/>
  </wsdl:message>
  <wsdl:message name="externallyProcessApptReqsResponse"/>
  <wsdl:message name="getAllCPTCodesResponse">
    <wsdl:part name="getAllCPTCodesReturn" type="impl:ArrayOf_tns2_CPTCode"/>
  </wsdl:message>
  <wsdl:message name="getMemberMapForUsersByDataRequest">
    <wsdl:part name="in0" type="xsd:int"/>
    <wsdl:part name="in1" type="impl:ArrayOf_xsd_string"/>
    <wsdl:part name="in2" type="xsd:string"/>
    <wsdl:part name="in3" type="xsd:string"/>
    <wsdl:part name="in4" type="xsd:string"/>
    <wsdl:part name="in5" type="xsd:dateTime"/>
    <wsdl:part name="in6" type="xsd:dateTime"/>
    <wsdl:part name="in7" type="xsd:string"/>
    <wsdl:part name="in8" type="xsd:string"/>
    <wsdl:part name="in9" type="xsd:string"/>
    <wsdl:part name="in10" type="xsd:string"/>
    <wsdl:part name="in11" type="impl:ArrayOf_xsd_string"/>
  </wsdl:message>
  <wsdl:message name="getStaffByCriteriaResponse">
    <wsdl:part name="getStaffByCriteriaReturn" type="impl:ArrayOf_tns2_Staff"/>
  </wsdl:message>
  <wsdl:message name="createEMRequest">
    <wsdl:part name="in0" type="tns1:EM"/>
    <wsdl:part name="in1" type="tns1:EMTemplate"/>
  </wsdl:message>
  <wsdl:message name="testConnectionResponse"/>
  <wsdl:message name="getPracticeRequest">
    <wsdl:part name="in0" type="xsd:int"/>
  </wsdl:message>
  <wsdl:message name="activateMemberRequest">
    <wsdl:part name="in0" type="xsd:int"/>
    <wsdl:part name="in1" type="xsd:int"/>
  </wsdl:message>
  <wsdl:message name="communicateAndProcessRxRefillReqResponse">
    <wsdl:part name="communicateAndProcessRxRefillReqReturn" type="xsd:int"/>
  </wsdl:message>
  <wsdl:message name="prescribeRxRefillReqEntryFromDoctorRequest">
    <wsdl:part name="in0" type="tns1:RxRefillReqEntry"/>
    <wsdl:part name="in1" type="xsd:int"/>
  </wsdl:message>
  <wsdl:message name="deleteSigCodeRequest">
    <wsdl:part name="in0" type="xsd:int"/>
    <wsdl:part name="in1" type="xsd:int"/>
  </wsdl:message>
  <wsdl:message name="createEMTemplateResponse">
    <wsdl:part name="createEMTemplateReturn" type="xsd:int"/>
  </wsdl:message>
  <wsdl:message name="getStatementsByCriteriaResponse">
    <wsdl:part name="getStatementsByCriteriaReturn" type="impl:ArrayOf_tns2_Statement"/>
  </wsdl:message>
  <wsdl:message name="communicateAndProcessVOVWithPrescriptionRequest">
    <wsdl:part name="in0" type="xsd:int"/>
    <wsdl:part name="in1" type="xsd:int"/>
    <wsdl:part name="in2" type="xsd:int"/>
    <wsdl:part name="in3" type="xsd:int"/>
    <wsdl:part name="in4" type="xsd:decimal"/>
    <wsdl:part name="in5" type="impl:ArrayOf_tns2_RxRefillReqEntry"/>
    <wsdl:part name="in6" type="xsd:string"/>
    <wsdl:part name="in7" type="tns1:Comm"/>
  </wsdl:message>
  <wsdl:message name="getPracticesForMedfusionIdResponse">
    <wsdl:part name="getPracticesForMedfusionIdReturn" type="impl:ArrayOf_tns2_Practice"/>
  </wsdl:message>
  <wsdl:message name="getExternalIdForPracticeRequest">
    <wsdl:part name="in0" type="xsd:int"/>
    <wsdl:part name="in1" type="xsd:int"/>
  </wsdl:message>
  <wsdl:message name="createEMFromTemplateRequest">
    <wsdl:part name="in0" type="tns1:EM"/>
    <wsdl:part name="in1" type="xsd:int"/>
  </wsdl:message>
  <wsdl:message name="isMedfusionIdInPracticeRequest">
    <wsdl:part name="in0" type="xsd:int"/>
    <wsdl:part name="in1" type="xsd:int"/>
  </wsdl:message>
  <wsdl:message name="setExternalIdForPracticeResponse"/>
  <wsdl:message name="updateMemberLockedResponse"/>
  <wsdl:message name="getRxRefillReqByCriteriaRequest">
    <wsdl:part name="in0" type="xsd:int"/>
    <wsdl:part name="in1" type="impl:ArrayOf_tns4_Criteria"/>
  </wsdl:message>
  <wsdl:message name="setPatientIdRequest">
    <wsdl:part name="in0" type="xsd:int"/>
    <wsdl:part name="in1" type="xsd:int"/>
    <wsdl:part name="in2" type="xsd:string"/>
  </wsdl:message>
  <wsdl:message name="getMemberForUsersByMedfusionIdsRequest">
    <wsdl:part name="in0" type="impl:ArrayOf_xsd_int"/>
    <wsdl:part name="in1" type="impl:ArrayOf_xsd_string"/>
  </wsdl:message>
  <wsdl:message name="reconcileOnlineBillPaymentsRequest">
    <wsdl:part name="in0" type="impl:ArrayOf_xsd_int"/>
  </wsdl:message>
  <wsdl:message name="externallyProcessApptReqsRequest">
    <wsdl:part name="in0" type="impl:ArrayOf_xsd_int"/>
    <wsdl:part name="in1" type="xsd:int"/>
  </wsdl:message>
  <wsdl:message name="sendCommunicationResponse">
    <wsdl:part name="sendCommunicationReturn" type="xsd:int"/>
  </wsdl:message>
  <wsdl:message name="postOnlineBillPaymentResponse"/>
  <wsdl:message name="getStaffByIdRequest">
    <wsdl:part name="in0" type="xsd:int"/>
  </wsdl:message>
  <wsdl:message name="WebServiceExceptionPermission">
    <wsdl:part name="fault" type="tns2:WebServiceExceptionPermission"/>
  </wsdl:message>
  <wsdl:message name="getPracticeResponse">
    <wsdl:part name="getPracticeReturn" type="tns1:Practice"/>
  </wsdl:message>
  <wsdl:message name="unlockMemberLockedRequest">
    <wsdl:part name="in0" type="xsd:int"/>
    <wsdl:part name="in1" type="xsd:int"/>
    <wsdl:part name="in2" type="xsd:string"/>
    <wsdl:part name="in3" type="xsd:string"/>
    <wsdl:part name="in4" type="xsd:dateTime"/>
    <wsdl:part name="in5" type="xsd:string"/>
    <wsdl:part name="in6" type="xsd:string"/>
    <wsdl:part name="in7" type="xsd:string"/>
    <wsdl:part name="in8" type="xsd:string"/>
  </wsdl:message>
  <wsdl:message name="getPracticesForMedfusionIdRequest">
    <wsdl:part name="in0" type="xsd:int"/>
  </wsdl:message>
  <wsdl:message name="setExternalIdForLocationResponse"/>
  <wsdl:message name="reconcileOnlineBillPaymentRequest">
    <wsdl:part name="in0" type="xsd:int"/>
  </wsdl:message>
  <wsdl:message name="DONOTUSERequest">
    <wsdl:part name="in0" type="tns1:CommDetail"/>
    <wsdl:part name="in1" type="impl:ArrayOf_tns2_CommDetail"/>
    <wsdl:part name="in2" type="tns1:CommAttachment"/>
    <wsdl:part name="in3" type="impl:ArrayOf_tns2_CommAttachment"/>
    <wsdl:part name="in4" type="tns1:Pharmacy"/>
    <wsdl:part name="in5" type="impl:ArrayOf_tns2_Pharmacy"/>
    <wsdl:part name="in6" type="tns1:EMFieldValue"/>
    <wsdl:part name="in7" type="impl:ArrayOf_tns2_EMFieldValue"/>
    <wsdl:part name="in8" type="tns1:EMRecipient"/>
    <wsdl:part name="in9" type="impl:ArrayOf_tns2_EMRecipient"/>
    <wsdl:part name="in10" type="tns1:CFC"/>
    <wsdl:part name="in11" type="impl:ArrayOf_tns2_CFC"/>
    <wsdl:part name="in12" type="tns1:CFCQ"/>
    <wsdl:part name="in13" type="impl:ArrayOf_tns2_CFCQ"/>
    <wsdl:part name="in14" type="tns1:CFSS"/>
    <wsdl:part name="in15" type="impl:ArrayOf_tns2_CFSS"/>
    <wsdl:part name="in16" type="tns1:CFSQ"/>
    <wsdl:part name="in17" type="impl:ArrayOf_tns2_CFSQ"/>
    <wsdl:part name="in18" type="tns1:CFCQA"/>
    <wsdl:part name="in19" type="impl:ArrayOf_tns2_CFCQA"/>
    <wsdl:part name="in20" type="tns1:CFSQA"/>
    <wsdl:part name="in21" type="impl:ArrayOf_tns2_CFSQA"/>
    <wsdl:part name="in22" type="tns1:CFA"/>
    <wsdl:part name="in23" type="impl:ArrayOf_tns2_CFA"/>
    <wsdl:part name="in24" type="tns1:CPTCode"/>
    <wsdl:part name="in25" type="tns1:DiagCode"/>
    <wsdl:part name="in26" type="tns1:NameValuePair"/>
  </wsdl:message>
  <wsdl:message name="sendMultipleMemberUnlockEmailResponse">
    <wsdl:part name="sendMultipleMemberUnlockEmailReturn" type="impl:ArrayOf_tns2_WebServiceReturnComposite"/>
  </wsdl:message>
  <wsdl:message name="getMemberMapForUserResponse">
    <wsdl:part name="getMemberMapForUserReturn" type="tns1:MemberMap"/>
  </wsdl:message>
  <wsdl:message name="setApptReqStatusRequest">
    <wsdl:part name="in0" type="xsd:int"/>
    <wsdl:part name="in1" type="xsd:int"/>
    <wsdl:part name="in2" type="xsd:string"/>
  </wsdl:message>
  <wsdl:message name="getStaffByCriteriaRequest">
    <wsdl:part name="in0" type="xsd:int"/>
    <wsdl:part name="in1" type="impl:ArrayOf_tns4_Criteria"/>
  </wsdl:message>
  <wsdl:message name="getSymptomAnalysesForUsersByDataRequest">
    <wsdl:part name="in0" type="xsd:int"/>
    <wsdl:part name="in1" type="impl:ArrayOf_xsd_int"/>
    <wsdl:part name="in2" type="xsd:dateTime"/>
    <wsdl:part name="in3" type="xsd:dateTime"/>
    <wsdl:part name="in4" type="xsd:dateTime"/>
    <wsdl:part name="in5" type="xsd:dateTime"/>
    <wsdl:part name="in6" type="impl:ArrayOf_xsd_string"/>
  </wsdl:message>
  <wsdl:message name="createStatementResponse1">
    <wsdl:part name="createStatementReturn" type="xsd:int"/>
  </wsdl:message>
  <wsdl:message name="setExternalIdForPracticeRequest">
    <wsdl:part name="in0" type="xsd:int"/>
    <wsdl:part name="in1" type="xsd:int"/>
    <wsdl:part name="in2" type="xsd:string"/>
  </wsdl:message>
  <wsdl:message name="getCustomFormOutputRequest">
    <wsdl:part name="in0" type="xsd:int"/>
    <wsdl:part name="in1" type="xsd:int"/>
    <wsdl:part name="in2" type="xsd:string"/>
  </wsdl:message>
  <wsdl:message name="getCustomFormOutputResponse">
    <wsdl:part name="getCustomFormOutputReturn" type="xsd:base64Binary"/>
  </wsdl:message>
  <wsdl:message name="activateMemberResponse"/>
  <wsdl:message name="setCustomFormStatusResponse"/>
  <wsdl:message name="getSymptomAnalysesForUsersByDataResponse">
    <wsdl:part name="getSymptomAnalysesForUsersByDataReturn" type="impl:ArrayOf_tns2_SA"/>
  </wsdl:message>
  <wsdl:message name="processRxRefillReqFromCallinQueueRequest">
    <wsdl:part name="in0" type="xsd:int"/>
    <wsdl:part name="in1" type="xsd:int"/>
    <wsdl:part name="in2" type="xsd:boolean"/>
    <wsdl:part name="in3" type="xsd:string"/>
  </wsdl:message>
  <wsdl:message name="WebServiceException">
    <wsdl:part name="fault" type="tns2:WebServiceException"/>
  </wsdl:message>
  <wsdl:message name="sendCommunicationsRequest">
    <wsdl:part name="in0" type="impl:ArrayOf_tns2_Comm"/>
  </wsdl:message>
  <wsdl:message name="getSA2SByCriteriaResponse">
    <wsdl:part name="getSA2SByCriteriaReturn" type="impl:ArrayOf_tns2_SA2"/>
  </wsdl:message>
  <wsdl:message name="createStatementRequest1">
    <wsdl:part name="in0" type="tns1:Statement"/>
    <wsdl:part name="in1" type="xsd:string"/>
    <wsdl:part name="in2" type="xsd:string"/>
    <wsdl:part name="in3" type="xsd:string"/>
    <wsdl:part name="in4" type="xsd:string"/>
    <wsdl:part name="in5" type="xsd:string"/>
  </wsdl:message>
  <wsdl:message name="getSigCodesByPracticeIdRequest">
    <wsdl:part name="in0" type="xsd:int"/>
  </wsdl:message>
  <wsdl:message name="deleteMemberResponse"/>
  <wsdl:message name="getInsurancesForUsersByMedfusionIdsResponse">
    <wsdl:part name="getInsurancesForUsersByMedfusionIdsReturn" type="impl:ArrayOf_tns2_Insurance"/>
  </wsdl:message>
  <wsdl:message name="deactivateMemberRequest">
    <wsdl:part name="in0" type="xsd:int"/>
    <wsdl:part name="in1" type="xsd:int"/>
  </wsdl:message>
  <wsdl:message name="getStatementsByCriteriaRequest">
    <wsdl:part name="in0" type="xsd:int"/>
    <wsdl:part name="in1" type="impl:ArrayOf_tns4_Criteria"/>
  </wsdl:message>
  <wsdl:message name="getCustomFormsByCriteriaRequest1">
    <wsdl:part name="in0" type="xsd:int"/>
    <wsdl:part name="in1" type="impl:ArrayOf_tns4_Criteria"/>
    <wsdl:part name="in2" type="xsd:boolean"/>
  </wsdl:message>
  <wsdl:message name="getMemberMapForUserByPracticeIdAndPatientIdResponse">
    <wsdl:part name="getMemberMapForUserByPracticeIdAndPatientIdReturn" type="tns1:MemberMap"/>
  </wsdl:message>
  <wsdl:message name="getOBPByCriteriaRequest">
    <wsdl:part name="in0" type="xsd:int"/>
    <wsdl:part name="in1" type="impl:ArrayOf_tns4_Criteria"/>
  </wsdl:message>
  <wsdl:message name="unlockMemberResponse"/>
  <wsdl:message name="createOrUpdatePharmaciesResponse">
    <wsdl:part name="createOrUpdatePharmaciesReturn" type="impl:ArrayOf_tns2_WebServiceReturnComposite"/>
  </wsdl:message>
  <wsdl:message name="communicateAndProcessRxRefillReqRequest">
    <wsdl:part name="in0" type="xsd:int"/>
    <wsdl:part name="in1" type="xsd:int"/>
    <wsdl:part name="in2" type="xsd:boolean"/>
    <wsdl:part name="in3" type="xsd:string"/>
    <wsdl:part name="in4" type="tns1:Comm"/>
  </wsdl:message>
  <wsdl:message name="getMemberForUsersByDataResponse">
    <wsdl:part name="getMemberForUsersByDataReturn" type="impl:ArrayOf_tns2_Member"/>
  </wsdl:message>
  <wsdl:message name="getLocationResponse">
    <wsdl:part name="getLocationReturn" type="tns1:Location"/>
  </wsdl:message>
  <wsdl:message name="getAllCPTCodesRequest"/>
  <wsdl:message name="getStaffForPracticeRequest">
    <wsdl:part name="in0" type="xsd:int"/>
  </wsdl:message>
  <wsdl:message name="setExternalIdForLocationRequest">
    <wsdl:part name="in0" type="xsd:int"/>
    <wsdl:part name="in1" type="xsd:int"/>
    <wsdl:part name="in2" type="xsd:string"/>
  </wsdl:message>
  <wsdl:message name="getEMTemplatesByCriteriaResponse">
    <wsdl:part name="getEMTemplatesByCriteriaReturn" type="impl:ArrayOf_tns2_EMTemplate"/>
  </wsdl:message>
  <wsdl:message name="deletePharmaciesResponse">
    <wsdl:part name="deletePharmaciesReturn" type="impl:ArrayOf_tns2_WebServiceReturnComposite"/>
  </wsdl:message>
  <wsdl:message name="postOnlineBillPaymentRequest">
    <wsdl:part name="in0" type="xsd:int"/>
  </wsdl:message>
  <wsdl:message name="getCustomFormsByCriteriaResponse1">
    <wsdl:part name="getCustomFormsByCriteriaReturn" type="impl:ArrayOf_tns2_CustomForm"/>
  </wsdl:message>
  <wsdl:message name="setStatementDeliveryPreferenceResponse"/>
  <wsdl:message name="getLocationsForPracticeRequest">
    <wsdl:part name="in0" type="xsd:int"/>
  </wsdl:message>
  <wsdl:message name="sendMemberUnlockEmailRequest">
    <wsdl:part name="in0" type="xsd:int"/>
    <wsdl:part name="in1" type="xsd:int"/>
    <wsdl:part name="in2" type="xsd:string"/>
    <wsdl:part name="in3" type="xsd:string"/>
    <wsdl:part name="in4" type="xsd:dateTime"/>
    <wsdl:part name="in5" type="xsd:string"/>
    <wsdl:part name="in6" type="xsd:string"/>
    <wsdl:part name="in7" type="xsd:string"/>
    <wsdl:part name="in8" type="xsd:string"/>
  </wsdl:message>
  <wsdl:message name="getAllDiagCodesResponse">
    <wsdl:part name="getAllDiagCodesReturn" type="impl:ArrayOf_tns2_DiagCode"/>
  </wsdl:message>
  <wsdl:message name="getMemberMapsByExternalIdsResponse">
    <wsdl:part name="getMemberMapsByExternalIdsReturn" type="impl:ArrayOf_tns2_MemberMap"/>
  </wsdl:message>
  <wsdl:message name="getMemberForUsersByDataRequest">
    <wsdl:part name="in0" type="xsd:int"/>
    <wsdl:part name="in1" type="xsd:string"/>
    <wsdl:part name="in2" type="xsd:string"/>
    <wsdl:part name="in3" type="xsd:string"/>
    <wsdl:part name="in4" type="xsd:dateTime"/>
    <wsdl:part name="in5" type="xsd:dateTime"/>
    <wsdl:part name="in6" type="xsd:string"/>
    <wsdl:part name="in7" type="xsd:string"/>
    <wsdl:part name="in8" type="xsd:string"/>
    <wsdl:part name="in9" type="xsd:string"/>
    <wsdl:part name="in10" type="impl:ArrayOf_xsd_string"/>
  </wsdl:message>
  <wsdl:message name="getAllDiagCodesRequest"/>
  <wsdl:message name="setStatementOutOfDateRequest">
    <wsdl:part name="in0" type="xsd:int"/>
    <wsdl:part name="in1" type="xsd:int"/>
  </wsdl:message>
  <wsdl:message name="getEMTemplatesByCriteriaRequest">
    <wsdl:part name="in0" type="xsd:int"/>
    <wsdl:part name="in1" type="impl:ArrayOf_tns4_Criteria"/>
  </wsdl:message>
  <wsdl:message name="getSigCodesByPracticeIdResponse">
    <wsdl:part name="getSigCodesByPracticeIdReturn" type="impl:ArrayOf_tns2_SigCode"/>
  </wsdl:message>
  <wsdl:message name="updateMemberLockedRequest">
    <wsdl:part name="in0" type="tns1:MemberLocked"/>
  </wsdl:message>
  <wsdl:message name="createOrUpdateMultipleMemberLockedResponse">
    <wsdl:part name="createOrUpdateMultipleMemberLockedReturn" type="impl:ArrayOf_tns2_WebServiceReturnComposite"/>
  </wsdl:message>
  <wsdl:message name="WebServiceExceptionInvalidParameter">
    <wsdl:part name="fault" type="tns2:WebServiceExceptionInvalidParameter"/>
  </wsdl:message>
  <wsdl:message name="reconcileOnlineBillPaymentResponse"/>
  <wsdl:message name="getPharmacyByCriteriaRequest">
    <wsdl:part name="in0" type="xsd:int"/>
    <wsdl:part name="in1" type="impl:ArrayOf_tns4_Criteria"/>
  </wsdl:message>
  <wsdl:message name="getExternalSystemsForPracticeRequest">
    <wsdl:part name="in0" type="xsd:int"/>
  </wsdl:message>
  <wsdl:message name="getMemberMapForUsersByMedfusionIdsResponse">
    <wsdl:part name="getMemberMapForUsersByMedfusionIdsReturn" type="impl:ArrayOf_tns2_MemberMap"/>
  </wsdl:message>
  <wsdl:message name="sendMemberUnlockEmailResponse"/>
  <wsdl:message name="getLocationByExternalIdRequest">
    <wsdl:part name="in0" type="xsd:int"/>
    <wsdl:part name="in1" type="xsd:string"/>
    <wsdl:part name="in2" type="xsd:int"/>
  </wsdl:message>
  <wsdl:message name="WebServiceExceptionComposite">
    <wsdl:part name="fault" type="tns2:WebServiceExceptionComposite"/>
  </wsdl:message>
  <wsdl:message name="getInsurancesForUsersByMedfusionIdsRequest">
    <wsdl:part name="in0" type="impl:ArrayOf_xsd_int"/>
  </wsdl:message>
  <wsdl:message name="setApptReqScheduledDateResponse"/>
  <wsdl:message name="getCustomFormsByCriteriaRequest">
    <wsdl:part name="in0" type="xsd:int"/>
    <wsdl:part name="in1" type="impl:ArrayOf_tns4_Criteria"/>
  </wsdl:message>
  <wsdl:message name="testConnectionRequest"/>
  <wsdl:message name="getLocationRequest">
    <wsdl:part name="in0" type="xsd:int"/>
  </wsdl:message>
  <wsdl:message name="markCommunicationAsReadRequest">
    <wsdl:part name="in0" type="xsd:int"/>
    <wsdl:part name="in1" type="xsd:int"/>
  </wsdl:message>
  <wsdl:message name="getVOVsByCriteriaResponse">
    <wsdl:part name="getVOVsByCriteriaReturn" type="impl:ArrayOf_tns2_VOV"/>
  </wsdl:message>
  <wsdl:portType name="Medfusion">
    <wsdl:operation name="getLocation" parameterOrder="in0">
      <wsdl:input message="impl:getLocationRequest" name="getLocationRequest"/>
      <wsdl:output message="impl:getLocationResponse" name="getLocationResponse"/>
      <wsdl:fault message="impl:WebServiceException" name="WebServiceException"/>
    </wsdl:operation>
    <wsdl:operation name="isMedfusionIdInPractice" parameterOrder="in0 in1">
      <wsdl:input message="impl:isMedfusionIdInPracticeRequest" name="isMedfusionIdInPracticeRequest"/>
      <wsdl:output message="impl:isMedfusionIdInPracticeResponse" name="isMedfusionIdInPracticeResponse"/>
      <wsdl:fault message="impl:WebServiceException" name="WebServiceException"/>
    </wsdl:operation>
    <wsdl:operation name="getPracticesForMedfusionId" parameterOrder="in0">
      <wsdl:input message="impl:getPracticesForMedfusionIdRequest" name="getPracticesForMedfusionIdRequest"/>
      <wsdl:output message="impl:getPracticesForMedfusionIdResponse" name="getPracticesForMedfusionIdResponse"/>
      <wsdl:fault message="impl:WebServiceException" name="WebServiceException"/>
    </wsdl:operation>
    <wsdl:operation name="getMemberForUsersByCriteria" parameterOrder="in0 in1 in2">
      <wsdl:input message="impl:getMemberForUsersByCriteriaRequest" name="getMemberForUsersByCriteriaRequest"/>
      <wsdl:output message="impl:getMemberForUsersByCriteriaResponse" name="getMemberForUsersByCriteriaResponse"/>
      <wsdl:fault message="impl:WebServiceExceptionInvalidParameter" name="WebServiceExceptionInvalidParameter"/>
      <wsdl:fault message="impl:WebServiceException" name="WebServiceException"/>
    </wsdl:operation>
    <wsdl:operation name="getMemberForUsersByData" parameterOrder="in0 in1 in2 in3 in4 in5 in6 in7 in8 in9 in10">
      <wsdl:input message="impl:getMemberForUsersByDataRequest" name="getMemberForUsersByDataRequest"/>
      <wsdl:output message="impl:getMemberForUsersByDataResponse" name="getMemberForUsersByDataResponse"/>
      <wsdl:fault message="impl:WebServiceExceptionInvalidParameter" name="WebServiceExceptionInvalidParameter"/>
      <wsdl:fault message="impl:WebServiceException" name="WebServiceException"/>
    </wsdl:operation>
    <wsdl:operation name="getMemberForUsersByMedfusionIds" parameterOrder="in0 in1">
      <wsdl:input message="impl:getMemberForUsersByMedfusionIdsRequest" name="getMemberForUsersByMedfusionIdsRequest"/>
      <wsdl:output message="impl:getMemberForUsersByMedfusionIdsResponse" name="getMemberForUsersByMedfusionIdsResponse"/>
      <wsdl:fault message="impl:WebServiceExceptionInvalidParameter" name="WebServiceExceptionInvalidParameter"/>
      <wsdl:fault message="impl:WebServiceException" name="WebServiceException"/>
    </wsdl:operation>
    <wsdl:operation name="getMemberForUser" parameterOrder="in0">
      <wsdl:input message="impl:getMemberForUserRequest" name="getMemberForUserRequest"/>
      <wsdl:output message="impl:getMemberForUserResponse" name="getMemberForUserResponse"/>
      <wsdl:fault message="impl:WebServiceException" name="WebServiceException"/>
    </wsdl:operation>
    <wsdl:operation name="getMemberMapForUsersByCriteria" parameterOrder="in0 in1 in2 in3">
      <wsdl:input message="impl:getMemberMapForUsersByCriteriaRequest" name="getMemberMapForUsersByCriteriaRequest"/>
      <wsdl:output message="impl:getMemberMapForUsersByCriteriaResponse" name="getMemberMapForUsersByCriteriaResponse"/>
      <wsdl:fault message="impl:WebServiceExceptionInvalidParameter" name="WebServiceExceptionInvalidParameter"/>
      <wsdl:fault message="impl:WebServiceException" name="WebServiceException"/>
    </wsdl:operation>
    <wsdl:operation name="getMemberMapForUsersByData" parameterOrder="in0 in1 in2 in3 in4 in5 in6 in7 in8 in9 in10 in11">
      <wsdl:input message="impl:getMemberMapForUsersByDataRequest" name="getMemberMapForUsersByDataRequest"/>
      <wsdl:output message="impl:getMemberMapForUsersByDataResponse" name="getMemberMapForUsersByDataResponse"/>
      <wsdl:fault message="impl:WebServiceExceptionInvalidParameter" name="WebServiceExceptionInvalidParameter"/>
      <wsdl:fault message="impl:WebServiceException" name="WebServiceException"/>
    </wsdl:operation>
    <wsdl:operation name="getMemberMapForUsersByMedfusionIds" parameterOrder="in0 in1 in2">
      <wsdl:input message="impl:getMemberMapForUsersByMedfusionIdsRequest" name="getMemberMapForUsersByMedfusionIdsRequest"/>
      <wsdl:output message="impl:getMemberMapForUsersByMedfusionIdsResponse" name="getMemberMapForUsersByMedfusionIdsResponse"/>
      <wsdl:fault message="impl:WebServiceExceptionInvalidParameter" name="WebServiceExceptionInvalidParameter"/>
      <wsdl:fault message="impl:WebServiceException" name="WebServiceException"/>
    </wsdl:operation>
    <wsdl:operation name="getMemberMapForUser" parameterOrder="in0 in1">
      <wsdl:input message="impl:getMemberMapForUserRequest" name="getMemberMapForUserRequest"/>
      <wsdl:output message="impl:getMemberMapForUserResponse" name="getMemberMapForUserResponse"/>
      <wsdl:fault message="impl:WebServiceExceptionInvalidParameter" name="WebServiceExceptionInvalidParameter"/>
      <wsdl:fault message="impl:WebServiceException" name="WebServiceException"/>
    </wsdl:operation>
    <wsdl:operation name="getMemberMapForUserByPracticeIdAndPatientId" parameterOrder="in0 in1 in2">
      <wsdl:input message="impl:getMemberMapForUserByPracticeIdAndPatientIdRequest" name="getMemberMapForUserByPracticeIdAndPatientIdRequest"/>
      <wsdl:output message="impl:getMemberMapForUserByPracticeIdAndPatientIdResponse" name="getMemberMapForUserByPracticeIdAndPatientIdResponse"/>
      <wsdl:fault message="impl:WebServiceExceptionInvalidParameter" name="WebServiceExceptionInvalidParameter"/>
      <wsdl:fault message="impl:WebServiceException" name="WebServiceException"/>
    </wsdl:operation>
    <wsdl:operation name="getInsurancesForUsersByMedfusionIds" parameterOrder="in0">
      <wsdl:input message="impl:getInsurancesForUsersByMedfusionIdsRequest" name="getInsurancesForUsersByMedfusionIdsRequest"/>
      <wsdl:output message="impl:getInsurancesForUsersByMedfusionIdsResponse" name="getInsurancesForUsersByMedfusionIdsResponse"/>
      <wsdl:fault message="impl:WebServiceException" name="WebServiceException"/>
    </wsdl:operation>
    <wsdl:operation name="getInsurancesForUserByMedfusionId" parameterOrder="in0">
      <wsdl:input message="impl:getInsurancesForUserByMedfusionIdRequest" name="getInsurancesForUserByMedfusionIdRequest"/>
      <wsdl:output message="impl:getInsurancesForUserByMedfusionIdResponse" name="getInsurancesForUserByMedfusionIdResponse"/>
      <wsdl:fault message="impl:WebServiceException" name="WebServiceException"/>
    </wsdl:operation>
    <wsdl:operation name="getInsurance2sForUsersByMedfusionIds" parameterOrder="in0">
      <wsdl:input message="impl:getInsurance2sForUsersByMedfusionIdsRequest" name="getInsurance2sForUsersByMedfusionIdsRequest"/>
      <wsdl:output message="impl:getInsurance2sForUsersByMedfusionIdsResponse" name="getInsurance2sForUsersByMedfusionIdsResponse"/>
      <wsdl:fault message="impl:WebServiceException" name="WebServiceException"/>
    </wsdl:operation>
    <wsdl:operation name="setPatientId" parameterOrder="in0 in1 in2">
      <wsdl:input message="impl:setPatientIdRequest" name="setPatientIdRequest"/>
      <wsdl:output message="impl:setPatientIdResponse" name="setPatientIdResponse"/>
      <wsdl:fault message="impl:WebServiceExceptionInvalidParameter" name="WebServiceExceptionInvalidParameter"/>
      <wsdl:fault message="impl:WebServiceException" name="WebServiceException"/>
    </wsdl:operation>
    <wsdl:operation name="getSymptomAnalysesForUsersByData" parameterOrder="in0 in1 in2 in3 in4 in5 in6">
      <wsdl:input message="impl:getSymptomAnalysesForUsersByDataRequest" name="getSymptomAnalysesForUsersByDataRequest"/>
      <wsdl:output message="impl:getSymptomAnalysesForUsersByDataResponse" name="getSymptomAnalysesForUsersByDataResponse"/>
      <wsdl:fault message="impl:WebServiceExceptionInvalidParameter" name="WebServiceExceptionInvalidParameter"/>
      <wsdl:fault message="impl:WebServiceException" name="WebServiceException"/>
    </wsdl:operation>
    <wsdl:operation name="getSymptomAnalysesForUserByMedfusionId" parameterOrder="in0 in1 in2 in3 in4 in5 in6">
      <wsdl:input message="impl:getSymptomAnalysesForUserByMedfusionIdRequest" name="getSymptomAnalysesForUserByMedfusionIdRequest"/>
      <wsdl:output message="impl:getSymptomAnalysesForUserByMedfusionIdResponse" name="getSymptomAnalysesForUserByMedfusionIdResponse"/>
      <wsdl:fault message="impl:WebServiceExceptionInvalidParameter" name="WebServiceExceptionInvalidParameter"/>
      <wsdl:fault message="impl:WebServiceException" name="WebServiceException"/>
    </wsdl:operation>
    <wsdl:operation name="getSA2SByCriteria" parameterOrder="in0 in1">
      <wsdl:input message="impl:getSA2SByCriteriaRequest" name="getSA2SByCriteriaRequest"/>
      <wsdl:output message="impl:getSA2SByCriteriaResponse" name="getSA2SByCriteriaResponse"/>
      <wsdl:fault message="impl:WebServiceExceptionInvalidParameter" name="WebServiceExceptionInvalidParameter"/>
      <wsdl:fault message="impl:WebServiceExceptionUnhandled" name="WebServiceExceptionUnhandled"/>
      <wsdl:fault message="impl:WebServiceException" name="WebServiceException"/>
    </wsdl:operation>
    <wsdl:operation name="getAllPractices">
      <wsdl:input message="impl:getAllPracticesRequest" name="getAllPracticesRequest"/>
      <wsdl:output message="impl:getAllPracticesResponse" name="getAllPracticesResponse"/>
      <wsdl:fault message="impl:WebServiceException" name="WebServiceException"/>
    </wsdl:operation>
    <wsdl:operation name="getPractice" parameterOrder="in0">
      <wsdl:input message="impl:getPracticeRequest" name="getPracticeRequest"/>
      <wsdl:output message="impl:getPracticeResponse" name="getPracticeResponse"/>
      <wsdl:fault message="impl:WebServiceException" name="WebServiceException"/>
    </wsdl:operation>
    <wsdl:operation name="getAllLocations">
      <wsdl:input message="impl:getAllLocationsRequest" name="getAllLocationsRequest"/>
      <wsdl:output message="impl:getAllLocationsResponse" name="getAllLocationsResponse"/>
      <wsdl:fault message="impl:WebServiceException" name="WebServiceException"/>
    </wsdl:operation>
    <wsdl:operation name="getLocationsForPractice" parameterOrder="in0">
      <wsdl:input message="impl:getLocationsForPracticeRequest" name="getLocationsForPracticeRequest"/>
      <wsdl:output message="impl:getLocationsForPracticeResponse" name="getLocationsForPracticeResponse"/>
      <wsdl:fault message="impl:WebServiceException" name="WebServiceException"/>
    </wsdl:operation>
    <wsdl:operation name="getApptReqsByCriteria" parameterOrder="in0 in1">
      <wsdl:input message="impl:getApptReqsByCriteriaRequest" name="getApptReqsByCriteriaRequest"/>
      <wsdl:output message="impl:getApptReqsByCriteriaResponse" name="getApptReqsByCriteriaResponse"/>
      <wsdl:fault message="impl:WebServiceExceptionInvalidParameter" name="WebServiceExceptionInvalidParameter"/>
      <wsdl:fault message="impl:WebServiceExceptionUnhandled" name="WebServiceExceptionUnhandled"/>
      <wsdl:fault message="impl:WebServiceException" name="WebServiceException"/>
    </wsdl:operation>
    <wsdl:operation name="setApptReqStatus" parameterOrder="in0 in1 in2">
      <wsdl:input message="impl:setApptReqStatusRequest" name="setApptReqStatusRequest"/>
      <wsdl:output message="impl:setApptReqStatusResponse" name="setApptReqStatusResponse"/>
      <wsdl:fault message="impl:WebServiceExceptionInvalidParameter" name="WebServiceExceptionInvalidParameter"/>
      <wsdl:fault message="impl:WebServiceExceptionUnhandled" name="WebServiceExceptionUnhandled"/>
      <wsdl:fault message="impl:WebServiceException" name="WebServiceException"/>
      <wsdl:fault message="impl:WebServiceExceptionPermission" name="WebServiceExceptionPermission"/>
    </wsdl:operation>
    <wsdl:operation name="externallyProcessApptReqs" parameterOrder="in0 in1">
      <wsdl:input message="impl:externallyProcessApptReqsRequest" name="externallyProcessApptReqsRequest"/>
      <wsdl:output message="impl:externallyProcessApptReqsResponse" name="externallyProcessApptReqsResponse"/>
      <wsdl:fault message="impl:WebServiceExceptionComposite" name="WebServiceExceptionComposite"/>
      <wsdl:fault message="impl:WebServiceExceptionInvalidParameter" name="WebServiceExceptionInvalidParameter"/>
      <wsdl:fault message="impl:WebServiceException" name="WebServiceException"/>
    </wsdl:operation>
    <wsdl:operation name="setApptReqScheduledDate" parameterOrder="in0 in1 in2">
      <wsdl:input message="impl:setApptReqScheduledDateRequest" name="setApptReqScheduledDateRequest"/>
      <wsdl:output message="impl:setApptReqScheduledDateResponse" name="setApptReqScheduledDateResponse"/>
      <wsdl:fault message="impl:WebServiceExceptionInvalidParameter" name="WebServiceExceptionInvalidParameter"/>
      <wsdl:fault message="impl:WebServiceExceptionUnhandled" name="WebServiceExceptionUnhandled"/>
      <wsdl:fault message="impl:WebServiceException" name="WebServiceException"/>
      <wsdl:fault message="impl:WebServiceExceptionPermission" name="WebServiceExceptionPermission"/>
    </wsdl:operation>
    <wsdl:operation name="getStaffByCriteria" parameterOrder="in0 in1">
      <wsdl:input message="impl:getStaffByCriteriaRequest" name="getStaffByCriteriaRequest"/>
      <wsdl:output message="impl:getStaffByCriteriaResponse" name="getStaffByCriteriaResponse"/>
      <wsdl:fault message="impl:WebServiceExceptionInvalidParameter" name="WebServiceExceptionInvalidParameter"/>
      <wsdl:fault message="impl:WebServiceExceptionUnhandled" name="WebServiceExceptionUnhandled"/>
      <wsdl:fault message="impl:WebServiceException" name="WebServiceException"/>
    </wsdl:operation>
    <wsdl:operation name="getStaffForPractice" parameterOrder="in0">
      <wsdl:input message="impl:getStaffForPracticeRequest" name="getStaffForPracticeRequest"/>
      <wsdl:output message="impl:getStaffForPracticeResponse" name="getStaffForPracticeResponse"/>
      <wsdl:fault message="impl:WebServiceExceptionInvalidParameter" name="WebServiceExceptionInvalidParameter"/>
      <wsdl:fault message="impl:WebServiceExceptionUnhandled" name="WebServiceExceptionUnhandled"/>
      <wsdl:fault message="impl:WebServiceException" name="WebServiceException"/>
    </wsdl:operation>
    <wsdl:operation name="getStaffById" parameterOrder="in0">
      <wsdl:input message="impl:getStaffByIdRequest" name="getStaffByIdRequest"/>
      <wsdl:output message="impl:getStaffByIdResponse" name="getStaffByIdResponse"/>
      <wsdl:fault message="impl:WebServiceExceptionInvalidParameter" name="WebServiceExceptionInvalidParameter"/>
      <wsdl:fault message="impl:WebServiceExceptionUnhandled" name="WebServiceExceptionUnhandled"/>
      <wsdl:fault message="impl:WebServiceException" name="WebServiceException"/>
    </wsdl:operation>
    <wsdl:operation name="getStaffByIds" parameterOrder="in0">
      <wsdl:input message="impl:getStaffByIdsRequest" name="getStaffByIdsRequest"/>
      <wsdl:output message="impl:getStaffByIdsResponse" name="getStaffByIdsResponse"/>
      <wsdl:fault message="impl:WebServiceExceptionInvalidParameter" name="WebServiceExceptionInvalidParameter"/>
      <wsdl:fault message="impl:WebServiceExceptionUnhandled" name="WebServiceExceptionUnhandled"/>
      <wsdl:fault message="impl:WebServiceException" name="WebServiceException"/>
    </wsdl:operation>
    <wsdl:operation name="getOBPByCriteria" parameterOrder="in0 in1">
      <wsdl:input message="impl:getOBPByCriteriaRequest" name="getOBPByCriteriaRequest"/>
      <wsdl:output message="impl:getOBPByCriteriaResponse" name="getOBPByCriteriaResponse"/>
      <wsdl:fault message="impl:WebServiceExceptionInvalidParameter" name="WebServiceExceptionInvalidParameter"/>
      <wsdl:fault message="impl:WebServiceExceptionUnhandled" name="WebServiceExceptionUnhandled"/>
      <wsdl:fault message="impl:WebServiceException" name="WebServiceException"/>
    </wsdl:operation>
    <wsdl:operation name="postOnlineBillPayment" parameterOrder="in0">
      <wsdl:input message="impl:postOnlineBillPaymentRequest" name="postOnlineBillPaymentRequest"/>
      <wsdl:output message="impl:postOnlineBillPaymentResponse" name="postOnlineBillPaymentResponse"/>
      <wsdl:fault message="impl:WebServiceExceptionInvalidParameter" name="WebServiceExceptionInvalidParameter"/>
      <wsdl:fault message="impl:WebServiceExceptionUnhandled" name="WebServiceExceptionUnhandled"/>
      <wsdl:fault message="impl:WebServiceException" name="WebServiceException"/>
      <wsdl:fault message="impl:WebServiceExceptionPermission" name="WebServiceExceptionPermission"/>
    </wsdl:operation>
    <wsdl:operation name="postOnlineBillPayments" parameterOrder="in0">
      <wsdl:input message="impl:postOnlineBillPaymentsRequest" name="postOnlineBillPaymentsRequest"/>
      <wsdl:output message="impl:postOnlineBillPaymentsResponse" name="postOnlineBillPaymentsResponse"/>
      <wsdl:fault message="impl:WebServiceExceptionComposite" name="WebServiceExceptionComposite"/>
      <wsdl:fault message="impl:WebServiceExceptionInvalidParameter" name="WebServiceExceptionInvalidParameter"/>
      <wsdl:fault message="impl:WebServiceException" name="WebServiceException"/>
    </wsdl:operation>
    <wsdl:operation name="reconcileOnlineBillPayment" parameterOrder="in0">
      <wsdl:input message="impl:reconcileOnlineBillPaymentRequest" name="reconcileOnlineBillPaymentRequest"/>
      <wsdl:output message="impl:reconcileOnlineBillPaymentResponse" name="reconcileOnlineBillPaymentResponse"/>
      <wsdl:fault message="impl:WebServiceExceptionInvalidParameter" name="WebServiceExceptionInvalidParameter"/>
      <wsdl:fault message="impl:WebServiceExceptionUnhandled" name="WebServiceExceptionUnhandled"/>
      <wsdl:fault message="impl:WebServiceException" name="WebServiceException"/>
      <wsdl:fault message="impl:WebServiceExceptionPermission" name="WebServiceExceptionPermission"/>
    </wsdl:operation>
    <wsdl:operation name="reconcileOnlineBillPayments" parameterOrder="in0">
      <wsdl:input message="impl:reconcileOnlineBillPaymentsRequest" name="reconcileOnlineBillPaymentsRequest"/>
      <wsdl:output message="impl:reconcileOnlineBillPaymentsResponse" name="reconcileOnlineBillPaymentsResponse"/>
      <wsdl:fault message="impl:WebServiceExceptionComposite" name="WebServiceExceptionComposite"/>
      <wsdl:fault message="impl:WebServiceExceptionInvalidParameter" name="WebServiceExceptionInvalidParameter"/>
      <wsdl:fault message="impl:WebServiceException" name="WebServiceException"/>
    </wsdl:operation>
    <wsdl:operation name="getRxRefillReqByCriteria" parameterOrder="in0 in1">
      <wsdl:input message="impl:getRxRefillReqByCriteriaRequest" name="getRxRefillReqByCriteriaRequest"/>
      <wsdl:output message="impl:getRxRefillReqByCriteriaResponse" name="getRxRefillReqByCriteriaResponse"/>
      <wsdl:fault message="impl:WebServiceExceptionInvalidParameter" name="WebServiceExceptionInvalidParameter"/>
      <wsdl:fault message="impl:WebServiceExceptionUnhandled" name="WebServiceExceptionUnhandled"/>
      <wsdl:fault message="impl:WebServiceException" name="WebServiceException"/>
    </wsdl:operation>
    <wsdl:operation name="prescribeRxRefillReqEntryFromDoctor" parameterOrder="in0 in1">
      <wsdl:input message="impl:prescribeRxRefillReqEntryFromDoctorRequest" name="prescribeRxRefillReqEntryFromDoctorRequest"/>
      <wsdl:output message="impl:prescribeRxRefillReqEntryFromDoctorResponse" name="prescribeRxRefillReqEntryFromDoctorResponse"/>
      <wsdl:fault message="impl:WebServiceExceptionInvalidParameter" name="WebServiceExceptionInvalidParameter"/>
      <wsdl:fault message="impl:WebServiceExceptionUnhandled" name="WebServiceExceptionUnhandled"/>
      <wsdl:fault message="impl:WebServiceException" name="WebServiceException"/>
      <wsdl:fault message="impl:WebServiceExceptionPermission" name="WebServiceExceptionPermission"/>
    </wsdl:operation>
    <wsdl:operation name="prescribeRxRefillReqEntryFromPatient" parameterOrder="in0 in1 in2 in3 in4">
      <wsdl:input message="impl:prescribeRxRefillReqEntryFromPatientRequest" name="prescribeRxRefillReqEntryFromPatientRequest"/>
      <wsdl:output message="impl:prescribeRxRefillReqEntryFromPatientResponse" name="prescribeRxRefillReqEntryFromPatientResponse"/>
      <wsdl:fault message="impl:WebServiceExceptionInvalidParameter" name="WebServiceExceptionInvalidParameter"/>
      <wsdl:fault message="impl:WebServiceExceptionUnhandled" name="WebServiceExceptionUnhandled"/>
      <wsdl:fault message="impl:WebServiceException" name="WebServiceException"/>
      <wsdl:fault message="impl:WebServiceExceptionPermission" name="WebServiceExceptionPermission"/>
    </wsdl:operation>
    <wsdl:operation name="communicateAndProcessRxRefillReq" parameterOrder="in0 in1 in2 in3 in4">
      <wsdl:input message="impl:communicateAndProcessRxRefillReqRequest" name="communicateAndProcessRxRefillReqRequest"/>
      <wsdl:output message="impl:communicateAndProcessRxRefillReqResponse" name="communicateAndProcessRxRefillReqResponse"/>
      <wsdl:fault message="impl:WebServiceExceptionInvalidParameter" name="WebServiceExceptionInvalidParameter"/>
      <wsdl:fault message="impl:WebServiceExceptionUnhandled" name="WebServiceExceptionUnhandled"/>
      <wsdl:fault message="impl:WebServiceException" name="WebServiceException"/>
      <wsdl:fault message="impl:WebServiceExceptionPermission" name="WebServiceExceptionPermission"/>
    </wsdl:operation>
    <wsdl:operation name="processRxRefillReqFromCallinQueue" parameterOrder="in0 in1 in2 in3">
      <wsdl:input message="impl:processRxRefillReqFromCallinQueueRequest" name="processRxRefillReqFromCallinQueueRequest"/>
      <wsdl:output message="impl:processRxRefillReqFromCallinQueueResponse" name="processRxRefillReqFromCallinQueueResponse"/>
      <wsdl:fault message="impl:WebServiceExceptionInvalidParameter" name="WebServiceExceptionInvalidParameter"/>
      <wsdl:fault message="impl:WebServiceExceptionUnhandled" name="WebServiceExceptionUnhandled"/>
      <wsdl:fault message="impl:WebServiceException" name="WebServiceException"/>
      <wsdl:fault message="impl:WebServiceExceptionPermission" name="WebServiceExceptionPermission"/>
    </wsdl:operation>
    <wsdl:operation name="externallyProcessRxRefillReqs" parameterOrder="in0">
      <wsdl:input message="impl:externallyProcessRxRefillReqsRequest" name="externallyProcessRxRefillReqsRequest"/>
      <wsdl:output message="impl:externallyProcessRxRefillReqsResponse" name="externallyProcessRxRefillReqsResponse"/>
      <wsdl:fault message="impl:WebServiceExceptionComposite" name="WebServiceExceptionComposite"/>
      <wsdl:fault message="impl:WebServiceExceptionInvalidParameter" name="WebServiceExceptionInvalidParameter"/>
      <wsdl:fault message="impl:WebServiceException" name="WebServiceException"/>
    </wsdl:operation>
    <wsdl:operation name="getCommsByCriteria" parameterOrder="in0 in1">
      <wsdl:input message="impl:getCommsByCriteriaRequest" name="getCommsByCriteriaRequest"/>
      <wsdl:output message="impl:getCommsByCriteriaResponse" name="getCommsByCriteriaResponse"/>
      <wsdl:fault message="impl:WebServiceExceptionInvalidParameter" name="WebServiceExceptionInvalidParameter"/>
      <wsdl:fault message="impl:WebServiceExceptionUnhandled" name="WebServiceExceptionUnhandled"/>
      <wsdl:fault message="impl:WebServiceException" name="WebServiceException"/>
    </wsdl:operation>
    <wsdl:operation name="sendCommunication" parameterOrder="in0">
      <wsdl:input message="impl:sendCommunicationRequest" name="sendCommunicationRequest"/>
      <wsdl:output message="impl:sendCommunicationResponse" name="sendCommunicationResponse"/>
      <wsdl:fault message="impl:WebServiceExceptionInvalidParameter" name="WebServiceExceptionInvalidParameter"/>
      <wsdl:fault message="impl:WebServiceExceptionUnhandled" name="WebServiceExceptionUnhandled"/>
      <wsdl:fault message="impl:WebServiceException" name="WebServiceException"/>
    </wsdl:operation>
    <wsdl:operation name="sendCommunications" parameterOrder="in0">
      <wsdl:input message="impl:sendCommunicationsRequest" name="sendCommunicationsRequest"/>
      <wsdl:output message="impl:sendCommunicationsResponse" name="sendCommunicationsResponse"/>
      <wsdl:fault message="impl:WebServiceExceptionInvalidParameter" name="WebServiceExceptionInvalidParameter"/>
      <wsdl:fault message="impl:WebServiceExceptionUnhandled" name="WebServiceExceptionUnhandled"/>
      <wsdl:fault message="impl:WebServiceException" name="WebServiceException"/>
    </wsdl:operation>
    <wsdl:operation name="markCommunicationAsRead" parameterOrder="in0 in1">
      <wsdl:input message="impl:markCommunicationAsReadRequest" name="markCommunicationAsReadRequest"/>
      <wsdl:output message="impl:markCommunicationAsReadResponse" name="markCommunicationAsReadResponse"/>
      <wsdl:fault message="impl:WebServiceExceptionInvalidParameter" name="WebServiceExceptionInvalidParameter"/>
      <wsdl:fault message="impl:WebServiceExceptionUnhandled" name="WebServiceExceptionUnhandled"/>
      <wsdl:fault message="impl:WebServiceException" name="WebServiceException"/>
    </wsdl:operation>
    <wsdl:operation name="getVOVsByCriteria" parameterOrder="in0 in1">
      <wsdl:input message="impl:getVOVsByCriteriaRequest" name="getVOVsByCriteriaRequest"/>
      <wsdl:output message="impl:getVOVsByCriteriaResponse" name="getVOVsByCriteriaResponse"/>
      <wsdl:fault message="impl:WebServiceExceptionInvalidParameter" name="WebServiceExceptionInvalidParameter"/>
      <wsdl:fault message="impl:WebServiceExceptionUnhandled" name="WebServiceExceptionUnhandled"/>
      <wsdl:fault message="impl:WebServiceException" name="WebServiceException"/>
    </wsdl:operation>
    <wsdl:operation name="communicateAndProcessVOV" parameterOrder="in0 in1 in2 in3 in4 in5">
      <wsdl:input message="impl:communicateAndProcessVOVRequest" name="communicateAndProcessVOVRequest"/>
      <wsdl:output message="impl:communicateAndProcessVOVResponse" name="communicateAndProcessVOVResponse"/>
      <wsdl:fault message="impl:WebServiceExceptionInvalidParameter" name="WebServiceExceptionInvalidParameter"/>
      <wsdl:fault message="impl:WebServiceExceptionUnhandled" name="WebServiceExceptionUnhandled"/>
      <wsdl:fault message="impl:WebServiceException" name="WebServiceException"/>
      <wsdl:fault message="impl:WebServiceExceptionPermission" name="WebServiceExceptionPermission"/>
    </wsdl:operation>
    <wsdl:operation name="communicateAndProcessVOVWithPrescription" parameterOrder="in0 in1 in2 in3 in4 in5 in6 in7">
      <wsdl:input message="impl:communicateAndProcessVOVWithPrescriptionRequest" name="communicateAndProcessVOVWithPrescriptionRequest"/>
      <wsdl:output message="impl:communicateAndProcessVOVWithPrescriptionResponse" name="communicateAndProcessVOVWithPrescriptionResponse"/>
      <wsdl:fault message="impl:WebServiceExceptionInvalidParameter" name="WebServiceExceptionInvalidParameter"/>
      <wsdl:fault message="impl:WebServiceExceptionUnhandled" name="WebServiceExceptionUnhandled"/>
      <wsdl:fault message="impl:WebServiceException" name="WebServiceException"/>
      <wsdl:fault message="impl:WebServiceExceptionPermission" name="WebServiceExceptionPermission"/>
    </wsdl:operation>
    <wsdl:operation name="getEMsByCriteria" parameterOrder="in0 in1">
      <wsdl:input message="impl:getEMsByCriteriaRequest" name="getEMsByCriteriaRequest"/>
      <wsdl:output message="impl:getEMsByCriteriaResponse" name="getEMsByCriteriaResponse"/>
      <wsdl:fault message="impl:WebServiceExceptionInvalidParameter" name="WebServiceExceptionInvalidParameter"/>
      <wsdl:fault message="impl:WebServiceExceptionUnhandled" name="WebServiceExceptionUnhandled"/>
      <wsdl:fault message="impl:WebServiceException" name="WebServiceException"/>
    </wsdl:operation>
    <wsdl:operation name="getEMTemplatesByCriteria" parameterOrder="in0 in1">
      <wsdl:input message="impl:getEMTemplatesByCriteriaRequest" name="getEMTemplatesByCriteriaRequest"/>
      <wsdl:output message="impl:getEMTemplatesByCriteriaResponse" name="getEMTemplatesByCriteriaResponse"/>
      <wsdl:fault message="impl:WebServiceExceptionInvalidParameter" name="WebServiceExceptionInvalidParameter"/>
      <wsdl:fault message="impl:WebServiceExceptionUnhandled" name="WebServiceExceptionUnhandled"/>
      <wsdl:fault message="impl:WebServiceException" name="WebServiceException"/>
    </wsdl:operation>
    <wsdl:operation name="getEMStatusesByEMIds" parameterOrder="in0">
      <wsdl:input message="impl:getEMStatusesByEMIdsRequest" name="getEMStatusesByEMIdsRequest"/>
      <wsdl:output message="impl:getEMStatusesByEMIdsResponse" name="getEMStatusesByEMIdsResponse"/>
      <wsdl:fault message="impl:WebServiceExceptionInvalidParameter" name="WebServiceExceptionInvalidParameter"/>
      <wsdl:fault message="impl:WebServiceExceptionUnhandled" name="WebServiceExceptionUnhandled"/>
      <wsdl:fault message="impl:WebServiceException" name="WebServiceException"/>
    </wsdl:operation>
    <wsdl:operation name="deleteEM" parameterOrder="in0">
      <wsdl:input message="impl:deleteEMRequest" name="deleteEMRequest"/>
      <wsdl:output message="impl:deleteEMResponse" name="deleteEMResponse"/>
      <wsdl:fault message="impl:WebServiceExceptionInvalidParameter" name="WebServiceExceptionInvalidParameter"/>
      <wsdl:fault message="impl:WebServiceExceptionUnhandled" name="WebServiceExceptionUnhandled"/>
      <wsdl:fault message="impl:WebServiceException" name="WebServiceException"/>
    </wsdl:operation>
    <wsdl:operation name="getAllEMFields">
      <wsdl:input message="impl:getAllEMFieldsRequest" name="getAllEMFieldsRequest"/>
      <wsdl:output message="impl:getAllEMFieldsResponse" name="getAllEMFieldsResponse"/>
      <wsdl:fault message="impl:WebServiceExceptionUnhandled" name="WebServiceExceptionUnhandled"/>
      <wsdl:fault message="impl:WebServiceException" name="WebServiceException"/>
    </wsdl:operation>
    <wsdl:operation name="createEM" parameterOrder="in0 in1">
      <wsdl:input message="impl:createEMRequest" name="createEMRequest"/>
      <wsdl:output message="impl:createEMResponse" name="createEMResponse"/>
      <wsdl:fault message="impl:WebServiceExceptionUnhandled" name="WebServiceExceptionUnhandled"/>
      <wsdl:fault message="impl:WebServiceException" name="WebServiceException"/>
      <wsdl:fault message="impl:WebServiceExceptionPermission" name="WebServiceExceptionPermission"/>
    </wsdl:operation>
    <wsdl:operation name="createEMFromTemplate" parameterOrder="in0 in1">
      <wsdl:input message="impl:createEMFromTemplateRequest" name="createEMFromTemplateRequest"/>
      <wsdl:output message="impl:createEMFromTemplateResponse" name="createEMFromTemplateResponse"/>
      <wsdl:fault message="impl:WebServiceExceptionUnhandled" name="WebServiceExceptionUnhandled"/>
      <wsdl:fault message="impl:WebServiceException" name="WebServiceException"/>
      <wsdl:fault message="impl:WebServiceExceptionPermission" name="WebServiceExceptionPermission"/>
    </wsdl:operation>
    <wsdl:operation name="createEMTemplate" parameterOrder="in0">
      <wsdl:input message="impl:createEMTemplateRequest" name="createEMTemplateRequest"/>
      <wsdl:output message="impl:createEMTemplateResponse" name="createEMTemplateResponse"/>
      <wsdl:fault message="impl:WebServiceExceptionUnhandled" name="WebServiceExceptionUnhandled"/>
      <wsdl:fault message="impl:WebServiceException" name="WebServiceException"/>
    </wsdl:operation>
    <wsdl:operation name="getCustomFormsByCriteria" parameterOrder="in0 in1">
      <wsdl:input message="impl:getCustomFormsByCriteriaRequest" name="getCustomFormsByCriteriaRequest"/>
      <wsdl:output message="impl:getCustomFormsByCriteriaResponse" name="getCustomFormsByCriteriaResponse"/>
      <wsdl:fault message="impl:WebServiceExceptionInvalidParameter" name="WebServiceExceptionInvalidParameter"/>
      <wsdl:fault message="impl:WebServiceExceptionUnhandled" name="WebServiceExceptionUnhandled"/>
      <wsdl:fault message="impl:WebServiceException" name="WebServiceException"/>
    </wsdl:operation>
    <wsdl:operation name="getCustomFormsByCriteria" parameterOrder="in0 in1 in2">
      <wsdl:input message="impl:getCustomFormsByCriteriaRequest1" name="getCustomFormsByCriteriaRequest1"/>
      <wsdl:output message="impl:getCustomFormsByCriteriaResponse1" name="getCustomFormsByCriteriaResponse1"/>
      <wsdl:fault message="impl:WebServiceExceptionInvalidParameter" name="WebServiceExceptionInvalidParameter"/>
      <wsdl:fault message="impl:WebServiceExceptionUnhandled" name="WebServiceExceptionUnhandled"/>
      <wsdl:fault message="impl:WebServiceException" name="WebServiceException"/>
    </wsdl:operation>
    <wsdl:operation name="setCustomFormStatus" parameterOrder="in0 in1 in2">
      <wsdl:input message="impl:setCustomFormStatusRequest" name="setCustomFormStatusRequest"/>
      <wsdl:output message="impl:setCustomFormStatusResponse" name="setCustomFormStatusResponse"/>
      <wsdl:fault message="impl:WebServiceExceptionInvalidParameter" name="WebServiceExceptionInvalidParameter"/>
      <wsdl:fault message="impl:WebServiceExceptionUnhandled" name="WebServiceExceptionUnhandled"/>
      <wsdl:fault message="impl:WebServiceException" name="WebServiceException"/>
      <wsdl:fault message="impl:WebServiceExceptionPermission" name="WebServiceExceptionPermission"/>
    </wsdl:operation>
    <wsdl:operation name="getCustomFormOutput" parameterOrder="in0 in1 in2">
      <wsdl:input message="impl:getCustomFormOutputRequest" name="getCustomFormOutputRequest"/>
      <wsdl:output message="impl:getCustomFormOutputResponse" name="getCustomFormOutputResponse"/>
      <wsdl:fault message="impl:WebServiceExceptionInvalidParameter" name="WebServiceExceptionInvalidParameter"/>
      <wsdl:fault message="impl:WebServiceExceptionUnhandled" name="WebServiceExceptionUnhandled"/>
      <wsdl:fault message="impl:WebServiceException" name="WebServiceException"/>
      <wsdl:fault message="impl:WebServiceExceptionPermission" name="WebServiceExceptionPermission"/>
    </wsdl:operation>
    <wsdl:operation name="getAllCFFs" parameterOrder="in0">
      <wsdl:input message="impl:getAllCFFsRequest" name="getAllCFFsRequest"/>
      <wsdl:output message="impl:getAllCFFsResponse" name="getAllCFFsResponse"/>
      <wsdl:fault message="impl:WebServiceExceptionInvalidParameter" name="WebServiceExceptionInvalidParameter"/>
      <wsdl:fault message="impl:WebServiceExceptionUnhandled" name="WebServiceExceptionUnhandled"/>
      <wsdl:fault message="impl:WebServiceException" name="WebServiceException"/>
      <wsdl:fault message="impl:WebServiceExceptionPermission" name="WebServiceExceptionPermission"/>
    </wsdl:operation>
    <wsdl:operation name="getCFFForCustomForm" parameterOrder="in0">
      <wsdl:input message="impl:getCFFForCustomFormRequest" name="getCFFForCustomFormRequest"/>
      <wsdl:output message="impl:getCFFForCustomFormResponse" name="getCFFForCustomFormResponse"/>
      <wsdl:fault message="impl:WebServiceExceptionInvalidParameter" name="WebServiceExceptionInvalidParameter"/>
      <wsdl:fault message="impl:WebServiceExceptionUnhandled" name="WebServiceExceptionUnhandled"/>
      <wsdl:fault message="impl:WebServiceException" name="WebServiceException"/>
      <wsdl:fault message="impl:WebServiceExceptionPermission" name="WebServiceExceptionPermission"/>
    </wsdl:operation>
    <wsdl:operation name="getCustomFormForMemberIdAndFormId" parameterOrder="in0 in1 in2 in3">
      <wsdl:input message="impl:getCustomFormForMemberIdAndFormIdRequest" name="getCustomFormForMemberIdAndFormIdRequest"/>
      <wsdl:output message="impl:getCustomFormForMemberIdAndFormIdResponse" name="getCustomFormForMemberIdAndFormIdResponse"/>
      <wsdl:fault message="impl:WebServiceExceptionInvalidParameter" name="WebServiceExceptionInvalidParameter"/>
      <wsdl:fault message="impl:WebServiceExceptionUnhandled" name="WebServiceExceptionUnhandled"/>
      <wsdl:fault message="impl:WebServiceException" name="WebServiceException"/>
      <wsdl:fault message="impl:WebServiceExceptionPermission" name="WebServiceExceptionPermission"/>
    </wsdl:operation>
    <wsdl:operation name="getAllCPTCodes">
      <wsdl:input message="impl:getAllCPTCodesRequest" name="getAllCPTCodesRequest"/>
      <wsdl:output message="impl:getAllCPTCodesResponse" name="getAllCPTCodesResponse"/>
      <wsdl:fault message="impl:WebServiceExceptionUnhandled" name="WebServiceExceptionUnhandled"/>
      <wsdl:fault message="impl:WebServiceException" name="WebServiceException"/>
    </wsdl:operation>
    <wsdl:operation name="getAllDiagCodes">
      <wsdl:input message="impl:getAllDiagCodesRequest" name="getAllDiagCodesRequest"/>
      <wsdl:output message="impl:getAllDiagCodesResponse" name="getAllDiagCodesResponse"/>
      <wsdl:fault message="impl:WebServiceExceptionUnhandled" name="WebServiceExceptionUnhandled"/>
      <wsdl:fault message="impl:WebServiceException" name="WebServiceException"/>
    </wsdl:operation>
    <wsdl:operation name="getAllRouteCodes">
      <wsdl:input message="impl:getAllRouteCodesRequest" name="getAllRouteCodesRequest"/>
      <wsdl:output message="impl:getAllRouteCodesResponse" name="getAllRouteCodesResponse"/>
      <wsdl:fault message="impl:WebServiceExceptionUnhandled" name="WebServiceExceptionUnhandled"/>
      <wsdl:fault message="impl:WebServiceException" name="WebServiceException"/>
    </wsdl:operation>
    <wsdl:operation name="getSigCodesByPracticeId" parameterOrder="in0">
      <wsdl:input message="impl:getSigCodesByPracticeIdRequest" name="getSigCodesByPracticeIdRequest"/>
      <wsdl:output message="impl:getSigCodesByPracticeIdResponse" name="getSigCodesByPracticeIdResponse"/>
      <wsdl:fault message="impl:WebServiceExceptionInvalidParameter" name="WebServiceExceptionInvalidParameter"/>
      <wsdl:fault message="impl:WebServiceExceptionUnhandled" name="WebServiceExceptionUnhandled"/>
      <wsdl:fault message="impl:WebServiceException" name="WebServiceException"/>
    </wsdl:operation>
    <wsdl:operation name="addSigCode" parameterOrder="in0 in1 in2">
      <wsdl:input message="impl:addSigCodeRequest" name="addSigCodeRequest"/>
      <wsdl:output message="impl:addSigCodeResponse" name="addSigCodeResponse"/>
      <wsdl:fault message="impl:WebServiceExceptionInvalidParameter" name="WebServiceExceptionInvalidParameter"/>
      <wsdl:fault message="impl:WebServiceExceptionUnhandled" name="WebServiceExceptionUnhandled"/>
      <wsdl:fault message="impl:WebServiceException" name="WebServiceException"/>
      <wsdl:fault message="impl:WebServiceExceptionPermission" name="WebServiceExceptionPermission"/>
    </wsdl:operation>
    <wsdl:operation name="deleteSigCode" parameterOrder="in0 in1">
      <wsdl:input message="impl:deleteSigCodeRequest" name="deleteSigCodeRequest"/>
      <wsdl:output message="impl:deleteSigCodeResponse" name="deleteSigCodeResponse"/>
      <wsdl:fault message="impl:WebServiceExceptionInvalidParameter" name="WebServiceExceptionInvalidParameter"/>
      <wsdl:fault message="impl:WebServiceExceptionUnhandled" name="WebServiceExceptionUnhandled"/>
      <wsdl:fault message="impl:WebServiceException" name="WebServiceException"/>
      <wsdl:fault message="impl:WebServiceExceptionPermission" name="WebServiceExceptionPermission"/>
    </wsdl:operation>
    <wsdl:operation name="getMemberLockedsByCriteria" parameterOrder="in0 in1">
      <wsdl:input message="impl:getMemberLockedsByCriteriaRequest" name="getMemberLockedsByCriteriaRequest"/>
      <wsdl:output message="impl:getMemberLockedsByCriteriaResponse" name="getMemberLockedsByCriteriaResponse"/>
      <wsdl:fault message="impl:WebServiceExceptionInvalidParameter" name="WebServiceExceptionInvalidParameter"/>
      <wsdl:fault message="impl:WebServiceExceptionUnhandled" name="WebServiceExceptionUnhandled"/>
      <wsdl:fault message="impl:WebServiceException" name="WebServiceException"/>
    </wsdl:operation>
    <wsdl:operation name="createMemberLocked" parameterOrder="in0">
      <wsdl:input message="impl:createMemberLockedRequest" name="createMemberLockedRequest"/>
      <wsdl:output message="impl:createMemberLockedResponse" name="createMemberLockedResponse"/>
      <wsdl:fault message="impl:WebServiceExceptionInvalidParameter" name="WebServiceExceptionInvalidParameter"/>
      <wsdl:fault message="impl:WebServiceExceptionUnhandled" name="WebServiceExceptionUnhandled"/>
      <wsdl:fault message="impl:WebServiceException" name="WebServiceException"/>
    </wsdl:operation>
    <wsdl:operation name="createOrUpdateMultipleMemberLocked" parameterOrder="in0 in1 in2 in3 in4 in5 in6 in7">
      <wsdl:input message="impl:createOrUpdateMultipleMemberLockedRequest" name="createOrUpdateMultipleMemberLockedRequest"/>
      <wsdl:output message="impl:createOrUpdateMultipleMemberLockedResponse" name="createOrUpdateMultipleMemberLockedResponse"/>
      <wsdl:fault message="impl:WebServiceExceptionInvalidParameter" name="WebServiceExceptionInvalidParameter"/>
      <wsdl:fault message="impl:WebServiceExceptionUnhandled" name="WebServiceExceptionUnhandled"/>
      <wsdl:fault message="impl:WebServiceException" name="WebServiceException"/>
    </wsdl:operation>
    <wsdl:operation name="createOrUpdateMultipleMUMemberLocked" parameterOrder="in0 in1 in2 in3 in4 in5 in6 in7">
      <wsdl:input message="impl:createOrUpdateMultipleMUMemberLockedRequest" name="createOrUpdateMultipleMUMemberLockedRequest"/>
      <wsdl:output message="impl:createOrUpdateMultipleMUMemberLockedResponse" name="createOrUpdateMultipleMUMemberLockedResponse"/>
      <wsdl:fault message="impl:WebServiceExceptionInvalidParameter" name="WebServiceExceptionInvalidParameter"/>
      <wsdl:fault message="impl:WebServiceExceptionUnhandled" name="WebServiceExceptionUnhandled"/>
      <wsdl:fault message="impl:WebServiceException" name="WebServiceException"/>
    </wsdl:operation>
    <wsdl:operation name="sendMultipleMemberUnlockEmail" parameterOrder="in0 in1 in2 in3 in4 in5 in6">
      <wsdl:input message="impl:sendMultipleMemberUnlockEmailRequest" name="sendMultipleMemberUnlockEmailRequest"/>
      <wsdl:output message="impl:sendMultipleMemberUnlockEmailResponse" name="sendMultipleMemberUnlockEmailResponse"/>
      <wsdl:fault message="impl:WebServiceExceptionInvalidParameter" name="WebServiceExceptionInvalidParameter"/>
      <wsdl:fault message="impl:WebServiceExceptionUnhandled" name="WebServiceExceptionUnhandled"/>
      <wsdl:fault message="impl:WebServiceException" name="WebServiceException"/>
    </wsdl:operation>
    <wsdl:operation name="updateMemberLocked" parameterOrder="in0">
      <wsdl:input message="impl:updateMemberLockedRequest" name="updateMemberLockedRequest"/>
      <wsdl:output message="impl:updateMemberLockedResponse" name="updateMemberLockedResponse"/>
      <wsdl:fault message="impl:WebServiceExceptionInvalidParameter" name="WebServiceExceptionInvalidParameter"/>
      <wsdl:fault message="impl:WebServiceExceptionUnhandled" name="WebServiceExceptionUnhandled"/>
      <wsdl:fault message="impl:WebServiceException" name="WebServiceException"/>
    </wsdl:operation>
    <wsdl:operation name="unlockMember" parameterOrder="in0 in1 in2 in3 in4 in5 in6 in7 in8 in9">
      <wsdl:input message="impl:unlockMemberRequest" name="unlockMemberRequest"/>
      <wsdl:output message="impl:unlockMemberResponse" name="unlockMemberResponse"/>
      <wsdl:fault message="impl:WebServiceExceptionInvalidParameter" name="WebServiceExceptionInvalidParameter"/>
      <wsdl:fault message="impl:WebServiceExceptionUnhandled" name="WebServiceExceptionUnhandled"/>
      <wsdl:fault message="impl:WebServiceException" name="WebServiceException"/>
    </wsdl:operation>
    <wsdl:operation name="unlockMemberLocked" parameterOrder="in0 in1 in2 in3 in4 in5 in6 in7 in8">
      <wsdl:input message="impl:unlockMemberLockedRequest" name="unlockMemberLockedRequest"/>
      <wsdl:output message="impl:unlockMemberLockedResponse" name="unlockMemberLockedResponse"/>
      <wsdl:fault message="impl:WebServiceExceptionInvalidParameter" name="WebServiceExceptionInvalidParameter"/>
      <wsdl:fault message="impl:WebServiceExceptionUnhandled" name="WebServiceExceptionUnhandled"/>
      <wsdl:fault message="impl:WebServiceException" name="WebServiceException"/>
    </wsdl:operation>
    <wsdl:operation name="sendMemberUnlockEmail" parameterOrder="in0 in1 in2 in3 in4 in5 in6 in7 in8">
      <wsdl:input message="impl:sendMemberUnlockEmailRequest" name="sendMemberUnlockEmailRequest"/>
      <wsdl:output message="impl:sendMemberUnlockEmailResponse" name="sendMemberUnlockEmailResponse"/>
      <wsdl:fault message="impl:WebServiceExceptionInvalidParameter" name="WebServiceExceptionInvalidParameter"/>
      <wsdl:fault message="impl:WebServiceExceptionUnhandled" name="WebServiceExceptionUnhandled"/>
      <wsdl:fault message="impl:WebServiceException" name="WebServiceException"/>
    </wsdl:operation>
    <wsdl:operation name="deleteMember" parameterOrder="in0 in1">
      <wsdl:input message="impl:deleteMemberRequest" name="deleteMemberRequest"/>
      <wsdl:output message="impl:deleteMemberResponse" name="deleteMemberResponse"/>
      <wsdl:fault message="impl:WebServiceExceptionInvalidParameter" name="WebServiceExceptionInvalidParameter"/>
      <wsdl:fault message="impl:WebServiceExceptionUnhandled" name="WebServiceExceptionUnhandled"/>
      <wsdl:fault message="impl:WebServiceException" name="WebServiceException"/>
    </wsdl:operation>
    <wsdl:operation name="deactivateMember" parameterOrder="in0 in1">
      <wsdl:input message="impl:deactivateMemberRequest" name="deactivateMemberRequest"/>
      <wsdl:output message="impl:deactivateMemberResponse" name="deactivateMemberResponse"/>
      <wsdl:fault message="impl:WebServiceExceptionInvalidParameter" name="WebServiceExceptionInvalidParameter"/>
      <wsdl:fault message="impl:WebServiceExceptionUnhandled" name="WebServiceExceptionUnhandled"/>
      <wsdl:fault message="impl:WebServiceException" name="WebServiceException"/>
    </wsdl:operation>
    <wsdl:operation name="activateMember" parameterOrder="in0 in1">
      <wsdl:input message="impl:activateMemberRequest" name="activateMemberRequest"/>
      <wsdl:output message="impl:activateMemberResponse" name="activateMemberResponse"/>
      <wsdl:fault message="impl:WebServiceExceptionInvalidParameter" name="WebServiceExceptionInvalidParameter"/>
      <wsdl:fault message="impl:WebServiceExceptionUnhandled" name="WebServiceExceptionUnhandled"/>
      <wsdl:fault message="impl:WebServiceException" name="WebServiceException"/>
    </wsdl:operation>
    <wsdl:operation name="getStatementsByCriteria" parameterOrder="in0 in1">
      <wsdl:input message="impl:getStatementsByCriteriaRequest" name="getStatementsByCriteriaRequest"/>
      <wsdl:output message="impl:getStatementsByCriteriaResponse" name="getStatementsByCriteriaResponse"/>
      <wsdl:fault message="impl:WebServiceExceptionInvalidParameter" name="WebServiceExceptionInvalidParameter"/>
      <wsdl:fault message="impl:WebServiceExceptionUnhandled" name="WebServiceExceptionUnhandled"/>
      <wsdl:fault message="impl:WebServiceException" name="WebServiceException"/>
    </wsdl:operation>
    <wsdl:operation name="createStatement" parameterOrder="in0">
      <wsdl:input message="impl:createStatementRequest" name="createStatementRequest"/>
      <wsdl:output message="impl:createStatementResponse" name="createStatementResponse"/>
      <wsdl:fault message="impl:WebServiceExceptionInvalidParameter" name="WebServiceExceptionInvalidParameter"/>
      <wsdl:fault message="impl:WebServiceExceptionUnhandled" name="WebServiceExceptionUnhandled"/>
      <wsdl:fault message="impl:WebServiceException" name="WebServiceException"/>
    </wsdl:operation>
    <wsdl:operation name="createStatement" parameterOrder="in0 in1 in2 in3 in4 in5">
      <wsdl:input message="impl:createStatementRequest1" name="createStatementRequest1"/>
      <wsdl:output message="impl:createStatementResponse1" name="createStatementResponse1"/>
      <wsdl:fault message="impl:WebServiceExceptionInvalidParameter" name="WebServiceExceptionInvalidParameter"/>
      <wsdl:fault message="impl:WebServiceExceptionUnhandled" name="WebServiceExceptionUnhandled"/>
      <wsdl:fault message="impl:WebServiceException" name="WebServiceException"/>
    </wsdl:operation>
    <wsdl:operation name="setStatementDeliveryPreference" parameterOrder="in0 in1 in2">
      <wsdl:input message="impl:setStatementDeliveryPreferenceRequest" name="setStatementDeliveryPreferenceRequest"/>
      <wsdl:output message="impl:setStatementDeliveryPreferenceResponse" name="setStatementDeliveryPreferenceResponse"/>
      <wsdl:fault message="impl:WebServiceExceptionInvalidParameter" name="WebServiceExceptionInvalidParameter"/>
      <wsdl:fault message="impl:WebServiceExceptionUnhandled" name="WebServiceExceptionUnhandled"/>
      <wsdl:fault message="impl:WebServiceException" name="WebServiceException"/>
    </wsdl:operation>
    <wsdl:operation name="setStatementOutOfDate" parameterOrder="in0 in1">
      <wsdl:input message="impl:setStatementOutOfDateRequest" name="setStatementOutOfDateRequest"/>
      <wsdl:output message="impl:setStatementOutOfDateResponse" name="setStatementOutOfDateResponse"/>
      <wsdl:fault message="impl:WebServiceExceptionInvalidParameter" name="WebServiceExceptionInvalidParameter"/>
      <wsdl:fault message="impl:WebServiceExceptionUnhandled" name="WebServiceExceptionUnhandled"/>
      <wsdl:fault message="impl:WebServiceException" name="WebServiceException"/>
    </wsdl:operation>
    <wsdl:operation name="getExternalSystemsForPractice" parameterOrder="in0">
      <wsdl:input message="impl:getExternalSystemsForPracticeRequest" name="getExternalSystemsForPracticeRequest"/>
      <wsdl:output message="impl:getExternalSystemsForPracticeResponse" name="getExternalSystemsForPracticeResponse"/>
      <wsdl:fault message="impl:WebServiceExceptionInvalidParameter" name="WebServiceExceptionInvalidParameter"/>
      <wsdl:fault message="impl:WebServiceExceptionUnhandled" name="WebServiceExceptionUnhandled"/>
      <wsdl:fault message="impl:WebServiceException" name="WebServiceException"/>
    </wsdl:operation>
    <wsdl:operation name="getStaffByExternalIds" parameterOrder="in0 in1 in2">
      <wsdl:input message="impl:getStaffByExternalIdsRequest" name="getStaffByExternalIdsRequest"/>
      <wsdl:output message="impl:getStaffByExternalIdsResponse" name="getStaffByExternalIdsResponse"/>
      <wsdl:fault message="impl:WebServiceExceptionInvalidParameter" name="WebServiceExceptionInvalidParameter"/>
      <wsdl:fault message="impl:WebServiceExceptionUnhandled" name="WebServiceExceptionUnhandled"/>
      <wsdl:fault message="impl:WebServiceException" name="WebServiceException"/>
    </wsdl:operation>
    <wsdl:operation name="setExternalIdForStaff" parameterOrder="in0 in1 in2 in3">
      <wsdl:input message="impl:setExternalIdForStaffRequest" name="setExternalIdForStaffRequest"/>
      <wsdl:output message="impl:setExternalIdForStaffResponse" name="setExternalIdForStaffResponse"/>
      <wsdl:fault message="impl:WebServiceExceptionInvalidParameter" name="WebServiceExceptionInvalidParameter"/>
      <wsdl:fault message="impl:WebServiceExceptionUnhandled" name="WebServiceExceptionUnhandled"/>
      <wsdl:fault message="impl:WebServiceException" name="WebServiceException"/>
    </wsdl:operation>
    <wsdl:operation name="getMemberMapsByExternalIds" parameterOrder="in0 in1 in2 in3">
      <wsdl:input message="impl:getMemberMapsByExternalIdsRequest" name="getMemberMapsByExternalIdsRequest"/>
      <wsdl:output message="impl:getMemberMapsByExternalIdsResponse" name="getMemberMapsByExternalIdsResponse"/>
      <wsdl:fault message="impl:WebServiceExceptionInvalidParameter" name="WebServiceExceptionInvalidParameter"/>
      <wsdl:fault message="impl:WebServiceExceptionUnhandled" name="WebServiceExceptionUnhandled"/>
      <wsdl:fault message="impl:WebServiceException" name="WebServiceException"/>
    </wsdl:operation>
    <wsdl:operation name="setExternalIdForMember" parameterOrder="in0 in1 in2 in3">
      <wsdl:input message="impl:setExternalIdForMemberRequest" name="setExternalIdForMemberRequest"/>
      <wsdl:output message="impl:setExternalIdForMemberResponse" name="setExternalIdForMemberResponse"/>
      <wsdl:fault message="impl:WebServiceExceptionInvalidParameter" name="WebServiceExceptionInvalidParameter"/>
      <wsdl:fault message="impl:WebServiceExceptionUnhandled" name="WebServiceExceptionUnhandled"/>
      <wsdl:fault message="impl:WebServiceException" name="WebServiceException"/>
    </wsdl:operation>
    <wsdl:operation name="getExternalIdForPractice" parameterOrder="in0 in1">
      <wsdl:input message="impl:getExternalIdForPracticeRequest" name="getExternalIdForPracticeRequest"/>
      <wsdl:output message="impl:getExternalIdForPracticeResponse" name="getExternalIdForPracticeResponse"/>
      <wsdl:fault message="impl:WebServiceExceptionInvalidParameter" name="WebServiceExceptionInvalidParameter"/>
      <wsdl:fault message="impl:WebServiceExceptionUnhandled" name="WebServiceExceptionUnhandled"/>
      <wsdl:fault message="impl:WebServiceException" name="WebServiceException"/>
    </wsdl:operation>
    <wsdl:operation name="setExternalIdForPractice" parameterOrder="in0 in1 in2">
      <wsdl:input message="impl:setExternalIdForPracticeRequest" name="setExternalIdForPracticeRequest"/>
      <wsdl:output message="impl:setExternalIdForPracticeResponse" name="setExternalIdForPracticeResponse"/>
      <wsdl:fault message="impl:WebServiceExceptionInvalidParameter" name="WebServiceExceptionInvalidParameter"/>
      <wsdl:fault message="impl:WebServiceExceptionUnhandled" name="WebServiceExceptionUnhandled"/>
      <wsdl:fault message="impl:WebServiceException" name="WebServiceException"/>
    </wsdl:operation>
    <wsdl:operation name="getLocationByExternalId" parameterOrder="in0 in1 in2">
      <wsdl:input message="impl:getLocationByExternalIdRequest" name="getLocationByExternalIdRequest"/>
      <wsdl:output message="impl:getLocationByExternalIdResponse" name="getLocationByExternalIdResponse"/>
      <wsdl:fault message="impl:WebServiceExceptionInvalidParameter" name="WebServiceExceptionInvalidParameter"/>
      <wsdl:fault message="impl:WebServiceExceptionUnhandled" name="WebServiceExceptionUnhandled"/>
      <wsdl:fault message="impl:WebServiceException" name="WebServiceException"/>
    </wsdl:operation>
    <wsdl:operation name="setExternalIdForLocation" parameterOrder="in0 in1 in2">
      <wsdl:input message="impl:setExternalIdForLocationRequest" name="setExternalIdForLocationRequest"/>
      <wsdl:output message="impl:setExternalIdForLocationResponse" name="setExternalIdForLocationResponse"/>
      <wsdl:fault message="impl:WebServiceExceptionInvalidParameter" name="WebServiceExceptionInvalidParameter"/>
      <wsdl:fault message="impl:WebServiceExceptionUnhandled" name="WebServiceExceptionUnhandled"/>
      <wsdl:fault message="impl:WebServiceException" name="WebServiceException"/>
    </wsdl:operation>
    <wsdl:operation name="addESToPractice" parameterOrder="in0 in1 in2">
      <wsdl:input message="impl:addESToPracticeRequest" name="addESToPracticeRequest"/>
      <wsdl:output message="impl:addESToPracticeResponse" name="addESToPracticeResponse"/>
      <wsdl:fault message="impl:WebServiceExceptionInvalidParameter" name="WebServiceExceptionInvalidParameter"/>
      <wsdl:fault message="impl:WebServiceExceptionUnhandled" name="WebServiceExceptionUnhandled"/>
      <wsdl:fault message="impl:WebServiceException" name="WebServiceException"/>
    </wsdl:operation>
    <wsdl:operation name="getPharmacyByCriteria" parameterOrder="in0 in1">
      <wsdl:input message="impl:getPharmacyByCriteriaRequest" name="getPharmacyByCriteriaRequest"/>
      <wsdl:output message="impl:getPharmacyByCriteriaResponse" name="getPharmacyByCriteriaResponse"/>
      <wsdl:fault message="impl:WebServiceExceptionInvalidParameter" name="WebServiceExceptionInvalidParameter"/>
      <wsdl:fault message="impl:WebServiceExceptionUnhandled" name="WebServiceExceptionUnhandled"/>
      <wsdl:fault message="impl:WebServiceException" name="WebServiceException"/>
    </wsdl:operation>
    <wsdl:operation name="createOrUpdatePharmacies" parameterOrder="in0">
      <wsdl:input message="impl:createOrUpdatePharmaciesRequest" name="createOrUpdatePharmaciesRequest"/>
      <wsdl:output message="impl:createOrUpdatePharmaciesResponse" name="createOrUpdatePharmaciesResponse"/>
      <wsdl:fault message="impl:WebServiceExceptionInvalidParameter" name="WebServiceExceptionInvalidParameter"/>
      <wsdl:fault message="impl:WebServiceExceptionUnhandled" name="WebServiceExceptionUnhandled"/>
      <wsdl:fault message="impl:WebServiceException" name="WebServiceException"/>
    </wsdl:operation>
    <wsdl:operation name="deletePharmacies" parameterOrder="in0 in1 in2">
      <wsdl:input message="impl:deletePharmaciesRequest" name="deletePharmaciesRequest"/>
      <wsdl:output message="impl:deletePharmaciesResponse" name="deletePharmaciesResponse"/>
      <wsdl:fault message="impl:WebServiceExceptionInvalidParameter" name="WebServiceExceptionInvalidParameter"/>
      <wsdl:fault message="impl:WebServiceExceptionUnhandled" name="WebServiceExceptionUnhandled"/>
      <wsdl:fault message="impl:WebServiceException" name="WebServiceException"/>
    </wsdl:operation>
    <wsdl:operation name="testConnection">
      <wsdl:input message="impl:testConnectionRequest" name="testConnectionRequest"/>
      <wsdl:output message="impl:testConnectionResponse" name="testConnectionResponse"/>
      <wsdl:fault message="impl:WebServiceExceptionUnhandled" name="WebServiceExceptionUnhandled"/>
      <wsdl:fault message="impl:WebServiceException" name="WebServiceException"/>
    </wsdl:operation>
    <wsdl:operation name="DONOTUSE" parameterOrder="in0 in1 in2 in3 in4 in5 in6 in7 in8 in9 in10 in11 in12 in13 in14 in15 in16 in17 in18 in19 in20 in21 in22 in23 in24 in25 in26">
      <wsdl:input message="impl:DONOTUSERequest" name="DONOTUSERequest"/>
      <wsdl:output message="impl:DONOTUSEResponse" name="DONOTUSEResponse"/>
    </wsdl:operation>
  </wsdl:portType>
  <wsdl:binding name="medfusionSoapBinding" type="impl:Medfusion">
    <wsdlsoap:binding style="rpc" transport="http://schemas.xmlsoap.org/soap/http"/>
    <wsdl:operation name="getLocation">
      <wsdlsoap:operation soapAction=""/>
      <wsdl:input name="getLocationRequest">
        <wsdlsoap:body encodingStyle="http://schemas.xmlsoap.org/soap/encoding/" namespace="urn:Medfusion" use="encoded"/>
      </wsdl:input>
      <wsdl:output name="getLocationResponse">
        <wsdlsoap:body encodingStyle="http://schemas.xmlsoap.org/soap/encoding/" namespace="urn:Medfusion" use="encoded"/>
      </wsdl:output>
      <wsdl:fault name="WebServiceException">
        <wsdlsoap:fault encodingStyle="http://schemas.xmlsoap.org/soap/encoding/" name="WebServiceException" namespace="urn:Medfusion" use="encoded"/>
      </wsdl:fault>
    </wsdl:operation>
    <wsdl:operation name="isMedfusionIdInPractice">
      <wsdlsoap:operation soapAction=""/>
      <wsdl:input name="isMedfusionIdInPracticeRequest">
        <wsdlsoap:body encodingStyle="http://schemas.xmlsoap.org/soap/encoding/" namespace="urn:Medfusion" use="encoded"/>
      </wsdl:input>
      <wsdl:output name="isMedfusionIdInPracticeResponse">
        <wsdlsoap:body encodingStyle="http://schemas.xmlsoap.org/soap/encoding/" namespace="urn:Medfusion" use="encoded"/>
      </wsdl:output>
      <wsdl:fault name="WebServiceException">
        <wsdlsoap:fault encodingStyle="http://schemas.xmlsoap.org/soap/encoding/" name="WebServiceException" namespace="urn:Medfusion" use="encoded"/>
      </wsdl:fault>
    </wsdl:operation>
    <wsdl:operation name="getPracticesForMedfusionId">
      <wsdlsoap:operation soapAction=""/>
      <wsdl:input name="getPracticesForMedfusionIdRequest">
        <wsdlsoap:body encodingStyle="http://schemas.xmlsoap.org/soap/encoding/" namespace="urn:Medfusion" use="encoded"/>
      </wsdl:input>
      <wsdl:output name="getPracticesForMedfusionIdResponse">
        <wsdlsoap:body encodingStyle="http://schemas.xmlsoap.org/soap/encoding/" namespace="urn:Medfusion" use="encoded"/>
      </wsdl:output>
      <wsdl:fault name="WebServiceException">
        <wsdlsoap:fault encodingStyle="http://schemas.xmlsoap.org/soap/encoding/" name="WebServiceException" namespace="urn:Medfusion" use="encoded"/>
      </wsdl:fault>
    </wsdl:operation>
    <wsdl:operation name="getMemberForUsersByCriteria">
      <wsdlsoap:operation soapAction=""/>
      <wsdl:input name="getMemberForUsersByCriteriaRequest">
        <wsdlsoap:body encodingStyle="http://schemas.xmlsoap.org/soap/encoding/" namespace="urn:Medfusion" use="encoded"/>
      </wsdl:input>
      <wsdl:output name="getMemberForUsersByCriteriaResponse">
        <wsdlsoap:body encodingStyle="http://schemas.xmlsoap.org/soap/encoding/" namespace="urn:Medfusion" use="encoded"/>
      </wsdl:output>
      <wsdl:fault name="WebServiceExceptionInvalidParameter">
        <wsdlsoap:fault encodingStyle="http://schemas.xmlsoap.org/soap/encoding/" name="WebServiceExceptionInvalidParameter" namespace="urn:Medfusion" use="encoded"/>
      </wsdl:fault>
      <wsdl:fault name="WebServiceException">
        <wsdlsoap:fault encodingStyle="http://schemas.xmlsoap.org/soap/encoding/" name="WebServiceException" namespace="urn:Medfusion" use="encoded"/>
      </wsdl:fault>
    </wsdl:operation>
    <wsdl:operation name="getMemberForUsersByData">
      <wsdlsoap:operation soapAction=""/>
      <wsdl:input name="getMemberForUsersByDataRequest">
        <wsdlsoap:body encodingStyle="http://schemas.xmlsoap.org/soap/encoding/" namespace="urn:Medfusion" use="encoded"/>
      </wsdl:input>
      <wsdl:output name="getMemberForUsersByDataResponse">
        <wsdlsoap:body encodingStyle="http://schemas.xmlsoap.org/soap/encoding/" namespace="urn:Medfusion" use="encoded"/>
      </wsdl:output>
      <wsdl:fault name="WebServiceExceptionInvalidParameter">
        <wsdlsoap:fault encodingStyle="http://schemas.xmlsoap.org/soap/encoding/" name="WebServiceExceptionInvalidParameter" namespace="urn:Medfusion" use="encoded"/>
      </wsdl:fault>
      <wsdl:fault name="WebServiceException">
        <wsdlsoap:fault encodingStyle="http://schemas.xmlsoap.org/soap/encoding/" name="WebServiceException" namespace="urn:Medfusion" use="encoded"/>
      </wsdl:fault>
    </wsdl:operation>
    <wsdl:operation name="getMemberForUsersByMedfusionIds">
      <wsdlsoap:operation soapAction=""/>
      <wsdl:input name="getMemberForUsersByMedfusionIdsRequest">
        <wsdlsoap:body encodingStyle="http://schemas.xmlsoap.org/soap/encoding/" namespace="urn:Medfusion" use="encoded"/>
      </wsdl:input>
      <wsdl:output name="getMemberForUsersByMedfusionIdsResponse">
        <wsdlsoap:body encodingStyle="http://schemas.xmlsoap.org/soap/encoding/" namespace="urn:Medfusion" use="encoded"/>
      </wsdl:output>
      <wsdl:fault name="WebServiceExceptionInvalidParameter">
        <wsdlsoap:fault encodingStyle="http://schemas.xmlsoap.org/soap/encoding/" name="WebServiceExceptionInvalidParameter" namespace="urn:Medfusion" use="encoded"/>
      </wsdl:fault>
      <wsdl:fault name="WebServiceException">
        <wsdlsoap:fault encodingStyle="http://schemas.xmlsoap.org/soap/encoding/" name="WebServiceException" namespace="urn:Medfusion" use="encoded"/>
      </wsdl:fault>
    </wsdl:operation>
    <wsdl:operation name="getMemberForUser">
      <wsdlsoap:operation soapAction=""/>
      <wsdl:input name="getMemberForUserRequest">
        <wsdlsoap:body encodingStyle="http://schemas.xmlsoap.org/soap/encoding/" namespace="urn:Medfusion" use="encoded"/>
      </wsdl:input>
      <wsdl:output name="getMemberForUserResponse">
        <wsdlsoap:body encodingStyle="http://schemas.xmlsoap.org/soap/encoding/" namespace="urn:Medfusion" use="encoded"/>
      </wsdl:output>
      <wsdl:fault name="WebServiceException">
        <wsdlsoap:fault encodingStyle="http://schemas.xmlsoap.org/soap/encoding/" name="WebServiceException" namespace="urn:Medfusion" use="encoded"/>
      </wsdl:fault>
    </wsdl:operation>
    <wsdl:operation name="getMemberMapForUsersByCriteria">
      <wsdlsoap:operation soapAction=""/>
      <wsdl:input name="getMemberMapForUsersByCriteriaRequest">
        <wsdlsoap:body encodingStyle="http://schemas.xmlsoap.org/soap/encoding/" namespace="urn:Medfusion" use="encoded"/>
      </wsdl:input>
      <wsdl:output name="getMemberMapForUsersByCriteriaResponse">
        <wsdlsoap:body encodingStyle="http://schemas.xmlsoap.org/soap/encoding/" namespace="urn:Medfusion" use="encoded"/>
      </wsdl:output>
      <wsdl:fault name="WebServiceExceptionInvalidParameter">
        <wsdlsoap:fault encodingStyle="http://schemas.xmlsoap.org/soap/encoding/" name="WebServiceExceptionInvalidParameter" namespace="urn:Medfusion" use="encoded"/>
      </wsdl:fault>
      <wsdl:fault name="WebServiceException">
        <wsdlsoap:fault encodingStyle="http://schemas.xmlsoap.org/soap/encoding/" name="WebServiceException" namespace="urn:Medfusion" use="encoded"/>
      </wsdl:fault>
    </wsdl:operation>
    <wsdl:operation name="getMemberMapForUsersByData">
      <wsdlsoap:operation soapAction=""/>
      <wsdl:input name="getMemberMapForUsersByDataRequest">
        <wsdlsoap:body encodingStyle="http://schemas.xmlsoap.org/soap/encoding/" namespace="urn:Medfusion" use="encoded"/>
      </wsdl:input>
      <wsdl:output name="getMemberMapForUsersByDataResponse">
        <wsdlsoap:body encodingStyle="http://schemas.xmlsoap.org/soap/encoding/" namespace="urn:Medfusion" use="encoded"/>
      </wsdl:output>
      <wsdl:fault name="WebServiceExceptionInvalidParameter">
        <wsdlsoap:fault encodingStyle="http://schemas.xmlsoap.org/soap/encoding/" name="WebServiceExceptionInvalidParameter" namespace="urn:Medfusion" use="encoded"/>
      </wsdl:fault>
      <wsdl:fault name="WebServiceException">
        <wsdlsoap:fault encodingStyle="http://schemas.xmlsoap.org/soap/encoding/" name="WebServiceException" namespace="urn:Medfusion" use="encoded"/>
      </wsdl:fault>
    </wsdl:operation>
    <wsdl:operation name="getMemberMapForUsersByMedfusionIds">
      <wsdlsoap:operation soapAction=""/>
      <wsdl:input name="getMemberMapForUsersByMedfusionIdsRequest">
        <wsdlsoap:body encodingStyle="http://schemas.xmlsoap.org/soap/encoding/" namespace="urn:Medfusion" use="encoded"/>
      </wsdl:input>
      <wsdl:output name="getMemberMapForUsersByMedfusionIdsResponse">
        <wsdlsoap:body encodingStyle="http://schemas.xmlsoap.org/soap/encoding/" namespace="urn:Medfusion" use="encoded"/>
      </wsdl:output>
      <wsdl:fault name="WebServiceExceptionInvalidParameter">
        <wsdlsoap:fault encodingStyle="http://schemas.xmlsoap.org/soap/encoding/" name="WebServiceExceptionInvalidParameter" namespace="urn:Medfusion" use="encoded"/>
      </wsdl:fault>
      <wsdl:fault name="WebServiceException">
        <wsdlsoap:fault encodingStyle="http://schemas.xmlsoap.org/soap/encoding/" name="WebServiceException" namespace="urn:Medfusion" use="encoded"/>
      </wsdl:fault>
    </wsdl:operation>
    <wsdl:operation name="getMemberMapForUser">
      <wsdlsoap:operation soapAction=""/>
      <wsdl:input name="getMemberMapForUserRequest">
        <wsdlsoap:body encodingStyle="http://schemas.xmlsoap.org/soap/encoding/" namespace="urn:Medfusion" use="encoded"/>
      </wsdl:input>
      <wsdl:output name="getMemberMapForUserResponse">
        <wsdlsoap:body encodingStyle="http://schemas.xmlsoap.org/soap/encoding/" namespace="urn:Medfusion" use="encoded"/>
      </wsdl:output>
      <wsdl:fault name="WebServiceExceptionInvalidParameter">
        <wsdlsoap:fault encodingStyle="http://schemas.xmlsoap.org/soap/encoding/" name="WebServiceExceptionInvalidParameter" namespace="urn:Medfusion" use="encoded"/>
      </wsdl:fault>
      <wsdl:fault name="WebServiceException">
        <wsdlsoap:fault encodingStyle="http://schemas.xmlsoap.org/soap/encoding/" name="WebServiceException" namespace="urn:Medfusion" use="encoded"/>
      </wsdl:fault>
    </wsdl:operation>
    <wsdl:operation name="getMemberMapForUserByPracticeIdAndPatientId">
      <wsdlsoap:operation soapAction=""/>
      <wsdl:input name="getMemberMapForUserByPracticeIdAndPatientIdRequest">
        <wsdlsoap:body encodingStyle="http://schemas.xmlsoap.org/soap/encoding/" namespace="urn:Medfusion" use="encoded"/>
      </wsdl:input>
      <wsdl:output name="getMemberMapForUserByPracticeIdAndPatientIdResponse">
        <wsdlsoap:body encodingStyle="http://schemas.xmlsoap.org/soap/encoding/" namespace="urn:Medfusion" use="encoded"/>
      </wsdl:output>
      <wsdl:fault name="WebServiceExceptionInvalidParameter">
        <wsdlsoap:fault encodingStyle="http://schemas.xmlsoap.org/soap/encoding/" name="WebServiceExceptionInvalidParameter" namespace="urn:Medfusion" use="encoded"/>
      </wsdl:fault>
      <wsdl:fault name="WebServiceException">
        <wsdlsoap:fault encodingStyle="http://schemas.xmlsoap.org/soap/encoding/" name="WebServiceException" namespace="urn:Medfusion" use="encoded"/>
      </wsdl:fault>
    </wsdl:operation>
    <wsdl:operation name="getInsurancesForUsersByMedfusionIds">
      <wsdlsoap:operation soapAction=""/>
      <wsdl:input name="getInsurancesForUsersByMedfusionIdsRequest">
        <wsdlsoap:body encodingStyle="http://schemas.xmlsoap.org/soap/encoding/" namespace="urn:Medfusion" use="encoded"/>
      </wsdl:input>
      <wsdl:output name="getInsurancesForUsersByMedfusionIdsResponse">
        <wsdlsoap:body encodingStyle="http://schemas.xmlsoap.org/soap/encoding/" namespace="urn:Medfusion" use="encoded"/>
      </wsdl:output>
      <wsdl:fault name="WebServiceException">
        <wsdlsoap:fault encodingStyle="http://schemas.xmlsoap.org/soap/encoding/" name="WebServiceException" namespace="urn:Medfusion" use="encoded"/>
      </wsdl:fault>
    </wsdl:operation>
    <wsdl:operation name="getInsurancesForUserByMedfusionId">
      <wsdlsoap:operation soapAction=""/>
      <wsdl:input name="getInsurancesForUserByMedfusionIdRequest">
        <wsdlsoap:body encodingStyle="http://schemas.xmlsoap.org/soap/encoding/" namespace="urn:Medfusion" use="encoded"/>
      </wsdl:input>
      <wsdl:output name="getInsurancesForUserByMedfusionIdResponse">
        <wsdlsoap:body encodingStyle="http://schemas.xmlsoap.org/soap/encoding/" namespace="urn:Medfusion" use="encoded"/>
      </wsdl:output>
      <wsdl:fault name="WebServiceException">
        <wsdlsoap:fault encodingStyle="http://schemas.xmlsoap.org/soap/encoding/" name="WebServiceException" namespace="urn:Medfusion" use="encoded"/>
      </wsdl:fault>
    </wsdl:operation>
    <wsdl:operation name="getInsurance2sForUsersByMedfusionIds">
      <wsdlsoap:operation soapAction=""/>
      <wsdl:input name="getInsurance2sForUsersByMedfusionIdsRequest">
        <wsdlsoap:body encodingStyle="http://schemas.xmlsoap.org/soap/encoding/" namespace="urn:Medfusion" use="encoded"/>
      </wsdl:input>
      <wsdl:output name="getInsurance2sForUsersByMedfusionIdsResponse">
        <wsdlsoap:body encodingStyle="http://schemas.xmlsoap.org/soap/encoding/" namespace="urn:Medfusion" use="encoded"/>
      </wsdl:output>
      <wsdl:fault name="WebServiceException">
        <wsdlsoap:fault encodingStyle="http://schemas.xmlsoap.org/soap/encoding/" name="WebServiceException" namespace="urn:Medfusion" use="encoded"/>
      </wsdl:fault>
    </wsdl:operation>
    <wsdl:operation name="setPatientId">
      <wsdlsoap:operation soapAction=""/>
      <wsdl:input name="setPatientIdRequest">
        <wsdlsoap:body encodingStyle="http://schemas.xmlsoap.org/soap/encoding/" namespace="urn:Medfusion" use="encoded"/>
      </wsdl:input>
      <wsdl:output name="setPatientIdResponse">
        <wsdlsoap:body encodingStyle="http://schemas.xmlsoap.org/soap/encoding/" namespace="urn:Medfusion" use="encoded"/>
      </wsdl:output>
      <wsdl:fault name="WebServiceExceptionInvalidParameter">
        <wsdlsoap:fault encodingStyle="http://schemas.xmlsoap.org/soap/encoding/" name="WebServiceExceptionInvalidParameter" namespace="urn:Medfusion" use="encoded"/>
      </wsdl:fault>
      <wsdl:fault name="WebServiceException">
        <wsdlsoap:fault encodingStyle="http://schemas.xmlsoap.org/soap/encoding/" name="WebServiceException" namespace="urn:Medfusion" use="encoded"/>
      </wsdl:fault>
    </wsdl:operation>
    <wsdl:operation name="getSymptomAnalysesForUsersByData">
      <wsdlsoap:operation soapAction=""/>
      <wsdl:input name="getSymptomAnalysesForUsersByDataRequest">
        <wsdlsoap:body encodingStyle="http://schemas.xmlsoap.org/soap/encoding/" namespace="urn:Medfusion" use="encoded"/>
      </wsdl:input>
      <wsdl:output name="getSymptomAnalysesForUsersByDataResponse">
        <wsdlsoap:body encodingStyle="http://schemas.xmlsoap.org/soap/encoding/" namespace="urn:Medfusion" use="encoded"/>
      </wsdl:output>
      <wsdl:fault name="WebServiceExceptionInvalidParameter">
        <wsdlsoap:fault encodingStyle="http://schemas.xmlsoap.org/soap/encoding/" name="WebServiceExceptionInvalidParameter" namespace="urn:Medfusion" use="encoded"/>
      </wsdl:fault>
      <wsdl:fault name="WebServiceException">
        <wsdlsoap:fault encodingStyle="http://schemas.xmlsoap.org/soap/encoding/" name="WebServiceException" namespace="urn:Medfusion" use="encoded"/>
      </wsdl:fault>
    </wsdl:operation>
    <wsdl:operation name="getSymptomAnalysesForUserByMedfusionId">
      <wsdlsoap:operation soapAction=""/>
      <wsdl:input name="getSymptomAnalysesForUserByMedfusionIdRequest">
        <wsdlsoap:body encodingStyle="http://schemas.xmlsoap.org/soap/encoding/" namespace="urn:Medfusion" use="encoded"/>
      </wsdl:input>
      <wsdl:output name="getSymptomAnalysesForUserByMedfusionIdResponse">
        <wsdlsoap:body encodingStyle="http://schemas.xmlsoap.org/soap/encoding/" namespace="urn:Medfusion" use="encoded"/>
      </wsdl:output>
      <wsdl:fault name="WebServiceExceptionInvalidParameter">
        <wsdlsoap:fault encodingStyle="http://schemas.xmlsoap.org/soap/encoding/" name="WebServiceExceptionInvalidParameter" namespace="urn:Medfusion" use="encoded"/>
      </wsdl:fault>
      <wsdl:fault name="WebServiceException">
        <wsdlsoap:fault encodingStyle="http://schemas.xmlsoap.org/soap/encoding/" name="WebServiceException" namespace="urn:Medfusion" use="encoded"/>
      </wsdl:fault>
    </wsdl:operation>
    <wsdl:operation name="getSA2SByCriteria">
      <wsdlsoap:operation soapAction=""/>
      <wsdl:input name="getSA2SByCriteriaRequest">
        <wsdlsoap:body encodingStyle="http://schemas.xmlsoap.org/soap/encoding/" namespace="urn:Medfusion" use="encoded"/>
      </wsdl:input>
      <wsdl:output name="getSA2SByCriteriaResponse">
        <wsdlsoap:body encodingStyle="http://schemas.xmlsoap.org/soap/encoding/" namespace="urn:Medfusion" use="encoded"/>
      </wsdl:output>
      <wsdl:fault name="WebServiceExceptionInvalidParameter">
        <wsdlsoap:fault encodingStyle="http://schemas.xmlsoap.org/soap/encoding/" name="WebServiceExceptionInvalidParameter" namespace="urn:Medfusion" use="encoded"/>
      </wsdl:fault>
      <wsdl:fault name="WebServiceExceptionUnhandled">
        <wsdlsoap:fault encodingStyle="http://schemas.xmlsoap.org/soap/encoding/" name="WebServiceExceptionUnhandled" namespace="urn:Medfusion" use="encoded"/>
      </wsdl:fault>
      <wsdl:fault name="WebServiceException">
        <wsdlsoap:fault encodingStyle="http://schemas.xmlsoap.org/soap/encoding/" name="WebServiceException" namespace="urn:Medfusion" use="encoded"/>
      </wsdl:fault>
    </wsdl:operation>
    <wsdl:operation name="getAllPractices">
      <wsdlsoap:operation soapAction=""/>
      <wsdl:input name="getAllPracticesRequest">
        <wsdlsoap:body encodingStyle="http://schemas.xmlsoap.org/soap/encoding/" namespace="urn:Medfusion" use="encoded"/>
      </wsdl:input>
      <wsdl:output name="getAllPracticesResponse">
        <wsdlsoap:body encodingStyle="http://schemas.xmlsoap.org/soap/encoding/" namespace="urn:Medfusion" use="encoded"/>
      </wsdl:output>
      <wsdl:fault name="WebServiceException">
        <wsdlsoap:fault encodingStyle="http://schemas.xmlsoap.org/soap/encoding/" name="WebServiceException" namespace="urn:Medfusion" use="encoded"/>
      </wsdl:fault>
    </wsdl:operation>
    <wsdl:operation name="getPractice">
      <wsdlsoap:operation soapAction=""/>
      <wsdl:input name="getPracticeRequest">
        <wsdlsoap:body encodingStyle="http://schemas.xmlsoap.org/soap/encoding/" namespace="urn:Medfusion" use="encoded"/>
      </wsdl:input>
      <wsdl:output name="getPracticeResponse">
        <wsdlsoap:body encodingStyle="http://schemas.xmlsoap.org/soap/encoding/" namespace="urn:Medfusion" use="encoded"/>
      </wsdl:output>
      <wsdl:fault name="WebServiceException">
        <wsdlsoap:fault encodingStyle="http://schemas.xmlsoap.org/soap/encoding/" name="WebServiceException" namespace="urn:Medfusion" use="encoded"/>
      </wsdl:fault>
    </wsdl:operation>
    <wsdl:operation name="getAllLocations">
      <wsdlsoap:operation soapAction=""/>
      <wsdl:input name="getAllLocationsRequest">
        <wsdlsoap:body encodingStyle="http://schemas.xmlsoap.org/soap/encoding/" namespace="urn:Medfusion" use="encoded"/>
      </wsdl:input>
      <wsdl:output name="getAllLocationsResponse">
        <wsdlsoap:body encodingStyle="http://schemas.xmlsoap.org/soap/encoding/" namespace="urn:Medfusion" use="encoded"/>
      </wsdl:output>
      <wsdl:fault name="WebServiceException">
        <wsdlsoap:fault encodingStyle="http://schemas.xmlsoap.org/soap/encoding/" name="WebServiceException" namespace="urn:Medfusion" use="encoded"/>
      </wsdl:fault>
    </wsdl:operation>
    <wsdl:operation name="getLocationsForPractice">
      <wsdlsoap:operation soapAction=""/>
      <wsdl:input name="getLocationsForPracticeRequest">
        <wsdlsoap:body encodingStyle="http://schemas.xmlsoap.org/soap/encoding/" namespace="urn:Medfusion" use="encoded"/>
      </wsdl:input>
      <wsdl:output name="getLocationsForPracticeResponse">
        <wsdlsoap:body encodingStyle="http://schemas.xmlsoap.org/soap/encoding/" namespace="urn:Medfusion" use="encoded"/>
      </wsdl:output>
      <wsdl:fault name="WebServiceException">
        <wsdlsoap:fault encodingStyle="http://schemas.xmlsoap.org/soap/encoding/" name="WebServiceException" namespace="urn:Medfusion" use="encoded"/>
      </wsdl:fault>
    </wsdl:operation>
    <wsdl:operation name="getApptReqsByCriteria">
      <wsdlsoap:operation soapAction=""/>
      <wsdl:input name="getApptReqsByCriteriaRequest">
        <wsdlsoap:body encodingStyle="http://schemas.xmlsoap.org/soap/encoding/" namespace="urn:Medfusion" use="encoded"/>
      </wsdl:input>
      <wsdl:output name="getApptReqsByCriteriaResponse">
        <wsdlsoap:body encodingStyle="http://schemas.xmlsoap.org/soap/encoding/" namespace="urn:Medfusion" use="encoded"/>
      </wsdl:output>
      <wsdl:fault name="WebServiceExceptionInvalidParameter">
        <wsdlsoap:fault encodingStyle="http://schemas.xmlsoap.org/soap/encoding/" name="WebServiceExceptionInvalidParameter" namespace="urn:Medfusion" use="encoded"/>
      </wsdl:fault>
      <wsdl:fault name="WebServiceExceptionUnhandled">
        <wsdlsoap:fault encodingStyle="http://schemas.xmlsoap.org/soap/encoding/" name="WebServiceExceptionUnhandled" namespace="urn:Medfusion" use="encoded"/>
      </wsdl:fault>
      <wsdl:fault name="WebServiceException">
        <wsdlsoap:fault encodingStyle="http://schemas.xmlsoap.org/soap/encoding/" name="WebServiceException" namespace="urn:Medfusion" use="encoded"/>
      </wsdl:fault>
    </wsdl:operation>
    <wsdl:operation name="setApptReqStatus">
      <wsdlsoap:operation soapAction=""/>
      <wsdl:input name="setApptReqStatusRequest">
        <wsdlsoap:body encodingStyle="http://schemas.xmlsoap.org/soap/encoding/" namespace="urn:Medfusion" use="encoded"/>
      </wsdl:input>
      <wsdl:output name="setApptReqStatusResponse">
        <wsdlsoap:body encodingStyle="http://schemas.xmlsoap.org/soap/encoding/" namespace="urn:Medfusion" use="encoded"/>
      </wsdl:output>
      <wsdl:fault name="WebServiceExceptionInvalidParameter">
        <wsdlsoap:fault encodingStyle="http://schemas.xmlsoap.org/soap/encoding/" name="WebServiceExceptionInvalidParameter" namespace="urn:Medfusion" use="encoded"/>
      </wsdl:fault>
      <wsdl:fault name="WebServiceExceptionUnhandled">
        <wsdlsoap:fault encodingStyle="http://schemas.xmlsoap.org/soap/encoding/" name="WebServiceExceptionUnhandled" namespace="urn:Medfusion" use="encoded"/>
      </wsdl:fault>
      <wsdl:fault name="WebServiceException">
        <wsdlsoap:fault encodingStyle="http://schemas.xmlsoap.org/soap/encoding/" name="WebServiceException" namespace="urn:Medfusion" use="encoded"/>
      </wsdl:fault>
      <wsdl:fault name="WebServiceExceptionPermission">
        <wsdlsoap:fault encodingStyle="http://schemas.xmlsoap.org/soap/encoding/" name="WebServiceExceptionPermission" namespace="urn:Medfusion" use="encoded"/>
      </wsdl:fault>
    </wsdl:operation>
    <wsdl:operation name="externallyProcessApptReqs">
      <wsdlsoap:operation soapAction=""/>
      <wsdl:input name="externallyProcessApptReqsRequest">
        <wsdlsoap:body encodingStyle="http://schemas.xmlsoap.org/soap/encoding/" namespace="urn:Medfusion" use="encoded"/>
      </wsdl:input>
      <wsdl:output name="externallyProcessApptReqsResponse">
        <wsdlsoap:body encodingStyle="http://schemas.xmlsoap.org/soap/encoding/" namespace="urn:Medfusion" use="encoded"/>
      </wsdl:output>
      <wsdl:fault name="WebServiceExceptionComposite">
        <wsdlsoap:fault encodingStyle="http://schemas.xmlsoap.org/soap/encoding/" name="WebServiceExceptionComposite" namespace="urn:Medfusion" use="encoded"/>
      </wsdl:fault>
      <wsdl:fault name="WebServiceExceptionInvalidParameter">
        <wsdlsoap:fault encodingStyle="http://schemas.xmlsoap.org/soap/encoding/" name="WebServiceExceptionInvalidParameter" namespace="urn:Medfusion" use="encoded"/>
      </wsdl:fault>
      <wsdl:fault name="WebServiceException">
        <wsdlsoap:fault encodingStyle="http://schemas.xmlsoap.org/soap/encoding/" name="WebServiceException" namespace="urn:Medfusion" use="encoded"/>
      </wsdl:fault>
    </wsdl:operation>
    <wsdl:operation name="setApptReqScheduledDate">
      <wsdlsoap:operation soapAction=""/>
      <wsdl:input name="setApptReqScheduledDateRequest">
        <wsdlsoap:body encodingStyle="http://schemas.xmlsoap.org/soap/encoding/" namespace="urn:Medfusion" use="encoded"/>
      </wsdl:input>
      <wsdl:output name="setApptReqScheduledDateResponse">
        <wsdlsoap:body encodingStyle="http://schemas.xmlsoap.org/soap/encoding/" namespace="urn:Medfusion" use="encoded"/>
      </wsdl:output>
      <wsdl:fault name="WebServiceExceptionInvalidParameter">
        <wsdlsoap:fault encodingStyle="http://schemas.xmlsoap.org/soap/encoding/" name="WebServiceExceptionInvalidParameter" namespace="urn:Medfusion" use="encoded"/>
      </wsdl:fault>
      <wsdl:fault name="WebServiceExceptionUnhandled">
        <wsdlsoap:fault encodingStyle="http://schemas.xmlsoap.org/soap/encoding/" name="WebServiceExceptionUnhandled" namespace="urn:Medfusion" use="encoded"/>
      </wsdl:fault>
      <wsdl:fault name="WebServiceException">
        <wsdlsoap:fault encodingStyle="http://schemas.xmlsoap.org/soap/encoding/" name="WebServiceException" namespace="urn:Medfusion" use="encoded"/>
      </wsdl:fault>
      <wsdl:fault name="WebServiceExceptionPermission">
        <wsdlsoap:fault encodingStyle="http://schemas.xmlsoap.org/soap/encoding/" name="WebServiceExceptionPermission" namespace="urn:Medfusion" use="encoded"/>
      </wsdl:fault>
    </wsdl:operation>
    <wsdl:operation name="getStaffByCriteria">
      <wsdlsoap:operation soapAction=""/>
      <wsdl:input name="getStaffByCriteriaRequest">
        <wsdlsoap:body encodingStyle="http://schemas.xmlsoap.org/soap/encoding/" namespace="urn:Medfusion" use="encoded"/>
      </wsdl:input>
      <wsdl:output name="getStaffByCriteriaResponse">
        <wsdlsoap:body encodingStyle="http://schemas.xmlsoap.org/soap/encoding/" namespace="urn:Medfusion" use="encoded"/>
      </wsdl:output>
      <wsdl:fault name="WebServiceExceptionInvalidParameter">
        <wsdlsoap:fault encodingStyle="http://schemas.xmlsoap.org/soap/encoding/" name="WebServiceExceptionInvalidParameter" namespace="urn:Medfusion" use="encoded"/>
      </wsdl:fault>
      <wsdl:fault name="WebServiceExceptionUnhandled">
        <wsdlsoap:fault encodingStyle="http://schemas.xmlsoap.org/soap/encoding/" name="WebServiceExceptionUnhandled" namespace="urn:Medfusion" use="encoded"/>
      </wsdl:fault>
      <wsdl:fault name="WebServiceException">
        <wsdlsoap:fault encodingStyle="http://schemas.xmlsoap.org/soap/encoding/" name="WebServiceException" namespace="urn:Medfusion" use="encoded"/>
      </wsdl:fault>
    </wsdl:operation>
    <wsdl:operation name="getStaffForPractice">
      <wsdlsoap:operation soapAction=""/>
      <wsdl:input name="getStaffForPracticeRequest">
        <wsdlsoap:body encodingStyle="http://schemas.xmlsoap.org/soap/encoding/" namespace="urn:Medfusion" use="encoded"/>
      </wsdl:input>
      <wsdl:output name="getStaffForPracticeResponse">
        <wsdlsoap:body encodingStyle="http://schemas.xmlsoap.org/soap/encoding/" namespace="urn:Medfusion" use="encoded"/>
      </wsdl:output>
      <wsdl:fault name="WebServiceExceptionInvalidParameter">
        <wsdlsoap:fault encodingStyle="http://schemas.xmlsoap.org/soap/encoding/" name="WebServiceExceptionInvalidParameter" namespace="urn:Medfusion" use="encoded"/>
      </wsdl:fault>
      <wsdl:fault name="WebServiceExceptionUnhandled">
        <wsdlsoap:fault encodingStyle="http://schemas.xmlsoap.org/soap/encoding/" name="WebServiceExceptionUnhandled" namespace="urn:Medfusion" use="encoded"/>
      </wsdl:fault>
      <wsdl:fault name="WebServiceException">
        <wsdlsoap:fault encodingStyle="http://schemas.xmlsoap.org/soap/encoding/" name="WebServiceException" namespace="urn:Medfusion" use="encoded"/>
      </wsdl:fault>
    </wsdl:operation>
    <wsdl:operation name="getStaffById">
      <wsdlsoap:operation soapAction=""/>
      <wsdl:input name="getStaffByIdRequest">
        <wsdlsoap:body encodingStyle="http://schemas.xmlsoap.org/soap/encoding/" namespace="urn:Medfusion" use="encoded"/>
      </wsdl:input>
      <wsdl:output name="getStaffByIdResponse">
        <wsdlsoap:body encodingStyle="http://schemas.xmlsoap.org/soap/encoding/" namespace="urn:Medfusion" use="encoded"/>
      </wsdl:output>
      <wsdl:fault name="WebServiceExceptionInvalidParameter">
        <wsdlsoap:fault encodingStyle="http://schemas.xmlsoap.org/soap/encoding/" name="WebServiceExceptionInvalidParameter" namespace="urn:Medfusion" use="encoded"/>
      </wsdl:fault>
      <wsdl:fault name="WebServiceExceptionUnhandled">
        <wsdlsoap:fault encodingStyle="http://schemas.xmlsoap.org/soap/encoding/" name="WebServiceExceptionUnhandled" namespace="urn:Medfusion" use="encoded"/>
      </wsdl:fault>
      <wsdl:fault name="WebServiceException">
        <wsdlsoap:fault encodingStyle="http://schemas.xmlsoap.org/soap/encoding/" name="WebServiceException" namespace="urn:Medfusion" use="encoded"/>
      </wsdl:fault>
    </wsdl:operation>
    <wsdl:operation name="getStaffByIds">
      <wsdlsoap:operation soapAction=""/>
      <wsdl:input name="getStaffByIdsRequest">
        <wsdlsoap:body encodingStyle="http://schemas.xmlsoap.org/soap/encoding/" namespace="urn:Medfusion" use="encoded"/>
      </wsdl:input>
      <wsdl:output name="getStaffByIdsResponse">
        <wsdlsoap:body encodingStyle="http://schemas.xmlsoap.org/soap/encoding/" namespace="urn:Medfusion" use="encoded"/>
      </wsdl:output>
      <wsdl:fault name="WebServiceExceptionInvalidParameter">
        <wsdlsoap:fault encodingStyle="http://schemas.xmlsoap.org/soap/encoding/" name="WebServiceExceptionInvalidParameter" namespace="urn:Medfusion" use="encoded"/>
      </wsdl:fault>
      <wsdl:fault name="WebServiceExceptionUnhandled">
        <wsdlsoap:fault encodingStyle="http://schemas.xmlsoap.org/soap/encoding/" name="WebServiceExceptionUnhandled" namespace="urn:Medfusion" use="encoded"/>
      </wsdl:fault>
      <wsdl:fault name="WebServiceException">
        <wsdlsoap:fault encodingStyle="http://schemas.xmlsoap.org/soap/encoding/" name="WebServiceException" namespace="urn:Medfusion" use="encoded"/>
      </wsdl:fault>
    </wsdl:operation>
    <wsdl:operation name="getOBPByCriteria">
      <wsdlsoap:operation soapAction=""/>
      <wsdl:input name="getOBPByCriteriaRequest">
        <wsdlsoap:body encodingStyle="http://schemas.xmlsoap.org/soap/encoding/" namespace="urn:Medfusion" use="encoded"/>
      </wsdl:input>
      <wsdl:output name="getOBPByCriteriaResponse">
        <wsdlsoap:body encodingStyle="http://schemas.xmlsoap.org/soap/encoding/" namespace="urn:Medfusion" use="encoded"/>
      </wsdl:output>
      <wsdl:fault name="WebServiceExceptionInvalidParameter">
        <wsdlsoap:fault encodingStyle="http://schemas.xmlsoap.org/soap/encoding/" name="WebServiceExceptionInvalidParameter" namespace="urn:Medfusion" use="encoded"/>
      </wsdl:fault>
      <wsdl:fault name="WebServiceExceptionUnhandled">
        <wsdlsoap:fault encodingStyle="http://schemas.xmlsoap.org/soap/encoding/" name="WebServiceExceptionUnhandled" namespace="urn:Medfusion" use="encoded"/>
      </wsdl:fault>
      <wsdl:fault name="WebServiceException">
        <wsdlsoap:fault encodingStyle="http://schemas.xmlsoap.org/soap/encoding/" name="WebServiceException" namespace="urn:Medfusion" use="encoded"/>
      </wsdl:fault>
    </wsdl:operation>
    <wsdl:operation name="postOnlineBillPayment">
      <wsdlsoap:operation soapAction=""/>
      <wsdl:input name="postOnlineBillPaymentRequest">
        <wsdlsoap:body encodingStyle="http://schemas.xmlsoap.org/soap/encoding/" namespace="urn:Medfusion" use="encoded"/>
      </wsdl:input>
      <wsdl:output name="postOnlineBillPaymentResponse">
        <wsdlsoap:body encodingStyle="http://schemas.xmlsoap.org/soap/encoding/" namespace="urn:Medfusion" use="encoded"/>
      </wsdl:output>
      <wsdl:fault name="WebServiceExceptionInvalidParameter">
        <wsdlsoap:fault encodingStyle="http://schemas.xmlsoap.org/soap/encoding/" name="WebServiceExceptionInvalidParameter" namespace="urn:Medfusion" use="encoded"/>
      </wsdl:fault>
      <wsdl:fault name="WebServiceExceptionUnhandled">
        <wsdlsoap:fault encodingStyle="http://schemas.xmlsoap.org/soap/encoding/" name="WebServiceExceptionUnhandled" namespace="urn:Medfusion" use="encoded"/>
      </wsdl:fault>
      <wsdl:fault name="WebServiceException">
        <wsdlsoap:fault encodingStyle="http://schemas.xmlsoap.org/soap/encoding/" name="WebServiceException" namespace="urn:Medfusion" use="encoded"/>
      </wsdl:fault>
      <wsdl:fault name="WebServiceExceptionPermission">
        <wsdlsoap:fault encodingStyle="http://schemas.xmlsoap.org/soap/encoding/" name="WebServiceExceptionPermission" namespace="urn:Medfusion" use="encoded"/>
      </wsdl:fault>
    </wsdl:operation>
    <wsdl:operation name="postOnlineBillPayments">
      <wsdlsoap:operation soapAction=""/>
      <wsdl:input name="postOnlineBillPaymentsRequest">
        <wsdlsoap:body encodingStyle="http://schemas.xmlsoap.org/soap/encoding/" namespace="urn:Medfusion" use="encoded"/>
      </wsdl:input>
      <wsdl:output name="postOnlineBillPaymentsResponse">
        <wsdlsoap:body encodingStyle="http://schemas.xmlsoap.org/soap/encoding/" namespace="urn:Medfusion" use="encoded"/>
      </wsdl:output>
      <wsdl:fault name="WebServiceExceptionComposite">
        <wsdlsoap:fault encodingStyle="http://schemas.xmlsoap.org/soap/encoding/" name="WebServiceExceptionComposite" namespace="urn:Medfusion" use="encoded"/>
      </wsdl:fault>
      <wsdl:fault name="WebServiceExceptionInvalidParameter">
        <wsdlsoap:fault encodingStyle="http://schemas.xmlsoap.org/soap/encoding/" name="WebServiceExceptionInvalidParameter" namespace="urn:Medfusion" use="encoded"/>
      </wsdl:fault>
      <wsdl:fault name="WebServiceException">
        <wsdlsoap:fault encodingStyle="http://schemas.xmlsoap.org/soap/encoding/" name="WebServiceException" namespace="urn:Medfusion" use="encoded"/>
      </wsdl:fault>
    </wsdl:operation>
    <wsdl:operation name="reconcileOnlineBillPayment">
      <wsdlsoap:operation soapAction=""/>
      <wsdl:input name="reconcileOnlineBillPaymentRequest">
        <wsdlsoap:body encodingStyle="http://schemas.xmlsoap.org/soap/encoding/" namespace="urn:Medfusion" use="encoded"/>
      </wsdl:input>
      <wsdl:output name="reconcileOnlineBillPaymentResponse">
        <wsdlsoap:body encodingStyle="http://schemas.xmlsoap.org/soap/encoding/" namespace="urn:Medfusion" use="encoded"/>
      </wsdl:output>
      <wsdl:fault name="WebServiceExceptionInvalidParameter">
        <wsdlsoap:fault encodingStyle="http://schemas.xmlsoap.org/soap/encoding/" name="WebServiceExceptionInvalidParameter" namespace="urn:Medfusion" use="encoded"/>
      </wsdl:fault>
      <wsdl:fault name="WebServiceExceptionUnhandled">
        <wsdlsoap:fault encodingStyle="http://schemas.xmlsoap.org/soap/encoding/" name="WebServiceExceptionUnhandled" namespace="urn:Medfusion" use="encoded"/>
      </wsdl:fault>
      <wsdl:fault name="WebServiceException">
        <wsdlsoap:fault encodingStyle="http://schemas.xmlsoap.org/soap/encoding/" name="WebServiceException" namespace="urn:Medfusion" use="encoded"/>
      </wsdl:fault>
      <wsdl:fault name="WebServiceExceptionPermission">
        <wsdlsoap:fault encodingStyle="http://schemas.xmlsoap.org/soap/encoding/" name="WebServiceExceptionPermission" namespace="urn:Medfusion" use="encoded"/>
      </wsdl:fault>
    </wsdl:operation>
    <wsdl:operation name="reconcileOnlineBillPayments">
      <wsdlsoap:operation soapAction=""/>
      <wsdl:input name="reconcileOnlineBillPaymentsRequest">
        <wsdlsoap:body encodingStyle="http://schemas.xmlsoap.org/soap/encoding/" namespace="urn:Medfusion" use="encoded"/>
      </wsdl:input>
      <wsdl:output name="reconcileOnlineBillPaymentsResponse">
        <wsdlsoap:body encodingStyle="http://schemas.xmlsoap.org/soap/encoding/" namespace="urn:Medfusion" use="encoded"/>
      </wsdl:output>
      <wsdl:fault name="WebServiceExceptionComposite">
        <wsdlsoap:fault encodingStyle="http://schemas.xmlsoap.org/soap/encoding/" name="WebServiceExceptionComposite" namespace="urn:Medfusion" use="encoded"/>
      </wsdl:fault>
      <wsdl:fault name="WebServiceExceptionInvalidParameter">
        <wsdlsoap:fault encodingStyle="http://schemas.xmlsoap.org/soap/encoding/" name="WebServiceExceptionInvalidParameter" namespace="urn:Medfusion" use="encoded"/>
      </wsdl:fault>
      <wsdl:fault name="WebServiceException">
        <wsdlsoap:fault encodingStyle="http://schemas.xmlsoap.org/soap/encoding/" name="WebServiceException" namespace="urn:Medfusion" use="encoded"/>
      </wsdl:fault>
    </wsdl:operation>
    <wsdl:operation name="getRxRefillReqByCriteria">
      <wsdlsoap:operation soapAction=""/>
      <wsdl:input name="getRxRefillReqByCriteriaRequest">
        <wsdlsoap:body encodingStyle="http://schemas.xmlsoap.org/soap/encoding/" namespace="urn:Medfusion" use="encoded"/>
      </wsdl:input>
      <wsdl:output name="getRxRefillReqByCriteriaResponse">
        <wsdlsoap:body encodingStyle="http://schemas.xmlsoap.org/soap/encoding/" namespace="urn:Medfusion" use="encoded"/>
      </wsdl:output>
      <wsdl:fault name="WebServiceExceptionInvalidParameter">
        <wsdlsoap:fault encodingStyle="http://schemas.xmlsoap.org/soap/encoding/" name="WebServiceExceptionInvalidParameter" namespace="urn:Medfusion" use="encoded"/>
      </wsdl:fault>
      <wsdl:fault name="WebServiceExceptionUnhandled">
        <wsdlsoap:fault encodingStyle="http://schemas.xmlsoap.org/soap/encoding/" name="WebServiceExceptionUnhandled" namespace="urn:Medfusion" use="encoded"/>
      </wsdl:fault>
      <wsdl:fault name="WebServiceException">
        <wsdlsoap:fault encodingStyle="http://schemas.xmlsoap.org/soap/encoding/" name="WebServiceException" namespace="urn:Medfusion" use="encoded"/>
      </wsdl:fault>
    </wsdl:operation>
    <wsdl:operation name="prescribeRxRefillReqEntryFromDoctor">
      <wsdlsoap:operation soapAction=""/>
      <wsdl:input name="prescribeRxRefillReqEntryFromDoctorRequest">
        <wsdlsoap:body encodingStyle="http://schemas.xmlsoap.org/soap/encoding/" namespace="urn:Medfusion" use="encoded"/>
      </wsdl:input>
      <wsdl:output name="prescribeRxRefillReqEntryFromDoctorResponse">
        <wsdlsoap:body encodingStyle="http://schemas.xmlsoap.org/soap/encoding/" namespace="urn:Medfusion" use="encoded"/>
      </wsdl:output>
      <wsdl:fault name="WebServiceExceptionInvalidParameter">
        <wsdlsoap:fault encodingStyle="http://schemas.xmlsoap.org/soap/encoding/" name="WebServiceExceptionInvalidParameter" namespace="urn:Medfusion" use="encoded"/>
      </wsdl:fault>
      <wsdl:fault name="WebServiceExceptionUnhandled">
        <wsdlsoap:fault encodingStyle="http://schemas.xmlsoap.org/soap/encoding/" name="WebServiceExceptionUnhandled" namespace="urn:Medfusion" use="encoded"/>
      </wsdl:fault>
      <wsdl:fault name="WebServiceException">
        <wsdlsoap:fault encodingStyle="http://schemas.xmlsoap.org/soap/encoding/" name="WebServiceException" namespace="urn:Medfusion" use="encoded"/>
      </wsdl:fault>
      <wsdl:fault name="WebServiceExceptionPermission">
        <wsdlsoap:fault encodingStyle="http://schemas.xmlsoap.org/soap/encoding/" name="WebServiceExceptionPermission" namespace="urn:Medfusion" use="encoded"/>
      </wsdl:fault>
    </wsdl:operation>
    <wsdl:operation name="prescribeRxRefillReqEntryFromPatient">
      <wsdlsoap:operation soapAction=""/>
      <wsdl:input name="prescribeRxRefillReqEntryFromPatientRequest">
        <wsdlsoap:body encodingStyle="http://schemas.xmlsoap.org/soap/encoding/" namespace="urn:Medfusion" use="encoded"/>
      </wsdl:input>
      <wsdl:output name="prescribeRxRefillReqEntryFromPatientResponse">
        <wsdlsoap:body encodingStyle="http://schemas.xmlsoap.org/soap/encoding/" namespace="urn:Medfusion" use="encoded"/>
      </wsdl:output>
      <wsdl:fault name="WebServiceExceptionInvalidParameter">
        <wsdlsoap:fault encodingStyle="http://schemas.xmlsoap.org/soap/encoding/" name="WebServiceExceptionInvalidParameter" namespace="urn:Medfusion" use="encoded"/>
      </wsdl:fault>
      <wsdl:fault name="WebServiceExceptionUnhandled">
        <wsdlsoap:fault encodingStyle="http://schemas.xmlsoap.org/soap/encoding/" name="WebServiceExceptionUnhandled" namespace="urn:Medfusion" use="encoded"/>
      </wsdl:fault>
      <wsdl:fault name="WebServiceException">
        <wsdlsoap:fault encodingStyle="http://schemas.xmlsoap.org/soap/encoding/" name="WebServiceException" namespace="urn:Medfusion" use="encoded"/>
      </wsdl:fault>
      <wsdl:fault name="WebServiceExceptionPermission">
        <wsdlsoap:fault encodingStyle="http://schemas.xmlsoap.org/soap/encoding/" name="WebServiceExceptionPermission" namespace="urn:Medfusion" use="encoded"/>
      </wsdl:fault>
    </wsdl:operation>
    <wsdl:operation name="communicateAndProcessRxRefillReq">
      <wsdlsoap:operation soapAction=""/>
      <wsdl:input name="communicateAndProcessRxRefillReqRequest">
        <wsdlsoap:body encodingStyle="http://schemas.xmlsoap.org/soap/encoding/" namespace="urn:Medfusion" use="encoded"/>
      </wsdl:input>
      <wsdl:output name="communicateAndProcessRxRefillReqResponse">
        <wsdlsoap:body encodingStyle="http://schemas.xmlsoap.org/soap/encoding/" namespace="urn:Medfusion" use="encoded"/>
      </wsdl:output>
      <wsdl:fault name="WebServiceExceptionInvalidParameter">
        <wsdlsoap:fault encodingStyle="http://schemas.xmlsoap.org/soap/encoding/" name="WebServiceExceptionInvalidParameter" namespace="urn:Medfusion" use="encoded"/>
      </wsdl:fault>
      <wsdl:fault name="WebServiceExceptionUnhandled">
        <wsdlsoap:fault encodingStyle="http://schemas.xmlsoap.org/soap/encoding/" name="WebServiceExceptionUnhandled" namespace="urn:Medfusion" use="encoded"/>
      </wsdl:fault>
      <wsdl:fault name="WebServiceException">
        <wsdlsoap:fault encodingStyle="http://schemas.xmlsoap.org/soap/encoding/" name="WebServiceException" namespace="urn:Medfusion" use="encoded"/>
      </wsdl:fault>
      <wsdl:fault name="WebServiceExceptionPermission">
        <wsdlsoap:fault encodingStyle="http://schemas.xmlsoap.org/soap/encoding/" name="WebServiceExceptionPermission" namespace="urn:Medfusion" use="encoded"/>
      </wsdl:fault>
    </wsdl:operation>
    <wsdl:operation name="processRxRefillReqFromCallinQueue">
      <wsdlsoap:operation soapAction=""/>
      <wsdl:input name="processRxRefillReqFromCallinQueueRequest">
        <wsdlsoap:body encodingStyle="http://schemas.xmlsoap.org/soap/encoding/" namespace="urn:Medfusion" use="encoded"/>
      </wsdl:input>
      <wsdl:output name="processRxRefillReqFromCallinQueueResponse">
        <wsdlsoap:body encodingStyle="http://schemas.xmlsoap.org/soap/encoding/" namespace="urn:Medfusion" use="encoded"/>
      </wsdl:output>
      <wsdl:fault name="WebServiceExceptionInvalidParameter">
        <wsdlsoap:fault encodingStyle="http://schemas.xmlsoap.org/soap/encoding/" name="WebServiceExceptionInvalidParameter" namespace="urn:Medfusion" use="encoded"/>
      </wsdl:fault>
      <wsdl:fault name="WebServiceExceptionUnhandled">
        <wsdlsoap:fault encodingStyle="http://schemas.xmlsoap.org/soap/encoding/" name="WebServiceExceptionUnhandled" namespace="urn:Medfusion" use="encoded"/>
      </wsdl:fault>
      <wsdl:fault name="WebServiceException">
        <wsdlsoap:fault encodingStyle="http://schemas.xmlsoap.org/soap/encoding/" name="WebServiceException" namespace="urn:Medfusion" use="encoded"/>
      </wsdl:fault>
      <wsdl:fault name="WebServiceExceptionPermission">
        <wsdlsoap:fault encodingStyle="http://schemas.xmlsoap.org/soap/encoding/" name="WebServiceExceptionPermission" namespace="urn:Medfusion" use="encoded"/>
      </wsdl:fault>
    </wsdl:operation>
    <wsdl:operation name="externallyProcessRxRefillReqs">
      <wsdlsoap:operation soapAction=""/>
      <wsdl:input name="externallyProcessRxRefillReqsRequest">
        <wsdlsoap:body encodingStyle="http://schemas.xmlsoap.org/soap/encoding/" namespace="urn:Medfusion" use="encoded"/>
      </wsdl:input>
      <wsdl:output name="externallyProcessRxRefillReqsResponse">
        <wsdlsoap:body encodingStyle="http://schemas.xmlsoap.org/soap/encoding/" namespace="urn:Medfusion" use="encoded"/>
      </wsdl:output>
      <wsdl:fault name="WebServiceExceptionComposite">
        <wsdlsoap:fault encodingStyle="http://schemas.xmlsoap.org/soap/encoding/" name="WebServiceExceptionComposite" namespace="urn:Medfusion" use="encoded"/>
      </wsdl:fault>
      <wsdl:fault name="WebServiceExceptionInvalidParameter">
        <wsdlsoap:fault encodingStyle="http://schemas.xmlsoap.org/soap/encoding/" name="WebServiceExceptionInvalidParameter" namespace="urn:Medfusion" use="encoded"/>
      </wsdl:fault>
      <wsdl:fault name="WebServiceException">
        <wsdlsoap:fault encodingStyle="http://schemas.xmlsoap.org/soap/encoding/" name="WebServiceException" namespace="urn:Medfusion" use="encoded"/>
      </wsdl:fault>
    </wsdl:operation>
    <wsdl:operation name="getCommsByCriteria">
      <wsdlsoap:operation soapAction=""/>
      <wsdl:input name="getCommsByCriteriaRequest">
        <wsdlsoap:body encodingStyle="http://schemas.xmlsoap.org/soap/encoding/" namespace="urn:Medfusion" use="encoded"/>
      </wsdl:input>
      <wsdl:output name="getCommsByCriteriaResponse">
        <wsdlsoap:body encodingStyle="http://schemas.xmlsoap.org/soap/encoding/" namespace="urn:Medfusion" use="encoded"/>
      </wsdl:output>
      <wsdl:fault name="WebServiceExceptionInvalidParameter">
        <wsdlsoap:fault encodingStyle="http://schemas.xmlsoap.org/soap/encoding/" name="WebServiceExceptionInvalidParameter" namespace="urn:Medfusion" use="encoded"/>
      </wsdl:fault>
      <wsdl:fault name="WebServiceExceptionUnhandled">
        <wsdlsoap:fault encodingStyle="http://schemas.xmlsoap.org/soap/encoding/" name="WebServiceExceptionUnhandled" namespace="urn:Medfusion" use="encoded"/>
      </wsdl:fault>
      <wsdl:fault name="WebServiceException">
        <wsdlsoap:fault encodingStyle="http://schemas.xmlsoap.org/soap/encoding/" name="WebServiceException" namespace="urn:Medfusion" use="encoded"/>
      </wsdl:fault>
    </wsdl:operation>
    <wsdl:operation name="sendCommunication">
      <wsdlsoap:operation soapAction=""/>
      <wsdl:input name="sendCommunicationRequest">
        <wsdlsoap:body encodingStyle="http://schemas.xmlsoap.org/soap/encoding/" namespace="urn:Medfusion" use="encoded"/>
      </wsdl:input>
      <wsdl:output name="sendCommunicationResponse">
        <wsdlsoap:body encodingStyle="http://schemas.xmlsoap.org/soap/encoding/" namespace="urn:Medfusion" use="encoded"/>
      </wsdl:output>
      <wsdl:fault name="WebServiceExceptionInvalidParameter">
        <wsdlsoap:fault encodingStyle="http://schemas.xmlsoap.org/soap/encoding/" name="WebServiceExceptionInvalidParameter" namespace="urn:Medfusion" use="encoded"/>
      </wsdl:fault>
      <wsdl:fault name="WebServiceExceptionUnhandled">
        <wsdlsoap:fault encodingStyle="http://schemas.xmlsoap.org/soap/encoding/" name="WebServiceExceptionUnhandled" namespace="urn:Medfusion" use="encoded"/>
      </wsdl:fault>
      <wsdl:fault name="WebServiceException">
        <wsdlsoap:fault encodingStyle="http://schemas.xmlsoap.org/soap/encoding/" name="WebServiceException" namespace="urn:Medfusion" use="encoded"/>
      </wsdl:fault>
    </wsdl:operation>
    <wsdl:operation name="sendCommunications">
      <wsdlsoap:operation soapAction=""/>
      <wsdl:input name="sendCommunicationsRequest">
        <wsdlsoap:body encodingStyle="http://schemas.xmlsoap.org/soap/encoding/" namespace="urn:Medfusion" use="encoded"/>
      </wsdl:input>
      <wsdl:output name="sendCommunicationsResponse">
        <wsdlsoap:body encodingStyle="http://schemas.xmlsoap.org/soap/encoding/" namespace="urn:Medfusion" use="encoded"/>
      </wsdl:output>
      <wsdl:fault name="WebServiceExceptionInvalidParameter">
        <wsdlsoap:fault encodingStyle="http://schemas.xmlsoap.org/soap/encoding/" name="WebServiceExceptionInvalidParameter" namespace="urn:Medfusion" use="encoded"/>
      </wsdl:fault>
      <wsdl:fault name="WebServiceExceptionUnhandled">
        <wsdlsoap:fault encodingStyle="http://schemas.xmlsoap.org/soap/encoding/" name="WebServiceExceptionUnhandled" namespace="urn:Medfusion" use="encoded"/>
      </wsdl:fault>
      <wsdl:fault name="WebServiceException">
        <wsdlsoap:fault encodingStyle="http://schemas.xmlsoap.org/soap/encoding/" name="WebServiceException" namespace="urn:Medfusion" use="encoded"/>
      </wsdl:fault>
    </wsdl:operation>
    <wsdl:operation name="markCommunicationAsRead">
      <wsdlsoap:operation soapAction=""/>
      <wsdl:input name="markCommunicationAsReadRequest">
        <wsdlsoap:body encodingStyle="http://schemas.xmlsoap.org/soap/encoding/" namespace="urn:Medfusion" use="encoded"/>
      </wsdl:input>
      <wsdl:output name="markCommunicationAsReadResponse">
        <wsdlsoap:body encodingStyle="http://schemas.xmlsoap.org/soap/encoding/" namespace="urn:Medfusion" use="encoded"/>
      </wsdl:output>
      <wsdl:fault name="WebServiceExceptionInvalidParameter">
        <wsdlsoap:fault encodingStyle="http://schemas.xmlsoap.org/soap/encoding/" name="WebServiceExceptionInvalidParameter" namespace="urn:Medfusion" use="encoded"/>
      </wsdl:fault>
      <wsdl:fault name="WebServiceExceptionUnhandled">
        <wsdlsoap:fault encodingStyle="http://schemas.xmlsoap.org/soap/encoding/" name="WebServiceExceptionUnhandled" namespace="urn:Medfusion" use="encoded"/>
      </wsdl:fault>
      <wsdl:fault name="WebServiceException">
        <wsdlsoap:fault encodingStyle="http://schemas.xmlsoap.org/soap/encoding/" name="WebServiceException" namespace="urn:Medfusion" use="encoded"/>
      </wsdl:fault>
    </wsdl:operation>
    <wsdl:operation name="getVOVsByCriteria">
      <wsdlsoap:operation soapAction=""/>
      <wsdl:input name="getVOVsByCriteriaRequest">
        <wsdlsoap:body encodingStyle="http://schemas.xmlsoap.org/soap/encoding/" namespace="urn:Medfusion" use="encoded"/>
      </wsdl:input>
      <wsdl:output name="getVOVsByCriteriaResponse">
        <wsdlsoap:body encodingStyle="http://schemas.xmlsoap.org/soap/encoding/" namespace="urn:Medfusion" use="encoded"/>
      </wsdl:output>
      <wsdl:fault name="WebServiceExceptionInvalidParameter">
        <wsdlsoap:fault encodingStyle="http://schemas.xmlsoap.org/soap/encoding/" name="WebServiceExceptionInvalidParameter" namespace="urn:Medfusion" use="encoded"/>
      </wsdl:fault>
      <wsdl:fault name="WebServiceExceptionUnhandled">
        <wsdlsoap:fault encodingStyle="http://schemas.xmlsoap.org/soap/encoding/" name="WebServiceExceptionUnhandled" namespace="urn:Medfusion" use="encoded"/>
      </wsdl:fault>
      <wsdl:fault name="WebServiceException">
        <wsdlsoap:fault encodingStyle="http://schemas.xmlsoap.org/soap/encoding/" name="WebServiceException" namespace="urn:Medfusion" use="encoded"/>
      </wsdl:fault>
    </wsdl:operation>
    <wsdl:operation name="communicateAndProcessVOV">
      <wsdlsoap:operation soapAction=""/>
      <wsdl:input name="communicateAndProcessVOVRequest">
        <wsdlsoap:body encodingStyle="http://schemas.xmlsoap.org/soap/encoding/" namespace="urn:Medfusion" use="encoded"/>
      </wsdl:input>
      <wsdl:output name="communicateAndProcessVOVResponse">
        <wsdlsoap:body encodingStyle="http://schemas.xmlsoap.org/soap/encoding/" namespace="urn:Medfusion" use="encoded"/>
      </wsdl:output>
      <wsdl:fault name="WebServiceExceptionInvalidParameter">
        <wsdlsoap:fault encodingStyle="http://schemas.xmlsoap.org/soap/encoding/" name="WebServiceExceptionInvalidParameter" namespace="urn:Medfusion" use="encoded"/>
      </wsdl:fault>
      <wsdl:fault name="WebServiceExceptionUnhandled">
        <wsdlsoap:fault encodingStyle="http://schemas.xmlsoap.org/soap/encoding/" name="WebServiceExceptionUnhandled" namespace="urn:Medfusion" use="encoded"/>
      </wsdl:fault>
      <wsdl:fault name="WebServiceException">
        <wsdlsoap:fault encodingStyle="http://schemas.xmlsoap.org/soap/encoding/" name="WebServiceException" namespace="urn:Medfusion" use="encoded"/>
      </wsdl:fault>
      <wsdl:fault name="WebServiceExceptionPermission">
        <wsdlsoap:fault encodingStyle="http://schemas.xmlsoap.org/soap/encoding/" name="WebServiceExceptionPermission" namespace="urn:Medfusion" use="encoded"/>
      </wsdl:fault>
    </wsdl:operation>
    <wsdl:operation name="communicateAndProcessVOVWithPrescription">
      <wsdlsoap:operation soapAction=""/>
      <wsdl:input name="communicateAndProcessVOVWithPrescriptionRequest">
        <wsdlsoap:body encodingStyle="http://schemas.xmlsoap.org/soap/encoding/" namespace="urn:Medfusion" use="encoded"/>
      </wsdl:input>
      <wsdl:output name="communicateAndProcessVOVWithPrescriptionResponse">
        <wsdlsoap:body encodingStyle="http://schemas.xmlsoap.org/soap/encoding/" namespace="urn:Medfusion" use="encoded"/>
      </wsdl:output>
      <wsdl:fault name="WebServiceExceptionInvalidParameter">
        <wsdlsoap:fault encodingStyle="http://schemas.xmlsoap.org/soap/encoding/" name="WebServiceExceptionInvalidParameter" namespace="urn:Medfusion" use="encoded"/>
      </wsdl:fault>
      <wsdl:fault name="WebServiceExceptionUnhandled">
        <wsdlsoap:fault encodingStyle="http://schemas.xmlsoap.org/soap/encoding/" name="WebServiceExceptionUnhandled" namespace="urn:Medfusion" use="encoded"/>
      </wsdl:fault>
      <wsdl:fault name="WebServiceException">
        <wsdlsoap:fault encodingStyle="http://schemas.xmlsoap.org/soap/encoding/" name="WebServiceException" namespace="urn:Medfusion" use="encoded"/>
      </wsdl:fault>
      <wsdl:fault name="WebServiceExceptionPermission">
        <wsdlsoap:fault encodingStyle="http://schemas.xmlsoap.org/soap/encoding/" name="WebServiceExceptionPermission" namespace="urn:Medfusion" use="encoded"/>
      </wsdl:fault>
    </wsdl:operation>
    <wsdl:operation name="getEMsByCriteria">
      <wsdlsoap:operation soapAction=""/>
      <wsdl:input name="getEMsByCriteriaRequest">
        <wsdlsoap:body encodingStyle="http://schemas.xmlsoap.org/soap/encoding/" namespace="urn:Medfusion" use="encoded"/>
      </wsdl:input>
      <wsdl:output name="getEMsByCriteriaResponse">
        <wsdlsoap:body encodingStyle="http://schemas.xmlsoap.org/soap/encoding/" namespace="urn:Medfusion" use="encoded"/>
      </wsdl:output>
      <wsdl:fault name="WebServiceExceptionInvalidParameter">
        <wsdlsoap:fault encodingStyle="http://schemas.xmlsoap.org/soap/encoding/" name="WebServiceExceptionInvalidParameter" namespace="urn:Medfusion" use="encoded"/>
      </wsdl:fault>
      <wsdl:fault name="WebServiceExceptionUnhandled">
        <wsdlsoap:fault encodingStyle="http://schemas.xmlsoap.org/soap/encoding/" name="WebServiceExceptionUnhandled" namespace="urn:Medfusion" use="encoded"/>
      </wsdl:fault>
      <wsdl:fault name="WebServiceException">
        <wsdlsoap:fault encodingStyle="http://schemas.xmlsoap.org/soap/encoding/" name="WebServiceException" namespace="urn:Medfusion" use="encoded"/>
      </wsdl:fault>
    </wsdl:operation>
    <wsdl:operation name="getEMTemplatesByCriteria">
      <wsdlsoap:operation soapAction=""/>
      <wsdl:input name="getEMTemplatesByCriteriaRequest">
        <wsdlsoap:body encodingStyle="http://schemas.xmlsoap.org/soap/encoding/" namespace="urn:Medfusion" use="encoded"/>
      </wsdl:input>
      <wsdl:output name="getEMTemplatesByCriteriaResponse">
        <wsdlsoap:body encodingStyle="http://schemas.xmlsoap.org/soap/encoding/" namespace="urn:Medfusion" use="encoded"/>
      </wsdl:output>
      <wsdl:fault name="WebServiceExceptionInvalidParameter">
        <wsdlsoap:fault encodingStyle="http://schemas.xmlsoap.org/soap/encoding/" name="WebServiceExceptionInvalidParameter" namespace="urn:Medfusion" use="encoded"/>
      </wsdl:fault>
      <wsdl:fault name="WebServiceExceptionUnhandled">
        <wsdlsoap:fault encodingStyle="http://schemas.xmlsoap.org/soap/encoding/" name="WebServiceExceptionUnhandled" namespace="urn:Medfusion" use="encoded"/>
      </wsdl:fault>
      <wsdl:fault name="WebServiceException">
        <wsdlsoap:fault encodingStyle="http://schemas.xmlsoap.org/soap/encoding/" name="WebServiceException" namespace="urn:Medfusion" use="encoded"/>
      </wsdl:fault>
    </wsdl:operation>
    <wsdl:operation name="getEMStatusesByEMIds">
      <wsdlsoap:operation soapAction=""/>
      <wsdl:input name="getEMStatusesByEMIdsRequest">
        <wsdlsoap:body encodingStyle="http://schemas.xmlsoap.org/soap/encoding/" namespace="urn:Medfusion" use="encoded"/>
      </wsdl:input>
      <wsdl:output name="getEMStatusesByEMIdsResponse">
        <wsdlsoap:body encodingStyle="http://schemas.xmlsoap.org/soap/encoding/" namespace="urn:Medfusion" use="encoded"/>
      </wsdl:output>
      <wsdl:fault name="WebServiceExceptionInvalidParameter">
        <wsdlsoap:fault encodingStyle="http://schemas.xmlsoap.org/soap/encoding/" name="WebServiceExceptionInvalidParameter" namespace="urn:Medfusion" use="encoded"/>
      </wsdl:fault>
      <wsdl:fault name="WebServiceExceptionUnhandled">
        <wsdlsoap:fault encodingStyle="http://schemas.xmlsoap.org/soap/encoding/" name="WebServiceExceptionUnhandled" namespace="urn:Medfusion" use="encoded"/>
      </wsdl:fault>
      <wsdl:fault name="WebServiceException">
        <wsdlsoap:fault encodingStyle="http://schemas.xmlsoap.org/soap/encoding/" name="WebServiceException" namespace="urn:Medfusion" use="encoded"/>
      </wsdl:fault>
    </wsdl:operation>
    <wsdl:operation name="deleteEM">
      <wsdlsoap:operation soapAction=""/>
      <wsdl:input name="deleteEMRequest">
        <wsdlsoap:body encodingStyle="http://schemas.xmlsoap.org/soap/encoding/" namespace="urn:Medfusion" use="encoded"/>
      </wsdl:input>
      <wsdl:output name="deleteEMResponse">
        <wsdlsoap:body encodingStyle="http://schemas.xmlsoap.org/soap/encoding/" namespace="urn:Medfusion" use="encoded"/>
      </wsdl:output>
      <wsdl:fault name="WebServiceExceptionInvalidParameter">
        <wsdlsoap:fault encodingStyle="http://schemas.xmlsoap.org/soap/encoding/" name="WebServiceExceptionInvalidParameter" namespace="urn:Medfusion" use="encoded"/>
      </wsdl:fault>
      <wsdl:fault name="WebServiceExceptionUnhandled">
        <wsdlsoap:fault encodingStyle="http://schemas.xmlsoap.org/soap/encoding/" name="WebServiceExceptionUnhandled" namespace="urn:Medfusion" use="encoded"/>
      </wsdl:fault>
      <wsdl:fault name="WebServiceException">
        <wsdlsoap:fault encodingStyle="http://schemas.xmlsoap.org/soap/encoding/" name="WebServiceException" namespace="urn:Medfusion" use="encoded"/>
      </wsdl:fault>
    </wsdl:operation>
    <wsdl:operation name="getAllEMFields">
      <wsdlsoap:operation soapAction=""/>
      <wsdl:input name="getAllEMFieldsRequest">
        <wsdlsoap:body encodingStyle="http://schemas.xmlsoap.org/soap/encoding/" namespace="urn:Medfusion" use="encoded"/>
      </wsdl:input>
      <wsdl:output name="getAllEMFieldsResponse">
        <wsdlsoap:body encodingStyle="http://schemas.xmlsoap.org/soap/encoding/" namespace="urn:Medfusion" use="encoded"/>
      </wsdl:output>
      <wsdl:fault name="WebServiceExceptionUnhandled">
        <wsdlsoap:fault encodingStyle="http://schemas.xmlsoap.org/soap/encoding/" name="WebServiceExceptionUnhandled" namespace="urn:Medfusion" use="encoded"/>
      </wsdl:fault>
      <wsdl:fault name="WebServiceException">
        <wsdlsoap:fault encodingStyle="http://schemas.xmlsoap.org/soap/encoding/" name="WebServiceException" namespace="urn:Medfusion" use="encoded"/>
      </wsdl:fault>
    </wsdl:operation>
    <wsdl:operation name="createEM">
      <wsdlsoap:operation soapAction=""/>
      <wsdl:input name="createEMRequest">
        <wsdlsoap:body encodingStyle="http://schemas.xmlsoap.org/soap/encoding/" namespace="urn:Medfusion" use="encoded"/>
      </wsdl:input>
      <wsdl:output name="createEMResponse">
        <wsdlsoap:body encodingStyle="http://schemas.xmlsoap.org/soap/encoding/" namespace="urn:Medfusion" use="encoded"/>
      </wsdl:output>
      <wsdl:fault name="WebServiceExceptionUnhandled">
        <wsdlsoap:fault encodingStyle="http://schemas.xmlsoap.org/soap/encoding/" name="WebServiceExceptionUnhandled" namespace="urn:Medfusion" use="encoded"/>
      </wsdl:fault>
      <wsdl:fault name="WebServiceException">
        <wsdlsoap:fault encodingStyle="http://schemas.xmlsoap.org/soap/encoding/" name="WebServiceException" namespace="urn:Medfusion" use="encoded"/>
      </wsdl:fault>
      <wsdl:fault name="WebServiceExceptionPermission">
        <wsdlsoap:fault encodingStyle="http://schemas.xmlsoap.org/soap/encoding/" name="WebServiceExceptionPermission" namespace="urn:Medfusion" use="encoded"/>
      </wsdl:fault>
    </wsdl:operation>
    <wsdl:operation name="createEMFromTemplate">
      <wsdlsoap:operation soapAction=""/>
      <wsdl:input name="createEMFromTemplateRequest">
        <wsdlsoap:body encodingStyle="http://schemas.xmlsoap.org/soap/encoding/" namespace="urn:Medfusion" use="encoded"/>
      </wsdl:input>
      <wsdl:output name="createEMFromTemplateResponse">
        <wsdlsoap:body encodingStyle="http://schemas.xmlsoap.org/soap/encoding/" namespace="urn:Medfusion" use="encoded"/>
      </wsdl:output>
      <wsdl:fault name="WebServiceExceptionUnhandled">
        <wsdlsoap:fault encodingStyle="http://schemas.xmlsoap.org/soap/encoding/" name="WebServiceExceptionUnhandled" namespace="urn:Medfusion" use="encoded"/>
      </wsdl:fault>
      <wsdl:fault name="WebServiceException">
        <wsdlsoap:fault encodingStyle="http://schemas.xmlsoap.org/soap/encoding/" name="WebServiceException" namespace="urn:Medfusion" use="encoded"/>
      </wsdl:fault>
      <wsdl:fault name="WebServiceExceptionPermission">
        <wsdlsoap:fault encodingStyle="http://schemas.xmlsoap.org/soap/encoding/" name="WebServiceExceptionPermission" namespace="urn:Medfusion" use="encoded"/>
      </wsdl:fault>
    </wsdl:operation>
    <wsdl:operation name="createEMTemplate">
      <wsdlsoap:operation soapAction=""/>
      <wsdl:input name="createEMTemplateRequest">
        <wsdlsoap:body encodingStyle="http://schemas.xmlsoap.org/soap/encoding/" namespace="urn:Medfusion" use="encoded"/>
      </wsdl:input>
      <wsdl:output name="createEMTemplateResponse">
        <wsdlsoap:body encodingStyle="http://schemas.xmlsoap.org/soap/encoding/" namespace="urn:Medfusion" use="encoded"/>
      </wsdl:output>
      <wsdl:fault name="WebServiceExceptionUnhandled">
        <wsdlsoap:fault encodingStyle="http://schemas.xmlsoap.org/soap/encoding/" name="WebServiceExceptionUnhandled" namespace="urn:Medfusion" use="encoded"/>
      </wsdl:fault>
      <wsdl:fault name="WebServiceException">
        <wsdlsoap:fault encodingStyle="http://schemas.xmlsoap.org/soap/encoding/" name="WebServiceException" namespace="urn:Medfusion" use="encoded"/>
      </wsdl:fault>
    </wsdl:operation>
    <wsdl:operation name="getCustomFormsByCriteria">
      <wsdlsoap:operation soapAction=""/>
      <wsdl:input name="getCustomFormsByCriteriaRequest">
        <wsdlsoap:body encodingStyle="http://schemas.xmlsoap.org/soap/encoding/" namespace="urn:Medfusion" use="encoded"/>
      </wsdl:input>
      <wsdl:output name="getCustomFormsByCriteriaResponse">
        <wsdlsoap:body encodingStyle="http://schemas.xmlsoap.org/soap/encoding/" namespace="urn:Medfusion" use="encoded"/>
      </wsdl:output>
      <wsdl:fault name="WebServiceExceptionInvalidParameter">
        <wsdlsoap:fault encodingStyle="http://schemas.xmlsoap.org/soap/encoding/" name="WebServiceExceptionInvalidParameter" namespace="urn:Medfusion" use="encoded"/>
      </wsdl:fault>
      <wsdl:fault name="WebServiceExceptionUnhandled">
        <wsdlsoap:fault encodingStyle="http://schemas.xmlsoap.org/soap/encoding/" name="WebServiceExceptionUnhandled" namespace="urn:Medfusion" use="encoded"/>
      </wsdl:fault>
      <wsdl:fault name="WebServiceException">
        <wsdlsoap:fault encodingStyle="http://schemas.xmlsoap.org/soap/encoding/" name="WebServiceException" namespace="urn:Medfusion" use="encoded"/>
      </wsdl:fault>
    </wsdl:operation>
    <wsdl:operation name="getCustomFormsByCriteria">
      <wsdlsoap:operation soapAction=""/>
      <wsdl:input name="getCustomFormsByCriteriaRequest1">
        <wsdlsoap:body encodingStyle="http://schemas.xmlsoap.org/soap/encoding/" namespace="urn:Medfusion" use="encoded"/>
      </wsdl:input>
      <wsdl:output name="getCustomFormsByCriteriaResponse1">
        <wsdlsoap:body encodingStyle="http://schemas.xmlsoap.org/soap/encoding/" namespace="urn:Medfusion" use="encoded"/>
      </wsdl:output>
      <wsdl:fault name="WebServiceExceptionInvalidParameter">
        <wsdlsoap:fault encodingStyle="http://schemas.xmlsoap.org/soap/encoding/" name="WebServiceExceptionInvalidParameter" namespace="urn:Medfusion" use="encoded"/>
      </wsdl:fault>
      <wsdl:fault name="WebServiceExceptionUnhandled">
        <wsdlsoap:fault encodingStyle="http://schemas.xmlsoap.org/soap/encoding/" name="WebServiceExceptionUnhandled" namespace="urn:Medfusion" use="encoded"/>
      </wsdl:fault>
      <wsdl:fault name="WebServiceException">
        <wsdlsoap:fault encodingStyle="http://schemas.xmlsoap.org/soap/encoding/" name="WebServiceException" namespace="urn:Medfusion" use="encoded"/>
      </wsdl:fault>
    </wsdl:operation>
    <wsdl:operation name="setCustomFormStatus">
      <wsdlsoap:operation soapAction=""/>
      <wsdl:input name="setCustomFormStatusRequest">
        <wsdlsoap:body encodingStyle="http://schemas.xmlsoap.org/soap/encoding/" namespace="urn:Medfusion" use="encoded"/>
      </wsdl:input>
      <wsdl:output name="setCustomFormStatusResponse">
        <wsdlsoap:body encodingStyle="http://schemas.xmlsoap.org/soap/encoding/" namespace="urn:Medfusion" use="encoded"/>
      </wsdl:output>
      <wsdl:fault name="WebServiceExceptionInvalidParameter">
        <wsdlsoap:fault encodingStyle="http://schemas.xmlsoap.org/soap/encoding/" name="WebServiceExceptionInvalidParameter" namespace="urn:Medfusion" use="encoded"/>
      </wsdl:fault>
      <wsdl:fault name="WebServiceExceptionUnhandled">
        <wsdlsoap:fault encodingStyle="http://schemas.xmlsoap.org/soap/encoding/" name="WebServiceExceptionUnhandled" namespace="urn:Medfusion" use="encoded"/>
      </wsdl:fault>
      <wsdl:fault name="WebServiceException">
        <wsdlsoap:fault encodingStyle="http://schemas.xmlsoap.org/soap/encoding/" name="WebServiceException" namespace="urn:Medfusion" use="encoded"/>
      </wsdl:fault>
      <wsdl:fault name="WebServiceExceptionPermission">
        <wsdlsoap:fault encodingStyle="http://schemas.xmlsoap.org/soap/encoding/" name="WebServiceExceptionPermission" namespace="urn:Medfusion" use="encoded"/>
      </wsdl:fault>
    </wsdl:operation>
    <wsdl:operation name="getCustomFormOutput">
      <wsdlsoap:operation soapAction=""/>
      <wsdl:input name="getCustomFormOutputRequest">
        <wsdlsoap:body encodingStyle="http://schemas.xmlsoap.org/soap/encoding/" namespace="urn:Medfusion" use="encoded"/>
      </wsdl:input>
      <wsdl:output name="getCustomFormOutputResponse">
        <wsdlsoap:body encodingStyle="http://schemas.xmlsoap.org/soap/encoding/" namespace="urn:Medfusion" use="encoded"/>
      </wsdl:output>
      <wsdl:fault name="WebServiceExceptionInvalidParameter">
        <wsdlsoap:fault encodingStyle="http://schemas.xmlsoap.org/soap/encoding/" name="WebServiceExceptionInvalidParameter" namespace="urn:Medfusion" use="encoded"/>
      </wsdl:fault>
      <wsdl:fault name="WebServiceExceptionUnhandled">
        <wsdlsoap:fault encodingStyle="http://schemas.xmlsoap.org/soap/encoding/" name="WebServiceExceptionUnhandled" namespace="urn:Medfusion" use="encoded"/>
      </wsdl:fault>
      <wsdl:fault name="WebServiceException">
        <wsdlsoap:fault encodingStyle="http://schemas.xmlsoap.org/soap/encoding/" name="WebServiceException" namespace="urn:Medfusion" use="encoded"/>
      </wsdl:fault>
      <wsdl:fault name="WebServiceExceptionPermission">
        <wsdlsoap:fault encodingStyle="http://schemas.xmlsoap.org/soap/encoding/" name="WebServiceExceptionPermission" namespace="urn:Medfusion" use="encoded"/>
      </wsdl:fault>
    </wsdl:operation>
    <wsdl:operation name="getAllCFFs">
      <wsdlsoap:operation soapAction=""/>
      <wsdl:input name="getAllCFFsRequest">
        <wsdlsoap:body encodingStyle="http://schemas.xmlsoap.org/soap/encoding/" namespace="urn:Medfusion" use="encoded"/>
      </wsdl:input>
      <wsdl:output name="getAllCFFsResponse">
        <wsdlsoap:body encodingStyle="http://schemas.xmlsoap.org/soap/encoding/" namespace="urn:Medfusion" use="encoded"/>
      </wsdl:output>
      <wsdl:fault name="WebServiceExceptionInvalidParameter">
        <wsdlsoap:fault encodingStyle="http://schemas.xmlsoap.org/soap/encoding/" name="WebServiceExceptionInvalidParameter" namespace="urn:Medfusion" use="encoded"/>
      </wsdl:fault>
      <wsdl:fault name="WebServiceExceptionUnhandled">
        <wsdlsoap:fault encodingStyle="http://schemas.xmlsoap.org/soap/encoding/" name="WebServiceExceptionUnhandled" namespace="urn:Medfusion" use="encoded"/>
      </wsdl:fault>
      <wsdl:fault name="WebServiceException">
        <wsdlsoap:fault encodingStyle="http://schemas.xmlsoap.org/soap/encoding/" name="WebServiceException" namespace="urn:Medfusion" use="encoded"/>
      </wsdl:fault>
      <wsdl:fault name="WebServiceExceptionPermission">
        <wsdlsoap:fault encodingStyle="http://schemas.xmlsoap.org/soap/encoding/" name="WebServiceExceptionPermission" namespace="urn:Medfusion" use="encoded"/>
      </wsdl:fault>
    </wsdl:operation>
    <wsdl:operation name="getCFFForCustomForm">
      <wsdlsoap:operation soapAction=""/>
      <wsdl:input name="getCFFForCustomFormRequest">
        <wsdlsoap:body encodingStyle="http://schemas.xmlsoap.org/soap/encoding/" namespace="urn:Medfusion" use="encoded"/>
      </wsdl:input>
      <wsdl:output name="getCFFForCustomFormResponse">
        <wsdlsoap:body encodingStyle="http://schemas.xmlsoap.org/soap/encoding/" namespace="urn:Medfusion" use="encoded"/>
      </wsdl:output>
      <wsdl:fault name="WebServiceExceptionInvalidParameter">
        <wsdlsoap:fault encodingStyle="http://schemas.xmlsoap.org/soap/encoding/" name="WebServiceExceptionInvalidParameter" namespace="urn:Medfusion" use="encoded"/>
      </wsdl:fault>
      <wsdl:fault name="WebServiceExceptionUnhandled">
        <wsdlsoap:fault encodingStyle="http://schemas.xmlsoap.org/soap/encoding/" name="WebServiceExceptionUnhandled" namespace="urn:Medfusion" use="encoded"/>
      </wsdl:fault>
      <wsdl:fault name="WebServiceException">
        <wsdlsoap:fault encodingStyle="http://schemas.xmlsoap.org/soap/encoding/" name="WebServiceException" namespace="urn:Medfusion" use="encoded"/>
      </wsdl:fault>
      <wsdl:fault name="WebServiceExceptionPermission">
        <wsdlsoap:fault encodingStyle="http://schemas.xmlsoap.org/soap/encoding/" name="WebServiceExceptionPermission" namespace="urn:Medfusion" use="encoded"/>
      </wsdl:fault>
    </wsdl:operation>
    <wsdl:operation name="getCustomFormForMemberIdAndFormId">
      <wsdlsoap:operation soapAction=""/>
      <wsdl:input name="getCustomFormForMemberIdAndFormIdRequest">
        <wsdlsoap:body encodingStyle="http://schemas.xmlsoap.org/soap/encoding/" namespace="urn:Medfusion" use="encoded"/>
      </wsdl:input>
      <wsdl:output name="getCustomFormForMemberIdAndFormIdResponse">
        <wsdlsoap:body encodingStyle="http://schemas.xmlsoap.org/soap/encoding/" namespace="urn:Medfusion" use="encoded"/>
      </wsdl:output>
      <wsdl:fault name="WebServiceExceptionInvalidParameter">
        <wsdlsoap:fault encodingStyle="http://schemas.xmlsoap.org/soap/encoding/" name="WebServiceExceptionInvalidParameter" namespace="urn:Medfusion" use="encoded"/>
      </wsdl:fault>
      <wsdl:fault name="WebServiceExceptionUnhandled">
        <wsdlsoap:fault encodingStyle="http://schemas.xmlsoap.org/soap/encoding/" name="WebServiceExceptionUnhandled" namespace="urn:Medfusion" use="encoded"/>
      </wsdl:fault>
      <wsdl:fault name="WebServiceException">
        <wsdlsoap:fault encodingStyle="http://schemas.xmlsoap.org/soap/encoding/" name="WebServiceException" namespace="urn:Medfusion" use="encoded"/>
      </wsdl:fault>
      <wsdl:fault name="WebServiceExceptionPermission">
        <wsdlsoap:fault encodingStyle="http://schemas.xmlsoap.org/soap/encoding/" name="WebServiceExceptionPermission" namespace="urn:Medfusion" use="encoded"/>
      </wsdl:fault>
    </wsdl:operation>
    <wsdl:operation name="getAllCPTCodes">
      <wsdlsoap:operation soapAction=""/>
      <wsdl:input name="getAllCPTCodesRequest">
        <wsdlsoap:body encodingStyle="http://schemas.xmlsoap.org/soap/encoding/" namespace="urn:Medfusion" use="encoded"/>
      </wsdl:input>
      <wsdl:output name="getAllCPTCodesResponse">
        <wsdlsoap:body encodingStyle="http://schemas.xmlsoap.org/soap/encoding/" namespace="urn:Medfusion" use="encoded"/>
      </wsdl:output>
      <wsdl:fault name="WebServiceExceptionUnhandled">
        <wsdlsoap:fault encodingStyle="http://schemas.xmlsoap.org/soap/encoding/" name="WebServiceExceptionUnhandled" namespace="urn:Medfusion" use="encoded"/>
      </wsdl:fault>
      <wsdl:fault name="WebServiceException">
        <wsdlsoap:fault encodingStyle="http://schemas.xmlsoap.org/soap/encoding/" name="WebServiceException" namespace="urn:Medfusion" use="encoded"/>
      </wsdl:fault>
    </wsdl:operation>
    <wsdl:operation name="getAllDiagCodes">
      <wsdlsoap:operation soapAction=""/>
      <wsdl:input name="getAllDiagCodesRequest">
        <wsdlsoap:body encodingStyle="http://schemas.xmlsoap.org/soap/encoding/" namespace="urn:Medfusion" use="encoded"/>
      </wsdl:input>
      <wsdl:output name="getAllDiagCodesResponse">
        <wsdlsoap:body encodingStyle="http://schemas.xmlsoap.org/soap/encoding/" namespace="urn:Medfusion" use="encoded"/>
      </wsdl:output>
      <wsdl:fault name="WebServiceExceptionUnhandled">
        <wsdlsoap:fault encodingStyle="http://schemas.xmlsoap.org/soap/encoding/" name="WebServiceExceptionUnhandled" namespace="urn:Medfusion" use="encoded"/>
      </wsdl:fault>
      <wsdl:fault name="WebServiceException">
        <wsdlsoap:fault encodingStyle="http://schemas.xmlsoap.org/soap/encoding/" name="WebServiceException" namespace="urn:Medfusion" use="encoded"/>
      </wsdl:fault>
    </wsdl:operation>
    <wsdl:operation name="getAllRouteCodes">
      <wsdlsoap:operation soapAction=""/>
      <wsdl:input name="getAllRouteCodesRequest">
        <wsdlsoap:body encodingStyle="http://schemas.xmlsoap.org/soap/encoding/" namespace="urn:Medfusion" use="encoded"/>
      </wsdl:input>
      <wsdl:output name="getAllRouteCodesResponse">
        <wsdlsoap:body encodingStyle="http://schemas.xmlsoap.org/soap/encoding/" namespace="urn:Medfusion" use="encoded"/>
      </wsdl:output>
      <wsdl:fault name="WebServiceExceptionUnhandled">
        <wsdlsoap:fault encodingStyle="http://schemas.xmlsoap.org/soap/encoding/" name="WebServiceExceptionUnhandled" namespace="urn:Medfusion" use="encoded"/>
      </wsdl:fault>
      <wsdl:fault name="WebServiceException">
        <wsdlsoap:fault encodingStyle="http://schemas.xmlsoap.org/soap/encoding/" name="WebServiceException" namespace="urn:Medfusion" use="encoded"/>
      </wsdl:fault>
    </wsdl:operation>
    <wsdl:operation name="getSigCodesByPracticeId">
      <wsdlsoap:operation soapAction=""/>
      <wsdl:input name="getSigCodesByPracticeIdRequest">
        <wsdlsoap:body encodingStyle="http://schemas.xmlsoap.org/soap/encoding/" namespace="urn:Medfusion" use="encoded"/>
      </wsdl:input>
      <wsdl:output name="getSigCodesByPracticeIdResponse">
        <wsdlsoap:body encodingStyle="http://schemas.xmlsoap.org/soap/encoding/" namespace="urn:Medfusion" use="encoded"/>
      </wsdl:output>
      <wsdl:fault name="WebServiceExceptionInvalidParameter">
        <wsdlsoap:fault encodingStyle="http://schemas.xmlsoap.org/soap/encoding/" name="WebServiceExceptionInvalidParameter" namespace="urn:Medfusion" use="encoded"/>
      </wsdl:fault>
      <wsdl:fault name="WebServiceExceptionUnhandled">
        <wsdlsoap:fault encodingStyle="http://schemas.xmlsoap.org/soap/encoding/" name="WebServiceExceptionUnhandled" namespace="urn:Medfusion" use="encoded"/>
      </wsdl:fault>
      <wsdl:fault name="WebServiceException">
        <wsdlsoap:fault encodingStyle="http://schemas.xmlsoap.org/soap/encoding/" name="WebServiceException" namespace="urn:Medfusion" use="encoded"/>
      </wsdl:fault>
    </wsdl:operation>
    <wsdl:operation name="addSigCode">
      <wsdlsoap:operation soapAction=""/>
      <wsdl:input name="addSigCodeRequest">
        <wsdlsoap:body encodingStyle="http://schemas.xmlsoap.org/soap/encoding/" namespace="urn:Medfusion" use="encoded"/>
      </wsdl:input>
      <wsdl:output name="addSigCodeResponse">
        <wsdlsoap:body encodingStyle="http://schemas.xmlsoap.org/soap/encoding/" namespace="urn:Medfusion" use="encoded"/>
      </wsdl:output>
      <wsdl:fault name="WebServiceExceptionInvalidParameter">
        <wsdlsoap:fault encodingStyle="http://schemas.xmlsoap.org/soap/encoding/" name="WebServiceExceptionInvalidParameter" namespace="urn:Medfusion" use="encoded"/>
      </wsdl:fault>
      <wsdl:fault name="WebServiceExceptionUnhandled">
        <wsdlsoap:fault encodingStyle="http://schemas.xmlsoap.org/soap/encoding/" name="WebServiceExceptionUnhandled" namespace="urn:Medfusion" use="encoded"/>
      </wsdl:fault>
      <wsdl:fault name="WebServiceException">
        <wsdlsoap:fault encodingStyle="http://schemas.xmlsoap.org/soap/encoding/" name="WebServiceException" namespace="urn:Medfusion" use="encoded"/>
      </wsdl:fault>
      <wsdl:fault name="WebServiceExceptionPermission">
        <wsdlsoap:fault encodingStyle="http://schemas.xmlsoap.org/soap/encoding/" name="WebServiceExceptionPermission" namespace="urn:Medfusion" use="encoded"/>
      </wsdl:fault>
    </wsdl:operation>
    <wsdl:operation name="deleteSigCode">
      <wsdlsoap:operation soapAction=""/>
      <wsdl:input name="deleteSigCodeRequest">
        <wsdlsoap:body encodingStyle="http://schemas.xmlsoap.org/soap/encoding/" namespace="urn:Medfusion" use="encoded"/>
      </wsdl:input>
      <wsdl:output name="deleteSigCodeResponse">
        <wsdlsoap:body encodingStyle="http://schemas.xmlsoap.org/soap/encoding/" namespace="urn:Medfusion" use="encoded"/>
      </wsdl:output>
      <wsdl:fault name="WebServiceExceptionInvalidParameter">
        <wsdlsoap:fault encodingStyle="http://schemas.xmlsoap.org/soap/encoding/" name="WebServiceExceptionInvalidParameter" namespace="urn:Medfusion" use="encoded"/>
      </wsdl:fault>
      <wsdl:fault name="WebServiceExceptionUnhandled">
        <wsdlsoap:fault encodingStyle="http://schemas.xmlsoap.org/soap/encoding/" name="WebServiceExceptionUnhandled" namespace="urn:Medfusion" use="encoded"/>
      </wsdl:fault>
      <wsdl:fault name="WebServiceException">
        <wsdlsoap:fault encodingStyle="http://schemas.xmlsoap.org/soap/encoding/" name="WebServiceException" namespace="urn:Medfusion" use="encoded"/>
      </wsdl:fault>
      <wsdl:fault name="WebServiceExceptionPermission">
        <wsdlsoap:fault encodingStyle="http://schemas.xmlsoap.org/soap/encoding/" name="WebServiceExceptionPermission" namespace="urn:Medfusion" use="encoded"/>
      </wsdl:fault>
    </wsdl:operation>
    <wsdl:operation name="getMemberLockedsByCriteria">
      <wsdlsoap:operation soapAction=""/>
      <wsdl:input name="getMemberLockedsByCriteriaRequest">
        <wsdlsoap:body encodingStyle="http://schemas.xmlsoap.org/soap/encoding/" namespace="urn:Medfusion" use="encoded"/>
      </wsdl:input>
      <wsdl:output name="getMemberLockedsByCriteriaResponse">
        <wsdlsoap:body encodingStyle="http://schemas.xmlsoap.org/soap/encoding/" namespace="urn:Medfusion" use="encoded"/>
      </wsdl:output>
      <wsdl:fault name="WebServiceExceptionInvalidParameter">
        <wsdlsoap:fault encodingStyle="http://schemas.xmlsoap.org/soap/encoding/" name="WebServiceExceptionInvalidParameter" namespace="urn:Medfusion" use="encoded"/>
      </wsdl:fault>
      <wsdl:fault name="WebServiceExceptionUnhandled">
        <wsdlsoap:fault encodingStyle="http://schemas.xmlsoap.org/soap/encoding/" name="WebServiceExceptionUnhandled" namespace="urn:Medfusion" use="encoded"/>
      </wsdl:fault>
      <wsdl:fault name="WebServiceException">
        <wsdlsoap:fault encodingStyle="http://schemas.xmlsoap.org/soap/encoding/" name="WebServiceException" namespace="urn:Medfusion" use="encoded"/>
      </wsdl:fault>
    </wsdl:operation>
    <wsdl:operation name="createMemberLocked">
      <wsdlsoap:operation soapAction=""/>
      <wsdl:input name="createMemberLockedRequest">
        <wsdlsoap:body encodingStyle="http://schemas.xmlsoap.org/soap/encoding/" namespace="urn:Medfusion" use="encoded"/>
      </wsdl:input>
      <wsdl:output name="createMemberLockedResponse">
        <wsdlsoap:body encodingStyle="http://schemas.xmlsoap.org/soap/encoding/" namespace="urn:Medfusion" use="encoded"/>
      </wsdl:output>
      <wsdl:fault name="WebServiceExceptionInvalidParameter">
        <wsdlsoap:fault encodingStyle="http://schemas.xmlsoap.org/soap/encoding/" name="WebServiceExceptionInvalidParameter" namespace="urn:Medfusion" use="encoded"/>
      </wsdl:fault>
      <wsdl:fault name="WebServiceExceptionUnhandled">
        <wsdlsoap:fault encodingStyle="http://schemas.xmlsoap.org/soap/encoding/" name="WebServiceExceptionUnhandled" namespace="urn:Medfusion" use="encoded"/>
      </wsdl:fault>
      <wsdl:fault name="WebServiceException">
        <wsdlsoap:fault encodingStyle="http://schemas.xmlsoap.org/soap/encoding/" name="WebServiceException" namespace="urn:Medfusion" use="encoded"/>
      </wsdl:fault>
    </wsdl:operation>
    <wsdl:operation name="createOrUpdateMultipleMemberLocked">
      <wsdlsoap:operation soapAction=""/>
      <wsdl:input name="createOrUpdateMultipleMemberLockedRequest">
        <wsdlsoap:body encodingStyle="http://schemas.xmlsoap.org/soap/encoding/" namespace="urn:Medfusion" use="encoded"/>
      </wsdl:input>
      <wsdl:output name="createOrUpdateMultipleMemberLockedResponse">
        <wsdlsoap:body encodingStyle="http://schemas.xmlsoap.org/soap/encoding/" namespace="urn:Medfusion" use="encoded"/>
      </wsdl:output>
      <wsdl:fault name="WebServiceExceptionInvalidParameter">
        <wsdlsoap:fault encodingStyle="http://schemas.xmlsoap.org/soap/encoding/" name="WebServiceExceptionInvalidParameter" namespace="urn:Medfusion" use="encoded"/>
      </wsdl:fault>
      <wsdl:fault name="WebServiceExceptionUnhandled">
        <wsdlsoap:fault encodingStyle="http://schemas.xmlsoap.org/soap/encoding/" name="WebServiceExceptionUnhandled" namespace="urn:Medfusion" use="encoded"/>
      </wsdl:fault>
      <wsdl:fault name="WebServiceException">
        <wsdlsoap:fault encodingStyle="http://schemas.xmlsoap.org/soap/encoding/" name="WebServiceException" namespace="urn:Medfusion" use="encoded"/>
      </wsdl:fault>
    </wsdl:operation>
    <wsdl:operation name="createOrUpdateMultipleMUMemberLocked">
      <wsdlsoap:operation soapAction=""/>
      <wsdl:input name="createOrUpdateMultipleMUMemberLockedRequest">
        <wsdlsoap:body encodingStyle="http://schemas.xmlsoap.org/soap/encoding/" namespace="urn:Medfusion" use="encoded"/>
      </wsdl:input>
      <wsdl:output name="createOrUpdateMultipleMUMemberLockedResponse">
        <wsdlsoap:body encodingStyle="http://schemas.xmlsoap.org/soap/encoding/" namespace="urn:Medfusion" use="encoded"/>
      </wsdl:output>
      <wsdl:fault name="WebServiceExceptionInvalidParameter">
        <wsdlsoap:fault encodingStyle="http://schemas.xmlsoap.org/soap/encoding/" name="WebServiceExceptionInvalidParameter" namespace="urn:Medfusion" use="encoded"/>
      </wsdl:fault>
      <wsdl:fault name="WebServiceExceptionUnhandled">
        <wsdlsoap:fault encodingStyle="http://schemas.xmlsoap.org/soap/encoding/" name="WebServiceExceptionUnhandled" namespace="urn:Medfusion" use="encoded"/>
      </wsdl:fault>
      <wsdl:fault name="WebServiceException">
        <wsdlsoap:fault encodingStyle="http://schemas.xmlsoap.org/soap/encoding/" name="WebServiceException" namespace="urn:Medfusion" use="encoded"/>
      </wsdl:fault>
    </wsdl:operation>
    <wsdl:operation name="sendMultipleMemberUnlockEmail">
      <wsdlsoap:operation soapAction=""/>
      <wsdl:input name="sendMultipleMemberUnlockEmailRequest">
        <wsdlsoap:body encodingStyle="http://schemas.xmlsoap.org/soap/encoding/" namespace="urn:Medfusion" use="encoded"/>
      </wsdl:input>
      <wsdl:output name="sendMultipleMemberUnlockEmailResponse">
        <wsdlsoap:body encodingStyle="http://schemas.xmlsoap.org/soap/encoding/" namespace="urn:Medfusion" use="encoded"/>
      </wsdl:output>
      <wsdl:fault name="WebServiceExceptionInvalidParameter">
        <wsdlsoap:fault encodingStyle="http://schemas.xmlsoap.org/soap/encoding/" name="WebServiceExceptionInvalidParameter" namespace="urn:Medfusion" use="encoded"/>
      </wsdl:fault>
      <wsdl:fault name="WebServiceExceptionUnhandled">
        <wsdlsoap:fault encodingStyle="http://schemas.xmlsoap.org/soap/encoding/" name="WebServiceExceptionUnhandled" namespace="urn:Medfusion" use="encoded"/>
      </wsdl:fault>
      <wsdl:fault name="WebServiceException">
        <wsdlsoap:fault encodingStyle="http://schemas.xmlsoap.org/soap/encoding/" name="WebServiceException" namespace="urn:Medfusion" use="encoded"/>
      </wsdl:fault>
    </wsdl:operation>
    <wsdl:operation name="updateMemberLocked">
      <wsdlsoap:operation soapAction=""/>
      <wsdl:input name="updateMemberLockedRequest">
        <wsdlsoap:body encodingStyle="http://schemas.xmlsoap.org/soap/encoding/" namespace="urn:Medfusion" use="encoded"/>
      </wsdl:input>
      <wsdl:output name="updateMemberLockedResponse">
        <wsdlsoap:body encodingStyle="http://schemas.xmlsoap.org/soap/encoding/" namespace="urn:Medfusion" use="encoded"/>
      </wsdl:output>
      <wsdl:fault name="WebServiceExceptionInvalidParameter">
        <wsdlsoap:fault encodingStyle="http://schemas.xmlsoap.org/soap/encoding/" name="WebServiceExceptionInvalidParameter" namespace="urn:Medfusion" use="encoded"/>
      </wsdl:fault>
      <wsdl:fault name="WebServiceExceptionUnhandled">
        <wsdlsoap:fault encodingStyle="http://schemas.xmlsoap.org/soap/encoding/" name="WebServiceExceptionUnhandled" namespace="urn:Medfusion" use="encoded"/>
      </wsdl:fault>
      <wsdl:fault name="WebServiceException">
        <wsdlsoap:fault encodingStyle="http://schemas.xmlsoap.org/soap/encoding/" name="WebServiceException" namespace="urn:Medfusion" use="encoded"/>
      </wsdl:fault>
    </wsdl:operation>
    <wsdl:operation name="unlockMember">
      <wsdlsoap:operation soapAction=""/>
      <wsdl:input name="unlockMemberRequest">
        <wsdlsoap:body encodingStyle="http://schemas.xmlsoap.org/soap/encoding/" namespace="urn:Medfusion" use="encoded"/>
      </wsdl:input>
      <wsdl:output name="unlockMemberResponse">
        <wsdlsoap:body encodingStyle="http://schemas.xmlsoap.org/soap/encoding/" namespace="urn:Medfusion" use="encoded"/>
      </wsdl:output>
      <wsdl:fault name="WebServiceExceptionInvalidParameter">
        <wsdlsoap:fault encodingStyle="http://schemas.xmlsoap.org/soap/encoding/" name="WebServiceExceptionInvalidParameter" namespace="urn:Medfusion" use="encoded"/>
      </wsdl:fault>
      <wsdl:fault name="WebServiceExceptionUnhandled">
        <wsdlsoap:fault encodingStyle="http://schemas.xmlsoap.org/soap/encoding/" name="WebServiceExceptionUnhandled" namespace="urn:Medfusion" use="encoded"/>
      </wsdl:fault>
      <wsdl:fault name="WebServiceException">
        <wsdlsoap:fault encodingStyle="http://schemas.xmlsoap.org/soap/encoding/" name="WebServiceException" namespace="urn:Medfusion" use="encoded"/>
      </wsdl:fault>
    </wsdl:operation>
    <wsdl:operation name="unlockMemberLocked">
      <wsdlsoap:operation soapAction=""/>
      <wsdl:input name="unlockMemberLockedRequest">
        <wsdlsoap:body encodingStyle="http://schemas.xmlsoap.org/soap/encoding/" namespace="urn:Medfusion" use="encoded"/>
      </wsdl:input>
      <wsdl:output name="unlockMemberLockedResponse">
        <wsdlsoap:body encodingStyle="http://schemas.xmlsoap.org/soap/encoding/" namespace="urn:Medfusion" use="encoded"/>
      </wsdl:output>
      <wsdl:fault name="WebServiceExceptionInvalidParameter">
        <wsdlsoap:fault encodingStyle="http://schemas.xmlsoap.org/soap/encoding/" name="WebServiceExceptionInvalidParameter" namespace="urn:Medfusion" use="encoded"/>
      </wsdl:fault>
      <wsdl:fault name="WebServiceExceptionUnhandled">
        <wsdlsoap:fault encodingStyle="http://schemas.xmlsoap.org/soap/encoding/" name="WebServiceExceptionUnhandled" namespace="urn:Medfusion" use="encoded"/>
      </wsdl:fault>
      <wsdl:fault name="WebServiceException">
        <wsdlsoap:fault encodingStyle="http://schemas.xmlsoap.org/soap/encoding/" name="WebServiceException" namespace="urn:Medfusion" use="encoded"/>
      </wsdl:fault>
    </wsdl:operation>
    <wsdl:operation name="sendMemberUnlockEmail">
      <wsdlsoap:operation soapAction=""/>
      <wsdl:input name="sendMemberUnlockEmailRequest">
        <wsdlsoap:body encodingStyle="http://schemas.xmlsoap.org/soap/encoding/" namespace="urn:Medfusion" use="encoded"/>
      </wsdl:input>
      <wsdl:output name="sendMemberUnlockEmailResponse">
        <wsdlsoap:body encodingStyle="http://schemas.xmlsoap.org/soap/encoding/" namespace="urn:Medfusion" use="encoded"/>
      </wsdl:output>
      <wsdl:fault name="WebServiceExceptionInvalidParameter">
        <wsdlsoap:fault encodingStyle="http://schemas.xmlsoap.org/soap/encoding/" name="WebServiceExceptionInvalidParameter" namespace="urn:Medfusion" use="encoded"/>
      </wsdl:fault>
      <wsdl:fault name="WebServiceExceptionUnhandled">
        <wsdlsoap:fault encodingStyle="http://schemas.xmlsoap.org/soap/encoding/" name="WebServiceExceptionUnhandled" namespace="urn:Medfusion" use="encoded"/>
      </wsdl:fault>
      <wsdl:fault name="WebServiceException">
        <wsdlsoap:fault encodingStyle="http://schemas.xmlsoap.org/soap/encoding/" name="WebServiceException" namespace="urn:Medfusion" use="encoded"/>
      </wsdl:fault>
    </wsdl:operation>
    <wsdl:operation name="deleteMember">
      <wsdlsoap:operation soapAction=""/>
      <wsdl:input name="deleteMemberRequest">
        <wsdlsoap:body encodingStyle="http://schemas.xmlsoap.org/soap/encoding/" namespace="urn:Medfusion" use="encoded"/>
      </wsdl:input>
      <wsdl:output name="deleteMemberResponse">
        <wsdlsoap:body encodingStyle="http://schemas.xmlsoap.org/soap/encoding/" namespace="urn:Medfusion" use="encoded"/>
      </wsdl:output>
      <wsdl:fault name="WebServiceExceptionInvalidParameter">
        <wsdlsoap:fault encodingStyle="http://schemas.xmlsoap.org/soap/encoding/" name="WebServiceExceptionInvalidParameter" namespace="urn:Medfusion" use="encoded"/>
      </wsdl:fault>
      <wsdl:fault name="WebServiceExceptionUnhandled">
        <wsdlsoap:fault encodingStyle="http://schemas.xmlsoap.org/soap/encoding/" name="WebServiceExceptionUnhandled" namespace="urn:Medfusion" use="encoded"/>
      </wsdl:fault>
      <wsdl:fault name="WebServiceException">
        <wsdlsoap:fault encodingStyle="http://schemas.xmlsoap.org/soap/encoding/" name="WebServiceException" namespace="urn:Medfusion" use="encoded"/>
      </wsdl:fault>
    </wsdl:operation>
    <wsdl:operation name="deactivateMember">
      <wsdlsoap:operation soapAction=""/>
      <wsdl:input name="deactivateMemberRequest">
        <wsdlsoap:body encodingStyle="http://schemas.xmlsoap.org/soap/encoding/" namespace="urn:Medfusion" use="encoded"/>
      </wsdl:input>
      <wsdl:output name="deactivateMemberResponse">
        <wsdlsoap:body encodingStyle="http://schemas.xmlsoap.org/soap/encoding/" namespace="urn:Medfusion" use="encoded"/>
      </wsdl:output>
      <wsdl:fault name="WebServiceExceptionInvalidParameter">
        <wsdlsoap:fault encodingStyle="http://schemas.xmlsoap.org/soap/encoding/" name="WebServiceExceptionInvalidParameter" namespace="urn:Medfusion" use="encoded"/>
      </wsdl:fault>
      <wsdl:fault name="WebServiceExceptionUnhandled">
        <wsdlsoap:fault encodingStyle="http://schemas.xmlsoap.org/soap/encoding/" name="WebServiceExceptionUnhandled" namespace="urn:Medfusion" use="encoded"/>
      </wsdl:fault>
      <wsdl:fault name="WebServiceException">
        <wsdlsoap:fault encodingStyle="http://schemas.xmlsoap.org/soap/encoding/" name="WebServiceException" namespace="urn:Medfusion" use="encoded"/>
      </wsdl:fault>
    </wsdl:operation>
    <wsdl:operation name="activateMember">
      <wsdlsoap:operation soapAction=""/>
      <wsdl:input name="activateMemberRequest">
        <wsdlsoap:body encodingStyle="http://schemas.xmlsoap.org/soap/encoding/" namespace="urn:Medfusion" use="encoded"/>
      </wsdl:input>
      <wsdl:output name="activateMemberResponse">
        <wsdlsoap:body encodingStyle="http://schemas.xmlsoap.org/soap/encoding/" namespace="urn:Medfusion" use="encoded"/>
      </wsdl:output>
      <wsdl:fault name="WebServiceExceptionInvalidParameter">
        <wsdlsoap:fault encodingStyle="http://schemas.xmlsoap.org/soap/encoding/" name="WebServiceExceptionInvalidParameter" namespace="urn:Medfusion" use="encoded"/>
      </wsdl:fault>
      <wsdl:fault name="WebServiceExceptionUnhandled">
        <wsdlsoap:fault encodingStyle="http://schemas.xmlsoap.org/soap/encoding/" name="WebServiceExceptionUnhandled" namespace="urn:Medfusion" use="encoded"/>
      </wsdl:fault>
      <wsdl:fault name="WebServiceException">
        <wsdlsoap:fault encodingStyle="http://schemas.xmlsoap.org/soap/encoding/" name="WebServiceException" namespace="urn:Medfusion" use="encoded"/>
      </wsdl:fault>
    </wsdl:operation>
    <wsdl:operation name="getStatementsByCriteria">
      <wsdlsoap:operation soapAction=""/>
      <wsdl:input name="getStatementsByCriteriaRequest">
        <wsdlsoap:body encodingStyle="http://schemas.xmlsoap.org/soap/encoding/" namespace="urn:Medfusion" use="encoded"/>
      </wsdl:input>
      <wsdl:output name="getStatementsByCriteriaResponse">
        <wsdlsoap:body encodingStyle="http://schemas.xmlsoap.org/soap/encoding/" namespace="urn:Medfusion" use="encoded"/>
      </wsdl:output>
      <wsdl:fault name="WebServiceExceptionInvalidParameter">
        <wsdlsoap:fault encodingStyle="http://schemas.xmlsoap.org/soap/encoding/" name="WebServiceExceptionInvalidParameter" namespace="urn:Medfusion" use="encoded"/>
      </wsdl:fault>
      <wsdl:fault name="WebServiceExceptionUnhandled">
        <wsdlsoap:fault encodingStyle="http://schemas.xmlsoap.org/soap/encoding/" name="WebServiceExceptionUnhandled" namespace="urn:Medfusion" use="encoded"/>
      </wsdl:fault>
      <wsdl:fault name="WebServiceException">
        <wsdlsoap:fault encodingStyle="http://schemas.xmlsoap.org/soap/encoding/" name="WebServiceException" namespace="urn:Medfusion" use="encoded"/>
      </wsdl:fault>
    </wsdl:operation>
    <wsdl:operation name="createStatement">
      <wsdlsoap:operation soapAction=""/>
      <wsdl:input name="createStatementRequest">
        <wsdlsoap:body encodingStyle="http://schemas.xmlsoap.org/soap/encoding/" namespace="urn:Medfusion" use="encoded"/>
      </wsdl:input>
      <wsdl:output name="createStatementResponse">
        <wsdlsoap:body encodingStyle="http://schemas.xmlsoap.org/soap/encoding/" namespace="urn:Medfusion" use="encoded"/>
      </wsdl:output>
      <wsdl:fault name="WebServiceExceptionInvalidParameter">
        <wsdlsoap:fault encodingStyle="http://schemas.xmlsoap.org/soap/encoding/" name="WebServiceExceptionInvalidParameter" namespace="urn:Medfusion" use="encoded"/>
      </wsdl:fault>
      <wsdl:fault name="WebServiceExceptionUnhandled">
        <wsdlsoap:fault encodingStyle="http://schemas.xmlsoap.org/soap/encoding/" name="WebServiceExceptionUnhandled" namespace="urn:Medfusion" use="encoded"/>
      </wsdl:fault>
      <wsdl:fault name="WebServiceException">
        <wsdlsoap:fault encodingStyle="http://schemas.xmlsoap.org/soap/encoding/" name="WebServiceException" namespace="urn:Medfusion" use="encoded"/>
      </wsdl:fault>
    </wsdl:operation>
    <wsdl:operation name="createStatement">
      <wsdlsoap:operation soapAction=""/>
      <wsdl:input name="createStatementRequest1">
        <wsdlsoap:body encodingStyle="http://schemas.xmlsoap.org/soap/encoding/" namespace="urn:Medfusion" use="encoded"/>
      </wsdl:input>
      <wsdl:output name="createStatementResponse1">
        <wsdlsoap:body encodingStyle="http://schemas.xmlsoap.org/soap/encoding/" namespace="urn:Medfusion" use="encoded"/>
      </wsdl:output>
      <wsdl:fault name="WebServiceExceptionInvalidParameter">
        <wsdlsoap:fault encodingStyle="http://schemas.xmlsoap.org/soap/encoding/" name="WebServiceExceptionInvalidParameter" namespace="urn:Medfusion" use="encoded"/>
      </wsdl:fault>
      <wsdl:fault name="WebServiceExceptionUnhandled">
        <wsdlsoap:fault encodingStyle="http://schemas.xmlsoap.org/soap/encoding/" name="WebServiceExceptionUnhandled" namespace="urn:Medfusion" use="encoded"/>
      </wsdl:fault>
      <wsdl:fault name="WebServiceException">
        <wsdlsoap:fault encodingStyle="http://schemas.xmlsoap.org/soap/encoding/" name="WebServiceException" namespace="urn:Medfusion" use="encoded"/>
      </wsdl:fault>
    </wsdl:operation>
    <wsdl:operation name="setStatementDeliveryPreference">
      <wsdlsoap:operation soapAction=""/>
      <wsdl:input name="setStatementDeliveryPreferenceRequest">
        <wsdlsoap:body encodingStyle="http://schemas.xmlsoap.org/soap/encoding/" namespace="urn:Medfusion" use="encoded"/>
      </wsdl:input>
      <wsdl:output name="setStatementDeliveryPreferenceResponse">
        <wsdlsoap:body encodingStyle="http://schemas.xmlsoap.org/soap/encoding/" namespace="urn:Medfusion" use="encoded"/>
      </wsdl:output>
      <wsdl:fault name="WebServiceExceptionInvalidParameter">
        <wsdlsoap:fault encodingStyle="http://schemas.xmlsoap.org/soap/encoding/" name="WebServiceExceptionInvalidParameter" namespace="urn:Medfusion" use="encoded"/>
      </wsdl:fault>
      <wsdl:fault name="WebServiceExceptionUnhandled">
        <wsdlsoap:fault encodingStyle="http://schemas.xmlsoap.org/soap/encoding/" name="WebServiceExceptionUnhandled" namespace="urn:Medfusion" use="encoded"/>
      </wsdl:fault>
      <wsdl:fault name="WebServiceException">
        <wsdlsoap:fault encodingStyle="http://schemas.xmlsoap.org/soap/encoding/" name="WebServiceException" namespace="urn:Medfusion" use="encoded"/>
      </wsdl:fault>
    </wsdl:operation>
    <wsdl:operation name="setStatementOutOfDate">
      <wsdlsoap:operation soapAction=""/>
      <wsdl:input name="setStatementOutOfDateRequest">
        <wsdlsoap:body encodingStyle="http://schemas.xmlsoap.org/soap/encoding/" namespace="urn:Medfusion" use="encoded"/>
      </wsdl:input>
      <wsdl:output name="setStatementOutOfDateResponse">
        <wsdlsoap:body encodingStyle="http://schemas.xmlsoap.org/soap/encoding/" namespace="urn:Medfusion" use="encoded"/>
      </wsdl:output>
      <wsdl:fault name="WebServiceExceptionInvalidParameter">
        <wsdlsoap:fault encodingStyle="http://schemas.xmlsoap.org/soap/encoding/" name="WebServiceExceptionInvalidParameter" namespace="urn:Medfusion" use="encoded"/>
      </wsdl:fault>
      <wsdl:fault name="WebServiceExceptionUnhandled">
        <wsdlsoap:fault encodingStyle="http://schemas.xmlsoap.org/soap/encoding/" name="WebServiceExceptionUnhandled" namespace="urn:Medfusion" use="encoded"/>
      </wsdl:fault>
      <wsdl:fault name="WebServiceException">
        <wsdlsoap:fault encodingStyle="http://schemas.xmlsoap.org/soap/encoding/" name="WebServiceException" namespace="urn:Medfusion" use="encoded"/>
      </wsdl:fault>
    </wsdl:operation>
    <wsdl:operation name="getExternalSystemsForPractice">
      <wsdlsoap:operation soapAction=""/>
      <wsdl:input name="getExternalSystemsForPracticeRequest">
        <wsdlsoap:body encodingStyle="http://schemas.xmlsoap.org/soap/encoding/" namespace="urn:Medfusion" use="encoded"/>
      </wsdl:input>
      <wsdl:output name="getExternalSystemsForPracticeResponse">
        <wsdlsoap:body encodingStyle="http://schemas.xmlsoap.org/soap/encoding/" namespace="urn:Medfusion" use="encoded"/>
      </wsdl:output>
      <wsdl:fault name="WebServiceExceptionInvalidParameter">
        <wsdlsoap:fault encodingStyle="http://schemas.xmlsoap.org/soap/encoding/" name="WebServiceExceptionInvalidParameter" namespace="urn:Medfusion" use="encoded"/>
      </wsdl:fault>
      <wsdl:fault name="WebServiceExceptionUnhandled">
        <wsdlsoap:fault encodingStyle="http://schemas.xmlsoap.org/soap/encoding/" name="WebServiceExceptionUnhandled" namespace="urn:Medfusion" use="encoded"/>
      </wsdl:fault>
      <wsdl:fault name="WebServiceException">
        <wsdlsoap:fault encodingStyle="http://schemas.xmlsoap.org/soap/encoding/" name="WebServiceException" namespace="urn:Medfusion" use="encoded"/>
      </wsdl:fault>
    </wsdl:operation>
    <wsdl:operation name="getStaffByExternalIds">
      <wsdlsoap:operation soapAction=""/>
      <wsdl:input name="getStaffByExternalIdsRequest">
        <wsdlsoap:body encodingStyle="http://schemas.xmlsoap.org/soap/encoding/" namespace="urn:Medfusion" use="encoded"/>
      </wsdl:input>
      <wsdl:output name="getStaffByExternalIdsResponse">
        <wsdlsoap:body encodingStyle="http://schemas.xmlsoap.org/soap/encoding/" namespace="urn:Medfusion" use="encoded"/>
      </wsdl:output>
      <wsdl:fault name="WebServiceExceptionInvalidParameter">
        <wsdlsoap:fault encodingStyle="http://schemas.xmlsoap.org/soap/encoding/" name="WebServiceExceptionInvalidParameter" namespace="urn:Medfusion" use="encoded"/>
      </wsdl:fault>
      <wsdl:fault name="WebServiceExceptionUnhandled">
        <wsdlsoap:fault encodingStyle="http://schemas.xmlsoap.org/soap/encoding/" name="WebServiceExceptionUnhandled" namespace="urn:Medfusion" use="encoded"/>
      </wsdl:fault>
      <wsdl:fault name="WebServiceException">
        <wsdlsoap:fault encodingStyle="http://schemas.xmlsoap.org/soap/encoding/" name="WebServiceException" namespace="urn:Medfusion" use="encoded"/>
      </wsdl:fault>
    </wsdl:operation>
    <wsdl:operation name="setExternalIdForStaff">
      <wsdlsoap:operation soapAction=""/>
      <wsdl:input name="setExternalIdForStaffRequest">
        <wsdlsoap:body encodingStyle="http://schemas.xmlsoap.org/soap/encoding/" namespace="urn:Medfusion" use="encoded"/>
      </wsdl:input>
      <wsdl:output name="setExternalIdForStaffResponse">
        <wsdlsoap:body encodingStyle="http://schemas.xmlsoap.org/soap/encoding/" namespace="urn:Medfusion" use="encoded"/>
      </wsdl:output>
      <wsdl:fault name="WebServiceExceptionInvalidParameter">
        <wsdlsoap:fault encodingStyle="http://schemas.xmlsoap.org/soap/encoding/" name="WebServiceExceptionInvalidParameter" namespace="urn:Medfusion" use="encoded"/>
      </wsdl:fault>
      <wsdl:fault name="WebServiceExceptionUnhandled">
        <wsdlsoap:fault encodingStyle="http://schemas.xmlsoap.org/soap/encoding/" name="WebServiceExceptionUnhandled" namespace="urn:Medfusion" use="encoded"/>
      </wsdl:fault>
      <wsdl:fault name="WebServiceException">
        <wsdlsoap:fault encodingStyle="http://schemas.xmlsoap.org/soap/encoding/" name="WebServiceException" namespace="urn:Medfusion" use="encoded"/>
      </wsdl:fault>
    </wsdl:operation>
    <wsdl:operation name="getMemberMapsByExternalIds">
      <wsdlsoap:operation soapAction=""/>
      <wsdl:input name="getMemberMapsByExternalIdsRequest">
        <wsdlsoap:body encodingStyle="http://schemas.xmlsoap.org/soap/encoding/" namespace="urn:Medfusion" use="encoded"/>
      </wsdl:input>
      <wsdl:output name="getMemberMapsByExternalIdsResponse">
        <wsdlsoap:body encodingStyle="http://schemas.xmlsoap.org/soap/encoding/" namespace="urn:Medfusion" use="encoded"/>
      </wsdl:output>
      <wsdl:fault name="WebServiceExceptionInvalidParameter">
        <wsdlsoap:fault encodingStyle="http://schemas.xmlsoap.org/soap/encoding/" name="WebServiceExceptionInvalidParameter" namespace="urn:Medfusion" use="encoded"/>
      </wsdl:fault>
      <wsdl:fault name="WebServiceExceptionUnhandled">
        <wsdlsoap:fault encodingStyle="http://schemas.xmlsoap.org/soap/encoding/" name="WebServiceExceptionUnhandled" namespace="urn:Medfusion" use="encoded"/>
      </wsdl:fault>
      <wsdl:fault name="WebServiceException">
        <wsdlsoap:fault encodingStyle="http://schemas.xmlsoap.org/soap/encoding/" name="WebServiceException" namespace="urn:Medfusion" use="encoded"/>
      </wsdl:fault>
    </wsdl:operation>
    <wsdl:operation name="setExternalIdForMember">
      <wsdlsoap:operation soapAction=""/>
      <wsdl:input name="setExternalIdForMemberRequest">
        <wsdlsoap:body encodingStyle="http://schemas.xmlsoap.org/soap/encoding/" namespace="urn:Medfusion" use="encoded"/>
      </wsdl:input>
      <wsdl:output name="setExternalIdForMemberResponse">
        <wsdlsoap:body encodingStyle="http://schemas.xmlsoap.org/soap/encoding/" namespace="urn:Medfusion" use="encoded"/>
      </wsdl:output>
      <wsdl:fault name="WebServiceExceptionInvalidParameter">
        <wsdlsoap:fault encodingStyle="http://schemas.xmlsoap.org/soap/encoding/" name="WebServiceExceptionInvalidParameter" namespace="urn:Medfusion" use="encoded"/>
      </wsdl:fault>
      <wsdl:fault name="WebServiceExceptionUnhandled">
        <wsdlsoap:fault encodingStyle="http://schemas.xmlsoap.org/soap/encoding/" name="WebServiceExceptionUnhandled" namespace="urn:Medfusion" use="encoded"/>
      </wsdl:fault>
      <wsdl:fault name="WebServiceException">
        <wsdlsoap:fault encodingStyle="http://schemas.xmlsoap.org/soap/encoding/" name="WebServiceException" namespace="urn:Medfusion" use="encoded"/>
      </wsdl:fault>
    </wsdl:operation>
    <wsdl:operation name="getExternalIdForPractice">
      <wsdlsoap:operation soapAction=""/>
      <wsdl:input name="getExternalIdForPracticeRequest">
        <wsdlsoap:body encodingStyle="http://schemas.xmlsoap.org/soap/encoding/" namespace="urn:Medfusion" use="encoded"/>
      </wsdl:input>
      <wsdl:output name="getExternalIdForPracticeResponse">
        <wsdlsoap:body encodingStyle="http://schemas.xmlsoap.org/soap/encoding/" namespace="urn:Medfusion" use="encoded"/>
      </wsdl:output>
      <wsdl:fault name="WebServiceExceptionInvalidParameter">
        <wsdlsoap:fault encodingStyle="http://schemas.xmlsoap.org/soap/encoding/" name="WebServiceExceptionInvalidParameter" namespace="urn:Medfusion" use="encoded"/>
      </wsdl:fault>
      <wsdl:fault name="WebServiceExceptionUnhandled">
        <wsdlsoap:fault encodingStyle="http://schemas.xmlsoap.org/soap/encoding/" name="WebServiceExceptionUnhandled" namespace="urn:Medfusion" use="encoded"/>
      </wsdl:fault>
      <wsdl:fault name="WebServiceException">
        <wsdlsoap:fault encodingStyle="http://schemas.xmlsoap.org/soap/encoding/" name="WebServiceException" namespace="urn:Medfusion" use="encoded"/>
      </wsdl:fault>
    </wsdl:operation>
    <wsdl:operation name="setExternalIdForPractice">
      <wsdlsoap:operation soapAction=""/>
      <wsdl:input name="setExternalIdForPracticeRequest">
        <wsdlsoap:body encodingStyle="http://schemas.xmlsoap.org/soap/encoding/" namespace="urn:Medfusion" use="encoded"/>
      </wsdl:input>
      <wsdl:output name="setExternalIdForPracticeResponse">
        <wsdlsoap:body encodingStyle="http://schemas.xmlsoap.org/soap/encoding/" namespace="urn:Medfusion" use="encoded"/>
      </wsdl:output>
      <wsdl:fault name="WebServiceExceptionInvalidParameter">
        <wsdlsoap:fault encodingStyle="http://schemas.xmlsoap.org/soap/encoding/" name="WebServiceExceptionInvalidParameter" namespace="urn:Medfusion" use="encoded"/>
      </wsdl:fault>
      <wsdl:fault name="WebServiceExceptionUnhandled">
        <wsdlsoap:fault encodingStyle="http://schemas.xmlsoap.org/soap/encoding/" name="WebServiceExceptionUnhandled" namespace="urn:Medfusion" use="encoded"/>
      </wsdl:fault>
      <wsdl:fault name="WebServiceException">
        <wsdlsoap:fault encodingStyle="http://schemas.xmlsoap.org/soap/encoding/" name="WebServiceException" namespace="urn:Medfusion" use="encoded"/>
      </wsdl:fault>
    </wsdl:operation>
    <wsdl:operation name="getLocationByExternalId">
      <wsdlsoap:operation soapAction=""/>
      <wsdl:input name="getLocationByExternalIdRequest">
        <wsdlsoap:body encodingStyle="http://schemas.xmlsoap.org/soap/encoding/" namespace="urn:Medfusion" use="encoded"/>
      </wsdl:input>
      <wsdl:output name="getLocationByExternalIdResponse">
        <wsdlsoap:body encodingStyle="http://schemas.xmlsoap.org/soap/encoding/" namespace="urn:Medfusion" use="encoded"/>
      </wsdl:output>
      <wsdl:fault name="WebServiceExceptionInvalidParameter">
        <wsdlsoap:fault encodingStyle="http://schemas.xmlsoap.org/soap/encoding/" name="WebServiceExceptionInvalidParameter" namespace="urn:Medfusion" use="encoded"/>
      </wsdl:fault>
      <wsdl:fault name="WebServiceExceptionUnhandled">
        <wsdlsoap:fault encodingStyle="http://schemas.xmlsoap.org/soap/encoding/" name="WebServiceExceptionUnhandled" namespace="urn:Medfusion" use="encoded"/>
      </wsdl:fault>
      <wsdl:fault name="WebServiceException">
        <wsdlsoap:fault encodingStyle="http://schemas.xmlsoap.org/soap/encoding/" name="WebServiceException" namespace="urn:Medfusion" use="encoded"/>
      </wsdl:fault>
    </wsdl:operation>
    <wsdl:operation name="setExternalIdForLocation">
      <wsdlsoap:operation soapAction=""/>
      <wsdl:input name="setExternalIdForLocationRequest">
        <wsdlsoap:body encodingStyle="http://schemas.xmlsoap.org/soap/encoding/" namespace="urn:Medfusion" use="encoded"/>
      </wsdl:input>
      <wsdl:output name="setExternalIdForLocationResponse">
        <wsdlsoap:body encodingStyle="http://schemas.xmlsoap.org/soap/encoding/" namespace="urn:Medfusion" use="encoded"/>
      </wsdl:output>
      <wsdl:fault name="WebServiceExceptionInvalidParameter">
        <wsdlsoap:fault encodingStyle="http://schemas.xmlsoap.org/soap/encoding/" name="WebServiceExceptionInvalidParameter" namespace="urn:Medfusion" use="encoded"/>
      </wsdl:fault>
      <wsdl:fault name="WebServiceExceptionUnhandled">
        <wsdlsoap:fault encodingStyle="http://schemas.xmlsoap.org/soap/encoding/" name="WebServiceExceptionUnhandled" namespace="urn:Medfusion" use="encoded"/>
      </wsdl:fault>
      <wsdl:fault name="WebServiceException">
        <wsdlsoap:fault encodingStyle="http://schemas.xmlsoap.org/soap/encoding/" name="WebServiceException" namespace="urn:Medfusion" use="encoded"/>
      </wsdl:fault>
    </wsdl:operation>
    <wsdl:operation name="addESToPractice">
      <wsdlsoap:operation soapAction=""/>
      <wsdl:input name="addESToPracticeRequest">
        <wsdlsoap:body encodingStyle="http://schemas.xmlsoap.org/soap/encoding/" namespace="urn:Medfusion" use="encoded"/>
      </wsdl:input>
      <wsdl:output name="addESToPracticeResponse">
        <wsdlsoap:body encodingStyle="http://schemas.xmlsoap.org/soap/encoding/" namespace="urn:Medfusion" use="encoded"/>
      </wsdl:output>
      <wsdl:fault name="WebServiceExceptionInvalidParameter">
        <wsdlsoap:fault encodingStyle="http://schemas.xmlsoap.org/soap/encoding/" name="WebServiceExceptionInvalidParameter" namespace="urn:Medfusion" use="encoded"/>
      </wsdl:fault>
      <wsdl:fault name="WebServiceExceptionUnhandled">
        <wsdlsoap:fault encodingStyle="http://schemas.xmlsoap.org/soap/encoding/" name="WebServiceExceptionUnhandled" namespace="urn:Medfusion" use="encoded"/>
      </wsdl:fault>
      <wsdl:fault name="WebServiceException">
        <wsdlsoap:fault encodingStyle="http://schemas.xmlsoap.org/soap/encoding/" name="WebServiceException" namespace="urn:Medfusion" use="encoded"/>
      </wsdl:fault>
    </wsdl:operation>
    <wsdl:operation name="getPharmacyByCriteria">
      <wsdlsoap:operation soapAction=""/>
      <wsdl:input name="getPharmacyByCriteriaRequest">
        <wsdlsoap:body encodingStyle="http://schemas.xmlsoap.org/soap/encoding/" namespace="urn:Medfusion" use="encoded"/>
      </wsdl:input>
      <wsdl:output name="getPharmacyByCriteriaResponse">
        <wsdlsoap:body encodingStyle="http://schemas.xmlsoap.org/soap/encoding/" namespace="urn:Medfusion" use="encoded"/>
      </wsdl:output>
      <wsdl:fault name="WebServiceExceptionInvalidParameter">
        <wsdlsoap:fault encodingStyle="http://schemas.xmlsoap.org/soap/encoding/" name="WebServiceExceptionInvalidParameter" namespace="urn:Medfusion" use="encoded"/>
      </wsdl:fault>
      <wsdl:fault name="WebServiceExceptionUnhandled">
        <wsdlsoap:fault encodingStyle="http://schemas.xmlsoap.org/soap/encoding/" name="WebServiceExceptionUnhandled" namespace="urn:Medfusion" use="encoded"/>
      </wsdl:fault>
      <wsdl:fault name="WebServiceException">
        <wsdlsoap:fault encodingStyle="http://schemas.xmlsoap.org/soap/encoding/" name="WebServiceException" namespace="urn:Medfusion" use="encoded"/>
      </wsdl:fault>
    </wsdl:operation>
    <wsdl:operation name="createOrUpdatePharmacies">
      <wsdlsoap:operation soapAction=""/>
      <wsdl:input name="createOrUpdatePharmaciesRequest">
        <wsdlsoap:body encodingStyle="http://schemas.xmlsoap.org/soap/encoding/" namespace="urn:Medfusion" use="encoded"/>
      </wsdl:input>
      <wsdl:output name="createOrUpdatePharmaciesResponse">
        <wsdlsoap:body encodingStyle="http://schemas.xmlsoap.org/soap/encoding/" namespace="urn:Medfusion" use="encoded"/>
      </wsdl:output>
      <wsdl:fault name="WebServiceExceptionInvalidParameter">
        <wsdlsoap:fault encodingStyle="http://schemas.xmlsoap.org/soap/encoding/" name="WebServiceExceptionInvalidParameter" namespace="urn:Medfusion" use="encoded"/>
      </wsdl:fault>
      <wsdl:fault name="WebServiceExceptionUnhandled">
        <wsdlsoap:fault encodingStyle="http://schemas.xmlsoap.org/soap/encoding/" name="WebServiceExceptionUnhandled" namespace="urn:Medfusion" use="encoded"/>
      </wsdl:fault>
      <wsdl:fault name="WebServiceException">
        <wsdlsoap:fault encodingStyle="http://schemas.xmlsoap.org/soap/encoding/" name="WebServiceException" namespace="urn:Medfusion" use="encoded"/>
      </wsdl:fault>
    </wsdl:operation>
    <wsdl:operation name="deletePharmacies">
      <wsdlsoap:operation soapAction=""/>
      <wsdl:input name="deletePharmaciesRequest">
        <wsdlsoap:body encodingStyle="http://schemas.xmlsoap.org/soap/encoding/" namespace="urn:Medfusion" use="encoded"/>
      </wsdl:input>
      <wsdl:output name="deletePharmaciesResponse">
        <wsdlsoap:body encodingStyle="http://schemas.xmlsoap.org/soap/encoding/" namespace="urn:Medfusion" use="encoded"/>
      </wsdl:output>
      <wsdl:fault name="WebServiceExceptionInvalidParameter">
        <wsdlsoap:fault encodingStyle="http://schemas.xmlsoap.org/soap/encoding/" name="WebServiceExceptionInvalidParameter" namespace="urn:Medfusion" use="encoded"/>
      </wsdl:fault>
      <wsdl:fault name="WebServiceExceptionUnhandled">
        <wsdlsoap:fault encodingStyle="http://schemas.xmlsoap.org/soap/encoding/" name="WebServiceExceptionUnhandled" namespace="urn:Medfusion" use="encoded"/>
      </wsdl:fault>
      <wsdl:fault name="WebServiceException">
        <wsdlsoap:fault encodingStyle="http://schemas.xmlsoap.org/soap/encoding/" name="WebServiceException" namespace="urn:Medfusion" use="encoded"/>
      </wsdl:fault>
    </wsdl:operation>
    <wsdl:operation name="testConnection">
      <wsdlsoap:operation soapAction=""/>
      <wsdl:input name="testConnectionRequest">
        <wsdlsoap:body encodingStyle="http://schemas.xmlsoap.org/soap/encoding/" namespace="urn:Medfusion" use="encoded"/>
      </wsdl:input>
      <wsdl:output name="testConnectionResponse">
        <wsdlsoap:body encodingStyle="http://schemas.xmlsoap.org/soap/encoding/" namespace="urn:Medfusion" use="encoded"/>
      </wsdl:output>
      <wsdl:fault name="WebServiceExceptionUnhandled">
        <wsdlsoap:fault encodingStyle="http://schemas.xmlsoap.org/soap/encoding/" name="WebServiceExceptionUnhandled" namespace="urn:Medfusion" use="encoded"/>
      </wsdl:fault>
      <wsdl:fault name="WebServiceException">
        <wsdlsoap:fault encodingStyle="http://schemas.xmlsoap.org/soap/encoding/" name="WebServiceException" namespace="urn:Medfusion" use="encoded"/>
      </wsdl:fault>
    </wsdl:operation>
    <wsdl:operation name="DONOTUSE">
      <wsdlsoap:operation soapAction=""/>
      <wsdl:input name="DONOTUSERequest">
        <wsdlsoap:body encodingStyle="http://schemas.xmlsoap.org/soap/encoding/" namespace="urn:Medfusion" use="encoded"/>
      </wsdl:input>
      <wsdl:output name="DONOTUSEResponse">
        <wsdlsoap:body encodingStyle="http://schemas.xmlsoap.org/soap/encoding/" namespace="urn:Medfusion" use="encoded"/>
      </wsdl:output>
    </wsdl:operation>
  </wsdl:binding>
  <wsdl:service name="MedfusionService">
    <wsdl:port binding="impl:medfusionSoapBinding" name="medfusion">
      <wsdlsoap:address location="http://dev3-portal-ejb-int01.mf.qhg.local:8080/webservices/services/medfusion"/>
    </wsdl:port>
  </wsdl:service>
</wsdl:definitions>]]></con:content><con:type>http://schemas.xmlsoap.org/wsdl/</con:type></con:part></con:definitionCache><con:endpoints><con:endpoint>http://dev3-portal-wicket01.mf.qhg.local:8080/webservices/services/medfusion?wsdl</con:endpoint></con:endpoints><con:operation isOneWay="false" action="" name="activateMember" bindingOperationName="activateMember" type="Request-Response" outputName="activateMemberResponse" inputName="activateMemberRequest" receivesAttachments="false" sendsAttachments="false" anonymous="optional" id="0833163f-599e-485f-a048-44bae2136589"><con:settings/><con:call name="Request 1" outgoingWss="" incomingWss="" id="e8a18915-c6a9-49e9-bd5e-36acb4a4a223"><con:settings/><con:encoding>UTF-8</con:encoding><con:endpoint>http://dev3-portal-wicket01.mf.qhg.local:8080/webservices/services/medfusion?wsdl</con:endpoint><con:request><![CDATA[<soapenv:Envelope xmlns:xsi="http://www.w3.org/2001/XMLSchema-instance" xmlns:xsd="http://www.w3.org/2001/XMLSchema" xmlns:soapenv="http://schemas.xmlsoap.org/soap/envelope/" xmlns:urn="urn:Medfusion">
   <soapenv:Header/>
   <soapenv:Body>
      <urn:activateMember soapenv:encodingStyle="http://schemas.xmlsoap.org/soap/encoding/">
         <in0 xsi:type="xsd:int">?</in0>
         <in1 xsi:type="xsd:int">?</in1>
      </urn:activateMember>
   </soapenv:Body>
</soapenv:Envelope>]]></con:request><con:credentials><con:username xsi:nil="true"/><con:password xsi:nil="true"/><con:domain xsi:nil="true"/></con:credentials><con:jmsConfig JMSDeliveryMode="PERSISTENT"/><con:wsaConfig mustUnderstand="NONE" version="200508" action="urn:Medfusion/Medfusion/activateMemberRequest"/></con:call></con:operation><con:operation isOneWay="false" action="" name="addESToPractice" bindingOperationName="addESToPractice" type="Request-Response" outputName="addESToPracticeResponse" inputName="addESToPracticeRequest" receivesAttachments="false" sendsAttachments="false" anonymous="optional" id="92b383cb-f585-4785-ad42-86f6fa13b6ea"><con:settings/><con:call name="Request 1" outgoingWss="" incomingWss="" id="a324dd25-bb8d-4ec6-a869-233cfbcb29b3"><con:settings/><con:encoding>UTF-8</con:encoding><con:endpoint>http://dev3-portal-wicket01.mf.qhg.local:8080/webservices/services/medfusion?wsdl</con:endpoint><con:request><![CDATA[<soapenv:Envelope xmlns:xsi="http://www.w3.org/2001/XMLSchema-instance" xmlns:xsd="http://www.w3.org/2001/XMLSchema" xmlns:soapenv="http://schemas.xmlsoap.org/soap/envelope/" xmlns:urn="urn:Medfusion">
   <soapenv:Header/>
   <soapenv:Body>
      <urn:addESToPractice soapenv:encodingStyle="http://schemas.xmlsoap.org/soap/encoding/">
         <in0 xsi:type="xsd:int">?</in0>
         <in1 xsi:type="xsd:int">?</in1>
         <in2 xsi:type="xsd:boolean">?</in2>
      </urn:addESToPractice>
   </soapenv:Body>
</soapenv:Envelope>]]></con:request><con:credentials><con:username xsi:nil="true"/><con:password xsi:nil="true"/><con:domain xsi:nil="true"/></con:credentials><con:jmsConfig JMSDeliveryMode="PERSISTENT"/><con:wsaConfig mustUnderstand="NONE" version="200508" action="urn:Medfusion/Medfusion/addESToPracticeRequest"/></con:call></con:operation><con:operation isOneWay="false" action="" name="addSigCode" bindingOperationName="addSigCode" type="Request-Response" outputName="addSigCodeResponse" inputName="addSigCodeRequest" receivesAttachments="false" sendsAttachments="false" anonymous="optional" id="dd8d77cc-91e5-42d4-a4ed-1c2abf4de261"><con:settings/><con:call name="Request 1" outgoingWss="" incomingWss="" id="a08f7e83-82a7-4698-890e-3569aed0f95f"><con:settings/><con:encoding>UTF-8</con:encoding><con:endpoint>http://dev3-portal-wicket01.mf.qhg.local:8080/webservices/services/medfusion?wsdl</con:endpoint><con:request><![CDATA[<soapenv:Envelope xmlns:xsi="http://www.w3.org/2001/XMLSchema-instance" xmlns:xsd="http://www.w3.org/2001/XMLSchema" xmlns:soapenv="http://schemas.xmlsoap.org/soap/envelope/" xmlns:urn="urn:Medfusion">
   <soapenv:Header/>
   <soapenv:Body>
      <urn:addSigCode soapenv:encodingStyle="http://schemas.xmlsoap.org/soap/encoding/">
         <in0 xsi:type="xsd:string">?</in0>
         <in1 xsi:type="xsd:string">?</in1>
         <in2 xsi:type="xsd:int">?</in2>
      </urn:addSigCode>
   </soapenv:Body>
</soapenv:Envelope>]]></con:request><con:credentials><con:username xsi:nil="true"/><con:password xsi:nil="true"/><con:domain xsi:nil="true"/></con:credentials><con:jmsConfig JMSDeliveryMode="PERSISTENT"/><con:wsaConfig mustUnderstand="NONE" version="200508" action="urn:Medfusion/Medfusion/addSigCodeRequest"/></con:call></con:operation><con:operation isOneWay="false" action="" name="communicateAndProcessRxRefillReq" bindingOperationName="communicateAndProcessRxRefillReq" type="Request-Response" outputName="communicateAndProcessRxRefillReqResponse" inputName="communicateAndProcessRxRefillReqRequest" receivesAttachments="false" sendsAttachments="false" anonymous="optional" id="cbf6ce31-9ebe-4d8a-a700-36d1ef098ee6"><con:settings/><con:call name="Request 1" outgoingWss="" incomingWss="" id="8f03ba07-19e6-4622-a82c-a9aa19739f6d"><con:settings/><con:encoding>UTF-8</con:encoding><con:endpoint>http://dev3-portal-wicket01.mf.qhg.local:8080/webservices/services/medfusion?wsdl</con:endpoint><con:request><![CDATA[<soapenv:Envelope xmlns:xsi="http://www.w3.org/2001/XMLSchema-instance" xmlns:xsd="http://www.w3.org/2001/XMLSchema" xmlns:soapenv="http://schemas.xmlsoap.org/soap/envelope/" xmlns:urn="urn:Medfusion" xmlns:soapenc="http://schemas.xmlsoap.org/soap/encoding/">
   <soapenv:Header/>
   <soapenv:Body>
      <urn:communicateAndProcessRxRefillReq soapenv:encodingStyle="http://schemas.xmlsoap.org/soap/encoding/">
         <in0 xsi:type="xsd:int">?</in0>
         <in1 xsi:type="xsd:int">?</in1>
         <in2 xsi:type="xsd:boolean">?</in2>
         <in3 xsi:type="xsd:string">?</in3>
         <in4 xsi:type="obj:Comm" xmlns:obj="http://objects.medfusion.webservices.integrations.medfusion.net">
            <fields xsi:type="obj:Fields">
               <fields xsi:type="urn:ArrayOf_tns2_Field" soapenc:arrayType="obj:Field[]"/>
            </fields>
         </in4>
      </urn:communicateAndProcessRxRefillReq>
   </soapenv:Body>
</soapenv:Envelope>]]></con:request><con:credentials><con:username xsi:nil="true"/><con:password xsi:nil="true"/><con:domain xsi:nil="true"/></con:credentials><con:jmsConfig JMSDeliveryMode="PERSISTENT"/><con:wsaConfig mustUnderstand="NONE" version="200508" action="urn:Medfusion/Medfusion/communicateAndProcessRxRefillReqRequest"/></con:call></con:operation><con:operation isOneWay="false" action="" name="communicateAndProcessVOV" bindingOperationName="communicateAndProcessVOV" type="Request-Response" outputName="communicateAndProcessVOVResponse" inputName="communicateAndProcessVOVRequest" receivesAttachments="false" sendsAttachments="false" anonymous="optional" id="fd99675e-0ef2-42c8-95c3-b1e952eb423a"><con:settings/><con:call name="Request 1" outgoingWss="" incomingWss="" id="22c952da-c1ae-448e-9cf8-16e2258c04c8"><con:settings/><con:encoding>UTF-8</con:encoding><con:endpoint>http://dev3-portal-wicket01.mf.qhg.local:8080/webservices/services/medfusion?wsdl</con:endpoint><con:request><![CDATA[<soapenv:Envelope xmlns:xsi="http://www.w3.org/2001/XMLSchema-instance" xmlns:xsd="http://www.w3.org/2001/XMLSchema" xmlns:soapenv="http://schemas.xmlsoap.org/soap/envelope/" xmlns:urn="urn:Medfusion" xmlns:soapenc="http://schemas.xmlsoap.org/soap/encoding/">
   <soapenv:Header/>
   <soapenv:Body>
      <urn:communicateAndProcessVOV soapenv:encodingStyle="http://schemas.xmlsoap.org/soap/encoding/">
         <in0 xsi:type="xsd:int">?</in0>
         <in1 xsi:type="xsd:int">?</in1>
         <in2 xsi:type="xsd:int">?</in2>
         <in3 xsi:type="xsd:int">?</in3>
         <in4 xsi:type="xsd:decimal">?</in4>
         <in5 xsi:type="obj:Comm" xmlns:obj="http://objects.medfusion.webservices.integrations.medfusion.net">
            <fields xsi:type="obj:Fields">
               <fields xsi:type="urn:ArrayOf_tns2_Field" soapenc:arrayType="obj:Field[]"/>
            </fields>
         </in5>
      </urn:communicateAndProcessVOV>
   </soapenv:Body>
</soapenv:Envelope>]]></con:request><con:credentials><con:username xsi:nil="true"/><con:password xsi:nil="true"/><con:domain xsi:nil="true"/></con:credentials><con:jmsConfig JMSDeliveryMode="PERSISTENT"/><con:wsaConfig mustUnderstand="NONE" version="200508" action="urn:Medfusion/Medfusion/communicateAndProcessVOVRequest"/></con:call></con:operation><con:operation isOneWay="false" action="" name="communicateAndProcessVOVWithPrescription" bindingOperationName="communicateAndProcessVOVWithPrescription" type="Request-Response" outputName="communicateAndProcessVOVWithPrescriptionResponse" inputName="communicateAndProcessVOVWithPrescriptionRequest" receivesAttachments="false" sendsAttachments="false" anonymous="optional" id="4385b56f-861c-4fd9-b5ae-9e1a022ceb0a"><con:settings/><con:call name="Request 1" outgoingWss="" incomingWss="" id="86a53200-d59d-42fd-9262-581b7e9fb2e7"><con:settings/><con:encoding>UTF-8</con:encoding><con:endpoint>http://dev3-portal-wicket01.mf.qhg.local:8080/webservices/services/medfusion?wsdl</con:endpoint><con:request><![CDATA[<soapenv:Envelope xmlns:xsi="http://www.w3.org/2001/XMLSchema-instance" xmlns:xsd="http://www.w3.org/2001/XMLSchema" xmlns:soapenv="http://schemas.xmlsoap.org/soap/envelope/" xmlns:urn="urn:Medfusion" xmlns:soapenc="http://schemas.xmlsoap.org/soap/encoding/">
   <soapenv:Header/>
   <soapenv:Body>
      <urn:communicateAndProcessVOVWithPrescription soapenv:encodingStyle="http://schemas.xmlsoap.org/soap/encoding/">
         <in0 xsi:type="xsd:int">?</in0>
         <in1 xsi:type="xsd:int">?</in1>
         <in2 xsi:type="xsd:int">?</in2>
         <in3 xsi:type="xsd:int">?</in3>
         <in4 xsi:type="xsd:decimal">?</in4>
         <in5 xsi:type="urn:ArrayOf_tns2_RxRefillReqEntry" soapenc:arrayType="obj:RxRefillReqEntry[]" xmlns:obj="http://objects.medfusion.webservices.integrations.medfusion.net"/>
         <in6 xsi:type="xsd:string">?</in6>
         <in7 xsi:type="obj:Comm" xmlns:obj="http://objects.medfusion.webservices.integrations.medfusion.net">
            <fields xsi:type="obj:Fields">
               <fields xsi:type="urn:ArrayOf_tns2_Field" soapenc:arrayType="obj:Field[]"/>
            </fields>
         </in7>
      </urn:communicateAndProcessVOVWithPrescription>
   </soapenv:Body>
</soapenv:Envelope>]]></con:request><con:credentials><con:username xsi:nil="true"/><con:password xsi:nil="true"/><con:domain xsi:nil="true"/></con:credentials><con:jmsConfig JMSDeliveryMode="PERSISTENT"/><con:wsaConfig mustUnderstand="NONE" version="200508" action="urn:Medfusion/Medfusion/communicateAndProcessVOVWithPrescriptionRequest"/></con:call></con:operation><con:operation isOneWay="false" action="" name="createEM" bindingOperationName="createEM" type="Request-Response" outputName="createEMResponse" inputName="createEMRequest" receivesAttachments="false" sendsAttachments="false" anonymous="optional" id="9182a3c1-a187-4960-b36f-8a3e6eb09c26"><con:settings/><con:call name="Request 1" outgoingWss="" incomingWss="" id="2a20af10-31cd-42f2-a478-a06a01ef20c1"><con:settings/><con:encoding>UTF-8</con:encoding><con:endpoint>http://dev3-portal-wicket01.mf.qhg.local:8080/webservices/services/medfusion?wsdl</con:endpoint><con:request><![CDATA[<soapenv:Envelope xmlns:xsi="http://www.w3.org/2001/XMLSchema-instance" xmlns:xsd="http://www.w3.org/2001/XMLSchema" xmlns:soapenv="http://schemas.xmlsoap.org/soap/envelope/" xmlns:urn="urn:Medfusion" xmlns:soapenc="http://schemas.xmlsoap.org/soap/encoding/">
   <soapenv:Header/>
   <soapenv:Body>
      <urn:createEM soapenv:encodingStyle="http://schemas.xmlsoap.org/soap/encoding/">
         <in0 xsi:type="obj:EM" xmlns:obj="http://objects.medfusion.webservices.integrations.medfusion.net">
            <fields xsi:type="obj:Fields">
               <fields xsi:type="urn:ArrayOf_tns2_Field" soapenc:arrayType="obj:Field[]"/>
            </fields>
         </in0>
         <in1 xsi:type="obj:EMTemplate" xmlns:obj="http://objects.medfusion.webservices.integrations.medfusion.net">
            <fields xsi:type="obj:Fields">
               <fields xsi:type="urn:ArrayOf_tns2_Field" soapenc:arrayType="obj:Field[]"/>
            </fields>
         </in1>
      </urn:createEM>
   </soapenv:Body>
</soapenv:Envelope>]]></con:request><con:credentials><con:username xsi:nil="true"/><con:password xsi:nil="true"/><con:domain xsi:nil="true"/></con:credentials><con:jmsConfig JMSDeliveryMode="PERSISTENT"/><con:wsaConfig mustUnderstand="NONE" version="200508" action="urn:Medfusion/Medfusion/createEMRequest"/></con:call></con:operation><con:operation isOneWay="false" action="" name="createEMFromTemplate" bindingOperationName="createEMFromTemplate" type="Request-Response" outputName="createEMFromTemplateResponse" inputName="createEMFromTemplateRequest" receivesAttachments="false" sendsAttachments="false" anonymous="optional" id="bb6b429c-ce4f-4a48-986f-72be53882716"><con:settings/><con:call name="Request 1" outgoingWss="" incomingWss="" id="77510dfc-100d-4baa-8a54-273589d054d8"><con:settings/><con:encoding>UTF-8</con:encoding><con:endpoint>http://dev3-portal-wicket01.mf.qhg.local:8080/webservices/services/medfusion?wsdl</con:endpoint><con:request><![CDATA[<soapenv:Envelope xmlns:xsi="http://www.w3.org/2001/XMLSchema-instance" xmlns:xsd="http://www.w3.org/2001/XMLSchema" xmlns:soapenv="http://schemas.xmlsoap.org/soap/envelope/" xmlns:urn="urn:Medfusion" xmlns:soapenc="http://schemas.xmlsoap.org/soap/encoding/">
   <soapenv:Header/>
   <soapenv:Body>
      <urn:createEMFromTemplate soapenv:encodingStyle="http://schemas.xmlsoap.org/soap/encoding/">
         <in0 xsi:type="obj:EM" xmlns:obj="http://objects.medfusion.webservices.integrations.medfusion.net">
            <fields xsi:type="obj:Fields">
               <fields xsi:type="urn:ArrayOf_tns2_Field" soapenc:arrayType="obj:Field[]"/>
            </fields>
         </in0>
         <in1 xsi:type="xsd:int">?</in1>
      </urn:createEMFromTemplate>
   </soapenv:Body>
</soapenv:Envelope>]]></con:request><con:credentials><con:username xsi:nil="true"/><con:password xsi:nil="true"/><con:domain xsi:nil="true"/></con:credentials><con:jmsConfig JMSDeliveryMode="PERSISTENT"/><con:wsaConfig mustUnderstand="NONE" version="200508" action="urn:Medfusion/Medfusion/createEMFromTemplateRequest"/></con:call></con:operation><con:operation isOneWay="false" action="" name="createEMTemplate" bindingOperationName="createEMTemplate" type="Request-Response" outputName="createEMTemplateResponse" inputName="createEMTemplateRequest" receivesAttachments="false" sendsAttachments="false" anonymous="optional" id="08ce32f1-c71a-46ce-8b8d-298e22883212"><con:settings/><con:call name="Request 1" outgoingWss="" incomingWss="" id="ff5631c0-2d70-4fe7-b8bf-74d605b9c594"><con:settings/><con:encoding>UTF-8</con:encoding><con:endpoint>http://dev3-portal-wicket01.mf.qhg.local:8080/webservices/services/medfusion?wsdl</con:endpoint><con:request><![CDATA[<soapenv:Envelope xmlns:xsi="http://www.w3.org/2001/XMLSchema-instance" xmlns:xsd="http://www.w3.org/2001/XMLSchema" xmlns:soapenv="http://schemas.xmlsoap.org/soap/envelope/" xmlns:urn="urn:Medfusion" xmlns:soapenc="http://schemas.xmlsoap.org/soap/encoding/">
   <soapenv:Header/>
   <soapenv:Body>
      <urn:createEMTemplate soapenv:encodingStyle="http://schemas.xmlsoap.org/soap/encoding/">
         <in0 xsi:type="obj:EMTemplate" xmlns:obj="http://objects.medfusion.webservices.integrations.medfusion.net">
            <fields xsi:type="obj:Fields">
               <fields xsi:type="urn:ArrayOf_tns2_Field" soapenc:arrayType="obj:Field[]"/>
            </fields>
         </in0>
      </urn:createEMTemplate>
   </soapenv:Body>
</soapenv:Envelope>]]></con:request><con:credentials><con:username xsi:nil="true"/><con:password xsi:nil="true"/><con:domain xsi:nil="true"/></con:credentials><con:jmsConfig JMSDeliveryMode="PERSISTENT"/><con:wsaConfig mustUnderstand="NONE" version="200508" action="urn:Medfusion/Medfusion/createEMTemplateRequest"/></con:call></con:operation><con:operation isOneWay="false" action="" name="createMemberLocked" bindingOperationName="createMemberLocked" type="Request-Response" outputName="createMemberLockedResponse" inputName="createMemberLockedRequest" receivesAttachments="false" sendsAttachments="false" anonymous="optional" id="2635eb44-440d-4ed7-abd3-eb6ad53ccfc1"><con:settings/><con:call name="Request 1" outgoingWss="" incomingWss="" id="95dd0483-9400-4a18-8019-ff56bc6423f5"><con:settings/><con:encoding>UTF-8</con:encoding><con:endpoint>http://dev3-portal-wicket01.mf.qhg.local:8080/webservices/services/medfusion?wsdl</con:endpoint><con:request><![CDATA[<soapenv:Envelope xmlns:xsi="http://www.w3.org/2001/XMLSchema-instance" xmlns:xsd="http://www.w3.org/2001/XMLSchema" xmlns:soapenv="http://schemas.xmlsoap.org/soap/envelope/" xmlns:urn="urn:Medfusion" xmlns:soapenc="http://schemas.xmlsoap.org/soap/encoding/">
   <soapenv:Header/>
   <soapenv:Body>
      <urn:createMemberLocked soapenv:encodingStyle="http://schemas.xmlsoap.org/soap/encoding/">
         <in0 xsi:type="obj:MemberLocked" xmlns:obj="http://objects.medfusion.webservices.integrations.medfusion.net">
            <fields xsi:type="obj:Fields">
               <fields xsi:type="urn:ArrayOf_tns2_Field" soapenc:arrayType="obj:Field[]"/>
            </fields>
         </in0>
      </urn:createMemberLocked>
   </soapenv:Body>
</soapenv:Envelope>]]></con:request><con:credentials><con:username xsi:nil="true"/><con:password xsi:nil="true"/><con:domain xsi:nil="true"/></con:credentials><con:jmsConfig JMSDeliveryMode="PERSISTENT"/><con:wsaConfig mustUnderstand="NONE" version="200508" action="urn:Medfusion/Medfusion/createMemberLockedRequest"/></con:call></con:operation><con:operation isOneWay="false" action="" name="createOrUpdateMultipleMemberLocked" bindingOperationName="createOrUpdateMultipleMemberLocked" type="Request-Response" outputName="createOrUpdateMultipleMemberLockedResponse" inputName="createOrUpdateMultipleMemberLockedRequest" receivesAttachments="false" sendsAttachments="false" anonymous="optional" id="9d60404c-f11b-4966-a823-1db6b45dbaae"><con:settings/><con:call name="Request 1" outgoingWss="" incomingWss="" id="e254dff3-872e-486e-acb8-bac8110670cc"><con:settings/><con:encoding>UTF-8</con:encoding><con:endpoint>http://dev3-portal-wicket01.mf.qhg.local:8080/webservices/services/medfusion?wsdl</con:endpoint><con:request><![CDATA[<soapenv:Envelope xmlns:xsi="http://www.w3.org/2001/XMLSchema-instance" xmlns:xsd="http://www.w3.org/2001/XMLSchema" xmlns:soapenv="http://schemas.xmlsoap.org/soap/envelope/" xmlns:urn="urn:Medfusion" xmlns:soapenc="http://schemas.xmlsoap.org/soap/encoding/">
   <soapenv:Header/>
   <soapenv:Body>
      <urn:createOrUpdateMultipleMemberLocked soapenv:encodingStyle="http://schemas.xmlsoap.org/soap/encoding/">
         <in0 xsi:type="urn:ArrayOf_tns2_MemberLocked" soapenc:arrayType="obj:MemberLocked[]" xmlns:obj="http://objects.medfusion.webservices.integrations.medfusion.net"/>
         <in1 xsi:type="xsd:int">?</in1>
         <in2 xsi:type="xsd:string">?</in2>
         <in3 xsi:type="urn:ArrayOf_xsd_string" soapenc:arrayType="xsd:string[]"/>
         <in4 xsi:type="xsd:boolean">?</in4>
         <in5 xsi:type="xsd:string">?</in5>
         <in6 xsi:type="xsd:string">?</in6>
         <in7 xsi:type="urn:ArrayOf_tns2_NameValuePairComposite" soapenc:arrayType="obj:NameValuePairComposite[]" xmlns:obj="http://objects.medfusion.webservices.integrations.medfusion.net"/>
      </urn:createOrUpdateMultipleMemberLocked>
   </soapenv:Body>
</soapenv:Envelope>]]></con:request><con:credentials><con:username xsi:nil="true"/><con:password xsi:nil="true"/><con:domain xsi:nil="true"/></con:credentials><con:jmsConfig JMSDeliveryMode="PERSISTENT"/><con:wsaConfig mustUnderstand="NONE" version="200508" action="urn:Medfusion/Medfusion/createOrUpdateMultipleMemberLockedRequest"/></con:call></con:operation><con:operation isOneWay="false" action="" name="createOrUpdateMultipleMUMemberLocked" bindingOperationName="createOrUpdateMultipleMUMemberLocked" type="Request-Response" outputName="createOrUpdateMultipleMUMemberLockedResponse" inputName="createOrUpdateMultipleMUMemberLockedRequest" receivesAttachments="false" sendsAttachments="false" anonymous="optional" id="6aaf1bc0-bc32-476c-8781-031c7fdcf9ce"><con:settings/><con:call name="Request 1" outgoingWss="" incomingWss="" id="322b37bc-974a-4701-b751-3f9d833e5607"><con:settings/><con:encoding>UTF-8</con:encoding><con:endpoint>http://dev3-portal-wicket01.mf.qhg.local:8080/webservices/services/medfusion?wsdl</con:endpoint><con:request><![CDATA[<soapenv:Envelope xmlns:xsi="http://www.w3.org/2001/XMLSchema-instance" xmlns:xsd="http://www.w3.org/2001/XMLSchema" xmlns:soapenv="http://schemas.xmlsoap.org/soap/envelope/" xmlns:urn="urn:Medfusion" xmlns:soapenc="http://schemas.xmlsoap.org/soap/encoding/">
   <soapenv:Header/>
   <soapenv:Body>
      <urn:createOrUpdateMultipleMUMemberLocked soapenv:encodingStyle="http://schemas.xmlsoap.org/soap/encoding/">
         <in0 xsi:type="urn:ArrayOf_tns2_MemberLocked" soapenc:arrayType="obj:MemberLocked[]" xmlns:obj="http://objects.medfusion.webservices.integrations.medfusion.net"/>
         <in1 xsi:type="xsd:int">?</in1>
         <in2 xsi:type="xsd:string">?</in2>
         <in3 xsi:type="urn:ArrayOf_xsd_string" soapenc:arrayType="xsd:string[]"/>
         <in4 xsi:type="xsd:boolean">?</in4>
         <in5 xsi:type="xsd:string">?</in5>
         <in6 xsi:type="xsd:string">?</in6>
         <in7 xsi:type="urn:ArrayOf_tns2_NameValuePairComposite" soapenc:arrayType="obj:NameValuePairComposite[]" xmlns:obj="http://objects.medfusion.webservices.integrations.medfusion.net"/>
      </urn:createOrUpdateMultipleMUMemberLocked>
   </soapenv:Body>
</soapenv:Envelope>]]></con:request><con:credentials><con:username xsi:nil="true"/><con:password xsi:nil="true"/><con:domain xsi:nil="true"/></con:credentials><con:jmsConfig JMSDeliveryMode="PERSISTENT"/><con:wsaConfig mustUnderstand="NONE" version="200508" action="urn:Medfusion/Medfusion/createOrUpdateMultipleMUMemberLockedRequest"/></con:call></con:operation><con:operation isOneWay="false" action="" name="createOrUpdatePharmacies" bindingOperationName="createOrUpdatePharmacies" type="Request-Response" outputName="createOrUpdatePharmaciesResponse" inputName="createOrUpdatePharmaciesRequest" receivesAttachments="false" sendsAttachments="false" anonymous="optional" id="52bf30fd-b1b2-4d62-8cd5-5904857b0bb4"><con:settings/><con:call name="Request 1" outgoingWss="" incomingWss="" id="c1195068-e0af-4c8f-b57d-9dd3ce29bb5b"><con:settings/><con:encoding>UTF-8</con:encoding><con:endpoint>http://dev3-portal-wicket01.mf.qhg.local:8080/webservices/services/medfusion?wsdl</con:endpoint><con:request><![CDATA[<soapenv:Envelope xmlns:xsi="http://www.w3.org/2001/XMLSchema-instance" xmlns:xsd="http://www.w3.org/2001/XMLSchema" xmlns:soapenv="http://schemas.xmlsoap.org/soap/envelope/" xmlns:urn="urn:Medfusion" xmlns:soapenc="http://schemas.xmlsoap.org/soap/encoding/">
   <soapenv:Header/>
   <soapenv:Body>
      <urn:createOrUpdatePharmacies soapenv:encodingStyle="http://schemas.xmlsoap.org/soap/encoding/">
         <in0 xsi:type="urn:ArrayOf_tns2_Pharmacy" soapenc:arrayType="obj:Pharmacy[]" xmlns:obj="http://objects.medfusion.webservices.integrations.medfusion.net"/>
      </urn:createOrUpdatePharmacies>
   </soapenv:Body>
</soapenv:Envelope>]]></con:request><con:credentials><con:username xsi:nil="true"/><con:password xsi:nil="true"/><con:domain xsi:nil="true"/></con:credentials><con:jmsConfig JMSDeliveryMode="PERSISTENT"/><con:wsaConfig mustUnderstand="NONE" version="200508" action="urn:Medfusion/Medfusion/createOrUpdatePharmaciesRequest"/></con:call></con:operation><con:operation isOneWay="false" action="" name="createStatement" bindingOperationName="createStatement" type="Request-Response" outputName="createStatementResponse" inputName="createStatementRequest" receivesAttachments="false" sendsAttachments="false" anonymous="optional" id="45891182-ca01-4fbe-bbf0-0b8a57e3e013"><con:settings/><con:call name="Request 1" outgoingWss="" incomingWss="" id="943fa5e8-1ec5-4c9b-84cc-f05fd1ffb7a2"><con:settings/><con:encoding>UTF-8</con:encoding><con:endpoint>http://dev3-portal-wicket01.mf.qhg.local:8080/webservices/services/medfusion?wsdl</con:endpoint><con:request><![CDATA[<soapenv:Envelope xmlns:xsi="http://www.w3.org/2001/XMLSchema-instance" xmlns:xsd="http://www.w3.org/2001/XMLSchema" xmlns:soapenv="http://schemas.xmlsoap.org/soap/envelope/" xmlns:urn="urn:Medfusion" xmlns:soapenc="http://schemas.xmlsoap.org/soap/encoding/">
   <soapenv:Header/>
   <soapenv:Body>
      <urn:createStatement soapenv:encodingStyle="http://schemas.xmlsoap.org/soap/encoding/">
         <in0 xsi:type="obj:Statement" xmlns:obj="http://objects.medfusion.webservices.integrations.medfusion.net">
            <fields xsi:type="obj:Fields">
               <fields xsi:type="urn:ArrayOf_tns2_Field" soapenc:arrayType="obj:Field[]"/>
            </fields>
         </in0>
      </urn:createStatement>
   </soapenv:Body>
</soapenv:Envelope>]]></con:request><con:credentials><con:username xsi:nil="true"/><con:password xsi:nil="true"/><con:domain xsi:nil="true"/></con:credentials><con:jmsConfig JMSDeliveryMode="PERSISTENT"/><con:wsaConfig mustUnderstand="NONE" version="200508"/></con:call></con:operation><con:operation isOneWay="false" action="" name="createStatement" bindingOperationName="createStatement" type="Request-Response" outputName="createStatementResponse1" inputName="createStatementRequest1" receivesAttachments="false" sendsAttachments="false" anonymous="optional" id="18b7c1f2-9aae-4f31-b7ba-0eab57249d22"><con:settings/><con:call name="Request 1" outgoingWss="" incomingWss="" id="d6aac6df-8e96-4dee-8b74-5423aa9d367e"><con:settings/><con:encoding>UTF-8</con:encoding><con:endpoint>http://dev3-portal-wicket01.mf.qhg.local:8080/webservices/services/medfusion?wsdl</con:endpoint><con:request><![CDATA[<soapenv:Envelope xmlns:xsi="http://www.w3.org/2001/XMLSchema-instance" xmlns:xsd="http://www.w3.org/2001/XMLSchema" xmlns:soapenv="http://schemas.xmlsoap.org/soap/envelope/" xmlns:urn="urn:Medfusion" xmlns:soapenc="http://schemas.xmlsoap.org/soap/encoding/">
   <soapenv:Header/>
   <soapenv:Body>
      <urn:createStatement soapenv:encodingStyle="http://schemas.xmlsoap.org/soap/encoding/">
         <in0 xsi:type="obj:Statement" xmlns:obj="http://objects.medfusion.webservices.integrations.medfusion.net">
            <fields xsi:type="obj:Fields">
               <fields xsi:type="urn:ArrayOf_tns2_Field" soapenc:arrayType="obj:Field[]"/>
            </fields>
         </in0>
         <in1 xsi:type="xsd:string">?</in1>
         <in2 xsi:type="xsd:string">?</in2>
         <in3 xsi:type="xsd:string">?</in3>
         <in4 xsi:type="xsd:string">?</in4>
         <in5 xsi:type="xsd:string">?</in5>
      </urn:createStatement>
   </soapenv:Body>
</soapenv:Envelope>]]></con:request><con:credentials><con:username xsi:nil="true"/><con:password xsi:nil="true"/><con:domain xsi:nil="true"/></con:credentials><con:jmsConfig JMSDeliveryMode="PERSISTENT"/><con:wsaConfig mustUnderstand="NONE" version="200508"/></con:call></con:operation><con:operation isOneWay="false" action="" name="deactivateMember" bindingOperationName="deactivateMember" type="Request-Response" outputName="deactivateMemberResponse" inputName="deactivateMemberRequest" receivesAttachments="false" sendsAttachments="false" anonymous="optional" id="ac5b07e0-2ecc-4d54-bb75-86fee336cc61"><con:settings/><con:call name="Request 1" outgoingWss="" incomingWss="" id="27acda37-7dab-48cb-9879-831713e7ef5e"><con:settings/><con:encoding>UTF-8</con:encoding><con:endpoint>http://dev3-portal-wicket01.mf.qhg.local:8080/webservices/services/medfusion?wsdl</con:endpoint><con:request><![CDATA[<soapenv:Envelope xmlns:xsi="http://www.w3.org/2001/XMLSchema-instance" xmlns:xsd="http://www.w3.org/2001/XMLSchema" xmlns:soapenv="http://schemas.xmlsoap.org/soap/envelope/" xmlns:urn="urn:Medfusion">
   <soapenv:Header/>
   <soapenv:Body>
      <urn:deactivateMember soapenv:encodingStyle="http://schemas.xmlsoap.org/soap/encoding/">
         <in0 xsi:type="xsd:int">?</in0>
         <in1 xsi:type="xsd:int">?</in1>
      </urn:deactivateMember>
   </soapenv:Body>
</soapenv:Envelope>]]></con:request><con:credentials><con:username xsi:nil="true"/><con:password xsi:nil="true"/><con:domain xsi:nil="true"/></con:credentials><con:jmsConfig JMSDeliveryMode="PERSISTENT"/><con:wsaConfig mustUnderstand="NONE" version="200508" action="urn:Medfusion/Medfusion/deactivateMemberRequest"/></con:call></con:operation><con:operation isOneWay="false" action="" name="deleteEM" bindingOperationName="deleteEM" type="Request-Response" outputName="deleteEMResponse" inputName="deleteEMRequest" receivesAttachments="false" sendsAttachments="false" anonymous="optional" id="d6ce9f41-ad8f-4ac0-9ae1-bfe13828f916"><con:settings/><con:call name="Request 1" outgoingWss="" incomingWss="" id="fe289329-8fda-4157-b218-b2b0c55fe642"><con:settings/><con:encoding>UTF-8</con:encoding><con:endpoint>http://dev3-portal-wicket01.mf.qhg.local:8080/webservices/services/medfusion?wsdl</con:endpoint><con:request><![CDATA[<soapenv:Envelope xmlns:xsi="http://www.w3.org/2001/XMLSchema-instance" xmlns:xsd="http://www.w3.org/2001/XMLSchema" xmlns:soapenv="http://schemas.xmlsoap.org/soap/envelope/" xmlns:urn="urn:Medfusion">
   <soapenv:Header/>
   <soapenv:Body>
      <urn:deleteEM soapenv:encodingStyle="http://schemas.xmlsoap.org/soap/encoding/">
         <in0 xsi:type="xsd:int">?</in0>
      </urn:deleteEM>
   </soapenv:Body>
</soapenv:Envelope>]]></con:request><con:credentials><con:username xsi:nil="true"/><con:password xsi:nil="true"/><con:domain xsi:nil="true"/></con:credentials><con:jmsConfig JMSDeliveryMode="PERSISTENT"/><con:wsaConfig mustUnderstand="NONE" version="200508" action="urn:Medfusion/Medfusion/deleteEMRequest"/></con:call></con:operation><con:operation isOneWay="false" action="" name="deleteMember" bindingOperationName="deleteMember" type="Request-Response" outputName="deleteMemberResponse" inputName="deleteMemberRequest" receivesAttachments="false" sendsAttachments="false" anonymous="optional" id="f8b6de29-ff85-4420-a6c5-062bc8e68eb3"><con:settings/><con:call name="Request 1" outgoingWss="" incomingWss="" id="5413766f-8108-4bf0-80d7-4b59e6011d58"><con:settings/><con:encoding>UTF-8</con:encoding><con:endpoint>http://dev3-portal-wicket01.mf.qhg.local:8080/webservices/services/medfusion?wsdl</con:endpoint><con:request><![CDATA[<soapenv:Envelope xmlns:xsi="http://www.w3.org/2001/XMLSchema-instance" xmlns:xsd="http://www.w3.org/2001/XMLSchema" xmlns:soapenv="http://schemas.xmlsoap.org/soap/envelope/" xmlns:urn="urn:Medfusion">
   <soapenv:Header/>
   <soapenv:Body>
      <urn:deleteMember soapenv:encodingStyle="http://schemas.xmlsoap.org/soap/encoding/">
         <in0 xsi:type="xsd:int">?</in0>
         <in1 xsi:type="xsd:int">?</in1>
      </urn:deleteMember>
   </soapenv:Body>
</soapenv:Envelope>]]></con:request><con:credentials><con:username xsi:nil="true"/><con:password xsi:nil="true"/><con:domain xsi:nil="true"/></con:credentials><con:jmsConfig JMSDeliveryMode="PERSISTENT"/><con:wsaConfig mustUnderstand="NONE" version="200508" action="urn:Medfusion/Medfusion/deleteMemberRequest"/></con:call></con:operation><con:operation isOneWay="false" action="" name="deletePharmacies" bindingOperationName="deletePharmacies" type="Request-Response" outputName="deletePharmaciesResponse" inputName="deletePharmaciesRequest" receivesAttachments="false" sendsAttachments="false" anonymous="optional" id="ca29a23c-a24b-41dd-81f3-34f6ea57a851"><con:settings/><con:call name="Request 1" outgoingWss="" incomingWss="" id="a7527b17-9b25-4a86-823f-97d07492c9ca"><con:settings/><con:encoding>UTF-8</con:encoding><con:endpoint>http://dev3-portal-wicket01.mf.qhg.local:8080/webservices/services/medfusion?wsdl</con:endpoint><con:request><![CDATA[<soapenv:Envelope xmlns:xsi="http://www.w3.org/2001/XMLSchema-instance" xmlns:xsd="http://www.w3.org/2001/XMLSchema" xmlns:soapenv="http://schemas.xmlsoap.org/soap/envelope/" xmlns:urn="urn:Medfusion" xmlns:soapenc="http://schemas.xmlsoap.org/soap/encoding/">
   <soapenv:Header/>
   <soapenv:Body>
      <urn:deletePharmacies soapenv:encodingStyle="http://schemas.xmlsoap.org/soap/encoding/">
         <in0 xsi:type="xsd:int">?</in0>
         <in1 xsi:type="urn:ArrayOf_xsd_int" soapenc:arrayType="xsd:int[]"/>
         <in2 xsi:type="urn:ArrayOf_xsd_int" soapenc:arrayType="xsd:int[]"/>
      </urn:deletePharmacies>
   </soapenv:Body>
</soapenv:Envelope>]]></con:request><con:credentials><con:username xsi:nil="true"/><con:password xsi:nil="true"/><con:domain xsi:nil="true"/></con:credentials><con:jmsConfig JMSDeliveryMode="PERSISTENT"/><con:wsaConfig mustUnderstand="NONE" version="200508" action="urn:Medfusion/Medfusion/deletePharmaciesRequest"/></con:call></con:operation><con:operation isOneWay="false" action="" name="deleteSigCode" bindingOperationName="deleteSigCode" type="Request-Response" outputName="deleteSigCodeResponse" inputName="deleteSigCodeRequest" receivesAttachments="false" sendsAttachments="false" anonymous="optional" id="8a9d5f05-9b30-476b-ae41-6ebeb6a8a3c4"><con:settings/><con:call name="Request 1" outgoingWss="" incomingWss="" id="87ed148c-5d0d-46ed-ad3a-c0cd2d629e94"><con:settings/><con:encoding>UTF-8</con:encoding><con:endpoint>http://dev3-portal-wicket01.mf.qhg.local:8080/webservices/services/medfusion?wsdl</con:endpoint><con:request><![CDATA[<soapenv:Envelope xmlns:xsi="http://www.w3.org/2001/XMLSchema-instance" xmlns:xsd="http://www.w3.org/2001/XMLSchema" xmlns:soapenv="http://schemas.xmlsoap.org/soap/envelope/" xmlns:urn="urn:Medfusion">
   <soapenv:Header/>
   <soapenv:Body>
      <urn:deleteSigCode soapenv:encodingStyle="http://schemas.xmlsoap.org/soap/encoding/">
         <in0 xsi:type="xsd:int">?</in0>
         <in1 xsi:type="xsd:int">?</in1>
      </urn:deleteSigCode>
   </soapenv:Body>
</soapenv:Envelope>]]></con:request><con:credentials><con:username xsi:nil="true"/><con:password xsi:nil="true"/><con:domain xsi:nil="true"/></con:credentials><con:jmsConfig JMSDeliveryMode="PERSISTENT"/><con:wsaConfig mustUnderstand="NONE" version="200508" action="urn:Medfusion/Medfusion/deleteSigCodeRequest"/></con:call></con:operation><con:operation isOneWay="false" action="" name="DONOTUSE" bindingOperationName="DONOTUSE" type="Request-Response" outputName="DONOTUSEResponse" inputName="DONOTUSERequest" receivesAttachments="false" sendsAttachments="false" anonymous="optional" id="26f98799-b208-4676-b506-212b19b6a69d"><con:settings/><con:call name="Request 1" outgoingWss="" incomingWss="" id="97717771-3e25-4acc-9781-b7bd4c4da79b"><con:settings/><con:encoding>UTF-8</con:encoding><con:endpoint>http://dev3-portal-wicket01.mf.qhg.local:8080/webservices/services/medfusion?wsdl</con:endpoint><con:request><![CDATA[<soapenv:Envelope xmlns:xsi="http://www.w3.org/2001/XMLSchema-instance" xmlns:xsd="http://www.w3.org/2001/XMLSchema" xmlns:soapenv="http://schemas.xmlsoap.org/soap/envelope/" xmlns:urn="urn:Medfusion" xmlns:soapenc="http://schemas.xmlsoap.org/soap/encoding/">
   <soapenv:Header/>
   <soapenv:Body>
      <urn:DONOTUSE soapenv:encodingStyle="http://schemas.xmlsoap.org/soap/encoding/">
         <in0 xsi:type="obj:CommDetail" xmlns:obj="http://objects.medfusion.webservices.integrations.medfusion.net">
            <fields xsi:type="obj:Fields">
               <fields xsi:type="urn:ArrayOf_tns2_Field" soapenc:arrayType="obj:Field[]"/>
            </fields>
         </in0>
         <in1 xsi:type="urn:ArrayOf_tns2_CommDetail" soapenc:arrayType="obj:CommDetail[]" xmlns:obj="http://objects.medfusion.webservices.integrations.medfusion.net"/>
         <in2 xsi:type="obj:CommAttachment" xmlns:obj="http://objects.medfusion.webservices.integrations.medfusion.net">
            <fields xsi:type="obj:Fields">
               <fields xsi:type="urn:ArrayOf_tns2_Field" soapenc:arrayType="obj:Field[]"/>
            </fields>
         </in2>
         <in3 xsi:type="urn:ArrayOf_tns2_CommAttachment" soapenc:arrayType="obj:CommAttachment[]" xmlns:obj="http://objects.medfusion.webservices.integrations.medfusion.net"/>
         <in4 xsi:type="obj:Pharmacy" xmlns:obj="http://objects.medfusion.webservices.integrations.medfusion.net">
            <fields xsi:type="obj:Fields">
               <fields xsi:type="urn:ArrayOf_tns2_Field" soapenc:arrayType="obj:Field[]"/>
            </fields>
         </in4>
         <in5 xsi:type="urn:ArrayOf_tns2_Pharmacy" soapenc:arrayType="obj:Pharmacy[]" xmlns:obj="http://objects.medfusion.webservices.integrations.medfusion.net"/>
         <in6 xsi:type="obj:EMFieldValue" xmlns:obj="http://objects.medfusion.webservices.integrations.medfusion.net">
            <fields xsi:type="obj:Fields">
               <fields xsi:type="urn:ArrayOf_tns2_Field" soapenc:arrayType="obj:Field[]"/>
            </fields>
         </in6>
         <in7 xsi:type="urn:ArrayOf_tns2_EMFieldValue" soapenc:arrayType="obj:EMFieldValue[]" xmlns:obj="http://objects.medfusion.webservices.integrations.medfusion.net"/>
         <in8 xsi:type="obj:EMRecipient" xmlns:obj="http://objects.medfusion.webservices.integrations.medfusion.net">
            <fields xsi:type="obj:Fields">
               <fields xsi:type="urn:ArrayOf_tns2_Field" soapenc:arrayType="obj:Field[]"/>
            </fields>
         </in8>
         <in9 xsi:type="urn:ArrayOf_tns2_EMRecipient" soapenc:arrayType="obj:EMRecipient[]" xmlns:obj="http://objects.medfusion.webservices.integrations.medfusion.net"/>
         <in10 xsi:type="obj:CFC" xmlns:obj="http://objects.medfusion.webservices.integrations.medfusion.net">
            <fields xsi:type="obj:Fields">
               <fields xsi:type="urn:ArrayOf_tns2_Field" soapenc:arrayType="obj:Field[]"/>
            </fields>
         </in10>
         <in11 xsi:type="urn:ArrayOf_tns2_CFC" soapenc:arrayType="obj:CFC[]" xmlns:obj="http://objects.medfusion.webservices.integrations.medfusion.net"/>
         <in12 xsi:type="obj:CFCQ" xmlns:obj="http://objects.medfusion.webservices.integrations.medfusion.net">
            <fields xsi:type="obj:Fields">
               <fields xsi:type="urn:ArrayOf_tns2_Field" soapenc:arrayType="obj:Field[]"/>
            </fields>
         </in12>
         <in13 xsi:type="urn:ArrayOf_tns2_CFCQ" soapenc:arrayType="obj:CFCQ[]" xmlns:obj="http://objects.medfusion.webservices.integrations.medfusion.net"/>
         <in14 xsi:type="obj:CFSS" xmlns:obj="http://objects.medfusion.webservices.integrations.medfusion.net">
            <fields xsi:type="obj:Fields">
               <fields xsi:type="urn:ArrayOf_tns2_Field" soapenc:arrayType="obj:Field[]"/>
            </fields>
         </in14>
         <in15 xsi:type="urn:ArrayOf_tns2_CFSS" soapenc:arrayType="obj:CFSS[]" xmlns:obj="http://objects.medfusion.webservices.integrations.medfusion.net"/>
         <in16 xsi:type="obj:CFSQ" xmlns:obj="http://objects.medfusion.webservices.integrations.medfusion.net">
            <fields xsi:type="obj:Fields">
               <fields xsi:type="urn:ArrayOf_tns2_Field" soapenc:arrayType="obj:Field[]"/>
            </fields>
         </in16>
         <in17 xsi:type="urn:ArrayOf_tns2_CFSQ" soapenc:arrayType="obj:CFSQ[]" xmlns:obj="http://objects.medfusion.webservices.integrations.medfusion.net"/>
         <in18 xsi:type="obj:CFCQA" xmlns:obj="http://objects.medfusion.webservices.integrations.medfusion.net">
            <fields xsi:type="obj:Fields">
               <fields xsi:type="urn:ArrayOf_tns2_Field" soapenc:arrayType="obj:Field[]"/>
            </fields>
         </in18>
         <in19 xsi:type="urn:ArrayOf_tns2_CFCQA" soapenc:arrayType="obj:CFCQA[]" xmlns:obj="http://objects.medfusion.webservices.integrations.medfusion.net"/>
         <in20 xsi:type="obj:CFSQA" xmlns:obj="http://objects.medfusion.webservices.integrations.medfusion.net">
            <fields xsi:type="obj:Fields">
               <fields xsi:type="urn:ArrayOf_tns2_Field" soapenc:arrayType="obj:Field[]"/>
            </fields>
         </in20>
         <in21 xsi:type="urn:ArrayOf_tns2_CFSQA" soapenc:arrayType="obj:CFSQA[]" xmlns:obj="http://objects.medfusion.webservices.integrations.medfusion.net"/>
         <in22 xsi:type="obj:CFA" xmlns:obj="http://objects.medfusion.webservices.integrations.medfusion.net">
            <fields xsi:type="obj:Fields">
               <fields xsi:type="urn:ArrayOf_tns2_Field" soapenc:arrayType="obj:Field[]"/>
            </fields>
         </in22>
         <in23 xsi:type="urn:ArrayOf_tns2_CFA" soapenc:arrayType="obj:CFA[]" xmlns:obj="http://objects.medfusion.webservices.integrations.medfusion.net"/>
         <in24 xsi:type="obj:CPTCode" xmlns:obj="http://objects.medfusion.webservices.integrations.medfusion.net">
            <fields xsi:type="obj:Fields">
               <fields xsi:type="urn:ArrayOf_tns2_Field" soapenc:arrayType="obj:Field[]"/>
            </fields>
         </in24>
         <in25 xsi:type="obj:DiagCode" xmlns:obj="http://objects.medfusion.webservices.integrations.medfusion.net">
            <fields xsi:type="obj:Fields">
               <fields xsi:type="urn:ArrayOf_tns2_Field" soapenc:arrayType="obj:Field[]"/>
            </fields>
         </in25>
         <in26 xsi:type="obj:NameValuePair" xmlns:obj="http://objects.medfusion.webservices.integrations.medfusion.net">
            <fields xsi:type="obj:Fields">
               <fields xsi:type="urn:ArrayOf_tns2_Field" soapenc:arrayType="obj:Field[]"/>
            </fields>
         </in26>
      </urn:DONOTUSE>
   </soapenv:Body>
</soapenv:Envelope>]]></con:request><con:credentials><con:username xsi:nil="true"/><con:password xsi:nil="true"/><con:domain xsi:nil="true"/></con:credentials><con:jmsConfig JMSDeliveryMode="PERSISTENT"/><con:wsaConfig mustUnderstand="NONE" version="200508" action="urn:Medfusion/Medfusion/DONOTUSERequest"/></con:call></con:operation><con:operation isOneWay="false" action="" name="externallyProcessApptReqs" bindingOperationName="externallyProcessApptReqs" type="Request-Response" outputName="externallyProcessApptReqsResponse" inputName="externallyProcessApptReqsRequest" receivesAttachments="false" sendsAttachments="false" anonymous="optional" id="18c96316-1e7e-4f5e-b6d6-cd5dafd8f636"><con:settings/><con:call name="Request 1" outgoingWss="" incomingWss="" id="261d6640-78ce-4e3e-a536-309180f71ed2"><con:settings/><con:encoding>UTF-8</con:encoding><con:endpoint>http://dev3-portal-wicket01.mf.qhg.local:8080/webservices/services/medfusion?wsdl</con:endpoint><con:request><![CDATA[<soapenv:Envelope xmlns:xsi="http://www.w3.org/2001/XMLSchema-instance" xmlns:xsd="http://www.w3.org/2001/XMLSchema" xmlns:soapenv="http://schemas.xmlsoap.org/soap/envelope/" xmlns:urn="urn:Medfusion" xmlns:soapenc="http://schemas.xmlsoap.org/soap/encoding/">
   <soapenv:Header/>
   <soapenv:Body>
      <urn:externallyProcessApptReqs soapenv:encodingStyle="http://schemas.xmlsoap.org/soap/encoding/">
         <in0 xsi:type="urn:ArrayOf_xsd_int" soapenc:arrayType="xsd:int[]"/>
         <in1 xsi:type="xsd:int">?</in1>
      </urn:externallyProcessApptReqs>
   </soapenv:Body>
</soapenv:Envelope>]]></con:request><con:credentials><con:username xsi:nil="true"/><con:password xsi:nil="true"/><con:domain xsi:nil="true"/></con:credentials><con:jmsConfig JMSDeliveryMode="PERSISTENT"/><con:wsaConfig mustUnderstand="NONE" version="200508" action="urn:Medfusion/Medfusion/externallyProcessApptReqsRequest"/></con:call></con:operation><con:operation isOneWay="false" action="" name="externallyProcessRxRefillReqs" bindingOperationName="externallyProcessRxRefillReqs" type="Request-Response" outputName="externallyProcessRxRefillReqsResponse" inputName="externallyProcessRxRefillReqsRequest" receivesAttachments="false" sendsAttachments="false" anonymous="optional" id="aa537fbf-3fe6-4bec-a6f8-1a8433d27f07"><con:settings/><con:call name="Request 1" outgoingWss="" incomingWss="" id="f4cbe24c-051d-4869-b0b9-4625d2da389c"><con:settings/><con:encoding>UTF-8</con:encoding><con:endpoint>http://dev3-portal-wicket01.mf.qhg.local:8080/webservices/services/medfusion?wsdl</con:endpoint><con:request><![CDATA[<soapenv:Envelope xmlns:xsi="http://www.w3.org/2001/XMLSchema-instance" xmlns:xsd="http://www.w3.org/2001/XMLSchema" xmlns:soapenv="http://schemas.xmlsoap.org/soap/envelope/" xmlns:urn="urn:Medfusion" xmlns:soapenc="http://schemas.xmlsoap.org/soap/encoding/">
   <soapenv:Header/>
   <soapenv:Body>
      <urn:externallyProcessRxRefillReqs soapenv:encodingStyle="http://schemas.xmlsoap.org/soap/encoding/">
         <in0 xsi:type="urn:ArrayOf_xsd_int" soapenc:arrayType="xsd:int[]"/>
      </urn:externallyProcessRxRefillReqs>
   </soapenv:Body>
</soapenv:Envelope>]]></con:request><con:credentials><con:username xsi:nil="true"/><con:password xsi:nil="true"/><con:domain xsi:nil="true"/></con:credentials><con:jmsConfig JMSDeliveryMode="PERSISTENT"/><con:wsaConfig mustUnderstand="NONE" version="200508" action="urn:Medfusion/Medfusion/externallyProcessRxRefillReqsRequest"/></con:call></con:operation><con:operation isOneWay="false" action="" name="getAllCFFs" bindingOperationName="getAllCFFs" type="Request-Response" outputName="getAllCFFsResponse" inputName="getAllCFFsRequest" receivesAttachments="false" sendsAttachments="false" anonymous="optional" id="6e2784a8-740c-4695-b446-94f262d87899"><con:settings/><con:call name="Request 1" outgoingWss="" incomingWss="" id="a30cc222-ef5a-4f90-9c21-73ea8803280a"><con:settings><con:setting id="com.eviware.soapui.impl.wsdl.WsdlRequest@request-headers">&lt;xml-fragment/></con:setting></con:settings><con:encoding>UTF-8</con:encoding><con:endpoint>http://dev3-portal-wicket01.mf.qhg.local:8080/webservices/services/medfusion?wsdl</con:endpoint><con:request><![CDATA[<soapenv:Envelope xmlns:xsi="http://www.w3.org/2001/XMLSchema-instance" xmlns:xsd="http://www.w3.org/2001/XMLSchema" xmlns:soapenv="http://schemas.xmlsoap.org/soap/envelope/" xmlns:urn="urn:Medfusion">
   <soapenv:Header/>
   <soapenv:Body>
      <urn:getAllCFFs soapenv:encodingStyle="http://schemas.xmlsoap.org/soap/encoding/">
         <in0 xsi:type="xsd:int">?</in0>
      </urn:getAllCFFs>
   </soapenv:Body>
</soapenv:Envelope>]]></con:request><con:credentials><con:username xsi:nil="true"/><con:password xsi:nil="true"/><con:domain xsi:nil="true"/><con:authType>No Authorization</con:authType></con:credentials><con:jmsConfig JMSDeliveryMode="PERSISTENT"/><con:jmsPropertyConfig/><con:wsaConfig mustUnderstand="NONE" version="200508" action="urn:Medfusion/Medfusion/getAllCFFsRequest"/><con:wsrmConfig version="1.2"/></con:call></con:operation><con:operation isOneWay="false" action="" name="getAllCPTCodes" bindingOperationName="getAllCPTCodes" type="Request-Response" outputName="getAllCPTCodesResponse" inputName="getAllCPTCodesRequest" receivesAttachments="false" sendsAttachments="false" anonymous="optional" id="c12e53f4-d99f-47e2-9f24-9e8481cde296"><con:settings/><con:call name="Request 1" outgoingWss="" incomingWss="" id="23629da5-be12-4520-91e9-a95e068e0d58"><con:settings/><con:encoding>UTF-8</con:encoding><con:endpoint>http://dev3-portal-wicket01.mf.qhg.local:8080/webservices/services/medfusion?wsdl</con:endpoint><con:request><![CDATA[<soapenv:Envelope xmlns:xsi="http://www.w3.org/2001/XMLSchema-instance" xmlns:xsd="http://www.w3.org/2001/XMLSchema" xmlns:soapenv="http://schemas.xmlsoap.org/soap/envelope/" xmlns:urn="urn:Medfusion">
   <soapenv:Header/>
   <soapenv:Body>
      <urn:getAllCPTCodes soapenv:encodingStyle="http://schemas.xmlsoap.org/soap/encoding/"/>
   </soapenv:Body>
</soapenv:Envelope>]]></con:request><con:credentials><con:username xsi:nil="true"/><con:password xsi:nil="true"/><con:domain xsi:nil="true"/></con:credentials><con:jmsConfig JMSDeliveryMode="PERSISTENT"/><con:wsaConfig mustUnderstand="NONE" version="200508" action="urn:Medfusion/Medfusion/getAllCPTCodesRequest"/></con:call></con:operation><con:operation isOneWay="false" action="" name="getAllDiagCodes" bindingOperationName="getAllDiagCodes" type="Request-Response" outputName="getAllDiagCodesResponse" inputName="getAllDiagCodesRequest" receivesAttachments="false" sendsAttachments="false" anonymous="optional" id="15fe9e92-0750-4d45-aeca-4a84ba178309"><con:settings/><con:call name="Request 1" outgoingWss="" incomingWss="" id="6a8fd7be-1c72-4858-89e1-24a6e03407db"><con:settings/><con:encoding>UTF-8</con:encoding><con:endpoint>http://dev3-portal-wicket01.mf.qhg.local:8080/webservices/services/medfusion?wsdl</con:endpoint><con:request><![CDATA[<soapenv:Envelope xmlns:xsi="http://www.w3.org/2001/XMLSchema-instance" xmlns:xsd="http://www.w3.org/2001/XMLSchema" xmlns:soapenv="http://schemas.xmlsoap.org/soap/envelope/" xmlns:urn="urn:Medfusion">
   <soapenv:Header/>
   <soapenv:Body>
      <urn:getAllDiagCodes soapenv:encodingStyle="http://schemas.xmlsoap.org/soap/encoding/"/>
   </soapenv:Body>
</soapenv:Envelope>]]></con:request><con:credentials><con:username xsi:nil="true"/><con:password xsi:nil="true"/><con:domain xsi:nil="true"/></con:credentials><con:jmsConfig JMSDeliveryMode="PERSISTENT"/><con:wsaConfig mustUnderstand="NONE" version="200508" action="urn:Medfusion/Medfusion/getAllDiagCodesRequest"/></con:call></con:operation><con:operation isOneWay="false" action="" name="getAllEMFields" bindingOperationName="getAllEMFields" type="Request-Response" outputName="getAllEMFieldsResponse" inputName="getAllEMFieldsRequest" receivesAttachments="false" sendsAttachments="false" anonymous="optional" id="27fcc9d8-6caa-42c6-a60c-7191848fb835"><con:settings/><con:call name="Request 1" outgoingWss="" incomingWss="" id="6a4b428d-3101-47c7-9765-035558862fe1"><con:settings/><con:encoding>UTF-8</con:encoding><con:endpoint>http://dev3-portal-wicket01.mf.qhg.local:8080/webservices/services/medfusion?wsdl</con:endpoint><con:request><![CDATA[<soapenv:Envelope xmlns:xsi="http://www.w3.org/2001/XMLSchema-instance" xmlns:xsd="http://www.w3.org/2001/XMLSchema" xmlns:soapenv="http://schemas.xmlsoap.org/soap/envelope/" xmlns:urn="urn:Medfusion">
   <soapenv:Header/>
   <soapenv:Body>
      <urn:getAllEMFields soapenv:encodingStyle="http://schemas.xmlsoap.org/soap/encoding/"/>
   </soapenv:Body>
</soapenv:Envelope>]]></con:request><con:credentials><con:username xsi:nil="true"/><con:password xsi:nil="true"/><con:domain xsi:nil="true"/></con:credentials><con:jmsConfig JMSDeliveryMode="PERSISTENT"/><con:wsaConfig mustUnderstand="NONE" version="200508" action="urn:Medfusion/Medfusion/getAllEMFieldsRequest"/></con:call></con:operation><con:operation isOneWay="false" action="" name="getAllLocations" bindingOperationName="getAllLocations" type="Request-Response" outputName="getAllLocationsResponse" inputName="getAllLocationsRequest" receivesAttachments="false" sendsAttachments="false" anonymous="optional" id="81f6afbd-07b9-4cb0-9bce-536662f3befb"><con:settings/><con:call name="Request 1" outgoingWss="" incomingWss="" id="e6f61573-8a2d-4036-8cf4-3ceea6d93a2e"><con:settings/><con:encoding>UTF-8</con:encoding><con:endpoint>http://dev3-portal-wicket01.mf.qhg.local:8080/webservices/services/medfusion?wsdl</con:endpoint><con:request><![CDATA[<soapenv:Envelope xmlns:xsi="http://www.w3.org/2001/XMLSchema-instance" xmlns:xsd="http://www.w3.org/2001/XMLSchema" xmlns:soapenv="http://schemas.xmlsoap.org/soap/envelope/" xmlns:urn="urn:Medfusion">
   <soapenv:Header/>
   <soapenv:Body>
      <urn:getAllLocations soapenv:encodingStyle="http://schemas.xmlsoap.org/soap/encoding/"/>
   </soapenv:Body>
</soapenv:Envelope>]]></con:request><con:credentials><con:username xsi:nil="true"/><con:password xsi:nil="true"/><con:domain xsi:nil="true"/></con:credentials><con:jmsConfig JMSDeliveryMode="PERSISTENT"/><con:wsaConfig mustUnderstand="NONE" version="200508" action="urn:Medfusion/Medfusion/getAllLocationsRequest"/></con:call></con:operation><con:operation isOneWay="false" action="" name="getAllPractices" bindingOperationName="getAllPractices" type="Request-Response" outputName="getAllPracticesResponse" inputName="getAllPracticesRequest" receivesAttachments="false" sendsAttachments="false" anonymous="optional" id="41b8116e-816c-4b07-ab25-b15aae25f18d"><con:settings/><con:call name="Request 1" outgoingWss="" incomingWss="" id="57bbfad4-67e2-4e35-bfae-c60f145e6293"><con:settings/><con:encoding>UTF-8</con:encoding><con:endpoint>http://dev3-portal-wicket01.mf.qhg.local:8080/webservices/services/medfusion?wsdl</con:endpoint><con:request><![CDATA[<soapenv:Envelope xmlns:xsi="http://www.w3.org/2001/XMLSchema-instance" xmlns:xsd="http://www.w3.org/2001/XMLSchema" xmlns:soapenv="http://schemas.xmlsoap.org/soap/envelope/" xmlns:urn="urn:Medfusion">
   <soapenv:Header/>
   <soapenv:Body>
      <urn:getAllPractices soapenv:encodingStyle="http://schemas.xmlsoap.org/soap/encoding/"/>
   </soapenv:Body>
</soapenv:Envelope>]]></con:request><con:credentials><con:username xsi:nil="true"/><con:password xsi:nil="true"/><con:domain xsi:nil="true"/></con:credentials><con:jmsConfig JMSDeliveryMode="PERSISTENT"/><con:wsaConfig mustUnderstand="NONE" version="200508" action="urn:Medfusion/Medfusion/getAllPracticesRequest"/></con:call></con:operation><con:operation isOneWay="false" action="" name="getAllRouteCodes" bindingOperationName="getAllRouteCodes" type="Request-Response" outputName="getAllRouteCodesResponse" inputName="getAllRouteCodesRequest" receivesAttachments="false" sendsAttachments="false" anonymous="optional" id="3fe3f7e2-7396-4335-8cdd-a4d1a510c687"><con:settings/><con:call name="Request 1" outgoingWss="" incomingWss="" id="b370bffd-264d-4004-a9eb-e2e527b51c31"><con:settings/><con:encoding>UTF-8</con:encoding><con:endpoint>http://dev3-portal-wicket01.mf.qhg.local:8080/webservices/services/medfusion?wsdl</con:endpoint><con:request><![CDATA[<soapenv:Envelope xmlns:xsi="http://www.w3.org/2001/XMLSchema-instance" xmlns:xsd="http://www.w3.org/2001/XMLSchema" xmlns:soapenv="http://schemas.xmlsoap.org/soap/envelope/" xmlns:urn="urn:Medfusion">
   <soapenv:Header/>
   <soapenv:Body>
      <urn:getAllRouteCodes soapenv:encodingStyle="http://schemas.xmlsoap.org/soap/encoding/"/>
   </soapenv:Body>
</soapenv:Envelope>]]></con:request><con:credentials><con:username xsi:nil="true"/><con:password xsi:nil="true"/><con:domain xsi:nil="true"/></con:credentials><con:jmsConfig JMSDeliveryMode="PERSISTENT"/><con:wsaConfig mustUnderstand="NONE" version="200508" action="urn:Medfusion/Medfusion/getAllRouteCodesRequest"/></con:call></con:operation><con:operation isOneWay="false" action="" name="getApptReqsByCriteria" bindingOperationName="getApptReqsByCriteria" type="Request-Response" outputName="getApptReqsByCriteriaResponse" inputName="getApptReqsByCriteriaRequest" receivesAttachments="false" sendsAttachments="false" anonymous="optional" id="30154cd4-bb75-4667-b965-6178823a8fdd"><con:settings/><con:call name="Request 1" outgoingWss="" incomingWss="" id="e83075ef-259c-45fe-9165-76501e9450a4"><con:settings><con:setting id="com.eviware.soapui.impl.wsdl.WsdlRequest@request-headers">&lt;entry key="Authorization" value="Basic SUhHQ29ubmVjdGh1YjIwOTcxOklPSVRwT1lKT2g1UTZLd2JUVDdv" xmlns="http://eviware.com/soapui/config"/></con:setting></con:settings><con:encoding>UTF-8</con:encoding><con:endpoint>http://dev3-portal-wicket01.mf.qhg.local:8080/webservices/services/medfusion?wsdl</con:endpoint><con:request><![CDATA[<soap:Envelope xmlns:soap="http://schemas.xmlsoap.org/soap/envelope/" xmlns:soapenc="http://schemas.xmlsoap.org/soap/encoding/" xmlns:tns="urn:Medfusion" xmlns:types="urn:Medfusion/encodedTypes" xmlns:xsd="http://www.w3.org/2001/XMLSchema" xmlns:xsi="http://www.w3.org/2001/XMLSchema-instance">
   <soap:Body soap:encodingStyle="http://schemas.xmlsoap.org/soap/encoding/">
      <tns:getApptReqsByCriteria>
         <in0 xsi:type="xsd:int" xs:type="type:int" xmlns:xs="http://www.w3.org/2000/XMLSchema-instance">21636</in0>
         <in1 href="#id1"/>
      </tns:getApptReqsByCriteria>
      <soapenc:Array id="id1" soapenc:arrayType="q1:Criteria[2]" xmlns:q1="http://query.common.webservices.integrations.medfusion.net">
         <Item href="#id2"/>
         <Item href="#id3"/>
      </soapenc:Array>
      <q2:Criteria id="id2" xsi:type="q2:Criteria" xmlns:q2="http://query.common.webservices.integrations.medfusion.net">
         <fieldName xsi:type="xsd:string">arPracticeId</fieldName>
         <fieldValue xsi:type="xsd:int">21636</fieldValue>
         <operation xsi:type="xsd:int">1</operation>
         <operationCaseSensitive xsi:type="xsd:boolean">false</operationCaseSensitive>
      </q2:Criteria>
      <q3:Criteria id="id3" xsi:type="q3:Criteria" xmlns:q3="http://query.common.webservices.integrations.medfusion.net">
         <fieldName xsi:type="xsd:string">arCreationDate</fieldName>
         <fieldValue xsi:type="xsd:dateTime">2013-02-01T18:43:17</fieldValue>
         <operation xsi:type="xsd:int">3</operation>
         <operationCaseSensitive xsi:type="xsd:boolean">false</operationCaseSensitive>
      </q3:Criteria>
   </soap:Body>
</soap:Envelope>]]></con:request><con:credentials><con:username xsi:nil="true"/><con:password xsi:nil="true"/><con:domain xsi:nil="true"/><con:authType>No Authorization</con:authType></con:credentials><con:jmsConfig JMSDeliveryMode="PERSISTENT"/><con:jmsPropertyConfig/><con:wsaConfig mustUnderstand="NONE" version="200508" action="urn:Medfusion/Medfusion/getApptReqsByCriteriaRequest"/><con:wsrmConfig version="1.2"/></con:call></con:operation><con:operation isOneWay="false" action="" name="getCFFForCustomForm" bindingOperationName="getCFFForCustomForm" type="Request-Response" outputName="getCFFForCustomFormResponse" inputName="getCFFForCustomFormRequest" receivesAttachments="false" sendsAttachments="false" anonymous="optional" id="7bba3043-589c-4712-9f43-4cc4ae3b460c"><con:settings/><con:call name="Request 1" outgoingWss="" incomingWss="" id="d2d998e0-61c2-4891-ba9c-2817abf20f42"><con:settings/><con:encoding>UTF-8</con:encoding><con:endpoint>http://dev3-portal-wicket01.mf.qhg.local:8080/webservices/services/medfusion?wsdl</con:endpoint><con:request><![CDATA[<soapenv:Envelope xmlns:xsi="http://www.w3.org/2001/XMLSchema-instance" xmlns:xsd="http://www.w3.org/2001/XMLSchema" xmlns:soapenv="http://schemas.xmlsoap.org/soap/envelope/" xmlns:urn="urn:Medfusion">
   <soapenv:Header/>
   <soapenv:Body>
      <urn:getCFFForCustomForm soapenv:encodingStyle="http://schemas.xmlsoap.org/soap/encoding/">
         <in0 xsi:type="xsd:int">?</in0>
      </urn:getCFFForCustomForm>
   </soapenv:Body>
</soapenv:Envelope>]]></con:request><con:credentials><con:username xsi:nil="true"/><con:password xsi:nil="true"/><con:domain xsi:nil="true"/></con:credentials><con:jmsConfig JMSDeliveryMode="PERSISTENT"/><con:wsaConfig mustUnderstand="NONE" version="200508" action="urn:Medfusion/Medfusion/getCFFForCustomFormRequest"/></con:call></con:operation><con:operation isOneWay="false" action="" name="getCommsByCriteria" bindingOperationName="getCommsByCriteria" type="Request-Response" outputName="getCommsByCriteriaResponse" inputName="getCommsByCriteriaRequest" receivesAttachments="false" sendsAttachments="false" anonymous="optional" id="e6e47bdb-3aec-4f88-9fa0-f65e42a5ef2a"><con:settings/><con:call name="Request 1" outgoingWss="" incomingWss="" id="0fd737c9-d15f-43c0-bb93-9f66007ff6bf"><con:settings/><con:encoding>UTF-8</con:encoding><con:endpoint>http://dev3-portal-wicket01.mf.qhg.local:8080/webservices/services/medfusion?wsdl</con:endpoint><con:request><![CDATA[<soapenv:Envelope xmlns:xsi="http://www.w3.org/2001/XMLSchema-instance" xmlns:xsd="http://www.w3.org/2001/XMLSchema" xmlns:soapenv="http://schemas.xmlsoap.org/soap/envelope/" xmlns:urn="urn:Medfusion" xmlns:soapenc="http://schemas.xmlsoap.org/soap/encoding/">
   <soapenv:Header/>
   <soapenv:Body>
      <urn:getCommsByCriteria soapenv:encodingStyle="http://schemas.xmlsoap.org/soap/encoding/">
         <in0 xsi:type="xsd:int">?</in0>
         <in1 xsi:type="urn:ArrayOf_tns4_Criteria" soapenc:arrayType="quer:Criteria[]" xmlns:quer="http://query.common.webservices.integrations.medfusion.net"/>
      </urn:getCommsByCriteria>
   </soapenv:Body>
</soapenv:Envelope>]]></con:request><con:credentials><con:username xsi:nil="true"/><con:password xsi:nil="true"/><con:domain xsi:nil="true"/></con:credentials><con:jmsConfig JMSDeliveryMode="PERSISTENT"/><con:wsaConfig mustUnderstand="NONE" version="200508" action="urn:Medfusion/Medfusion/getCommsByCriteriaRequest"/></con:call></con:operation><con:operation isOneWay="false" action="" name="getCustomFormForMemberIdAndFormId" bindingOperationName="getCustomFormForMemberIdAndFormId" type="Request-Response" outputName="getCustomFormForMemberIdAndFormIdResponse" inputName="getCustomFormForMemberIdAndFormIdRequest" receivesAttachments="false" sendsAttachments="false" anonymous="optional" id="25acaf83-ce84-4cbe-88b7-787a8ac29543"><con:settings/><con:call name="Request 1" outgoingWss="" incomingWss="" id="8e038331-0b38-4ff7-a4b9-053f07b0a1b4"><con:settings><con:setting id="com.eviware.soapui.impl.wsdl.WsdlRequest@request-headers">&lt;entry key="Authorization" value="Basic SUhHQ29ubmVjdGh1YjIwOTcxOklPSVRwT1lKT2g1UTZLd2JUVDdv" xmlns="http://eviware.com/soapui/config"/></con:setting></con:settings><con:encoding>UTF-8</con:encoding><con:endpoint>http://dev3-portal-wicket01.mf.qhg.local:8080/webservices/services/medfusion?wsdl</con:endpoint><con:request><![CDATA[<soap:Envelope xmlns:soap="http://schemas.xmlsoap.org/soap/envelope/" xmlns:soapenc="http://schemas.xmlsoap.org/soap/encoding/" xmlns:tns="urn:Medfusion" xmlns:types="urn:Medfusion/encodedTypes" xmlns:xsd="http://www.w3.org/2001/XMLSchema" xmlns:xsi="http://www.w3.org/2001/XMLSchema-instance">
   <soap:Body soap:encodingStyle="http://schemas.xmlsoap.org/soap/encoding/">
      <tns:getCustomFormForMemberIdAndFormId>
         <in0 xsi:type="xsd:int">20971</in0>
         <in1 xsi:type="xsd:int">48229</in1>
         <in2 xsi:type="xsd:int">1019474</in2>
         <in3 xsi:type="xsi:boolean">false</in3>
      </tns:getCustomFormForMemberIdAndFormId>
   </soap:Body>
</soap:Envelope>]]></con:request><con:credentials><con:username xsi:nil="true"/><con:password xsi:nil="true"/><con:domain xsi:nil="true"/><con:authType>No Authorization</con:authType></con:credentials><con:jmsConfig JMSDeliveryMode="PERSISTENT"/><con:jmsPropertyConfig/><con:wsaConfig mustUnderstand="NONE" version="200508" action="urn:Medfusion/Medfusion/getCustomFormForMemberIdAndFormIdRequest"/><con:wsrmConfig version="1.2"/></con:call></con:operation><con:operation isOneWay="false" action="" name="getCustomFormOutput" bindingOperationName="getCustomFormOutput" type="Request-Response" outputName="getCustomFormOutputResponse" inputName="getCustomFormOutputRequest" receivesAttachments="false" sendsAttachments="false" anonymous="optional" id="11002272-62b5-4232-9bed-e2851581a368"><con:settings/><con:call name="Request 1" outgoingWss="" incomingWss="" id="b8df1856-b51a-41f9-a6e4-1f88a3b8fe3b"><con:settings/><con:encoding>UTF-8</con:encoding><con:endpoint>http://dev3-portal-wicket01.mf.qhg.local:8080/webservices/services/medfusion?wsdl</con:endpoint><con:request><![CDATA[<soapenv:Envelope xmlns:xsi="http://www.w3.org/2001/XMLSchema-instance" xmlns:xsd="http://www.w3.org/2001/XMLSchema" xmlns:soapenv="http://schemas.xmlsoap.org/soap/envelope/" xmlns:urn="urn:Medfusion">
   <soapenv:Header/>
   <soapenv:Body>
      <urn:getCustomFormOutput soapenv:encodingStyle="http://schemas.xmlsoap.org/soap/encoding/">
         <in0 xsi:type="xsd:int">?</in0>
         <in1 xsi:type="xsd:int">?</in1>
         <in2 xsi:type="xsd:string">?</in2>
      </urn:getCustomFormOutput>
   </soapenv:Body>
</soapenv:Envelope>]]></con:request><con:credentials><con:username xsi:nil="true"/><con:password xsi:nil="true"/><con:domain xsi:nil="true"/></con:credentials><con:jmsConfig JMSDeliveryMode="PERSISTENT"/><con:wsaConfig mustUnderstand="NONE" version="200508" action="urn:Medfusion/Medfusion/getCustomFormOutputRequest"/></con:call></con:operation><con:operation isOneWay="false" action="" name="getCustomFormsByCriteria" bindingOperationName="getCustomFormsByCriteria" type="Request-Response" outputName="getCustomFormsByCriteriaResponse" inputName="getCustomFormsByCriteriaRequest" receivesAttachments="false" sendsAttachments="false" anonymous="optional" id="2e2e0ecc-1efc-429a-894a-75f12c69c16c"><con:settings/><con:call name="Request 1" outgoingWss="" incomingWss="" id="64716b99-9475-4ac7-a178-47c2cfd400d9"><con:settings/><con:encoding>UTF-8</con:encoding><con:endpoint>http://dev3-portal-wicket01.mf.qhg.local:8080/webservices/services/medfusion?wsdl</con:endpoint><con:request><![CDATA[<soapenv:Envelope xmlns:xsi="http://www.w3.org/2001/XMLSchema-instance" xmlns:xsd="http://www.w3.org/2001/XMLSchema" xmlns:soapenv="http://schemas.xmlsoap.org/soap/envelope/" xmlns:urn="urn:Medfusion" xmlns:soapenc="http://schemas.xmlsoap.org/soap/encoding/">
   <soapenv:Header/>
   <soapenv:Body>
      <urn:getCustomFormsByCriteria soapenv:encodingStyle="http://schemas.xmlsoap.org/soap/encoding/">
         <in0 xsi:type="xsd:int">?</in0>
         <in1 xsi:type="urn:ArrayOf_tns4_Criteria" soapenc:arrayType="quer:Criteria[]" xmlns:quer="http://query.common.webservices.integrations.medfusion.net"/>
      </urn:getCustomFormsByCriteria>
   </soapenv:Body>
</soapenv:Envelope>]]></con:request><con:credentials><con:username xsi:nil="true"/><con:password xsi:nil="true"/><con:domain xsi:nil="true"/></con:credentials><con:jmsConfig JMSDeliveryMode="PERSISTENT"/><con:wsaConfig mustUnderstand="NONE" version="200508"/></con:call></con:operation><con:operation isOneWay="false" action="" name="getCustomFormsByCriteria" bindingOperationName="getCustomFormsByCriteria" type="Request-Response" outputName="getCustomFormsByCriteriaResponse1" inputName="getCustomFormsByCriteriaRequest1" receivesAttachments="false" sendsAttachments="false" anonymous="optional" id="bd2f27f3-92bc-4016-8520-184be0e54bc9"><con:settings/><con:call name="Request 1" outgoingWss="" incomingWss="" id="a6710bbb-7be3-4786-91ee-2e6e9cf7b804"><con:settings/><con:encoding>UTF-8</con:encoding><con:endpoint>http://dev3-portal-wicket01.mf.qhg.local:8080/webservices/services/medfusion?wsdl</con:endpoint><con:request><![CDATA[<soapenv:Envelope xmlns:xsi="http://www.w3.org/2001/XMLSchema-instance" xmlns:xsd="http://www.w3.org/2001/XMLSchema" xmlns:soapenv="http://schemas.xmlsoap.org/soap/envelope/" xmlns:urn="urn:Medfusion" xmlns:soapenc="http://schemas.xmlsoap.org/soap/encoding/">
   <soapenv:Header/>
   <soapenv:Body>
      <urn:getCustomFormsByCriteria soapenv:encodingStyle="http://schemas.xmlsoap.org/soap/encoding/">
         <in0 xsi:type="xsd:int">?</in0>
         <in1 xsi:type="urn:ArrayOf_tns4_Criteria" soapenc:arrayType="quer:Criteria[]" xmlns:quer="http://query.common.webservices.integrations.medfusion.net"/>
         <in2 xsi:type="xsd:boolean">?</in2>
      </urn:getCustomFormsByCriteria>
   </soapenv:Body>
</soapenv:Envelope>]]></con:request><con:credentials><con:username xsi:nil="true"/><con:password xsi:nil="true"/><con:domain xsi:nil="true"/></con:credentials><con:jmsConfig JMSDeliveryMode="PERSISTENT"/><con:wsaConfig mustUnderstand="NONE" version="200508"/></con:call></con:operation><con:operation isOneWay="false" action="" name="getEMsByCriteria" bindingOperationName="getEMsByCriteria" type="Request-Response" outputName="getEMsByCriteriaResponse" inputName="getEMsByCriteriaRequest" receivesAttachments="false" sendsAttachments="false" anonymous="optional" id="3d8f4d86-901d-434c-a82a-11a904548c64"><con:settings/><con:call name="Request 1" outgoingWss="" incomingWss="" id="67ea9d96-5670-4bb2-8caa-7905a4053be4"><con:settings/><con:encoding>UTF-8</con:encoding><con:endpoint>http://dev3-portal-wicket01.mf.qhg.local:8080/webservices/services/medfusion?wsdl</con:endpoint><con:request><![CDATA[<soapenv:Envelope xmlns:xsi="http://www.w3.org/2001/XMLSchema-instance" xmlns:xsd="http://www.w3.org/2001/XMLSchema" xmlns:soapenv="http://schemas.xmlsoap.org/soap/envelope/" xmlns:urn="urn:Medfusion" xmlns:soapenc="http://schemas.xmlsoap.org/soap/encoding/">
   <soapenv:Header/>
   <soapenv:Body>
      <urn:getEMsByCriteria soapenv:encodingStyle="http://schemas.xmlsoap.org/soap/encoding/">
         <in0 xsi:type="xsd:int">?</in0>
         <in1 xsi:type="urn:ArrayOf_tns4_Criteria" soapenc:arrayType="quer:Criteria[]" xmlns:quer="http://query.common.webservices.integrations.medfusion.net"/>
      </urn:getEMsByCriteria>
   </soapenv:Body>
</soapenv:Envelope>]]></con:request><con:credentials><con:username xsi:nil="true"/><con:password xsi:nil="true"/><con:domain xsi:nil="true"/></con:credentials><con:jmsConfig JMSDeliveryMode="PERSISTENT"/><con:wsaConfig mustUnderstand="NONE" version="200508" action="urn:Medfusion/Medfusion/getEMsByCriteriaRequest"/></con:call></con:operation><con:operation isOneWay="false" action="" name="getEMStatusesByEMIds" bindingOperationName="getEMStatusesByEMIds" type="Request-Response" outputName="getEMStatusesByEMIdsResponse" inputName="getEMStatusesByEMIdsRequest" receivesAttachments="false" sendsAttachments="false" anonymous="optional" id="fbaede70-794c-4257-9a53-1637fa074650"><con:settings/><con:call name="Request 1" outgoingWss="" incomingWss="" id="5235b97e-c1f3-43c3-b188-67e1c7b23362"><con:settings/><con:encoding>UTF-8</con:encoding><con:endpoint>http://dev3-portal-wicket01.mf.qhg.local:8080/webservices/services/medfusion?wsdl</con:endpoint><con:request><![CDATA[<soapenv:Envelope xmlns:xsi="http://www.w3.org/2001/XMLSchema-instance" xmlns:xsd="http://www.w3.org/2001/XMLSchema" xmlns:soapenv="http://schemas.xmlsoap.org/soap/envelope/" xmlns:urn="urn:Medfusion" xmlns:soapenc="http://schemas.xmlsoap.org/soap/encoding/">
   <soapenv:Header/>
   <soapenv:Body>
      <urn:getEMStatusesByEMIds soapenv:encodingStyle="http://schemas.xmlsoap.org/soap/encoding/">
         <in0 xsi:type="urn:ArrayOf_xsd_int" soapenc:arrayType="xsd:int[]"/>
      </urn:getEMStatusesByEMIds>
   </soapenv:Body>
</soapenv:Envelope>]]></con:request><con:credentials><con:username xsi:nil="true"/><con:password xsi:nil="true"/><con:domain xsi:nil="true"/></con:credentials><con:jmsConfig JMSDeliveryMode="PERSISTENT"/><con:wsaConfig mustUnderstand="NONE" version="200508" action="urn:Medfusion/Medfusion/getEMStatusesByEMIdsRequest"/></con:call></con:operation><con:operation isOneWay="false" action="" name="getEMTemplatesByCriteria" bindingOperationName="getEMTemplatesByCriteria" type="Request-Response" outputName="getEMTemplatesByCriteriaResponse" inputName="getEMTemplatesByCriteriaRequest" receivesAttachments="false" sendsAttachments="false" anonymous="optional" id="3447fcd4-5a1f-4f6b-bf51-f34a5c84af8e"><con:settings/><con:call name="Request 1" outgoingWss="" incomingWss="" id="b32c1842-5732-414f-bf2a-323aaffcc69b"><con:settings/><con:encoding>UTF-8</con:encoding><con:endpoint>http://dev3-portal-wicket01.mf.qhg.local:8080/webservices/services/medfusion?wsdl</con:endpoint><con:request><![CDATA[<soapenv:Envelope xmlns:xsi="http://www.w3.org/2001/XMLSchema-instance" xmlns:xsd="http://www.w3.org/2001/XMLSchema" xmlns:soapenv="http://schemas.xmlsoap.org/soap/envelope/" xmlns:urn="urn:Medfusion" xmlns:soapenc="http://schemas.xmlsoap.org/soap/encoding/">
   <soapenv:Header/>
   <soapenv:Body>
      <urn:getEMTemplatesByCriteria soapenv:encodingStyle="http://schemas.xmlsoap.org/soap/encoding/">
         <in0 xsi:type="xsd:int">?</in0>
         <in1 xsi:type="urn:ArrayOf_tns4_Criteria" soapenc:arrayType="quer:Criteria[]" xmlns:quer="http://query.common.webservices.integrations.medfusion.net"/>
      </urn:getEMTemplatesByCriteria>
   </soapenv:Body>
</soapenv:Envelope>]]></con:request><con:credentials><con:username xsi:nil="true"/><con:password xsi:nil="true"/><con:domain xsi:nil="true"/></con:credentials><con:jmsConfig JMSDeliveryMode="PERSISTENT"/><con:wsaConfig mustUnderstand="NONE" version="200508" action="urn:Medfusion/Medfusion/getEMTemplatesByCriteriaRequest"/></con:call></con:operation><con:operation isOneWay="false" action="" name="getExternalIdForPractice" bindingOperationName="getExternalIdForPractice" type="Request-Response" outputName="getExternalIdForPracticeResponse" inputName="getExternalIdForPracticeRequest" receivesAttachments="false" sendsAttachments="false" anonymous="optional" id="a9bce031-c768-49a0-b450-eea4b47c582b"><con:settings/><con:call name="Request 1" outgoingWss="" incomingWss="" id="111a7c69-57d1-480d-8465-c59b945ff338"><con:settings/><con:encoding>UTF-8</con:encoding><con:endpoint>http://dev3-portal-wicket01.mf.qhg.local:8080/webservices/services/medfusion?wsdl</con:endpoint><con:request><![CDATA[<soapenv:Envelope xmlns:xsi="http://www.w3.org/2001/XMLSchema-instance" xmlns:xsd="http://www.w3.org/2001/XMLSchema" xmlns:soapenv="http://schemas.xmlsoap.org/soap/envelope/" xmlns:urn="urn:Medfusion">
   <soapenv:Header/>
   <soapenv:Body>
      <urn:getExternalIdForPractice soapenv:encodingStyle="http://schemas.xmlsoap.org/soap/encoding/">
         <in0 xsi:type="xsd:int">?</in0>
         <in1 xsi:type="xsd:int">?</in1>
      </urn:getExternalIdForPractice>
   </soapenv:Body>
</soapenv:Envelope>]]></con:request><con:credentials><con:username xsi:nil="true"/><con:password xsi:nil="true"/><con:domain xsi:nil="true"/></con:credentials><con:jmsConfig JMSDeliveryMode="PERSISTENT"/><con:wsaConfig mustUnderstand="NONE" version="200508" action="urn:Medfusion/Medfusion/getExternalIdForPracticeRequest"/></con:call></con:operation><con:operation isOneWay="false" action="" name="getExternalSystemsForPractice" bindingOperationName="getExternalSystemsForPractice" type="Request-Response" outputName="getExternalSystemsForPracticeResponse" inputName="getExternalSystemsForPracticeRequest" receivesAttachments="false" sendsAttachments="false" anonymous="optional" id="eb4dce66-fe54-4b97-ba12-3859ee33879b"><con:settings/><con:call name="Request 1" outgoingWss="" incomingWss="" id="84af0230-81a1-4aea-84f6-b2dceadf4d2d"><con:settings/><con:encoding>UTF-8</con:encoding><con:endpoint>http://dev3-portal-wicket01.mf.qhg.local:8080/webservices/services/medfusion?wsdl</con:endpoint><con:request><![CDATA[<soapenv:Envelope xmlns:xsi="http://www.w3.org/2001/XMLSchema-instance" xmlns:xsd="http://www.w3.org/2001/XMLSchema" xmlns:soapenv="http://schemas.xmlsoap.org/soap/envelope/" xmlns:urn="urn:Medfusion">
   <soapenv:Header/>
   <soapenv:Body>
      <urn:getExternalSystemsForPractice soapenv:encodingStyle="http://schemas.xmlsoap.org/soap/encoding/">
         <in0 xsi:type="xsd:int">?</in0>
      </urn:getExternalSystemsForPractice>
   </soapenv:Body>
</soapenv:Envelope>]]></con:request><con:credentials><con:username xsi:nil="true"/><con:password xsi:nil="true"/><con:domain xsi:nil="true"/></con:credentials><con:jmsConfig JMSDeliveryMode="PERSISTENT"/><con:wsaConfig mustUnderstand="NONE" version="200508" action="urn:Medfusion/Medfusion/getExternalSystemsForPracticeRequest"/></con:call></con:operation><con:operation isOneWay="false" action="" name="getInsurance2sForUsersByMedfusionIds" bindingOperationName="getInsurance2sForUsersByMedfusionIds" type="Request-Response" outputName="getInsurance2sForUsersByMedfusionIdsResponse" inputName="getInsurance2sForUsersByMedfusionIdsRequest" receivesAttachments="false" sendsAttachments="false" anonymous="optional" id="2aad1a6e-9197-4069-968e-f06bff268602"><con:settings/><con:call name="Request 1" outgoingWss="" incomingWss="" id="16140e58-e83f-46b4-8945-2f91b770a898"><con:settings/><con:encoding>UTF-8</con:encoding><con:endpoint>http://dev3-portal-wicket01.mf.qhg.local:8080/webservices/services/medfusion?wsdl</con:endpoint><con:request><![CDATA[<soapenv:Envelope xmlns:xsi="http://www.w3.org/2001/XMLSchema-instance" xmlns:xsd="http://www.w3.org/2001/XMLSchema" xmlns:soapenv="http://schemas.xmlsoap.org/soap/envelope/" xmlns:urn="urn:Medfusion" xmlns:soapenc="http://schemas.xmlsoap.org/soap/encoding/">
   <soapenv:Header/>
   <soapenv:Body>
      <urn:getInsurance2sForUsersByMedfusionIds soapenv:encodingStyle="http://schemas.xmlsoap.org/soap/encoding/">
         <in0 xsi:type="urn:ArrayOf_xsd_int" soapenc:arrayType="xsd:int[]"/>
      </urn:getInsurance2sForUsersByMedfusionIds>
   </soapenv:Body>
</soapenv:Envelope>]]></con:request><con:credentials><con:username xsi:nil="true"/><con:password xsi:nil="true"/><con:domain xsi:nil="true"/></con:credentials><con:jmsConfig JMSDeliveryMode="PERSISTENT"/><con:wsaConfig mustUnderstand="NONE" version="200508" action="urn:Medfusion/Medfusion/getInsurance2sForUsersByMedfusionIdsRequest"/></con:call></con:operation><con:operation isOneWay="false" action="" name="getInsurancesForUserByMedfusionId" bindingOperationName="getInsurancesForUserByMedfusionId" type="Request-Response" outputName="getInsurancesForUserByMedfusionIdResponse" inputName="getInsurancesForUserByMedfusionIdRequest" receivesAttachments="false" sendsAttachments="false" anonymous="optional" id="4aa7fef7-a861-4cdb-85e5-b430ea937293"><con:settings/><con:call name="Request 1" outgoingWss="" incomingWss="" id="9d9eb8af-07c3-460c-9180-56a870dd1238"><con:settings/><con:encoding>UTF-8</con:encoding><con:endpoint>http://dev3-portal-wicket01.mf.qhg.local:8080/webservices/services/medfusion?wsdl</con:endpoint><con:request><![CDATA[<soapenv:Envelope xmlns:xsi="http://www.w3.org/2001/XMLSchema-instance" xmlns:xsd="http://www.w3.org/2001/XMLSchema" xmlns:soapenv="http://schemas.xmlsoap.org/soap/envelope/" xmlns:urn="urn:Medfusion">
   <soapenv:Header/>
   <soapenv:Body>
      <urn:getInsurancesForUserByMedfusionId soapenv:encodingStyle="http://schemas.xmlsoap.org/soap/encoding/">
         <in0 xsi:type="xsd:int">?</in0>
      </urn:getInsurancesForUserByMedfusionId>
   </soapenv:Body>
</soapenv:Envelope>]]></con:request><con:credentials><con:username xsi:nil="true"/><con:password xsi:nil="true"/><con:domain xsi:nil="true"/></con:credentials><con:jmsConfig JMSDeliveryMode="PERSISTENT"/><con:wsaConfig mustUnderstand="NONE" version="200508" action="urn:Medfusion/Medfusion/getInsurancesForUserByMedfusionIdRequest"/></con:call></con:operation><con:operation isOneWay="false" action="" name="getInsurancesForUsersByMedfusionIds" bindingOperationName="getInsurancesForUsersByMedfusionIds" type="Request-Response" outputName="getInsurancesForUsersByMedfusionIdsResponse" inputName="getInsurancesForUsersByMedfusionIdsRequest" receivesAttachments="false" sendsAttachments="false" anonymous="optional" id="70dbeb5e-7926-48cd-b91c-70d00afa810c"><con:settings/><con:call name="Request 1" outgoingWss="" incomingWss="" id="a4661942-05e2-4089-a381-5455a1f653b9"><con:settings/><con:encoding>UTF-8</con:encoding><con:endpoint>http://dev3-portal-wicket01.mf.qhg.local:8080/webservices/services/medfusion?wsdl</con:endpoint><con:request><![CDATA[<soapenv:Envelope xmlns:xsi="http://www.w3.org/2001/XMLSchema-instance" xmlns:xsd="http://www.w3.org/2001/XMLSchema" xmlns:soapenv="http://schemas.xmlsoap.org/soap/envelope/" xmlns:urn="urn:Medfusion" xmlns:soapenc="http://schemas.xmlsoap.org/soap/encoding/">
   <soapenv:Header/>
   <soapenv:Body>
      <urn:getInsurancesForUsersByMedfusionIds soapenv:encodingStyle="http://schemas.xmlsoap.org/soap/encoding/">
         <in0 xsi:type="urn:ArrayOf_xsd_int" soapenc:arrayType="xsd:int[]"/>
      </urn:getInsurancesForUsersByMedfusionIds>
   </soapenv:Body>
</soapenv:Envelope>]]></con:request><con:credentials><con:username xsi:nil="true"/><con:password xsi:nil="true"/><con:domain xsi:nil="true"/></con:credentials><con:jmsConfig JMSDeliveryMode="PERSISTENT"/><con:wsaConfig mustUnderstand="NONE" version="200508" action="urn:Medfusion/Medfusion/getInsurancesForUsersByMedfusionIdsRequest"/></con:call></con:operation><con:operation isOneWay="false" action="" name="getLocation" bindingOperationName="getLocation" type="Request-Response" outputName="getLocationResponse" inputName="getLocationRequest" receivesAttachments="false" sendsAttachments="false" anonymous="optional" id="0cf01d3f-6e8e-4e2d-8f92-ca1544686082"><con:settings/><con:call name="Request 1" outgoingWss="" incomingWss="" id="a6852e49-087c-4be1-b696-a2baa03258f8"><con:settings/><con:encoding>UTF-8</con:encoding><con:endpoint>http://dev3-portal-wicket01.mf.qhg.local:8080/webservices/services/medfusion?wsdl</con:endpoint><con:request><![CDATA[<soapenv:Envelope xmlns:xsi="http://www.w3.org/2001/XMLSchema-instance" xmlns:xsd="http://www.w3.org/2001/XMLSchema" xmlns:soapenv="http://schemas.xmlsoap.org/soap/envelope/" xmlns:urn="urn:Medfusion">
   <soapenv:Header/>
   <soapenv:Body>
      <urn:getLocation soapenv:encodingStyle="http://schemas.xmlsoap.org/soap/encoding/">
         <in0 xsi:type="xsd:int">?</in0>
      </urn:getLocation>
   </soapenv:Body>
</soapenv:Envelope>]]></con:request><con:credentials><con:username xsi:nil="true"/><con:password xsi:nil="true"/><con:domain xsi:nil="true"/></con:credentials><con:jmsConfig JMSDeliveryMode="PERSISTENT"/><con:wsaConfig mustUnderstand="NONE" version="200508" action="urn:Medfusion/Medfusion/getLocationRequest"/></con:call></con:operation><con:operation isOneWay="false" action="" name="getLocationByExternalId" bindingOperationName="getLocationByExternalId" type="Request-Response" outputName="getLocationByExternalIdResponse" inputName="getLocationByExternalIdRequest" receivesAttachments="false" sendsAttachments="false" anonymous="optional" id="c71b08d1-3527-4bda-8b63-37e466fd5fc3"><con:settings/><con:call name="Request 1" outgoingWss="" incomingWss="" id="f89c86fe-bfc4-4209-be0c-b232fc38d5f2"><con:settings/><con:encoding>UTF-8</con:encoding><con:endpoint>http://dev3-portal-wicket01.mf.qhg.local:8080/webservices/services/medfusion?wsdl</con:endpoint><con:request><![CDATA[<soapenv:Envelope xmlns:xsi="http://www.w3.org/2001/XMLSchema-instance" xmlns:xsd="http://www.w3.org/2001/XMLSchema" xmlns:soapenv="http://schemas.xmlsoap.org/soap/envelope/" xmlns:urn="urn:Medfusion">
   <soapenv:Header/>
   <soapenv:Body>
      <urn:getLocationByExternalId soapenv:encodingStyle="http://schemas.xmlsoap.org/soap/encoding/">
         <in0 xsi:type="xsd:int">?</in0>
         <in1 xsi:type="xsd:string">?</in1>
         <in2 xsi:type="xsd:int">?</in2>
      </urn:getLocationByExternalId>
   </soapenv:Body>
</soapenv:Envelope>]]></con:request><con:credentials><con:username xsi:nil="true"/><con:password xsi:nil="true"/><con:domain xsi:nil="true"/></con:credentials><con:jmsConfig JMSDeliveryMode="PERSISTENT"/><con:wsaConfig mustUnderstand="NONE" version="200508" action="urn:Medfusion/Medfusion/getLocationByExternalIdRequest"/></con:call></con:operation><con:operation isOneWay="false" action="" name="getLocationsForPractice" bindingOperationName="getLocationsForPractice" type="Request-Response" outputName="getLocationsForPracticeResponse" inputName="getLocationsForPracticeRequest" receivesAttachments="false" sendsAttachments="false" anonymous="optional" id="7bdfbe96-251c-4ea8-a2f7-fa8480d27472"><con:settings/><con:call name="Request 1" outgoingWss="" incomingWss="" id="93416c3f-9422-4343-a359-1a3fbf6b90c5"><con:settings/><con:encoding>UTF-8</con:encoding><con:endpoint>http://dev3-portal-wicket01.mf.qhg.local:8080/webservices/services/medfusion?wsdl</con:endpoint><con:request><![CDATA[<soapenv:Envelope xmlns:xsi="http://www.w3.org/2001/XMLSchema-instance" xmlns:xsd="http://www.w3.org/2001/XMLSchema" xmlns:soapenv="http://schemas.xmlsoap.org/soap/envelope/" xmlns:urn="urn:Medfusion">
   <soapenv:Header/>
   <soapenv:Body>
      <urn:getLocationsForPractice soapenv:encodingStyle="http://schemas.xmlsoap.org/soap/encoding/">
         <in0 xsi:type="xsd:int">?</in0>
      </urn:getLocationsForPractice>
   </soapenv:Body>
</soapenv:Envelope>]]></con:request><con:credentials><con:username xsi:nil="true"/><con:password xsi:nil="true"/><con:domain xsi:nil="true"/></con:credentials><con:jmsConfig JMSDeliveryMode="PERSISTENT"/><con:wsaConfig mustUnderstand="NONE" version="200508" action="urn:Medfusion/Medfusion/getLocationsForPracticeRequest"/></con:call></con:operation><con:operation isOneWay="false" action="" name="getMemberForUser" bindingOperationName="getMemberForUser" type="Request-Response" outputName="getMemberForUserResponse" inputName="getMemberForUserRequest" receivesAttachments="false" sendsAttachments="false" anonymous="optional" id="63cc3e71-fc1e-4e7b-aaf8-14643406d03d"><con:settings/><con:call name="Request 1" outgoingWss="" incomingWss="" id="6daaeafb-f16e-4588-9431-533028a78e35"><con:settings/><con:encoding>UTF-8</con:encoding><con:endpoint>http://dev3-portal-wicket01.mf.qhg.local:8080/webservices/services/medfusion?wsdl</con:endpoint><con:request><![CDATA[<soapenv:Envelope xmlns:xsi="http://www.w3.org/2001/XMLSchema-instance" xmlns:xsd="http://www.w3.org/2001/XMLSchema" xmlns:soapenv="http://schemas.xmlsoap.org/soap/envelope/" xmlns:urn="urn:Medfusion">
   <soapenv:Header/>
   <soapenv:Body>
      <urn:getMemberForUser soapenv:encodingStyle="http://schemas.xmlsoap.org/soap/encoding/">
         <in0 xsi:type="xsd:int">?</in0>
      </urn:getMemberForUser>
   </soapenv:Body>
</soapenv:Envelope>]]></con:request><con:credentials><con:username xsi:nil="true"/><con:password xsi:nil="true"/><con:domain xsi:nil="true"/></con:credentials><con:jmsConfig JMSDeliveryMode="PERSISTENT"/><con:wsaConfig mustUnderstand="NONE" version="200508" action="urn:Medfusion/Medfusion/getMemberForUserRequest"/></con:call></con:operation><con:operation isOneWay="false" action="" name="getMemberForUsersByCriteria" bindingOperationName="getMemberForUsersByCriteria" type="Request-Response" outputName="getMemberForUsersByCriteriaResponse" inputName="getMemberForUsersByCriteriaRequest" receivesAttachments="false" sendsAttachments="false" anonymous="optional" id="004d4e7b-798d-4439-88d8-24d0fb557e7d"><con:settings/><con:call name="Request 1" outgoingWss="" incomingWss="" id="7d8931f0-3a9e-4577-9977-49245aa8acba"><con:settings/><con:encoding>UTF-8</con:encoding><con:endpoint>http://dev3-portal-wicket01.mf.qhg.local:8080/webservices/services/medfusion?wsdl</con:endpoint><con:request><![CDATA[<soapenv:Envelope xmlns:xsi="http://www.w3.org/2001/XMLSchema-instance" xmlns:xsd="http://www.w3.org/2001/XMLSchema" xmlns:soapenv="http://schemas.xmlsoap.org/soap/envelope/" xmlns:urn="urn:Medfusion" xmlns:soapenc="http://schemas.xmlsoap.org/soap/encoding/">
   <soapenv:Header/>
   <soapenv:Body>
      <urn:getMemberForUsersByCriteria soapenv:encodingStyle="http://schemas.xmlsoap.org/soap/encoding/">
         <in0 xsi:type="xsd:int">?</in0>
         <in1 xsi:type="urn:ArrayOf_tns4_Criteria" soapenc:arrayType="quer:Criteria[]" xmlns:quer="http://query.common.webservices.integrations.medfusion.net"/>
         <in2 xsi:type="urn:ArrayOf_xsd_string" soapenc:arrayType="xsd:string[]"/>
      </urn:getMemberForUsersByCriteria>
   </soapenv:Body>
</soapenv:Envelope>]]></con:request><con:credentials><con:username xsi:nil="true"/><con:password xsi:nil="true"/><con:domain xsi:nil="true"/></con:credentials><con:jmsConfig JMSDeliveryMode="PERSISTENT"/><con:wsaConfig mustUnderstand="NONE" version="200508" action="urn:Medfusion/Medfusion/getMemberForUsersByCriteriaRequest"/></con:call></con:operation><con:operation isOneWay="false" action="" name="getMemberForUsersByData" bindingOperationName="getMemberForUsersByData" type="Request-Response" outputName="getMemberForUsersByDataResponse" inputName="getMemberForUsersByDataRequest" receivesAttachments="false" sendsAttachments="false" anonymous="optional" id="0f9dddd5-cdaa-4cdc-a5dd-9e838f9f48ab"><con:settings/><con:call name="Request 1" outgoingWss="" incomingWss="" id="ad87cf41-4ff0-4d73-b878-6897d8a18698"><con:settings/><con:encoding>UTF-8</con:encoding><con:endpoint>http://dev3-portal-wicket01.mf.qhg.local:8080/webservices/services/medfusion?wsdl</con:endpoint><con:request><![CDATA[<soapenv:Envelope xmlns:xsi="http://www.w3.org/2001/XMLSchema-instance" xmlns:xsd="http://www.w3.org/2001/XMLSchema" xmlns:soapenv="http://schemas.xmlsoap.org/soap/envelope/" xmlns:urn="urn:Medfusion" xmlns:soapenc="http://schemas.xmlsoap.org/soap/encoding/">
   <soapenv:Header/>
   <soapenv:Body>
      <urn:getMemberForUsersByData soapenv:encodingStyle="http://schemas.xmlsoap.org/soap/encoding/">
         <in0 xsi:type="xsd:int">?</in0>
         <in1 xsi:type="xsd:string">?</in1>
         <in2 xsi:type="xsd:string">?</in2>
         <in3 xsi:type="xsd:string">?</in3>
         <in4 xsi:type="xsd:dateTime">?</in4>
         <in5 xsi:type="xsd:dateTime">?</in5>
         <in6 xsi:type="xsd:string">?</in6>
         <in7 xsi:type="xsd:string">?</in7>
         <in8 xsi:type="xsd:string">?</in8>
         <in9 xsi:type="xsd:string">?</in9>
         <in10 xsi:type="urn:ArrayOf_xsd_string" soapenc:arrayType="xsd:string[]"/>
      </urn:getMemberForUsersByData>
   </soapenv:Body>
</soapenv:Envelope>]]></con:request><con:credentials><con:username xsi:nil="true"/><con:password xsi:nil="true"/><con:domain xsi:nil="true"/></con:credentials><con:jmsConfig JMSDeliveryMode="PERSISTENT"/><con:wsaConfig mustUnderstand="NONE" version="200508" action="urn:Medfusion/Medfusion/getMemberForUsersByDataRequest"/></con:call></con:operation><con:operation isOneWay="false" action="" name="getMemberForUsersByMedfusionIds" bindingOperationName="getMemberForUsersByMedfusionIds" type="Request-Response" outputName="getMemberForUsersByMedfusionIdsResponse" inputName="getMemberForUsersByMedfusionIdsRequest" receivesAttachments="false" sendsAttachments="false" anonymous="optional" id="320a81b9-74ae-41cb-a31a-a594f5b90111"><con:settings/><con:call name="Request 1" outgoingWss="" incomingWss="" id="2bfdcaf9-89ff-4ff6-97e8-cea0fe68a5aa"><con:settings/><con:encoding>UTF-8</con:encoding><con:endpoint>http://dev3-portal-wicket01.mf.qhg.local:8080/webservices/services/medfusion?wsdl</con:endpoint><con:request><![CDATA[<soapenv:Envelope xmlns:xsi="http://www.w3.org/2001/XMLSchema-instance" xmlns:xsd="http://www.w3.org/2001/XMLSchema" xmlns:soapenv="http://schemas.xmlsoap.org/soap/envelope/" xmlns:urn="urn:Medfusion" xmlns:soapenc="http://schemas.xmlsoap.org/soap/encoding/">
   <soapenv:Header/>
   <soapenv:Body>
      <urn:getMemberForUsersByMedfusionIds soapenv:encodingStyle="http://schemas.xmlsoap.org/soap/encoding/">
         <in0 xsi:type="urn:ArrayOf_xsd_int" soapenc:arrayType="xsd:int[]"/>
         <in1 xsi:type="urn:ArrayOf_xsd_string" soapenc:arrayType="xsd:string[]"/>
      </urn:getMemberForUsersByMedfusionIds>
   </soapenv:Body>
</soapenv:Envelope>]]></con:request><con:credentials><con:username xsi:nil="true"/><con:password xsi:nil="true"/><con:domain xsi:nil="true"/></con:credentials><con:jmsConfig JMSDeliveryMode="PERSISTENT"/><con:wsaConfig mustUnderstand="NONE" version="200508" action="urn:Medfusion/Medfusion/getMemberForUsersByMedfusionIdsRequest"/></con:call></con:operation><con:operation isOneWay="false" action="" name="getMemberLockedsByCriteria" bindingOperationName="getMemberLockedsByCriteria" type="Request-Response" outputName="getMemberLockedsByCriteriaResponse" inputName="getMemberLockedsByCriteriaRequest" receivesAttachments="false" sendsAttachments="false" anonymous="optional" id="d350f7d1-1f55-4e94-95f8-ad0991003c30"><con:settings/><con:call name="Request 1" outgoingWss="" incomingWss="" id="ebe4d269-73b4-48e8-b182-91743672f6e0"><con:settings/><con:encoding>UTF-8</con:encoding><con:endpoint>http://dev3-portal-wicket01.mf.qhg.local:8080/webservices/services/medfusion?wsdl</con:endpoint><con:request><![CDATA[<soapenv:Envelope xmlns:xsi="http://www.w3.org/2001/XMLSchema-instance" xmlns:xsd="http://www.w3.org/2001/XMLSchema" xmlns:soapenv="http://schemas.xmlsoap.org/soap/envelope/" xmlns:urn="urn:Medfusion" xmlns:soapenc="http://schemas.xmlsoap.org/soap/encoding/">
   <soapenv:Header/>
   <soapenv:Body>
      <urn:getMemberLockedsByCriteria soapenv:encodingStyle="http://schemas.xmlsoap.org/soap/encoding/">
         <in0 xsi:type="xsd:int">?</in0>
         <in1 xsi:type="urn:ArrayOf_tns4_Criteria" soapenc:arrayType="quer:Criteria[]" xmlns:quer="http://query.common.webservices.integrations.medfusion.net"/>
      </urn:getMemberLockedsByCriteria>
   </soapenv:Body>
</soapenv:Envelope>]]></con:request><con:credentials><con:username xsi:nil="true"/><con:password xsi:nil="true"/><con:domain xsi:nil="true"/></con:credentials><con:jmsConfig JMSDeliveryMode="PERSISTENT"/><con:wsaConfig mustUnderstand="NONE" version="200508" action="urn:Medfusion/Medfusion/getMemberLockedsByCriteriaRequest"/></con:call></con:operation><con:operation isOneWay="false" action="" name="getMemberMapForUser" bindingOperationName="getMemberMapForUser" type="Request-Response" outputName="getMemberMapForUserResponse" inputName="getMemberMapForUserRequest" receivesAttachments="false" sendsAttachments="false" anonymous="optional" id="f70724a0-bf19-4a47-aa40-22fb6120e1ab"><con:settings/><con:call name="Request 1" outgoingWss="" incomingWss="" id="6963db17-db2a-4aff-a714-524f8c2d323c"><con:settings/><con:encoding>UTF-8</con:encoding><con:endpoint>http://dev3-portal-wicket01.mf.qhg.local:8080/webservices/services/medfusion?wsdl</con:endpoint><con:request><![CDATA[<soapenv:Envelope xmlns:xsi="http://www.w3.org/2001/XMLSchema-instance" xmlns:xsd="http://www.w3.org/2001/XMLSchema" xmlns:soapenv="http://schemas.xmlsoap.org/soap/envelope/" xmlns:urn="urn:Medfusion" xmlns:soapenc="http://schemas.xmlsoap.org/soap/encoding/">
   <soapenv:Header/>
   <soapenv:Body>
      <urn:getMemberMapForUser soapenv:encodingStyle="http://schemas.xmlsoap.org/soap/encoding/">
         <in0 xsi:type="urn:ArrayOf_xsd_string" soapenc:arrayType="xsd:string[]"/>
         <in1 xsi:type="xsd:int">?</in1>
      </urn:getMemberMapForUser>
   </soapenv:Body>
</soapenv:Envelope>]]></con:request><con:credentials><con:username xsi:nil="true"/><con:password xsi:nil="true"/><con:domain xsi:nil="true"/></con:credentials><con:jmsConfig JMSDeliveryMode="PERSISTENT"/><con:wsaConfig mustUnderstand="NONE" version="200508" action="urn:Medfusion/Medfusion/getMemberMapForUserRequest"/></con:call></con:operation><con:operation isOneWay="false" action="" name="getMemberMapForUserByPracticeIdAndPatientId" bindingOperationName="getMemberMapForUserByPracticeIdAndPatientId" type="Request-Response" outputName="getMemberMapForUserByPracticeIdAndPatientIdResponse" inputName="getMemberMapForUserByPracticeIdAndPatientIdRequest" receivesAttachments="false" sendsAttachments="false" anonymous="optional" id="37110844-76ca-41f2-b7b7-2dcab590edc3"><con:settings/><con:call name="Request 1" outgoingWss="" incomingWss="" id="827c34cc-cb12-44c4-8f7f-a85d96a53669"><con:settings/><con:encoding>UTF-8</con:encoding><con:endpoint>http://dev3-portal-wicket01.mf.qhg.local:8080/webservices/services/medfusion?wsdl</con:endpoint><con:request><![CDATA[<soapenv:Envelope xmlns:xsi="http://www.w3.org/2001/XMLSchema-instance" xmlns:xsd="http://www.w3.org/2001/XMLSchema" xmlns:soapenv="http://schemas.xmlsoap.org/soap/envelope/" xmlns:urn="urn:Medfusion" xmlns:soapenc="http://schemas.xmlsoap.org/soap/encoding/">
   <soapenv:Header/>
   <soapenv:Body>
      <urn:getMemberMapForUserByPracticeIdAndPatientId soapenv:encodingStyle="http://schemas.xmlsoap.org/soap/encoding/">
         <in0 xsi:type="urn:ArrayOf_xsd_string" soapenc:arrayType="xsd:string[]"/>
         <in1 xsi:type="xsd:int">?</in1>
         <in2 xsi:type="xsd:string">?</in2>
      </urn:getMemberMapForUserByPracticeIdAndPatientId>
   </soapenv:Body>
</soapenv:Envelope>]]></con:request><con:credentials><con:username xsi:nil="true"/><con:password xsi:nil="true"/><con:domain xsi:nil="true"/></con:credentials><con:jmsConfig JMSDeliveryMode="PERSISTENT"/><con:wsaConfig mustUnderstand="NONE" version="200508" action="urn:Medfusion/Medfusion/getMemberMapForUserByPracticeIdAndPatientIdRequest"/></con:call></con:operation><con:operation isOneWay="false" action="" name="getMemberMapForUsersByCriteria" bindingOperationName="getMemberMapForUsersByCriteria" type="Request-Response" outputName="getMemberMapForUsersByCriteriaResponse" inputName="getMemberMapForUsersByCriteriaRequest" receivesAttachments="false" sendsAttachments="false" anonymous="optional" id="fd769b18-6ca3-43b9-a4be-9cf8fb6e48da"><con:settings/><con:call name="Request 1" outgoingWss="" incomingWss="" id="2dc62f64-d721-4518-9599-6f796ca3f14d"><con:settings/><con:encoding>UTF-8</con:encoding><con:endpoint>http://dev3-portal-wicket01.mf.qhg.local:8080/webservices/services/medfusion?wsdl</con:endpoint><con:request><![CDATA[<soapenv:Envelope xmlns:xsi="http://www.w3.org/2001/XMLSchema-instance" xmlns:xsd="http://www.w3.org/2001/XMLSchema" xmlns:soapenv="http://schemas.xmlsoap.org/soap/envelope/" xmlns:urn="urn:Medfusion" xmlns:soapenc="http://schemas.xmlsoap.org/soap/encoding/">
   <soapenv:Header/>
   <soapenv:Body>
      <urn:getMemberMapForUsersByCriteria soapenv:encodingStyle="http://schemas.xmlsoap.org/soap/encoding/">
         <in0 xsi:type="xsd:int">?</in0>
         <in1 xsi:type="urn:ArrayOf_xsd_string" soapenc:arrayType="xsd:string[]"/>
         <in2 xsi:type="urn:ArrayOf_tns4_Criteria" soapenc:arrayType="quer:Criteria[]" xmlns:quer="http://query.common.webservices.integrations.medfusion.net"/>
         <in3 xsi:type="urn:ArrayOf_xsd_string" soapenc:arrayType="xsd:string[]"/>
      </urn:getMemberMapForUsersByCriteria>
   </soapenv:Body>
</soapenv:Envelope>]]></con:request><con:credentials><con:username xsi:nil="true"/><con:password xsi:nil="true"/><con:domain xsi:nil="true"/></con:credentials><con:jmsConfig JMSDeliveryMode="PERSISTENT"/><con:wsaConfig mustUnderstand="NONE" version="200508" action="urn:Medfusion/Medfusion/getMemberMapForUsersByCriteriaRequest"/></con:call></con:operation><con:operation isOneWay="false" action="" name="getMemberMapForUsersByData" bindingOperationName="getMemberMapForUsersByData" type="Request-Response" outputName="getMemberMapForUsersByDataResponse" inputName="getMemberMapForUsersByDataRequest" receivesAttachments="false" sendsAttachments="false" anonymous="optional" id="c6b62d1d-27c2-4e06-975c-0151bfa5f20a"><con:settings/><con:call name="Request 1" outgoingWss="" incomingWss="" id="3c9e46c8-53d2-4c6d-ac04-e8ead25c5d2a"><con:settings/><con:encoding>UTF-8</con:encoding><con:endpoint>http://dev3-portal-wicket01.mf.qhg.local:8080/webservices/services/medfusion?wsdl</con:endpoint><con:request><![CDATA[<soapenv:Envelope xmlns:xsi="http://www.w3.org/2001/XMLSchema-instance" xmlns:xsd="http://www.w3.org/2001/XMLSchema" xmlns:soapenv="http://schemas.xmlsoap.org/soap/envelope/" xmlns:urn="urn:Medfusion" xmlns:soapenc="http://schemas.xmlsoap.org/soap/encoding/">
   <soapenv:Header/>
   <soapenv:Body>
      <urn:getMemberMapForUsersByData soapenv:encodingStyle="http://schemas.xmlsoap.org/soap/encoding/">
         <in0 xsi:type="xsd:int">?</in0>
         <in1 xsi:type="urn:ArrayOf_xsd_string" soapenc:arrayType="xsd:string[]"/>
         <in2 xsi:type="xsd:string">?</in2>
         <in3 xsi:type="xsd:string">?</in3>
         <in4 xsi:type="xsd:string">?</in4>
         <in5 xsi:type="xsd:dateTime">?</in5>
         <in6 xsi:type="xsd:dateTime">?</in6>
         <in7 xsi:type="xsd:string">?</in7>
         <in8 xsi:type="xsd:string">?</in8>
         <in9 xsi:type="xsd:string">?</in9>
         <in10 xsi:type="xsd:string">?</in10>
         <in11 xsi:type="urn:ArrayOf_xsd_string" soapenc:arrayType="xsd:string[]"/>
      </urn:getMemberMapForUsersByData>
   </soapenv:Body>
</soapenv:Envelope>]]></con:request><con:credentials><con:username xsi:nil="true"/><con:password xsi:nil="true"/><con:domain xsi:nil="true"/></con:credentials><con:jmsConfig JMSDeliveryMode="PERSISTENT"/><con:wsaConfig mustUnderstand="NONE" version="200508" action="urn:Medfusion/Medfusion/getMemberMapForUsersByDataRequest"/></con:call></con:operation><con:operation isOneWay="false" action="" name="getMemberMapForUsersByMedfusionIds" bindingOperationName="getMemberMapForUsersByMedfusionIds" type="Request-Response" outputName="getMemberMapForUsersByMedfusionIdsResponse" inputName="getMemberMapForUsersByMedfusionIdsRequest" receivesAttachments="false" sendsAttachments="false" anonymous="optional" id="042a22fe-dd43-491c-a5f8-be20e1c97b2a"><con:settings/><con:call name="Request 1" outgoingWss="" incomingWss="" id="26199550-44a5-43d6-80ee-5aab9dcbb125"><con:settings/><con:encoding>UTF-8</con:encoding><con:endpoint>http://dev3-portal-wicket01.mf.qhg.local:8080/webservices/services/medfusion?wsdl</con:endpoint><con:request><![CDATA[<soapenv:Envelope xmlns:xsi="http://www.w3.org/2001/XMLSchema-instance" xmlns:xsd="http://www.w3.org/2001/XMLSchema" xmlns:soapenv="http://schemas.xmlsoap.org/soap/envelope/" xmlns:urn="urn:Medfusion" xmlns:soapenc="http://schemas.xmlsoap.org/soap/encoding/">
   <soapenv:Header/>
   <soapenv:Body>
      <urn:getMemberMapForUsersByMedfusionIds soapenv:encodingStyle="http://schemas.xmlsoap.org/soap/encoding/">
         <in0 xsi:type="urn:ArrayOf_xsd_string" soapenc:arrayType="xsd:string[]"/>
         <in1 xsi:type="urn:ArrayOf_xsd_int" soapenc:arrayType="xsd:int[]"/>
         <in2 xsi:type="urn:ArrayOf_xsd_string" soapenc:arrayType="xsd:string[]"/>
      </urn:getMemberMapForUsersByMedfusionIds>
   </soapenv:Body>
</soapenv:Envelope>]]></con:request><con:credentials><con:username xsi:nil="true"/><con:password xsi:nil="true"/><con:domain xsi:nil="true"/></con:credentials><con:jmsConfig JMSDeliveryMode="PERSISTENT"/><con:wsaConfig mustUnderstand="NONE" version="200508" action="urn:Medfusion/Medfusion/getMemberMapForUsersByMedfusionIdsRequest"/></con:call></con:operation><con:operation isOneWay="false" action="" name="getMemberMapsByExternalIds" bindingOperationName="getMemberMapsByExternalIds" type="Request-Response" outputName="getMemberMapsByExternalIdsResponse" inputName="getMemberMapsByExternalIdsRequest" receivesAttachments="false" sendsAttachments="false" anonymous="optional" id="a1481dfc-bbf0-4f07-af1c-c0dbacb711d7"><con:settings/><con:call name="Request 1" outgoingWss="" incomingWss="" id="549eff80-1cef-4cb9-9f7b-7e0b490769b6"><con:settings/><con:encoding>UTF-8</con:encoding><con:endpoint>http://dev3-portal-wicket01.mf.qhg.local:8080/webservices/services/medfusion?wsdl</con:endpoint><con:request><![CDATA[<soapenv:Envelope xmlns:xsi="http://www.w3.org/2001/XMLSchema-instance" xmlns:xsd="http://www.w3.org/2001/XMLSchema" xmlns:soapenv="http://schemas.xmlsoap.org/soap/envelope/" xmlns:urn="urn:Medfusion" xmlns:soapenc="http://schemas.xmlsoap.org/soap/encoding/">
   <soapenv:Header/>
   <soapenv:Body>
      <urn:getMemberMapsByExternalIds soapenv:encodingStyle="http://schemas.xmlsoap.org/soap/encoding/">
         <in0 xsi:type="xsd:int">?</in0>
         <in1 xsi:type="urn:ArrayOf_xsd_string" soapenc:arrayType="xsd:string[]"/>
         <in2 xsi:type="xsd:int">?</in2>
         <in3 xsi:type="urn:ArrayOf_xsd_string" soapenc:arrayType="xsd:string[]"/>
      </urn:getMemberMapsByExternalIds>
   </soapenv:Body>
</soapenv:Envelope>]]></con:request><con:credentials><con:username xsi:nil="true"/><con:password xsi:nil="true"/><con:domain xsi:nil="true"/></con:credentials><con:jmsConfig JMSDeliveryMode="PERSISTENT"/><con:wsaConfig mustUnderstand="NONE" version="200508" action="urn:Medfusion/Medfusion/getMemberMapsByExternalIdsRequest"/></con:call></con:operation><con:operation isOneWay="false" action="" name="getOBPByCriteria" bindingOperationName="getOBPByCriteria" type="Request-Response" outputName="getOBPByCriteriaResponse" inputName="getOBPByCriteriaRequest" receivesAttachments="false" sendsAttachments="false" anonymous="optional" id="6240e31d-8c95-4115-bb5f-ae421683de03"><con:settings/><con:call name="Request 1" outgoingWss="" incomingWss="" id="a3485639-3d9b-46a7-88b0-7eb89dea1d77"><con:settings/><con:encoding>UTF-8</con:encoding><con:endpoint>http://dev3-portal-wicket01.mf.qhg.local:8080/webservices/services/medfusion?wsdl</con:endpoint><con:request><![CDATA[<soapenv:Envelope xmlns:xsi="http://www.w3.org/2001/XMLSchema-instance" xmlns:xsd="http://www.w3.org/2001/XMLSchema" xmlns:soapenv="http://schemas.xmlsoap.org/soap/envelope/" xmlns:urn="urn:Medfusion" xmlns:soapenc="http://schemas.xmlsoap.org/soap/encoding/">
   <soapenv:Header/>
   <soapenv:Body>
      <urn:getOBPByCriteria soapenv:encodingStyle="http://schemas.xmlsoap.org/soap/encoding/">
         <in0 xsi:type="xsd:int">?</in0>
         <in1 xsi:type="urn:ArrayOf_tns4_Criteria" soapenc:arrayType="quer:Criteria[]" xmlns:quer="http://query.common.webservices.integrations.medfusion.net"/>
      </urn:getOBPByCriteria>
   </soapenv:Body>
</soapenv:Envelope>]]></con:request><con:credentials><con:username xsi:nil="true"/><con:password xsi:nil="true"/><con:domain xsi:nil="true"/></con:credentials><con:jmsConfig JMSDeliveryMode="PERSISTENT"/><con:wsaConfig mustUnderstand="NONE" version="200508" action="urn:Medfusion/Medfusion/getOBPByCriteriaRequest"/></con:call></con:operation><con:operation isOneWay="false" action="" name="getPharmacyByCriteria" bindingOperationName="getPharmacyByCriteria" type="Request-Response" outputName="getPharmacyByCriteriaResponse" inputName="getPharmacyByCriteriaRequest" receivesAttachments="false" sendsAttachments="false" anonymous="optional" id="2e8884a5-ae91-4447-bbc0-d32ebcfc53cf"><con:settings/><con:call name="Request 1" outgoingWss="" incomingWss="" id="a7ebedd1-3b59-45a4-a720-3973adad0d54"><con:settings/><con:encoding>UTF-8</con:encoding><con:endpoint>http://dev3-portal-wicket01.mf.qhg.local:8080/webservices/services/medfusion?wsdl</con:endpoint><con:request><![CDATA[<soapenv:Envelope xmlns:xsi="http://www.w3.org/2001/XMLSchema-instance" xmlns:xsd="http://www.w3.org/2001/XMLSchema" xmlns:soapenv="http://schemas.xmlsoap.org/soap/envelope/" xmlns:urn="urn:Medfusion" xmlns:soapenc="http://schemas.xmlsoap.org/soap/encoding/">
   <soapenv:Header/>
   <soapenv:Body>
      <urn:getPharmacyByCriteria soapenv:encodingStyle="http://schemas.xmlsoap.org/soap/encoding/">
         <in0 xsi:type="xsd:int">?</in0>
         <in1 xsi:type="urn:ArrayOf_tns4_Criteria" soapenc:arrayType="quer:Criteria[]" xmlns:quer="http://query.common.webservices.integrations.medfusion.net"/>
      </urn:getPharmacyByCriteria>
   </soapenv:Body>
</soapenv:Envelope>]]></con:request><con:credentials><con:username xsi:nil="true"/><con:password xsi:nil="true"/><con:domain xsi:nil="true"/></con:credentials><con:jmsConfig JMSDeliveryMode="PERSISTENT"/><con:wsaConfig mustUnderstand="NONE" version="200508" action="urn:Medfusion/Medfusion/getPharmacyByCriteriaRequest"/></con:call></con:operation><con:operation isOneWay="false" action="" name="getPractice" bindingOperationName="getPractice" type="Request-Response" outputName="getPracticeResponse" inputName="getPracticeRequest" receivesAttachments="false" sendsAttachments="false" anonymous="optional" id="647d9149-e0fe-4e07-bcde-92a058ea37b5"><con:settings/><con:call name="Request 1" outgoingWss="" incomingWss="" id="fd81c36a-c1bd-4006-a918-2ccb9ec2f72a"><con:settings/><con:encoding>UTF-8</con:encoding><con:endpoint>http://dev3-portal-wicket01.mf.qhg.local:8080/webservices/services/medfusion?wsdl</con:endpoint><con:request><![CDATA[<soapenv:Envelope xmlns:xsi="http://www.w3.org/2001/XMLSchema-instance" xmlns:xsd="http://www.w3.org/2001/XMLSchema" xmlns:soapenv="http://schemas.xmlsoap.org/soap/envelope/" xmlns:urn="urn:Medfusion">
   <soapenv:Header/>
   <soapenv:Body>
      <urn:getPractice soapenv:encodingStyle="http://schemas.xmlsoap.org/soap/encoding/">
         <in0 xsi:type="xsd:int">?</in0>
      </urn:getPractice>
   </soapenv:Body>
</soapenv:Envelope>]]></con:request><con:credentials><con:username xsi:nil="true"/><con:password xsi:nil="true"/><con:domain xsi:nil="true"/></con:credentials><con:jmsConfig JMSDeliveryMode="PERSISTENT"/><con:wsaConfig mustUnderstand="NONE" version="200508" action="urn:Medfusion/Medfusion/getPracticeRequest"/></con:call></con:operation><con:operation isOneWay="false" action="" name="getPracticesForMedfusionId" bindingOperationName="getPracticesForMedfusionId" type="Request-Response" outputName="getPracticesForMedfusionIdResponse" inputName="getPracticesForMedfusionIdRequest" receivesAttachments="false" sendsAttachments="false" anonymous="optional" id="b5615e45-9483-434e-8dbd-81665cc1cde0"><con:settings/><con:call name="Request 1" outgoingWss="" incomingWss="" id="d36b04a8-2905-4992-b4e2-e8ff388c4b8f"><con:settings/><con:encoding>UTF-8</con:encoding><con:endpoint>http://dev3-portal-wicket01.mf.qhg.local:8080/webservices/services/medfusion?wsdl</con:endpoint><con:request><![CDATA[<soapenv:Envelope xmlns:xsi="http://www.w3.org/2001/XMLSchema-instance" xmlns:xsd="http://www.w3.org/2001/XMLSchema" xmlns:soapenv="http://schemas.xmlsoap.org/soap/envelope/" xmlns:urn="urn:Medfusion">
   <soapenv:Header/>
   <soapenv:Body>
      <urn:getPracticesForMedfusionId soapenv:encodingStyle="http://schemas.xmlsoap.org/soap/encoding/">
         <in0 xsi:type="xsd:int">?</in0>
      </urn:getPracticesForMedfusionId>
   </soapenv:Body>
</soapenv:Envelope>]]></con:request><con:credentials><con:username xsi:nil="true"/><con:password xsi:nil="true"/><con:domain xsi:nil="true"/></con:credentials><con:jmsConfig JMSDeliveryMode="PERSISTENT"/><con:wsaConfig mustUnderstand="NONE" version="200508" action="urn:Medfusion/Medfusion/getPracticesForMedfusionIdRequest"/></con:call></con:operation><con:operation isOneWay="false" action="" name="getRxRefillReqByCriteria" bindingOperationName="getRxRefillReqByCriteria" type="Request-Response" outputName="getRxRefillReqByCriteriaResponse" inputName="getRxRefillReqByCriteriaRequest" receivesAttachments="false" sendsAttachments="false" anonymous="optional" id="fc4fb45c-1a0f-490e-ab97-677dd718604b"><con:settings/><con:call name="Request 1" outgoingWss="" incomingWss="" id="41081b36-91a2-4357-95e0-596eb9daf550"><con:settings/><con:encoding>UTF-8</con:encoding><con:endpoint>http://dev3-portal-wicket01.mf.qhg.local:8080/webservices/services/medfusion?wsdl</con:endpoint><con:request><![CDATA[<soapenv:Envelope xmlns:xsi="http://www.w3.org/2001/XMLSchema-instance" xmlns:xsd="http://www.w3.org/2001/XMLSchema" xmlns:soapenv="http://schemas.xmlsoap.org/soap/envelope/" xmlns:urn="urn:Medfusion" xmlns:soapenc="http://schemas.xmlsoap.org/soap/encoding/">
   <soapenv:Header/>
   <soapenv:Body>
      <urn:getRxRefillReqByCriteria soapenv:encodingStyle="http://schemas.xmlsoap.org/soap/encoding/">
         <in0 xsi:type="xsd:int">?</in0>
         <in1 xsi:type="urn:ArrayOf_tns4_Criteria" soapenc:arrayType="quer:Criteria[]" xmlns:quer="http://query.common.webservices.integrations.medfusion.net"/>
      </urn:getRxRefillReqByCriteria>
   </soapenv:Body>
</soapenv:Envelope>]]></con:request><con:credentials><con:username xsi:nil="true"/><con:password xsi:nil="true"/><con:domain xsi:nil="true"/></con:credentials><con:jmsConfig JMSDeliveryMode="PERSISTENT"/><con:wsaConfig mustUnderstand="NONE" version="200508" action="urn:Medfusion/Medfusion/getRxRefillReqByCriteriaRequest"/></con:call></con:operation><con:operation isOneWay="false" action="" name="getSA2SByCriteria" bindingOperationName="getSA2SByCriteria" type="Request-Response" outputName="getSA2SByCriteriaResponse" inputName="getSA2SByCriteriaRequest" receivesAttachments="false" sendsAttachments="false" anonymous="optional" id="d9ba2090-9cb6-437d-959e-d287b8b252f7"><con:settings/><con:call name="Request 1" outgoingWss="" incomingWss="" id="9812c0be-86f3-4ddf-bdd7-85a90a68b6e7"><con:settings/><con:encoding>UTF-8</con:encoding><con:endpoint>http://dev3-portal-wicket01.mf.qhg.local:8080/webservices/services/medfusion?wsdl</con:endpoint><con:request><![CDATA[<soapenv:Envelope xmlns:xsi="http://www.w3.org/2001/XMLSchema-instance" xmlns:xsd="http://www.w3.org/2001/XMLSchema" xmlns:soapenv="http://schemas.xmlsoap.org/soap/envelope/" xmlns:urn="urn:Medfusion" xmlns:soapenc="http://schemas.xmlsoap.org/soap/encoding/">
   <soapenv:Header/>
   <soapenv:Body>
      <urn:getSA2SByCriteria soapenv:encodingStyle="http://schemas.xmlsoap.org/soap/encoding/">
         <in0 xsi:type="xsd:int">?</in0>
         <in1 xsi:type="urn:ArrayOf_tns4_Criteria" soapenc:arrayType="quer:Criteria[]" xmlns:quer="http://query.common.webservices.integrations.medfusion.net"/>
      </urn:getSA2SByCriteria>
   </soapenv:Body>
</soapenv:Envelope>]]></con:request><con:credentials><con:username xsi:nil="true"/><con:password xsi:nil="true"/><con:domain xsi:nil="true"/></con:credentials><con:jmsConfig JMSDeliveryMode="PERSISTENT"/><con:wsaConfig mustUnderstand="NONE" version="200508" action="urn:Medfusion/Medfusion/getSA2SByCriteriaRequest"/></con:call></con:operation><con:operation isOneWay="false" action="" name="getSigCodesByPracticeId" bindingOperationName="getSigCodesByPracticeId" type="Request-Response" outputName="getSigCodesByPracticeIdResponse" inputName="getSigCodesByPracticeIdRequest" receivesAttachments="false" sendsAttachments="false" anonymous="optional" id="be2708a4-efb5-470d-82d5-c9595dac7a20"><con:settings/><con:call name="Request 1" outgoingWss="" incomingWss="" id="06f8b1ea-5afd-4cbd-aade-d53d15b1b3f5"><con:settings/><con:encoding>UTF-8</con:encoding><con:endpoint>http://dev3-portal-wicket01.mf.qhg.local:8080/webservices/services/medfusion?wsdl</con:endpoint><con:request><![CDATA[<soapenv:Envelope xmlns:xsi="http://www.w3.org/2001/XMLSchema-instance" xmlns:xsd="http://www.w3.org/2001/XMLSchema" xmlns:soapenv="http://schemas.xmlsoap.org/soap/envelope/" xmlns:urn="urn:Medfusion">
   <soapenv:Header/>
   <soapenv:Body>
      <urn:getSigCodesByPracticeId soapenv:encodingStyle="http://schemas.xmlsoap.org/soap/encoding/">
         <in0 xsi:type="xsd:int">?</in0>
      </urn:getSigCodesByPracticeId>
   </soapenv:Body>
</soapenv:Envelope>]]></con:request><con:credentials><con:username xsi:nil="true"/><con:password xsi:nil="true"/><con:domain xsi:nil="true"/></con:credentials><con:jmsConfig JMSDeliveryMode="PERSISTENT"/><con:wsaConfig mustUnderstand="NONE" version="200508" action="urn:Medfusion/Medfusion/getSigCodesByPracticeIdRequest"/></con:call></con:operation><con:operation isOneWay="false" action="" name="getStaffByCriteria" bindingOperationName="getStaffByCriteria" type="Request-Response" outputName="getStaffByCriteriaResponse" inputName="getStaffByCriteriaRequest" receivesAttachments="false" sendsAttachments="false" anonymous="optional" id="f256d114-ff8a-4c05-914d-dfffcff4bb4d"><con:settings/><con:call name="Request 1" outgoingWss="" incomingWss="" id="347f8856-3213-4e65-905c-800687fc5594"><con:settings/><con:encoding>UTF-8</con:encoding><con:endpoint>http://dev3-portal-wicket01.mf.qhg.local:8080/webservices/services/medfusion?wsdl</con:endpoint><con:request><![CDATA[<soapenv:Envelope xmlns:xsi="http://www.w3.org/2001/XMLSchema-instance" xmlns:xsd="http://www.w3.org/2001/XMLSchema" xmlns:soapenv="http://schemas.xmlsoap.org/soap/envelope/" xmlns:urn="urn:Medfusion" xmlns:soapenc="http://schemas.xmlsoap.org/soap/encoding/">
   <soapenv:Header/>
   <soapenv:Body>
      <urn:getStaffByCriteria soapenv:encodingStyle="http://schemas.xmlsoap.org/soap/encoding/">
         <in0 xsi:type="xsd:int">?</in0>
         <in1 xsi:type="urn:ArrayOf_tns4_Criteria" soapenc:arrayType="quer:Criteria[]" xmlns:quer="http://query.common.webservices.integrations.medfusion.net"/>
      </urn:getStaffByCriteria>
   </soapenv:Body>
</soapenv:Envelope>]]></con:request><con:credentials><con:username xsi:nil="true"/><con:password xsi:nil="true"/><con:domain xsi:nil="true"/></con:credentials><con:jmsConfig JMSDeliveryMode="PERSISTENT"/><con:wsaConfig mustUnderstand="NONE" version="200508" action="urn:Medfusion/Medfusion/getStaffByCriteriaRequest"/></con:call></con:operation><con:operation isOneWay="false" action="" name="getStaffByExternalIds" bindingOperationName="getStaffByExternalIds" type="Request-Response" outputName="getStaffByExternalIdsResponse" inputName="getStaffByExternalIdsRequest" receivesAttachments="false" sendsAttachments="false" anonymous="optional" id="861589b7-2c9a-43e4-8bef-c499e3cf9376"><con:settings/><con:call name="Request 1" outgoingWss="" incomingWss="" id="db050021-9c7d-4cac-80c6-4fb3d6ea5059"><con:settings/><con:encoding>UTF-8</con:encoding><con:endpoint>http://dev3-portal-wicket01.mf.qhg.local:8080/webservices/services/medfusion?wsdl</con:endpoint><con:request><![CDATA[<soapenv:Envelope xmlns:xsi="http://www.w3.org/2001/XMLSchema-instance" xmlns:xsd="http://www.w3.org/2001/XMLSchema" xmlns:soapenv="http://schemas.xmlsoap.org/soap/envelope/" xmlns:urn="urn:Medfusion" xmlns:soapenc="http://schemas.xmlsoap.org/soap/encoding/">
   <soapenv:Header/>
   <soapenv:Body>
      <urn:getStaffByExternalIds soapenv:encodingStyle="http://schemas.xmlsoap.org/soap/encoding/">
         <in0 xsi:type="xsd:int">?</in0>
         <in1 xsi:type="xsd:int">?</in1>
         <in2 xsi:type="urn:ArrayOf_xsd_string" soapenc:arrayType="xsd:string[]"/>
      </urn:getStaffByExternalIds>
   </soapenv:Body>
</soapenv:Envelope>]]></con:request><con:credentials><con:username xsi:nil="true"/><con:password xsi:nil="true"/><con:domain xsi:nil="true"/></con:credentials><con:jmsConfig JMSDeliveryMode="PERSISTENT"/><con:wsaConfig mustUnderstand="NONE" version="200508" action="urn:Medfusion/Medfusion/getStaffByExternalIdsRequest"/></con:call></con:operation><con:operation isOneWay="false" action="" name="getStaffById" bindingOperationName="getStaffById" type="Request-Response" outputName="getStaffByIdResponse" inputName="getStaffByIdRequest" receivesAttachments="false" sendsAttachments="false" anonymous="optional" id="e24b8b7b-327f-446a-8935-ce4b37c2aa40"><con:settings/><con:call name="Request 1" outgoingWss="" incomingWss="" id="8f094121-e401-4a43-9984-4a6dd82fc402"><con:settings/><con:encoding>UTF-8</con:encoding><con:endpoint>http://dev3-portal-wicket01.mf.qhg.local:8080/webservices/services/medfusion?wsdl</con:endpoint><con:request><![CDATA[<soapenv:Envelope xmlns:xsi="http://www.w3.org/2001/XMLSchema-instance" xmlns:xsd="http://www.w3.org/2001/XMLSchema" xmlns:soapenv="http://schemas.xmlsoap.org/soap/envelope/" xmlns:urn="urn:Medfusion">
   <soapenv:Header/>
   <soapenv:Body>
      <urn:getStaffById soapenv:encodingStyle="http://schemas.xmlsoap.org/soap/encoding/">
         <in0 xsi:type="xsd:int">?</in0>
      </urn:getStaffById>
   </soapenv:Body>
</soapenv:Envelope>]]></con:request><con:credentials><con:username xsi:nil="true"/><con:password xsi:nil="true"/><con:domain xsi:nil="true"/></con:credentials><con:jmsConfig JMSDeliveryMode="PERSISTENT"/><con:wsaConfig mustUnderstand="NONE" version="200508" action="urn:Medfusion/Medfusion/getStaffByIdRequest"/></con:call></con:operation><con:operation isOneWay="false" action="" name="getStaffByIds" bindingOperationName="getStaffByIds" type="Request-Response" outputName="getStaffByIdsResponse" inputName="getStaffByIdsRequest" receivesAttachments="false" sendsAttachments="false" anonymous="optional" id="2ff6890c-87f3-45f2-bc96-0ae6be068884"><con:settings/><con:call name="Request 1" outgoingWss="" incomingWss="" id="81b907a1-2c83-4afa-be3b-bdf6056fd476"><con:settings/><con:encoding>UTF-8</con:encoding><con:endpoint>http://dev3-portal-wicket01.mf.qhg.local:8080/webservices/services/medfusion?wsdl</con:endpoint><con:request><![CDATA[<soapenv:Envelope xmlns:xsi="http://www.w3.org/2001/XMLSchema-instance" xmlns:xsd="http://www.w3.org/2001/XMLSchema" xmlns:soapenv="http://schemas.xmlsoap.org/soap/envelope/" xmlns:urn="urn:Medfusion" xmlns:soapenc="http://schemas.xmlsoap.org/soap/encoding/">
   <soapenv:Header/>
   <soapenv:Body>
      <urn:getStaffByIds soapenv:encodingStyle="http://schemas.xmlsoap.org/soap/encoding/">
         <in0 xsi:type="urn:ArrayOf_xsd_int" soapenc:arrayType="xsd:int[]"/>
      </urn:getStaffByIds>
   </soapenv:Body>
</soapenv:Envelope>]]></con:request><con:credentials><con:username xsi:nil="true"/><con:password xsi:nil="true"/><con:domain xsi:nil="true"/></con:credentials><con:jmsConfig JMSDeliveryMode="PERSISTENT"/><con:wsaConfig mustUnderstand="NONE" version="200508" action="urn:Medfusion/Medfusion/getStaffByIdsRequest"/></con:call></con:operation><con:operation isOneWay="false" action="" name="getStaffForPractice" bindingOperationName="getStaffForPractice" type="Request-Response" outputName="getStaffForPracticeResponse" inputName="getStaffForPracticeRequest" receivesAttachments="false" sendsAttachments="false" anonymous="optional" id="46f04ab8-d633-4dee-ba0b-675fce9561de"><con:settings/><con:call name="Request 1" outgoingWss="" incomingWss="" id="40990f98-ab01-4808-a7f9-214fe39f2a08"><con:settings/><con:encoding>UTF-8</con:encoding><con:endpoint>http://dev3-portal-wicket01.mf.qhg.local:8080/webservices/services/medfusion?wsdl</con:endpoint><con:request><![CDATA[<soapenv:Envelope xmlns:xsi="http://www.w3.org/2001/XMLSchema-instance" xmlns:xsd="http://www.w3.org/2001/XMLSchema" xmlns:soapenv="http://schemas.xmlsoap.org/soap/envelope/" xmlns:urn="urn:Medfusion">
   <soapenv:Header/>
   <soapenv:Body>
      <urn:getStaffForPractice soapenv:encodingStyle="http://schemas.xmlsoap.org/soap/encoding/">
         <in0 xsi:type="xsd:int">?</in0>
      </urn:getStaffForPractice>
   </soapenv:Body>
</soapenv:Envelope>]]></con:request><con:credentials><con:username xsi:nil="true"/><con:password xsi:nil="true"/><con:domain xsi:nil="true"/></con:credentials><con:jmsConfig JMSDeliveryMode="PERSISTENT"/><con:wsaConfig mustUnderstand="NONE" version="200508" action="urn:Medfusion/Medfusion/getStaffForPracticeRequest"/></con:call></con:operation><con:operation isOneWay="false" action="" name="getStatementsByCriteria" bindingOperationName="getStatementsByCriteria" type="Request-Response" outputName="getStatementsByCriteriaResponse" inputName="getStatementsByCriteriaRequest" receivesAttachments="false" sendsAttachments="false" anonymous="optional" id="ce9bb8d8-0c94-4ab3-9174-76340b2c0f5d"><con:settings/><con:call name="Request 1" outgoingWss="" incomingWss="" id="be1049af-1a89-414c-89f4-a3c764ad38a9"><con:settings/><con:encoding>UTF-8</con:encoding><con:endpoint>http://dev3-portal-wicket01.mf.qhg.local:8080/webservices/services/medfusion?wsdl</con:endpoint><con:request><![CDATA[<soapenv:Envelope xmlns:xsi="http://www.w3.org/2001/XMLSchema-instance" xmlns:xsd="http://www.w3.org/2001/XMLSchema" xmlns:soapenv="http://schemas.xmlsoap.org/soap/envelope/" xmlns:urn="urn:Medfusion" xmlns:soapenc="http://schemas.xmlsoap.org/soap/encoding/">
   <soapenv:Header/>
   <soapenv:Body>
      <urn:getStatementsByCriteria soapenv:encodingStyle="http://schemas.xmlsoap.org/soap/encoding/">
         <in0 xsi:type="xsd:int">?</in0>
         <in1 xsi:type="urn:ArrayOf_tns4_Criteria" soapenc:arrayType="quer:Criteria[]" xmlns:quer="http://query.common.webservices.integrations.medfusion.net"/>
      </urn:getStatementsByCriteria>
   </soapenv:Body>
</soapenv:Envelope>]]></con:request><con:credentials><con:username xsi:nil="true"/><con:password xsi:nil="true"/><con:domain xsi:nil="true"/></con:credentials><con:jmsConfig JMSDeliveryMode="PERSISTENT"/><con:wsaConfig mustUnderstand="NONE" version="200508" action="urn:Medfusion/Medfusion/getStatementsByCriteriaRequest"/></con:call></con:operation><con:operation isOneWay="false" action="" name="getSymptomAnalysesForUserByMedfusionId" bindingOperationName="getSymptomAnalysesForUserByMedfusionId" type="Request-Response" outputName="getSymptomAnalysesForUserByMedfusionIdResponse" inputName="getSymptomAnalysesForUserByMedfusionIdRequest" receivesAttachments="false" sendsAttachments="false" anonymous="optional" id="b6b3be45-a899-4569-b791-83721551f21d"><con:settings/><con:call name="Request 1" outgoingWss="" incomingWss="" id="813fedca-6f87-480f-b267-1e8cc7cca6a0"><con:settings/><con:encoding>UTF-8</con:encoding><con:endpoint>http://dev3-portal-wicket01.mf.qhg.local:8080/webservices/services/medfusion?wsdl</con:endpoint><con:request><![CDATA[<soapenv:Envelope xmlns:xsi="http://www.w3.org/2001/XMLSchema-instance" xmlns:xsd="http://www.w3.org/2001/XMLSchema" xmlns:soapenv="http://schemas.xmlsoap.org/soap/envelope/" xmlns:urn="urn:Medfusion" xmlns:soapenc="http://schemas.xmlsoap.org/soap/encoding/">
   <soapenv:Header/>
   <soapenv:Body>
      <urn:getSymptomAnalysesForUserByMedfusionId soapenv:encodingStyle="http://schemas.xmlsoap.org/soap/encoding/">
         <in0 xsi:type="xsd:int">?</in0>
         <in1 xsi:type="xsd:int">?</in1>
         <in2 xsi:type="xsd:dateTime">?</in2>
         <in3 xsi:type="xsd:dateTime">?</in3>
         <in4 xsi:type="xsd:dateTime">?</in4>
         <in5 xsi:type="xsd:dateTime">?</in5>
         <in6 xsi:type="urn:ArrayOf_xsd_string" soapenc:arrayType="xsd:string[]"/>
      </urn:getSymptomAnalysesForUserByMedfusionId>
   </soapenv:Body>
</soapenv:Envelope>]]></con:request><con:credentials><con:username xsi:nil="true"/><con:password xsi:nil="true"/><con:domain xsi:nil="true"/></con:credentials><con:jmsConfig JMSDeliveryMode="PERSISTENT"/><con:wsaConfig mustUnderstand="NONE" version="200508" action="urn:Medfusion/Medfusion/getSymptomAnalysesForUserByMedfusionIdRequest"/></con:call></con:operation><con:operation isOneWay="false" action="" name="getSymptomAnalysesForUsersByData" bindingOperationName="getSymptomAnalysesForUsersByData" type="Request-Response" outputName="getSymptomAnalysesForUsersByDataResponse" inputName="getSymptomAnalysesForUsersByDataRequest" receivesAttachments="false" sendsAttachments="false" anonymous="optional" id="ab295b74-6ef6-4b8d-bec8-3006260d9a27"><con:settings/><con:call name="Request 1" outgoingWss="" incomingWss="" id="31d2b07e-a5f4-49da-a809-b5ddb60eaa18"><con:settings/><con:encoding>UTF-8</con:encoding><con:endpoint>http://dev3-portal-wicket01.mf.qhg.local:8080/webservices/services/medfusion?wsdl</con:endpoint><con:request><![CDATA[<soapenv:Envelope xmlns:xsi="http://www.w3.org/2001/XMLSchema-instance" xmlns:xsd="http://www.w3.org/2001/XMLSchema" xmlns:soapenv="http://schemas.xmlsoap.org/soap/envelope/" xmlns:urn="urn:Medfusion" xmlns:soapenc="http://schemas.xmlsoap.org/soap/encoding/">
   <soapenv:Header/>
   <soapenv:Body>
      <urn:getSymptomAnalysesForUsersByData soapenv:encodingStyle="http://schemas.xmlsoap.org/soap/encoding/">
         <in0 xsi:type="xsd:int">?</in0>
         <in1 xsi:type="urn:ArrayOf_xsd_int" soapenc:arrayType="xsd:int[]"/>
         <in2 xsi:type="xsd:dateTime">?</in2>
         <in3 xsi:type="xsd:dateTime">?</in3>
         <in4 xsi:type="xsd:dateTime">?</in4>
         <in5 xsi:type="xsd:dateTime">?</in5>
         <in6 xsi:type="urn:ArrayOf_xsd_string" soapenc:arrayType="xsd:string[]"/>
      </urn:getSymptomAnalysesForUsersByData>
   </soapenv:Body>
</soapenv:Envelope>]]></con:request><con:credentials><con:username xsi:nil="true"/><con:password xsi:nil="true"/><con:domain xsi:nil="true"/></con:credentials><con:jmsConfig JMSDeliveryMode="PERSISTENT"/><con:wsaConfig mustUnderstand="NONE" version="200508" action="urn:Medfusion/Medfusion/getSymptomAnalysesForUsersByDataRequest"/></con:call></con:operation><con:operation isOneWay="false" action="" name="getVOVsByCriteria" bindingOperationName="getVOVsByCriteria" type="Request-Response" outputName="getVOVsByCriteriaResponse" inputName="getVOVsByCriteriaRequest" receivesAttachments="false" sendsAttachments="false" anonymous="optional" id="9d702eb0-1486-4fb5-a2a3-d30c3a63f602"><con:settings/><con:call name="Request 1" outgoingWss="" incomingWss="" id="30bde26d-d1a2-442d-a216-a1d68c12e300"><con:settings/><con:encoding>UTF-8</con:encoding><con:endpoint>http://dev3-portal-wicket01.mf.qhg.local:8080/webservices/services/medfusion?wsdl</con:endpoint><con:request><![CDATA[<soapenv:Envelope xmlns:xsi="http://www.w3.org/2001/XMLSchema-instance" xmlns:xsd="http://www.w3.org/2001/XMLSchema" xmlns:soapenv="http://schemas.xmlsoap.org/soap/envelope/" xmlns:urn="urn:Medfusion" xmlns:soapenc="http://schemas.xmlsoap.org/soap/encoding/">
   <soapenv:Header/>
   <soapenv:Body>
      <urn:getVOVsByCriteria soapenv:encodingStyle="http://schemas.xmlsoap.org/soap/encoding/">
         <in0 xsi:type="xsd:int">?</in0>
         <in1 xsi:type="urn:ArrayOf_tns4_Criteria" soapenc:arrayType="quer:Criteria[]" xmlns:quer="http://query.common.webservices.integrations.medfusion.net"/>
      </urn:getVOVsByCriteria>
   </soapenv:Body>
</soapenv:Envelope>]]></con:request><con:credentials><con:username xsi:nil="true"/><con:password xsi:nil="true"/><con:domain xsi:nil="true"/></con:credentials><con:jmsConfig JMSDeliveryMode="PERSISTENT"/><con:wsaConfig mustUnderstand="NONE" version="200508" action="urn:Medfusion/Medfusion/getVOVsByCriteriaRequest"/></con:call></con:operation><con:operation isOneWay="false" action="" name="isMedfusionIdInPractice" bindingOperationName="isMedfusionIdInPractice" type="Request-Response" outputName="isMedfusionIdInPracticeResponse" inputName="isMedfusionIdInPracticeRequest" receivesAttachments="false" sendsAttachments="false" anonymous="optional" id="48a7df33-0b3e-44f5-be58-d6b574a4f286"><con:settings/><con:call name="Request 1" outgoingWss="" incomingWss="" id="077cde7d-63c6-487e-90cf-2c40a6c13d2c"><con:settings/><con:encoding>UTF-8</con:encoding><con:endpoint>http://dev3-portal-wicket01.mf.qhg.local:8080/webservices/services/medfusion?wsdl</con:endpoint><con:request><![CDATA[<soapenv:Envelope xmlns:xsi="http://www.w3.org/2001/XMLSchema-instance" xmlns:xsd="http://www.w3.org/2001/XMLSchema" xmlns:soapenv="http://schemas.xmlsoap.org/soap/envelope/" xmlns:urn="urn:Medfusion">
   <soapenv:Header/>
   <soapenv:Body>
      <urn:isMedfusionIdInPractice soapenv:encodingStyle="http://schemas.xmlsoap.org/soap/encoding/">
         <in0 xsi:type="xsd:int">?</in0>
         <in1 xsi:type="xsd:int">?</in1>
      </urn:isMedfusionIdInPractice>
   </soapenv:Body>
</soapenv:Envelope>]]></con:request><con:credentials><con:username xsi:nil="true"/><con:password xsi:nil="true"/><con:domain xsi:nil="true"/></con:credentials><con:jmsConfig JMSDeliveryMode="PERSISTENT"/><con:wsaConfig mustUnderstand="NONE" version="200508" action="urn:Medfusion/Medfusion/isMedfusionIdInPracticeRequest"/></con:call></con:operation><con:operation isOneWay="false" action="" name="markCommunicationAsRead" bindingOperationName="markCommunicationAsRead" type="Request-Response" outputName="markCommunicationAsReadResponse" inputName="markCommunicationAsReadRequest" receivesAttachments="false" sendsAttachments="false" anonymous="optional" id="7f54faee-9978-4619-b251-5222dd64f699"><con:settings/><con:call name="Request 1" outgoingWss="" incomingWss="" id="7f7de175-3b37-413c-ae09-fcd5ceaa6638"><con:settings/><con:encoding>UTF-8</con:encoding><con:endpoint>http://dev3-portal-wicket01.mf.qhg.local:8080/webservices/services/medfusion?wsdl</con:endpoint><con:request><![CDATA[<soapenv:Envelope xmlns:xsi="http://www.w3.org/2001/XMLSchema-instance" xmlns:xsd="http://www.w3.org/2001/XMLSchema" xmlns:soapenv="http://schemas.xmlsoap.org/soap/envelope/" xmlns:urn="urn:Medfusion">
   <soapenv:Header/>
   <soapenv:Body>
      <urn:markCommunicationAsRead soapenv:encodingStyle="http://schemas.xmlsoap.org/soap/encoding/">
         <in0 xsi:type="xsd:int">?</in0>
         <in1 xsi:type="xsd:int">?</in1>
      </urn:markCommunicationAsRead>
   </soapenv:Body>
</soapenv:Envelope>]]></con:request><con:credentials><con:username xsi:nil="true"/><con:password xsi:nil="true"/><con:domain xsi:nil="true"/></con:credentials><con:jmsConfig JMSDeliveryMode="PERSISTENT"/><con:wsaConfig mustUnderstand="NONE" version="200508" action="urn:Medfusion/Medfusion/markCommunicationAsReadRequest"/></con:call></con:operation><con:operation isOneWay="false" action="" name="postOnlineBillPayment" bindingOperationName="postOnlineBillPayment" type="Request-Response" outputName="postOnlineBillPaymentResponse" inputName="postOnlineBillPaymentRequest" receivesAttachments="false" sendsAttachments="false" anonymous="optional" id="1e09e4ee-0c57-47a7-9c48-77491442deec"><con:settings/><con:call name="Request 1" outgoingWss="" incomingWss="" id="2fab8efa-f960-4364-8d53-3c1487680470"><con:settings/><con:encoding>UTF-8</con:encoding><con:endpoint>http://dev3-portal-wicket01.mf.qhg.local:8080/webservices/services/medfusion?wsdl</con:endpoint><con:request><![CDATA[<soapenv:Envelope xmlns:xsi="http://www.w3.org/2001/XMLSchema-instance" xmlns:xsd="http://www.w3.org/2001/XMLSchema" xmlns:soapenv="http://schemas.xmlsoap.org/soap/envelope/" xmlns:urn="urn:Medfusion">
   <soapenv:Header/>
   <soapenv:Body>
      <urn:postOnlineBillPayment soapenv:encodingStyle="http://schemas.xmlsoap.org/soap/encoding/">
         <in0 xsi:type="xsd:int">?</in0>
      </urn:postOnlineBillPayment>
   </soapenv:Body>
</soapenv:Envelope>]]></con:request><con:credentials><con:username xsi:nil="true"/><con:password xsi:nil="true"/><con:domain xsi:nil="true"/></con:credentials><con:jmsConfig JMSDeliveryMode="PERSISTENT"/><con:wsaConfig mustUnderstand="NONE" version="200508" action="urn:Medfusion/Medfusion/postOnlineBillPaymentRequest"/></con:call></con:operation><con:operation isOneWay="false" action="" name="postOnlineBillPayments" bindingOperationName="postOnlineBillPayments" type="Request-Response" outputName="postOnlineBillPaymentsResponse" inputName="postOnlineBillPaymentsRequest" receivesAttachments="false" sendsAttachments="false" anonymous="optional" id="72924166-c8e7-49d5-86ad-2361f30815f6"><con:settings/><con:call name="Request 1" outgoingWss="" incomingWss="" id="92674e19-2427-42a5-a640-43c4c9131752"><con:settings/><con:encoding>UTF-8</con:encoding><con:endpoint>http://dev3-portal-wicket01.mf.qhg.local:8080/webservices/services/medfusion?wsdl</con:endpoint><con:request><![CDATA[<soapenv:Envelope xmlns:xsi="http://www.w3.org/2001/XMLSchema-instance" xmlns:xsd="http://www.w3.org/2001/XMLSchema" xmlns:soapenv="http://schemas.xmlsoap.org/soap/envelope/" xmlns:urn="urn:Medfusion" xmlns:soapenc="http://schemas.xmlsoap.org/soap/encoding/">
   <soapenv:Header/>
   <soapenv:Body>
      <urn:postOnlineBillPayments soapenv:encodingStyle="http://schemas.xmlsoap.org/soap/encoding/">
         <in0 xsi:type="urn:ArrayOf_xsd_int" soapenc:arrayType="xsd:int[]"/>
      </urn:postOnlineBillPayments>
   </soapenv:Body>
</soapenv:Envelope>]]></con:request><con:credentials><con:username xsi:nil="true"/><con:password xsi:nil="true"/><con:domain xsi:nil="true"/></con:credentials><con:jmsConfig JMSDeliveryMode="PERSISTENT"/><con:wsaConfig mustUnderstand="NONE" version="200508" action="urn:Medfusion/Medfusion/postOnlineBillPaymentsRequest"/></con:call></con:operation><con:operation isOneWay="false" action="" name="prescribeRxRefillReqEntryFromDoctor" bindingOperationName="prescribeRxRefillReqEntryFromDoctor" type="Request-Response" outputName="prescribeRxRefillReqEntryFromDoctorResponse" inputName="prescribeRxRefillReqEntryFromDoctorRequest" receivesAttachments="false" sendsAttachments="false" anonymous="optional" id="9d5eeb2c-acca-4ea6-88de-1b30c2c59a65"><con:settings/><con:call name="Request 1" outgoingWss="" incomingWss="" id="f94295d1-f07d-4024-b4d1-c70afabb4b58"><con:settings/><con:encoding>UTF-8</con:encoding><con:endpoint>http://dev3-portal-wicket01.mf.qhg.local:8080/webservices/services/medfusion?wsdl</con:endpoint><con:request><![CDATA[<soapenv:Envelope xmlns:xsi="http://www.w3.org/2001/XMLSchema-instance" xmlns:xsd="http://www.w3.org/2001/XMLSchema" xmlns:soapenv="http://schemas.xmlsoap.org/soap/envelope/" xmlns:urn="urn:Medfusion" xmlns:soapenc="http://schemas.xmlsoap.org/soap/encoding/">
   <soapenv:Header/>
   <soapenv:Body>
      <urn:prescribeRxRefillReqEntryFromDoctor soapenv:encodingStyle="http://schemas.xmlsoap.org/soap/encoding/">
         <in0 xsi:type="obj:RxRefillReqEntry" xmlns:obj="http://objects.medfusion.webservices.integrations.medfusion.net">
            <fields xsi:type="obj:Fields">
               <fields xsi:type="urn:ArrayOf_tns2_Field" soapenc:arrayType="obj:Field[]"/>
            </fields>
         </in0>
         <in1 xsi:type="xsd:int">?</in1>
      </urn:prescribeRxRefillReqEntryFromDoctor>
   </soapenv:Body>
</soapenv:Envelope>]]></con:request><con:credentials><con:username xsi:nil="true"/><con:password xsi:nil="true"/><con:domain xsi:nil="true"/></con:credentials><con:jmsConfig JMSDeliveryMode="PERSISTENT"/><con:wsaConfig mustUnderstand="NONE" version="200508" action="urn:Medfusion/Medfusion/prescribeRxRefillReqEntryFromDoctorRequest"/></con:call></con:operation><con:operation isOneWay="false" action="" name="prescribeRxRefillReqEntryFromPatient" bindingOperationName="prescribeRxRefillReqEntryFromPatient" type="Request-Response" outputName="prescribeRxRefillReqEntryFromPatientResponse" inputName="prescribeRxRefillReqEntryFromPatientRequest" receivesAttachments="false" sendsAttachments="false" anonymous="optional" id="4e5d81f4-a028-450d-b50f-9e0ab4ea2c2e"><con:settings/><con:call name="Request 1" outgoingWss="" incomingWss="" id="b92f620e-8b79-48ee-8676-10876eaf2d4c"><con:settings/><con:encoding>UTF-8</con:encoding><con:endpoint>http://dev3-portal-wicket01.mf.qhg.local:8080/webservices/services/medfusion?wsdl</con:endpoint><con:request><![CDATA[<soapenv:Envelope xmlns:xsi="http://www.w3.org/2001/XMLSchema-instance" xmlns:xsd="http://www.w3.org/2001/XMLSchema" xmlns:soapenv="http://schemas.xmlsoap.org/soap/envelope/" xmlns:urn="urn:Medfusion">
   <soapenv:Header/>
   <soapenv:Body>
      <urn:prescribeRxRefillReqEntryFromPatient soapenv:encodingStyle="http://schemas.xmlsoap.org/soap/encoding/">
         <in0 xsi:type="xsd:int">?</in0>
         <in1 xsi:type="xsd:int">?</in1>
         <in2 xsi:type="xsd:int">?</in2>
         <in3 xsi:type="xsd:int">?</in3>
         <in4 xsi:type="xsd:int">?</in4>
      </urn:prescribeRxRefillReqEntryFromPatient>
   </soapenv:Body>
</soapenv:Envelope>]]></con:request><con:credentials><con:username xsi:nil="true"/><con:password xsi:nil="true"/><con:domain xsi:nil="true"/></con:credentials><con:jmsConfig JMSDeliveryMode="PERSISTENT"/><con:wsaConfig mustUnderstand="NONE" version="200508" action="urn:Medfusion/Medfusion/prescribeRxRefillReqEntryFromPatientRequest"/></con:call></con:operation><con:operation isOneWay="false" action="" name="processRxRefillReqFromCallinQueue" bindingOperationName="processRxRefillReqFromCallinQueue" type="Request-Response" outputName="processRxRefillReqFromCallinQueueResponse" inputName="processRxRefillReqFromCallinQueueRequest" receivesAttachments="false" sendsAttachments="false" anonymous="optional" id="474e30f1-38a5-4cd5-b353-528aec3e91a0"><con:settings/><con:call name="Request 1" outgoingWss="" incomingWss="" id="9fbf9eb5-beb2-4f97-bef8-0e47cea65f4b"><con:settings/><con:encoding>UTF-8</con:encoding><con:endpoint>http://dev3-portal-wicket01.mf.qhg.local:8080/webservices/services/medfusion?wsdl</con:endpoint><con:request><![CDATA[<soapenv:Envelope xmlns:xsi="http://www.w3.org/2001/XMLSchema-instance" xmlns:xsd="http://www.w3.org/2001/XMLSchema" xmlns:soapenv="http://schemas.xmlsoap.org/soap/envelope/" xmlns:urn="urn:Medfusion">
   <soapenv:Header/>
   <soapenv:Body>
      <urn:processRxRefillReqFromCallinQueue soapenv:encodingStyle="http://schemas.xmlsoap.org/soap/encoding/">
         <in0 xsi:type="xsd:int">?</in0>
         <in1 xsi:type="xsd:int">?</in1>
         <in2 xsi:type="xsd:boolean">?</in2>
         <in3 xsi:type="xsd:string">?</in3>
      </urn:processRxRefillReqFromCallinQueue>
   </soapenv:Body>
</soapenv:Envelope>]]></con:request><con:credentials><con:username xsi:nil="true"/><con:password xsi:nil="true"/><con:domain xsi:nil="true"/></con:credentials><con:jmsConfig JMSDeliveryMode="PERSISTENT"/><con:wsaConfig mustUnderstand="NONE" version="200508" action="urn:Medfusion/Medfusion/processRxRefillReqFromCallinQueueRequest"/></con:call></con:operation><con:operation isOneWay="false" action="" name="reconcileOnlineBillPayment" bindingOperationName="reconcileOnlineBillPayment" type="Request-Response" outputName="reconcileOnlineBillPaymentResponse" inputName="reconcileOnlineBillPaymentRequest" receivesAttachments="false" sendsAttachments="false" anonymous="optional" id="79dcc8dd-58db-4572-8839-ce6f4230057b"><con:settings/><con:call name="Request 1" outgoingWss="" incomingWss="" id="e9534a15-c706-4d34-9d0a-f5a8a8cc914e"><con:settings/><con:encoding>UTF-8</con:encoding><con:endpoint>http://dev3-portal-wicket01.mf.qhg.local:8080/webservices/services/medfusion?wsdl</con:endpoint><con:request><![CDATA[<soapenv:Envelope xmlns:xsi="http://www.w3.org/2001/XMLSchema-instance" xmlns:xsd="http://www.w3.org/2001/XMLSchema" xmlns:soapenv="http://schemas.xmlsoap.org/soap/envelope/" xmlns:urn="urn:Medfusion">
   <soapenv:Header/>
   <soapenv:Body>
      <urn:reconcileOnlineBillPayment soapenv:encodingStyle="http://schemas.xmlsoap.org/soap/encoding/">
         <in0 xsi:type="xsd:int">?</in0>
      </urn:reconcileOnlineBillPayment>
   </soapenv:Body>
</soapenv:Envelope>]]></con:request><con:credentials><con:username xsi:nil="true"/><con:password xsi:nil="true"/><con:domain xsi:nil="true"/></con:credentials><con:jmsConfig JMSDeliveryMode="PERSISTENT"/><con:wsaConfig mustUnderstand="NONE" version="200508" action="urn:Medfusion/Medfusion/reconcileOnlineBillPaymentRequest"/></con:call></con:operation><con:operation isOneWay="false" action="" name="reconcileOnlineBillPayments" bindingOperationName="reconcileOnlineBillPayments" type="Request-Response" outputName="reconcileOnlineBillPaymentsResponse" inputName="reconcileOnlineBillPaymentsRequest" receivesAttachments="false" sendsAttachments="false" anonymous="optional" id="fbf71625-4c7e-443f-bf74-9c6853ec5a6e"><con:settings/><con:call name="Request 1" outgoingWss="" incomingWss="" id="f6bb76a5-a26c-4295-97a7-74d5ca9ce806"><con:settings/><con:encoding>UTF-8</con:encoding><con:endpoint>http://dev3-portal-wicket01.mf.qhg.local:8080/webservices/services/medfusion?wsdl</con:endpoint><con:request><![CDATA[<soapenv:Envelope xmlns:xsi="http://www.w3.org/2001/XMLSchema-instance" xmlns:xsd="http://www.w3.org/2001/XMLSchema" xmlns:soapenv="http://schemas.xmlsoap.org/soap/envelope/" xmlns:urn="urn:Medfusion" xmlns:soapenc="http://schemas.xmlsoap.org/soap/encoding/">
   <soapenv:Header/>
   <soapenv:Body>
      <urn:reconcileOnlineBillPayments soapenv:encodingStyle="http://schemas.xmlsoap.org/soap/encoding/">
         <in0 xsi:type="urn:ArrayOf_xsd_int" soapenc:arrayType="xsd:int[]"/>
      </urn:reconcileOnlineBillPayments>
   </soapenv:Body>
</soapenv:Envelope>]]></con:request><con:credentials><con:username xsi:nil="true"/><con:password xsi:nil="true"/><con:domain xsi:nil="true"/></con:credentials><con:jmsConfig JMSDeliveryMode="PERSISTENT"/><con:wsaConfig mustUnderstand="NONE" version="200508" action="urn:Medfusion/Medfusion/reconcileOnlineBillPaymentsRequest"/></con:call></con:operation><con:operation isOneWay="false" action="" name="sendCommunication" bindingOperationName="sendCommunication" type="Request-Response" outputName="sendCommunicationResponse" inputName="sendCommunicationRequest" receivesAttachments="false" sendsAttachments="false" anonymous="optional" id="c360eecb-b1a8-47de-9386-3571292aa7ce"><con:settings/><con:call name="Request 1" outgoingWss="" incomingWss="" id="1a18a51c-3f7e-4cc2-96e4-5b3574426c44"><con:settings/><con:encoding>UTF-8</con:encoding><con:endpoint>http://dev3-portal-wicket01.mf.qhg.local:8080/webservices/services/medfusion?wsdl</con:endpoint><con:request><![CDATA[<soapenv:Envelope xmlns:xsi="http://www.w3.org/2001/XMLSchema-instance" xmlns:xsd="http://www.w3.org/2001/XMLSchema" xmlns:soapenv="http://schemas.xmlsoap.org/soap/envelope/" xmlns:urn="urn:Medfusion" xmlns:soapenc="http://schemas.xmlsoap.org/soap/encoding/">
   <soapenv:Header/>
   <soapenv:Body>
      <urn:sendCommunication soapenv:encodingStyle="http://schemas.xmlsoap.org/soap/encoding/">
         <in0 xsi:type="obj:Comm" xmlns:obj="http://objects.medfusion.webservices.integrations.medfusion.net">
            <fields xsi:type="obj:Fields">
               <fields xsi:type="urn:ArrayOf_tns2_Field" soapenc:arrayType="obj:Field[]"/>
            </fields>
         </in0>
      </urn:sendCommunication>
   </soapenv:Body>
</soapenv:Envelope>]]></con:request><con:credentials><con:username xsi:nil="true"/><con:password xsi:nil="true"/><con:domain xsi:nil="true"/></con:credentials><con:jmsConfig JMSDeliveryMode="PERSISTENT"/><con:wsaConfig mustUnderstand="NONE" version="200508" action="urn:Medfusion/Medfusion/sendCommunicationRequest"/></con:call></con:operation><con:operation isOneWay="false" action="" name="sendCommunications" bindingOperationName="sendCommunications" type="Request-Response" outputName="sendCommunicationsResponse" inputName="sendCommunicationsRequest" receivesAttachments="false" sendsAttachments="false" anonymous="optional" id="4380e993-ac38-4536-bb3a-358c9a6ef339"><con:settings/><con:call name="Request 1" outgoingWss="" incomingWss="" id="25ad4581-b202-446c-afb8-cc943e7b1fbb"><con:settings/><con:encoding>UTF-8</con:encoding><con:endpoint>http://dev3-portal-wicket01.mf.qhg.local:8080/webservices/services/medfusion?wsdl</con:endpoint><con:request><![CDATA[<soapenv:Envelope xmlns:xsi="http://www.w3.org/2001/XMLSchema-instance" xmlns:xsd="http://www.w3.org/2001/XMLSchema" xmlns:soapenv="http://schemas.xmlsoap.org/soap/envelope/" xmlns:urn="urn:Medfusion" xmlns:soapenc="http://schemas.xmlsoap.org/soap/encoding/">
   <soapenv:Header/>
   <soapenv:Body>
      <urn:sendCommunications soapenv:encodingStyle="http://schemas.xmlsoap.org/soap/encoding/">
         <in0 xsi:type="urn:ArrayOf_tns2_Comm" soapenc:arrayType="obj:Comm[]" xmlns:obj="http://objects.medfusion.webservices.integrations.medfusion.net"/>
      </urn:sendCommunications>
   </soapenv:Body>
</soapenv:Envelope>]]></con:request><con:credentials><con:username xsi:nil="true"/><con:password xsi:nil="true"/><con:domain xsi:nil="true"/></con:credentials><con:jmsConfig JMSDeliveryMode="PERSISTENT"/><con:wsaConfig mustUnderstand="NONE" version="200508" action="urn:Medfusion/Medfusion/sendCommunicationsRequest"/></con:call></con:operation><con:operation isOneWay="false" action="" name="sendMemberUnlockEmail" bindingOperationName="sendMemberUnlockEmail" type="Request-Response" outputName="sendMemberUnlockEmailResponse" inputName="sendMemberUnlockEmailRequest" receivesAttachments="false" sendsAttachments="false" anonymous="optional" id="1dfbc385-e364-4e01-853f-c6e625f815e6"><con:settings/><con:call name="Request 1" outgoingWss="" incomingWss="" id="1c7ceac6-b890-441c-9ddb-017443d21781"><con:settings/><con:encoding>UTF-8</con:encoding><con:endpoint>http://dev3-portal-wicket01.mf.qhg.local:8080/webservices/services/medfusion?wsdl</con:endpoint><con:request><![CDATA[<soapenv:Envelope xmlns:xsi="http://www.w3.org/2001/XMLSchema-instance" xmlns:xsd="http://www.w3.org/2001/XMLSchema" xmlns:soapenv="http://schemas.xmlsoap.org/soap/envelope/" xmlns:urn="urn:Medfusion">
   <soapenv:Header/>
   <soapenv:Body>
      <urn:sendMemberUnlockEmail soapenv:encodingStyle="http://schemas.xmlsoap.org/soap/encoding/">
         <in0 xsi:type="xsd:int">?</in0>
         <in1 xsi:type="xsd:int">?</in1>
         <in2 xsi:type="xsd:string">?</in2>
         <in3 xsi:type="xsd:string">?</in3>
         <in4 xsi:type="xsd:dateTime">?</in4>
         <in5 xsi:type="xsd:string">?</in5>
         <in6 xsi:type="xsd:string">?</in6>
         <in7 xsi:type="xsd:string">?</in7>
         <in8 xsi:type="xsd:string">?</in8>
      </urn:sendMemberUnlockEmail>
   </soapenv:Body>
</soapenv:Envelope>]]></con:request><con:credentials><con:username xsi:nil="true"/><con:password xsi:nil="true"/><con:domain xsi:nil="true"/></con:credentials><con:jmsConfig JMSDeliveryMode="PERSISTENT"/><con:wsaConfig mustUnderstand="NONE" version="200508" action="urn:Medfusion/Medfusion/sendMemberUnlockEmailRequest"/></con:call></con:operation><con:operation isOneWay="false" action="" name="sendMultipleMemberUnlockEmail" bindingOperationName="sendMultipleMemberUnlockEmail" type="Request-Response" outputName="sendMultipleMemberUnlockEmailResponse" inputName="sendMultipleMemberUnlockEmailRequest" receivesAttachments="false" sendsAttachments="false" anonymous="optional" id="b56190ab-cc28-424e-9840-625df8972e20"><con:settings/><con:call name="Request 1" outgoingWss="" incomingWss="" id="6527113f-6e9a-4e9b-ba22-9e0d34d53949"><con:settings/><con:encoding>UTF-8</con:encoding><con:endpoint>http://dev3-portal-wicket01.mf.qhg.local:8080/webservices/services/medfusion?wsdl</con:endpoint><con:request><![CDATA[<soapenv:Envelope xmlns:xsi="http://www.w3.org/2001/XMLSchema-instance" xmlns:xsd="http://www.w3.org/2001/XMLSchema" xmlns:soapenv="http://schemas.xmlsoap.org/soap/envelope/" xmlns:urn="urn:Medfusion" xmlns:soapenc="http://schemas.xmlsoap.org/soap/encoding/">
   <soapenv:Header/>
   <soapenv:Body>
      <urn:sendMultipleMemberUnlockEmail soapenv:encodingStyle="http://schemas.xmlsoap.org/soap/encoding/">
         <in0 xsi:type="urn:ArrayOf_xsd_int" soapenc:arrayType="xsd:int[]"/>
         <in1 xsi:type="xsd:int">?</in1>
         <in2 xsi:type="xsd:string">?</in2>
         <in3 xsi:type="urn:ArrayOf_xsd_string" soapenc:arrayType="xsd:string[]"/>
         <in4 xsi:type="xsd:string">?</in4>
         <in5 xsi:type="xsd:string">?</in5>
         <in6 xsi:type="urn:ArrayOf_tns2_NameValuePairComposite" soapenc:arrayType="obj:NameValuePairComposite[]" xmlns:obj="http://objects.medfusion.webservices.integrations.medfusion.net"/>
      </urn:sendMultipleMemberUnlockEmail>
   </soapenv:Body>
</soapenv:Envelope>]]></con:request><con:credentials><con:username xsi:nil="true"/><con:password xsi:nil="true"/><con:domain xsi:nil="true"/></con:credentials><con:jmsConfig JMSDeliveryMode="PERSISTENT"/><con:wsaConfig mustUnderstand="NONE" version="200508" action="urn:Medfusion/Medfusion/sendMultipleMemberUnlockEmailRequest"/></con:call></con:operation><con:operation isOneWay="false" action="" name="setApptReqScheduledDate" bindingOperationName="setApptReqScheduledDate" type="Request-Response" outputName="setApptReqScheduledDateResponse" inputName="setApptReqScheduledDateRequest" receivesAttachments="false" sendsAttachments="false" anonymous="optional" id="3d64b76c-079e-40de-ad17-b72c0254f3d4"><con:settings/><con:call name="Request 1" outgoingWss="" incomingWss="" id="f47de5cb-f11c-4ee2-85cc-395ecddfb9d5"><con:settings/><con:encoding>UTF-8</con:encoding><con:endpoint>http://dev3-portal-wicket01.mf.qhg.local:8080/webservices/services/medfusion?wsdl</con:endpoint><con:request><![CDATA[<soapenv:Envelope xmlns:xsi="http://www.w3.org/2001/XMLSchema-instance" xmlns:xsd="http://www.w3.org/2001/XMLSchema" xmlns:soapenv="http://schemas.xmlsoap.org/soap/envelope/" xmlns:urn="urn:Medfusion">
   <soapenv:Header/>
   <soapenv:Body>
      <urn:setApptReqScheduledDate soapenv:encodingStyle="http://schemas.xmlsoap.org/soap/encoding/">
         <in0 xsi:type="xsd:int">?</in0>
         <in1 xsi:type="xsd:int">?</in1>
         <in2 xsi:type="xsd:dateTime">?</in2>
      </urn:setApptReqScheduledDate>
   </soapenv:Body>
</soapenv:Envelope>]]></con:request><con:credentials><con:username xsi:nil="true"/><con:password xsi:nil="true"/><con:domain xsi:nil="true"/></con:credentials><con:jmsConfig JMSDeliveryMode="PERSISTENT"/><con:wsaConfig mustUnderstand="NONE" version="200508" action="urn:Medfusion/Medfusion/setApptReqScheduledDateRequest"/></con:call></con:operation><con:operation isOneWay="false" action="" name="setApptReqStatus" bindingOperationName="setApptReqStatus" type="Request-Response" outputName="setApptReqStatusResponse" inputName="setApptReqStatusRequest" receivesAttachments="false" sendsAttachments="false" anonymous="optional" id="896ac439-8580-4b17-befa-0c3f9bd34794"><con:settings/><con:call name="Request 1" outgoingWss="" incomingWss="" id="e1b1cdb2-a3c5-4b6a-96bc-9c36faf7634f"><con:settings/><con:encoding>UTF-8</con:encoding><con:endpoint>http://dev3-portal-wicket01.mf.qhg.local:8080/webservices/services/medfusion?wsdl</con:endpoint><con:request><![CDATA[<soapenv:Envelope xmlns:xsi="http://www.w3.org/2001/XMLSchema-instance" xmlns:xsd="http://www.w3.org/2001/XMLSchema" xmlns:soapenv="http://schemas.xmlsoap.org/soap/envelope/" xmlns:urn="urn:Medfusion">
   <soapenv:Header/>
   <soapenv:Body>
      <urn:setApptReqStatus soapenv:encodingStyle="http://schemas.xmlsoap.org/soap/encoding/">
         <in0 xsi:type="xsd:int">?</in0>
         <in1 xsi:type="xsd:int">?</in1>
         <in2 xsi:type="xsd:string">?</in2>
      </urn:setApptReqStatus>
   </soapenv:Body>
</soapenv:Envelope>]]></con:request><con:credentials><con:username xsi:nil="true"/><con:password xsi:nil="true"/><con:domain xsi:nil="true"/></con:credentials><con:jmsConfig JMSDeliveryMode="PERSISTENT"/><con:wsaConfig mustUnderstand="NONE" version="200508" action="urn:Medfusion/Medfusion/setApptReqStatusRequest"/></con:call></con:operation><con:operation isOneWay="false" action="" name="setCustomFormStatus" bindingOperationName="setCustomFormStatus" type="Request-Response" outputName="setCustomFormStatusResponse" inputName="setCustomFormStatusRequest" receivesAttachments="false" sendsAttachments="false" anonymous="optional" id="9d95f8e1-4a12-497f-93c5-dfbec1972773"><con:settings/><con:call name="Request 1" outgoingWss="" incomingWss="" id="baaee73e-eb9a-45d5-855e-dfb40f12c184"><con:settings/><con:encoding>UTF-8</con:encoding><con:endpoint>http://dev3-portal-wicket01.mf.qhg.local:8080/webservices/services/medfusion?wsdl</con:endpoint><con:request><![CDATA[<soapenv:Envelope xmlns:xsi="http://www.w3.org/2001/XMLSchema-instance" xmlns:xsd="http://www.w3.org/2001/XMLSchema" xmlns:soapenv="http://schemas.xmlsoap.org/soap/envelope/" xmlns:urn="urn:Medfusion">
   <soapenv:Header/>
   <soapenv:Body>
      <urn:setCustomFormStatus soapenv:encodingStyle="http://schemas.xmlsoap.org/soap/encoding/">
         <in0 xsi:type="xsd:int">?</in0>
         <in1 xsi:type="xsd:int">?</in1>
         <in2 xsi:type="xsd:string">?</in2>
      </urn:setCustomFormStatus>
   </soapenv:Body>
</soapenv:Envelope>]]></con:request><con:credentials><con:username xsi:nil="true"/><con:password xsi:nil="true"/><con:domain xsi:nil="true"/></con:credentials><con:jmsConfig JMSDeliveryMode="PERSISTENT"/><con:wsaConfig mustUnderstand="NONE" version="200508" action="urn:Medfusion/Medfusion/setCustomFormStatusRequest"/></con:call></con:operation><con:operation isOneWay="false" action="" name="setExternalIdForLocation" bindingOperationName="setExternalIdForLocation" type="Request-Response" outputName="setExternalIdForLocationResponse" inputName="setExternalIdForLocationRequest" receivesAttachments="false" sendsAttachments="false" anonymous="optional" id="c78fe6bd-0e5a-4ee1-bb37-65098c576165"><con:settings/><con:call name="Request 1" outgoingWss="" incomingWss="" id="6999b6fb-8b09-462b-8c56-9255efe43408"><con:settings/><con:encoding>UTF-8</con:encoding><con:endpoint>http://dev3-portal-wicket01.mf.qhg.local:8080/webservices/services/medfusion?wsdl</con:endpoint><con:request><![CDATA[<soapenv:Envelope xmlns:xsi="http://www.w3.org/2001/XMLSchema-instance" xmlns:xsd="http://www.w3.org/2001/XMLSchema" xmlns:soapenv="http://schemas.xmlsoap.org/soap/envelope/" xmlns:urn="urn:Medfusion">
   <soapenv:Header/>
   <soapenv:Body>
      <urn:setExternalIdForLocation soapenv:encodingStyle="http://schemas.xmlsoap.org/soap/encoding/">
         <in0 xsi:type="xsd:int">?</in0>
         <in1 xsi:type="xsd:int">?</in1>
         <in2 xsi:type="xsd:string">?</in2>
      </urn:setExternalIdForLocation>
   </soapenv:Body>
</soapenv:Envelope>]]></con:request><con:credentials><con:username xsi:nil="true"/><con:password xsi:nil="true"/><con:domain xsi:nil="true"/></con:credentials><con:jmsConfig JMSDeliveryMode="PERSISTENT"/><con:wsaConfig mustUnderstand="NONE" version="200508" action="urn:Medfusion/Medfusion/setExternalIdForLocationRequest"/></con:call></con:operation><con:operation isOneWay="false" action="" name="setExternalIdForMember" bindingOperationName="setExternalIdForMember" type="Request-Response" outputName="setExternalIdForMemberResponse" inputName="setExternalIdForMemberRequest" receivesAttachments="false" sendsAttachments="false" anonymous="optional" id="b3ece8d9-cc6b-41bc-87a9-8799fb3499e7"><con:settings/><con:call name="Request 1" outgoingWss="" incomingWss="" id="fb2c5dc3-15ad-467c-92d7-3b1d507c97d8"><con:settings/><con:encoding>UTF-8</con:encoding><con:endpoint>http://dev3-portal-wicket01.mf.qhg.local:8080/webservices/services/medfusion?wsdl</con:endpoint><con:request><![CDATA[<soapenv:Envelope xmlns:xsi="http://www.w3.org/2001/XMLSchema-instance" xmlns:xsd="http://www.w3.org/2001/XMLSchema" xmlns:soapenv="http://schemas.xmlsoap.org/soap/envelope/" xmlns:urn="urn:Medfusion">
   <soapenv:Header/>
   <soapenv:Body>
      <urn:setExternalIdForMember soapenv:encodingStyle="http://schemas.xmlsoap.org/soap/encoding/">
         <in0 xsi:type="xsd:int">?</in0>
         <in1 xsi:type="xsd:int">?</in1>
         <in2 xsi:type="xsd:int">?</in2>
         <in3 xsi:type="xsd:string">?</in3>
      </urn:setExternalIdForMember>
   </soapenv:Body>
</soapenv:Envelope>]]></con:request><con:credentials><con:username xsi:nil="true"/><con:password xsi:nil="true"/><con:domain xsi:nil="true"/></con:credentials><con:jmsConfig JMSDeliveryMode="PERSISTENT"/><con:wsaConfig mustUnderstand="NONE" version="200508" action="urn:Medfusion/Medfusion/setExternalIdForMemberRequest"/></con:call></con:operation><con:operation isOneWay="false" action="" name="setExternalIdForPractice" bindingOperationName="setExternalIdForPractice" type="Request-Response" outputName="setExternalIdForPracticeResponse" inputName="setExternalIdForPracticeRequest" receivesAttachments="false" sendsAttachments="false" anonymous="optional" id="30782a0d-c8a4-4b48-a565-bc68d3f7ff4d"><con:settings/><con:call name="Request 1" outgoingWss="" incomingWss="" id="1014b977-f2e4-4aef-8c62-bac855223e1b"><con:settings/><con:encoding>UTF-8</con:encoding><con:endpoint>http://dev3-portal-wicket01.mf.qhg.local:8080/webservices/services/medfusion?wsdl</con:endpoint><con:request><![CDATA[<soapenv:Envelope xmlns:xsi="http://www.w3.org/2001/XMLSchema-instance" xmlns:xsd="http://www.w3.org/2001/XMLSchema" xmlns:soapenv="http://schemas.xmlsoap.org/soap/envelope/" xmlns:urn="urn:Medfusion">
   <soapenv:Header/>
   <soapenv:Body>
      <urn:setExternalIdForPractice soapenv:encodingStyle="http://schemas.xmlsoap.org/soap/encoding/">
         <in0 xsi:type="xsd:int">?</in0>
         <in1 xsi:type="xsd:int">?</in1>
         <in2 xsi:type="xsd:string">?</in2>
      </urn:setExternalIdForPractice>
   </soapenv:Body>
</soapenv:Envelope>]]></con:request><con:credentials><con:username xsi:nil="true"/><con:password xsi:nil="true"/><con:domain xsi:nil="true"/></con:credentials><con:jmsConfig JMSDeliveryMode="PERSISTENT"/><con:wsaConfig mustUnderstand="NONE" version="200508" action="urn:Medfusion/Medfusion/setExternalIdForPracticeRequest"/></con:call></con:operation><con:operation isOneWay="false" action="" name="setExternalIdForStaff" bindingOperationName="setExternalIdForStaff" type="Request-Response" outputName="setExternalIdForStaffResponse" inputName="setExternalIdForStaffRequest" receivesAttachments="false" sendsAttachments="false" anonymous="optional" id="abc8c95d-9d66-44ac-8caa-09f2fc68e65f"><con:settings/><con:call name="Request 1" outgoingWss="" incomingWss="" id="aaa65352-1fb8-43e6-9347-8dcdcadb387e"><con:settings/><con:encoding>UTF-8</con:encoding><con:endpoint>http://dev3-portal-wicket01.mf.qhg.local:8080/webservices/services/medfusion?wsdl</con:endpoint><con:request><![CDATA[<soapenv:Envelope xmlns:xsi="http://www.w3.org/2001/XMLSchema-instance" xmlns:xsd="http://www.w3.org/2001/XMLSchema" xmlns:soapenv="http://schemas.xmlsoap.org/soap/envelope/" xmlns:urn="urn:Medfusion">
   <soapenv:Header/>
   <soapenv:Body>
      <urn:setExternalIdForStaff soapenv:encodingStyle="http://schemas.xmlsoap.org/soap/encoding/">
         <in0 xsi:type="xsd:int">?</in0>
         <in1 xsi:type="xsd:int">?</in1>
         <in2 xsi:type="xsd:int">?</in2>
         <in3 xsi:type="xsd:string">?</in3>
      </urn:setExternalIdForStaff>
   </soapenv:Body>
</soapenv:Envelope>]]></con:request><con:credentials><con:username xsi:nil="true"/><con:password xsi:nil="true"/><con:domain xsi:nil="true"/></con:credentials><con:jmsConfig JMSDeliveryMode="PERSISTENT"/><con:wsaConfig mustUnderstand="NONE" version="200508" action="urn:Medfusion/Medfusion/setExternalIdForStaffRequest"/></con:call></con:operation><con:operation isOneWay="false" action="" name="setPatientId" bindingOperationName="setPatientId" type="Request-Response" outputName="setPatientIdResponse" inputName="setPatientIdRequest" receivesAttachments="false" sendsAttachments="false" anonymous="optional" id="47e78b54-9c24-4960-98e3-50ae997f95f5"><con:settings/><con:call name="Request 1" outgoingWss="" incomingWss="" id="ceafe752-bfb2-474a-b879-ec0597b783a2"><con:settings/><con:encoding>UTF-8</con:encoding><con:endpoint>http://dev3-portal-wicket01.mf.qhg.local:8080/webservices/services/medfusion?wsdl</con:endpoint><con:request><![CDATA[<soapenv:Envelope xmlns:xsi="http://www.w3.org/2001/XMLSchema-instance" xmlns:xsd="http://www.w3.org/2001/XMLSchema" xmlns:soapenv="http://schemas.xmlsoap.org/soap/envelope/" xmlns:urn="urn:Medfusion">
   <soapenv:Header/>
   <soapenv:Body>
      <urn:setPatientId soapenv:encodingStyle="http://schemas.xmlsoap.org/soap/encoding/">
         <in0 xsi:type="xsd:int">?</in0>
         <in1 xsi:type="xsd:int">?</in1>
         <in2 xsi:type="xsd:string">?</in2>
      </urn:setPatientId>
   </soapenv:Body>
</soapenv:Envelope>]]></con:request><con:credentials><con:username xsi:nil="true"/><con:password xsi:nil="true"/><con:domain xsi:nil="true"/></con:credentials><con:jmsConfig JMSDeliveryMode="PERSISTENT"/><con:wsaConfig mustUnderstand="NONE" version="200508" action="urn:Medfusion/Medfusion/setPatientIdRequest"/></con:call></con:operation><con:operation isOneWay="false" action="" name="setStatementDeliveryPreference" bindingOperationName="setStatementDeliveryPreference" type="Request-Response" outputName="setStatementDeliveryPreferenceResponse" inputName="setStatementDeliveryPreferenceRequest" receivesAttachments="false" sendsAttachments="false" anonymous="optional" id="a763a03d-78ec-400a-b8a1-6ac3a6ad542a"><con:settings/><con:call name="Request 1" outgoingWss="" incomingWss="" id="5eb205d5-4e6f-40c8-b25d-ed7c08367748"><con:settings/><con:encoding>UTF-8</con:encoding><con:endpoint>http://dev3-portal-wicket01.mf.qhg.local:8080/webservices/services/medfusion?wsdl</con:endpoint><con:request><![CDATA[<soapenv:Envelope xmlns:xsi="http://www.w3.org/2001/XMLSchema-instance" xmlns:xsd="http://www.w3.org/2001/XMLSchema" xmlns:soapenv="http://schemas.xmlsoap.org/soap/envelope/" xmlns:urn="urn:Medfusion" xmlns:soapenc="http://schemas.xmlsoap.org/soap/encoding/">
   <soapenv:Header/>
   <soapenv:Body>
      <urn:setStatementDeliveryPreference soapenv:encodingStyle="http://schemas.xmlsoap.org/soap/encoding/">
         <in0 xsi:type="xsd:int">?</in0>
         <in1 xsi:type="urn:ArrayOf_xsd_int" soapenc:arrayType="xsd:int[]"/>
         <in2 xsi:type="xsd:string">?</in2>
      </urn:setStatementDeliveryPreference>
   </soapenv:Body>
</soapenv:Envelope>]]></con:request><con:credentials><con:username xsi:nil="true"/><con:password xsi:nil="true"/><con:domain xsi:nil="true"/></con:credentials><con:jmsConfig JMSDeliveryMode="PERSISTENT"/><con:wsaConfig mustUnderstand="NONE" version="200508" action="urn:Medfusion/Medfusion/setStatementDeliveryPreferenceRequest"/></con:call></con:operation><con:operation isOneWay="false" action="" name="setStatementOutOfDate" bindingOperationName="setStatementOutOfDate" type="Request-Response" outputName="setStatementOutOfDateResponse" inputName="setStatementOutOfDateRequest" receivesAttachments="false" sendsAttachments="false" anonymous="optional" id="b42c1f31-d1f9-46f3-9c6d-e5bbe9f4df77"><con:settings/><con:call name="Request 1" outgoingWss="" incomingWss="" id="862b8e3a-7aeb-42f9-a576-a70b3066e217"><con:settings/><con:encoding>UTF-8</con:encoding><con:endpoint>http://dev3-portal-wicket01.mf.qhg.local:8080/webservices/services/medfusion?wsdl</con:endpoint><con:request><![CDATA[<soapenv:Envelope xmlns:xsi="http://www.w3.org/2001/XMLSchema-instance" xmlns:xsd="http://www.w3.org/2001/XMLSchema" xmlns:soapenv="http://schemas.xmlsoap.org/soap/envelope/" xmlns:urn="urn:Medfusion">
   <soapenv:Header/>
   <soapenv:Body>
      <urn:setStatementOutOfDate soapenv:encodingStyle="http://schemas.xmlsoap.org/soap/encoding/">
         <in0 xsi:type="xsd:int">?</in0>
         <in1 xsi:type="xsd:int">?</in1>
      </urn:setStatementOutOfDate>
   </soapenv:Body>
</soapenv:Envelope>]]></con:request><con:credentials><con:username xsi:nil="true"/><con:password xsi:nil="true"/><con:domain xsi:nil="true"/></con:credentials><con:jmsConfig JMSDeliveryMode="PERSISTENT"/><con:wsaConfig mustUnderstand="NONE" version="200508" action="urn:Medfusion/Medfusion/setStatementOutOfDateRequest"/></con:call></con:operation><con:operation isOneWay="false" action="" name="testConnection" bindingOperationName="testConnection" type="Request-Response" outputName="testConnectionResponse" inputName="testConnectionRequest" receivesAttachments="false" sendsAttachments="false" anonymous="optional" id="63cd9439-1ef0-46f7-96d3-efc0b87c466c"><con:settings/><con:call name="Request 1" outgoingWss="" incomingWss="" id="720c4fd8-cc96-4ef0-96a6-2b0829dff095"><con:settings/><con:encoding>UTF-8</con:encoding><con:endpoint>http://dev3-portal-wicket01.mf.qhg.local:8080/webservices/services/medfusion?wsdl</con:endpoint><con:request><![CDATA[<soapenv:Envelope xmlns:xsi="http://www.w3.org/2001/XMLSchema-instance" xmlns:xsd="http://www.w3.org/2001/XMLSchema" xmlns:soapenv="http://schemas.xmlsoap.org/soap/envelope/" xmlns:urn="urn:Medfusion">
   <soapenv:Header/>
   <soapenv:Body>
      <urn:testConnection soapenv:encodingStyle="http://schemas.xmlsoap.org/soap/encoding/"/>
   </soapenv:Body>
</soapenv:Envelope>]]></con:request><con:credentials><con:username xsi:nil="true"/><con:password xsi:nil="true"/><con:domain xsi:nil="true"/></con:credentials><con:jmsConfig JMSDeliveryMode="PERSISTENT"/><con:wsaConfig mustUnderstand="NONE" version="200508" action="urn:Medfusion/Medfusion/testConnectionRequest"/></con:call></con:operation><con:operation isOneWay="false" action="" name="unlockMember" bindingOperationName="unlockMember" type="Request-Response" outputName="unlockMemberResponse" inputName="unlockMemberRequest" receivesAttachments="false" sendsAttachments="false" anonymous="optional" id="1c023e64-d6ec-40cb-9a5b-9819bfad8a3e"><con:settings/><con:call name="Request 1" outgoingWss="" incomingWss="" id="f395d193-9298-4735-802c-c24a6f90bb20"><con:settings/><con:encoding>UTF-8</con:encoding><con:endpoint>http://dev3-portal-wicket01.mf.qhg.local:8080/webservices/services/medfusion?wsdl</con:endpoint><con:request><![CDATA[<soapenv:Envelope xmlns:xsi="http://www.w3.org/2001/XMLSchema-instance" xmlns:xsd="http://www.w3.org/2001/XMLSchema" xmlns:soapenv="http://schemas.xmlsoap.org/soap/envelope/" xmlns:urn="urn:Medfusion">
   <soapenv:Header/>
   <soapenv:Body>
      <urn:unlockMember soapenv:encodingStyle="http://schemas.xmlsoap.org/soap/encoding/">
         <in0 xsi:type="xsd:int">?</in0>
         <in1 xsi:type="xsd:int">?</in1>
         <in2 xsi:type="xsd:int">?</in2>
         <in3 xsi:type="xsd:string">?</in3>
         <in4 xsi:type="xsd:string">?</in4>
         <in5 xsi:type="xsd:dateTime">?</in5>
         <in6 xsi:type="xsd:string">?</in6>
         <in7 xsi:type="xsd:string">?</in7>
         <in8 xsi:type="xsd:string">?</in8>
         <in9 xsi:type="xsd:string">?</in9>
      </urn:unlockMember>
   </soapenv:Body>
</soapenv:Envelope>]]></con:request><con:credentials><con:username xsi:nil="true"/><con:password xsi:nil="true"/><con:domain xsi:nil="true"/></con:credentials><con:jmsConfig JMSDeliveryMode="PERSISTENT"/><con:wsaConfig mustUnderstand="NONE" version="200508" action="urn:Medfusion/Medfusion/unlockMemberRequest"/></con:call></con:operation><con:operation isOneWay="false" action="" name="unlockMemberLocked" bindingOperationName="unlockMemberLocked" type="Request-Response" outputName="unlockMemberLockedResponse" inputName="unlockMemberLockedRequest" receivesAttachments="false" sendsAttachments="false" anonymous="optional" id="942ad8ff-3063-4159-9f20-1701600801b4"><con:settings/><con:call name="Request 1" outgoingWss="" incomingWss="" id="59decfd1-5784-44b4-84a9-e14a99781789"><con:settings/><con:encoding>UTF-8</con:encoding><con:endpoint>http://dev3-portal-wicket01.mf.qhg.local:8080/webservices/services/medfusion?wsdl</con:endpoint><con:request><![CDATA[<soapenv:Envelope xmlns:xsi="http://www.w3.org/2001/XMLSchema-instance" xmlns:xsd="http://www.w3.org/2001/XMLSchema" xmlns:soapenv="http://schemas.xmlsoap.org/soap/envelope/" xmlns:urn="urn:Medfusion">
   <soapenv:Header/>
   <soapenv:Body>
      <urn:unlockMemberLocked soapenv:encodingStyle="http://schemas.xmlsoap.org/soap/encoding/">
         <in0 xsi:type="xsd:int">?</in0>
         <in1 xsi:type="xsd:int">?</in1>
         <in2 xsi:type="xsd:string">?</in2>
         <in3 xsi:type="xsd:string">?</in3>
         <in4 xsi:type="xsd:dateTime">?</in4>
         <in5 xsi:type="xsd:string">?</in5>
         <in6 xsi:type="xsd:string">?</in6>
         <in7 xsi:type="xsd:string">?</in7>
         <in8 xsi:type="xsd:string">?</in8>
      </urn:unlockMemberLocked>
   </soapenv:Body>
</soapenv:Envelope>]]></con:request><con:credentials><con:username xsi:nil="true"/><con:password xsi:nil="true"/><con:domain xsi:nil="true"/></con:credentials><con:jmsConfig JMSDeliveryMode="PERSISTENT"/><con:wsaConfig mustUnderstand="NONE" version="200508" action="urn:Medfusion/Medfusion/unlockMemberLockedRequest"/></con:call></con:operation><con:operation isOneWay="false" action="" name="updateMemberLocked" bindingOperationName="updateMemberLocked" type="Request-Response" outputName="updateMemberLockedResponse" inputName="updateMemberLockedRequest" receivesAttachments="false" sendsAttachments="false" anonymous="optional" id="47c8a628-d8f7-4a9c-acbc-65d4dd764c9c"><con:settings/><con:call name="Request 1" outgoingWss="" incomingWss="" id="9c124f68-c480-4f96-af76-9ee6d6a4edb0"><con:settings/><con:encoding>UTF-8</con:encoding><con:endpoint>http://dev3-portal-wicket01.mf.qhg.local:8080/webservices/services/medfusion?wsdl</con:endpoint><con:request><![CDATA[<soapenv:Envelope xmlns:xsi="http://www.w3.org/2001/XMLSchema-instance" xmlns:xsd="http://www.w3.org/2001/XMLSchema" xmlns:soapenv="http://schemas.xmlsoap.org/soap/envelope/" xmlns:urn="urn:Medfusion" xmlns:soapenc="http://schemas.xmlsoap.org/soap/encoding/">
   <soapenv:Header/>
   <soapenv:Body>
      <urn:updateMemberLocked soapenv:encodingStyle="http://schemas.xmlsoap.org/soap/encoding/">
         <in0 xsi:type="obj:MemberLocked" xmlns:obj="http://objects.medfusion.webservices.integrations.medfusion.net">
            <fields xsi:type="obj:Fields">
               <fields xsi:type="urn:ArrayOf_tns2_Field" soapenc:arrayType="obj:Field[]"/>
            </fields>
         </in0>
      </urn:updateMemberLocked>
   </soapenv:Body>
</soapenv:Envelope>]]></con:request><con:credentials><con:username xsi:nil="true"/><con:password xsi:nil="true"/><con:domain xsi:nil="true"/></con:credentials><con:jmsConfig JMSDeliveryMode="PERSISTENT"/><con:wsaConfig mustUnderstand="NONE" version="200508" action="urn:Medfusion/Medfusion/updateMemberLockedRequest"/></con:call></con:operation></con:interface><con:testSuite name="medfusionSoapBinding TestSuite" id="47050a97-b777-4cb9-8a88-760aeb0e8164"><con:settings/><con:runType>SEQUENTIAL</con:runType><con:testCase failOnError="true" failTestCaseOnErrors="true" keepSession="false" maxResults="0" name="activateMember TestCase" searchProperties="true" id="60815a26-d191-4450-ba28-62886b67f5fd"><con:settings/><con:testStep type="request" name="activateMember" id="4ebaee2f-3dd7-4de6-a284-85c1d2a7db96"><con:settings/><con:config xsi:type="con:RequestStep" xmlns:xsi="http://www.w3.org/2001/XMLSchema-instance"><con:interface>medfusionSoapBinding</con:interface><con:operation>activateMember</con:operation><con:request name="activateMember" outgoingWss="" incomingWss="" id="da2b28b5-d0ad-4096-a23c-0b06707cdd31"><con:settings><con:setting id="com.eviware.soapui.impl.wsdl.WsdlRequest@request-headers">&lt;xml-fragment/></con:setting></con:settings><con:encoding>UTF-8</con:encoding><con:endpoint>http://dev3-portal-wicket01.mf.qhg.local:8080/webservices/services/medfusion?wsdl</con:endpoint><con:request><![CDATA[<soapenv:Envelope xmlns:xsi="http://www.w3.org/2001/XMLSchema-instance" xmlns:xsd="http://www.w3.org/2001/XMLSchema" xmlns:soapenv="http://schemas.xmlsoap.org/soap/envelope/" xmlns:urn="urn:Medfusion">
   <soapenv:Header/>
   <soapenv:Body>
      <urn:activateMember soapenv:encodingStyle="http://schemas.xmlsoap.org/soap/encoding/">
         <in0 xsi:type="xsd:int">?</in0>
         <in1 xsi:type="xsd:int">?</in1>
      </urn:activateMember>
   </soapenv:Body>
</soapenv:Envelope>]]></con:request><con:credentials><con:username xsi:nil="true"/><con:password xsi:nil="true"/><con:domain xsi:nil="true"/><con:authType>No Authorization</con:authType></con:credentials><con:jmsConfig JMSDeliveryMode="PERSISTENT"/><con:jmsPropertyConfig/><con:wsaConfig action="urn:Medfusion/Medfusion/activateMemberRequest" mustUnderstand="NONE" version="200508"/><con:wsrmConfig version="1.2"/></con:request></con:config></con:testStep><con:properties/><con:reportParameters/></con:testCase><con:testCase failOnError="true" failTestCaseOnErrors="true" keepSession="false" maxResults="0" name="addESToPractice TestCase" searchProperties="true" id="235f3abd-51c5-4455-9d3a-f0c5f1f06a6c"><con:settings/><con:testStep type="request" name="addESToPractice" id="0ba6ea57-6527-497f-8a2e-01a79e34f40c"><con:settings/><con:config xsi:type="con:RequestStep" xmlns:xsi="http://www.w3.org/2001/XMLSchema-instance"><con:interface>medfusionSoapBinding</con:interface><con:operation>addESToPractice</con:operation><con:request name="addESToPractice" outgoingWss="" incomingWss="" id="f534bde1-231c-4c92-952c-7923a66a55bf"><con:settings/><con:encoding>UTF-8</con:encoding><con:endpoint>http://dev3-portal-wicket01.mf.qhg.local:8080/webservices/services/medfusion?wsdl</con:endpoint><con:request><![CDATA[<soapenv:Envelope xmlns:xsi="http://www.w3.org/2001/XMLSchema-instance" xmlns:xsd="http://www.w3.org/2001/XMLSchema" xmlns:soapenv="http://schemas.xmlsoap.org/soap/envelope/" xmlns:urn="urn:Medfusion">
   <soapenv:Header/>
   <soapenv:Body>
      <urn:addESToPractice soapenv:encodingStyle="http://schemas.xmlsoap.org/soap/encoding/">
         <in0 xsi:type="xsd:int">?</in0>
         <in1 xsi:type="xsd:int">?</in1>
         <in2 xsi:type="xsd:boolean">?</in2>
      </urn:addESToPractice>
   </soapenv:Body>
</soapenv:Envelope>]]></con:request><con:credentials><con:username xsi:nil="true"/><con:password xsi:nil="true"/><con:domain xsi:nil="true"/><con:authType>No Authorization</con:authType></con:credentials><con:jmsConfig JMSDeliveryMode="PERSISTENT"/><con:wsaConfig action="urn:Medfusion/Medfusion/addESToPracticeRequest" mustUnderstand="NONE" version="200508"/></con:request></con:config></con:testStep><con:properties/><con:reportParameters/></con:testCase><con:testCase failOnError="true" failTestCaseOnErrors="true" keepSession="false" maxResults="0" name="addSigCode TestCase" searchProperties="true" id="c1abdbd2-6bcc-4fc4-9191-087805e995da"><con:settings/><con:testStep type="request" name="addSigCode" id="a0ac6b0d-30e3-4602-bd36-a61aa9a32ec3"><con:settings/><con:config xsi:type="con:RequestStep" xmlns:xsi="http://www.w3.org/2001/XMLSchema-instance"><con:interface>medfusionSoapBinding</con:interface><con:operation>addSigCode</con:operation><con:request name="addSigCode" outgoingWss="" incomingWss="" id="fa5bd198-a4fb-4976-bb72-8d555dd1ae70"><con:settings/><con:encoding>UTF-8</con:encoding><con:endpoint>http://dev3-portal-wicket01.mf.qhg.local:8080/webservices/services/medfusion?wsdl</con:endpoint><con:request><![CDATA[<soapenv:Envelope xmlns:xsi="http://www.w3.org/2001/XMLSchema-instance" xmlns:xsd="http://www.w3.org/2001/XMLSchema" xmlns:soapenv="http://schemas.xmlsoap.org/soap/envelope/" xmlns:urn="urn:Medfusion">
   <soapenv:Header/>
   <soapenv:Body>
      <urn:addSigCode soapenv:encodingStyle="http://schemas.xmlsoap.org/soap/encoding/">
         <in0 xsi:type="xsd:string">?</in0>
         <in1 xsi:type="xsd:string">?</in1>
         <in2 xsi:type="xsd:int">?</in2>
      </urn:addSigCode>
   </soapenv:Body>
</soapenv:Envelope>]]></con:request><con:credentials><con:username xsi:nil="true"/><con:password xsi:nil="true"/><con:domain xsi:nil="true"/><con:authType>No Authorization</con:authType></con:credentials><con:jmsConfig JMSDeliveryMode="PERSISTENT"/><con:wsaConfig action="urn:Medfusion/Medfusion/addSigCodeRequest" mustUnderstand="NONE" version="200508"/></con:request></con:config></con:testStep><con:properties/><con:reportParameters/></con:testCase><con:testCase failOnError="true" failTestCaseOnErrors="true" keepSession="false" maxResults="0" name="communicateAndProcessRxRefillReq TestCase" searchProperties="true" id="d6f2a606-6011-43d3-8890-0708ea7e4133"><con:settings/><con:testStep type="request" name="communicateAndProcessRxRefillReq" id="5564c28e-ac4c-45fe-9cd6-92635e5fa3a5"><con:settings/><con:config xsi:type="con:RequestStep" xmlns:xsi="http://www.w3.org/2001/XMLSchema-instance"><con:interface>medfusionSoapBinding</con:interface><con:operation>communicateAndProcessRxRefillReq</con:operation><con:request name="communicateAndProcessRxRefillReq" outgoingWss="" incomingWss="" id="57863cb9-cad9-4b6b-b754-5ef7ada371ef"><con:settings/><con:encoding>UTF-8</con:encoding><con:endpoint>http://dev3-portal-wicket01.mf.qhg.local:8080/webservices/services/medfusion?wsdl</con:endpoint><con:request><![CDATA[<soapenv:Envelope xmlns:xsi="http://www.w3.org/2001/XMLSchema-instance" xmlns:xsd="http://www.w3.org/2001/XMLSchema" xmlns:soapenv="http://schemas.xmlsoap.org/soap/envelope/" xmlns:urn="urn:Medfusion" xmlns:soapenc="http://schemas.xmlsoap.org/soap/encoding/">
   <soapenv:Header/>
   <soapenv:Body>
      <urn:communicateAndProcessRxRefillReq soapenv:encodingStyle="http://schemas.xmlsoap.org/soap/encoding/">
         <in0 xsi:type="xsd:int">?</in0>
         <in1 xsi:type="xsd:int">?</in1>
         <in2 xsi:type="xsd:boolean">?</in2>
         <in3 xsi:type="xsd:string">?</in3>
         <in4 xsi:type="obj:Comm" xmlns:obj="http://objects.medfusion.webservices.integrations.medfusion.net">
            <fields xsi:type="obj:Fields">
               <fields xsi:type="urn:ArrayOf_tns2_Field" soapenc:arrayType="obj:Field[]"/>
            </fields>
         </in4>
      </urn:communicateAndProcessRxRefillReq>
   </soapenv:Body>
</soapenv:Envelope>]]></con:request><con:credentials><con:username xsi:nil="true"/><con:password xsi:nil="true"/><con:domain xsi:nil="true"/><con:authType>No Authorization</con:authType></con:credentials><con:jmsConfig JMSDeliveryMode="PERSISTENT"/><con:wsaConfig action="urn:Medfusion/Medfusion/communicateAndProcessRxRefillReqRequest" mustUnderstand="NONE" version="200508"/></con:request></con:config></con:testStep><con:properties/><con:reportParameters/></con:testCase><con:testCase failOnError="true" failTestCaseOnErrors="true" keepSession="false" maxResults="0" name="communicateAndProcessVOV TestCase" searchProperties="true" id="04fd25e1-44f2-43b0-8548-9ab9bdfdfc3d"><con:settings/><con:testStep type="request" name="communicateAndProcessVOV" id="f714d631-6a44-49dc-b42e-b606ef00e007"><con:settings/><con:config xsi:type="con:RequestStep" xmlns:xsi="http://www.w3.org/2001/XMLSchema-instance"><con:interface>medfusionSoapBinding</con:interface><con:operation>communicateAndProcessVOV</con:operation><con:request name="communicateAndProcessVOV" outgoingWss="" incomingWss="" id="c6583310-f944-4890-ad91-2e3ff4b2f9b0"><con:settings/><con:encoding>UTF-8</con:encoding><con:endpoint>http://dev3-portal-wicket01.mf.qhg.local:8080/webservices/services/medfusion?wsdl</con:endpoint><con:request><![CDATA[<soapenv:Envelope xmlns:xsi="http://www.w3.org/2001/XMLSchema-instance" xmlns:xsd="http://www.w3.org/2001/XMLSchema" xmlns:soapenv="http://schemas.xmlsoap.org/soap/envelope/" xmlns:urn="urn:Medfusion" xmlns:soapenc="http://schemas.xmlsoap.org/soap/encoding/">
   <soapenv:Header/>
   <soapenv:Body>
      <urn:communicateAndProcessVOV soapenv:encodingStyle="http://schemas.xmlsoap.org/soap/encoding/">
         <in0 xsi:type="xsd:int">?</in0>
         <in1 xsi:type="xsd:int">?</in1>
         <in2 xsi:type="xsd:int">?</in2>
         <in3 xsi:type="xsd:int">?</in3>
         <in4 xsi:type="xsd:decimal">?</in4>
         <in5 xsi:type="obj:Comm" xmlns:obj="http://objects.medfusion.webservices.integrations.medfusion.net">
            <fields xsi:type="obj:Fields">
               <fields xsi:type="urn:ArrayOf_tns2_Field" soapenc:arrayType="obj:Field[]"/>
            </fields>
         </in5>
      </urn:communicateAndProcessVOV>
   </soapenv:Body>
</soapenv:Envelope>]]></con:request><con:credentials><con:username xsi:nil="true"/><con:password xsi:nil="true"/><con:domain xsi:nil="true"/><con:authType>No Authorization</con:authType></con:credentials><con:jmsConfig JMSDeliveryMode="PERSISTENT"/><con:wsaConfig action="urn:Medfusion/Medfusion/communicateAndProcessVOVRequest" mustUnderstand="NONE" version="200508"/></con:request></con:config></con:testStep><con:properties/><con:reportParameters/></con:testCase><con:testCase failOnError="true" failTestCaseOnErrors="true" keepSession="false" maxResults="0" name="communicateAndProcessVOVWithPrescription TestCase" searchProperties="true" id="c3b252fa-1852-4341-ae5a-f6de22191c49"><con:settings/><con:testStep type="request" name="communicateAndProcessVOVWithPrescription" id="f75042cd-4da6-4bad-9319-69cf03c119c4"><con:settings/><con:config xsi:type="con:RequestStep" xmlns:xsi="http://www.w3.org/2001/XMLSchema-instance"><con:interface>medfusionSoapBinding</con:interface><con:operation>communicateAndProcessVOVWithPrescription</con:operation><con:request name="communicateAndProcessVOVWithPrescription" outgoingWss="" incomingWss="" id="46596a22-0096-444d-ae0b-ccfe54239ec1"><con:settings/><con:encoding>UTF-8</con:encoding><con:endpoint>http://dev3-portal-wicket01.mf.qhg.local:8080/webservices/services/medfusion?wsdl</con:endpoint><con:request><![CDATA[<soapenv:Envelope xmlns:xsi="http://www.w3.org/2001/XMLSchema-instance" xmlns:xsd="http://www.w3.org/2001/XMLSchema" xmlns:soapenv="http://schemas.xmlsoap.org/soap/envelope/" xmlns:urn="urn:Medfusion" xmlns:soapenc="http://schemas.xmlsoap.org/soap/encoding/">
   <soapenv:Header/>
   <soapenv:Body>
      <urn:communicateAndProcessVOVWithPrescription soapenv:encodingStyle="http://schemas.xmlsoap.org/soap/encoding/">
         <in0 xsi:type="xsd:int">?</in0>
         <in1 xsi:type="xsd:int">?</in1>
         <in2 xsi:type="xsd:int">?</in2>
         <in3 xsi:type="xsd:int">?</in3>
         <in4 xsi:type="xsd:decimal">?</in4>
         <in5 xsi:type="urn:ArrayOf_tns2_RxRefillReqEntry" soapenc:arrayType="obj:RxRefillReqEntry[]" xmlns:obj="http://objects.medfusion.webservices.integrations.medfusion.net"/>
         <in6 xsi:type="xsd:string">?</in6>
         <in7 xsi:type="obj:Comm" xmlns:obj="http://objects.medfusion.webservices.integrations.medfusion.net">
            <fields xsi:type="obj:Fields">
               <fields xsi:type="urn:ArrayOf_tns2_Field" soapenc:arrayType="obj:Field[]"/>
            </fields>
         </in7>
      </urn:communicateAndProcessVOVWithPrescription>
   </soapenv:Body>
</soapenv:Envelope>]]></con:request><con:credentials><con:username xsi:nil="true"/><con:password xsi:nil="true"/><con:domain xsi:nil="true"/><con:authType>No Authorization</con:authType></con:credentials><con:jmsConfig JMSDeliveryMode="PERSISTENT"/><con:wsaConfig action="urn:Medfusion/Medfusion/communicateAndProcessVOVWithPrescriptionRequest" mustUnderstand="NONE" version="200508"/></con:request></con:config></con:testStep><con:properties/><con:reportParameters/></con:testCase><con:testCase failOnError="true" failTestCaseOnErrors="true" keepSession="false" maxResults="0" name="createEM TestCase" searchProperties="true" id="05e2269b-ac1c-48fd-9b6a-03f23fb86e16"><con:settings/><con:testStep type="request" name="createEM" id="ccd7c390-cfaa-42d9-9e88-57cd011e9509"><con:settings/><con:config xsi:type="con:RequestStep" xmlns:xsi="http://www.w3.org/2001/XMLSchema-instance"><con:interface>medfusionSoapBinding</con:interface><con:operation>createEM</con:operation><con:request name="createEM" outgoingWss="" incomingWss="" id="29dd7694-e1eb-4d0b-9e7a-8fd19f05062a"><con:settings/><con:encoding>UTF-8</con:encoding><con:endpoint>http://dev3-portal-wicket01.mf.qhg.local:8080/webservices/services/medfusion?wsdl</con:endpoint><con:request><![CDATA[<soapenv:Envelope xmlns:xsi="http://www.w3.org/2001/XMLSchema-instance" xmlns:xsd="http://www.w3.org/2001/XMLSchema" xmlns:soapenv="http://schemas.xmlsoap.org/soap/envelope/" xmlns:urn="urn:Medfusion" xmlns:soapenc="http://schemas.xmlsoap.org/soap/encoding/">
   <soapenv:Header/>
   <soapenv:Body>
      <urn:createEM soapenv:encodingStyle="http://schemas.xmlsoap.org/soap/encoding/">
         <in0 xsi:type="obj:EM" xmlns:obj="http://objects.medfusion.webservices.integrations.medfusion.net">
            <fields xsi:type="obj:Fields">
               <fields xsi:type="urn:ArrayOf_tns2_Field" soapenc:arrayType="obj:Field[]"/>
            </fields>
         </in0>
         <in1 xsi:type="obj:EMTemplate" xmlns:obj="http://objects.medfusion.webservices.integrations.medfusion.net">
            <fields xsi:type="obj:Fields">
               <fields xsi:type="urn:ArrayOf_tns2_Field" soapenc:arrayType="obj:Field[]"/>
            </fields>
         </in1>
      </urn:createEM>
   </soapenv:Body>
</soapenv:Envelope>]]></con:request><con:credentials><con:username xsi:nil="true"/><con:password xsi:nil="true"/><con:domain xsi:nil="true"/><con:authType>No Authorization</con:authType></con:credentials><con:jmsConfig JMSDeliveryMode="PERSISTENT"/><con:wsaConfig action="urn:Medfusion/Medfusion/createEMRequest" mustUnderstand="NONE" version="200508"/></con:request></con:config></con:testStep><con:properties/><con:reportParameters/></con:testCase><con:testCase failOnError="true" failTestCaseOnErrors="true" keepSession="false" maxResults="0" name="createEMFromTemplate TestCase" searchProperties="true" id="8556eef0-0c8f-477e-a36b-403a51709700"><con:settings/><con:testStep type="request" name="createEMFromTemplate" id="15cccfa0-3714-4fef-8ebe-fda9d81d2cd7"><con:settings/><con:config xsi:type="con:RequestStep" xmlns:xsi="http://www.w3.org/2001/XMLSchema-instance"><con:interface>medfusionSoapBinding</con:interface><con:operation>createEMFromTemplate</con:operation><con:request name="createEMFromTemplate" outgoingWss="" incomingWss="" id="44bbbcd6-3b77-4c6f-88c2-a2499d489e5a"><con:settings/><con:encoding>UTF-8</con:encoding><con:endpoint>http://dev3-portal-wicket01.mf.qhg.local:8080/webservices/services/medfusion?wsdl</con:endpoint><con:request><![CDATA[<soapenv:Envelope xmlns:xsi="http://www.w3.org/2001/XMLSchema-instance" xmlns:xsd="http://www.w3.org/2001/XMLSchema" xmlns:soapenv="http://schemas.xmlsoap.org/soap/envelope/" xmlns:urn="urn:Medfusion" xmlns:soapenc="http://schemas.xmlsoap.org/soap/encoding/">
   <soapenv:Header/>
   <soapenv:Body>
      <urn:createEMFromTemplate soapenv:encodingStyle="http://schemas.xmlsoap.org/soap/encoding/">
         <in0 xsi:type="obj:EM" xmlns:obj="http://objects.medfusion.webservices.integrations.medfusion.net">
            <fields xsi:type="obj:Fields">
               <fields xsi:type="urn:ArrayOf_tns2_Field" soapenc:arrayType="obj:Field[]"/>
            </fields>
         </in0>
         <in1 xsi:type="xsd:int">?</in1>
      </urn:createEMFromTemplate>
   </soapenv:Body>
</soapenv:Envelope>]]></con:request><con:credentials><con:username xsi:nil="true"/><con:password xsi:nil="true"/><con:domain xsi:nil="true"/><con:authType>No Authorization</con:authType></con:credentials><con:jmsConfig JMSDeliveryMode="PERSISTENT"/><con:wsaConfig action="urn:Medfusion/Medfusion/createEMFromTemplateRequest" mustUnderstand="NONE" version="200508"/></con:request></con:config></con:testStep><con:properties/><con:reportParameters/></con:testCase><con:testCase failOnError="true" failTestCaseOnErrors="true" keepSession="false" maxResults="0" name="createEMTemplate TestCase" searchProperties="true" id="f05fde09-aba2-4110-9870-438b4eddcb2d"><con:settings/><con:testStep type="request" name="createEMTemplate" id="2721f2f2-8fc6-4213-8d6f-52081a7bd486"><con:settings/><con:config xsi:type="con:RequestStep" xmlns:xsi="http://www.w3.org/2001/XMLSchema-instance"><con:interface>medfusionSoapBinding</con:interface><con:operation>createEMTemplate</con:operation><con:request name="createEMTemplate" outgoingWss="" incomingWss="" id="278ba226-b765-4151-b201-9ca68207788c"><con:settings/><con:encoding>UTF-8</con:encoding><con:endpoint>http://dev3-portal-wicket01.mf.qhg.local:8080/webservices/services/medfusion?wsdl</con:endpoint><con:request><![CDATA[<soapenv:Envelope xmlns:xsi="http://www.w3.org/2001/XMLSchema-instance" xmlns:xsd="http://www.w3.org/2001/XMLSchema" xmlns:soapenv="http://schemas.xmlsoap.org/soap/envelope/" xmlns:urn="urn:Medfusion" xmlns:soapenc="http://schemas.xmlsoap.org/soap/encoding/">
   <soapenv:Header/>
   <soapenv:Body>
      <urn:createEMTemplate soapenv:encodingStyle="http://schemas.xmlsoap.org/soap/encoding/">
         <in0 xsi:type="obj:EMTemplate" xmlns:obj="http://objects.medfusion.webservices.integrations.medfusion.net">
            <fields xsi:type="obj:Fields">
               <fields xsi:type="urn:ArrayOf_tns2_Field" soapenc:arrayType="obj:Field[]"/>
            </fields>
         </in0>
      </urn:createEMTemplate>
   </soapenv:Body>
</soapenv:Envelope>]]></con:request><con:credentials><con:username xsi:nil="true"/><con:password xsi:nil="true"/><con:domain xsi:nil="true"/><con:authType>No Authorization</con:authType></con:credentials><con:jmsConfig JMSDeliveryMode="PERSISTENT"/><con:wsaConfig action="urn:Medfusion/Medfusion/createEMTemplateRequest" mustUnderstand="NONE" version="200508"/></con:request></con:config></con:testStep><con:properties/><con:reportParameters/></con:testCase><con:testCase failOnError="true" failTestCaseOnErrors="true" keepSession="false" maxResults="0" name="createMemberLocked TestCase" searchProperties="true" id="c27cd364-780d-4beb-aa17-ddefd7dce256"><con:settings/><con:testStep type="request" name="createMemberLocked" id="473f7ba0-e83a-4e8a-88e8-b8fed73656ff"><con:settings/><con:config xsi:type="con:RequestStep" xmlns:xsi="http://www.w3.org/2001/XMLSchema-instance"><con:interface>medfusionSoapBinding</con:interface><con:operation>createMemberLocked</con:operation><con:request name="createMemberLocked" outgoingWss="" incomingWss="" id="9e33451a-ef89-4768-88bd-df3966b74c1a"><con:settings/><con:encoding>UTF-8</con:encoding><con:endpoint>http://dev3-portal-wicket01.mf.qhg.local:8080/webservices/services/medfusion?wsdl</con:endpoint><con:request><![CDATA[<soapenv:Envelope xmlns:xsi="http://www.w3.org/2001/XMLSchema-instance" xmlns:xsd="http://www.w3.org/2001/XMLSchema" xmlns:soapenv="http://schemas.xmlsoap.org/soap/envelope/" xmlns:urn="urn:Medfusion" xmlns:soapenc="http://schemas.xmlsoap.org/soap/encoding/">
   <soapenv:Header/>
   <soapenv:Body>
      <urn:createMemberLocked soapenv:encodingStyle="http://schemas.xmlsoap.org/soap/encoding/">
         <in0 xsi:type="obj:MemberLocked" xmlns:obj="http://objects.medfusion.webservices.integrations.medfusion.net">
            <fields xsi:type="obj:Fields">
               <fields xsi:type="urn:ArrayOf_tns2_Field" soapenc:arrayType="obj:Field[]"/>
            </fields>
         </in0>
      </urn:createMemberLocked>
   </soapenv:Body>
</soapenv:Envelope>]]></con:request><con:credentials><con:username xsi:nil="true"/><con:password xsi:nil="true"/><con:domain xsi:nil="true"/><con:authType>No Authorization</con:authType></con:credentials><con:jmsConfig JMSDeliveryMode="PERSISTENT"/><con:wsaConfig action="urn:Medfusion/Medfusion/createMemberLockedRequest" mustUnderstand="NONE" version="200508"/></con:request></con:config></con:testStep><con:properties/><con:reportParameters/></con:testCase><con:testCase failOnError="true" failTestCaseOnErrors="true" keepSession="false" maxResults="0" name="createOrUpdateMultipleMemberLocked TestCase" searchProperties="true" id="5021ff4a-cdfc-4286-955b-4d651172f64a"><con:settings/><con:testStep type="request" name="createOrUpdateMultipleMemberLocked" id="87a2dfde-da0c-48e3-a3fb-fa7913b2dcba"><con:settings/><con:config xsi:type="con:RequestStep" xmlns:xsi="http://www.w3.org/2001/XMLSchema-instance"><con:interface>medfusionSoapBinding</con:interface><con:operation>createOrUpdateMultipleMemberLocked</con:operation><con:request name="createOrUpdateMultipleMemberLocked" outgoingWss="" incomingWss="" id="89437bb9-b558-4d76-8974-4083e7ab6101"><con:settings/><con:encoding>UTF-8</con:encoding><con:endpoint>http://dev3-portal-wicket01.mf.qhg.local:8080/webservices/services/medfusion?wsdl</con:endpoint><con:request><![CDATA[<soapenv:Envelope xmlns:xsi="http://www.w3.org/2001/XMLSchema-instance" xmlns:xsd="http://www.w3.org/2001/XMLSchema" xmlns:soapenv="http://schemas.xmlsoap.org/soap/envelope/" xmlns:urn="urn:Medfusion" xmlns:soapenc="http://schemas.xmlsoap.org/soap/encoding/">
   <soapenv:Header/>
   <soapenv:Body>
      <urn:createOrUpdateMultipleMemberLocked soapenv:encodingStyle="http://schemas.xmlsoap.org/soap/encoding/">
         <in0 xsi:type="urn:ArrayOf_tns2_MemberLocked" soapenc:arrayType="obj:MemberLocked[]" xmlns:obj="http://objects.medfusion.webservices.integrations.medfusion.net"/>
         <in1 xsi:type="xsd:int">?</in1>
         <in2 xsi:type="xsd:string">?</in2>
         <in3 xsi:type="urn:ArrayOf_xsd_string" soapenc:arrayType="xsd:string[]"/>
         <in4 xsi:type="xsd:boolean">?</in4>
         <in5 xsi:type="xsd:string">?</in5>
         <in6 xsi:type="xsd:string">?</in6>
         <in7 xsi:type="urn:ArrayOf_tns2_NameValuePairComposite" soapenc:arrayType="obj:NameValuePairComposite[]" xmlns:obj="http://objects.medfusion.webservices.integrations.medfusion.net"/>
      </urn:createOrUpdateMultipleMemberLocked>
   </soapenv:Body>
</soapenv:Envelope>]]></con:request><con:credentials><con:username xsi:nil="true"/><con:password xsi:nil="true"/><con:domain xsi:nil="true"/><con:authType>No Authorization</con:authType></con:credentials><con:jmsConfig JMSDeliveryMode="PERSISTENT"/><con:wsaConfig action="urn:Medfusion/Medfusion/createOrUpdateMultipleMemberLockedRequest" mustUnderstand="NONE" version="200508"/></con:request></con:config></con:testStep><con:properties/><con:reportParameters/></con:testCase><con:testCase failOnError="true" failTestCaseOnErrors="true" keepSession="false" maxResults="0" name="createOrUpdateMultipleMUMemberLocked TestCase" searchProperties="true" id="4daecaf4-956b-4e43-b352-d9da853fe89b"><con:settings/><con:testStep type="request" name="createOrUpdateMultipleMUMemberLocked" id="a06a32ad-f5fb-4005-a1cb-923d891ccabb"><con:settings/><con:config xsi:type="con:RequestStep" xmlns:xsi="http://www.w3.org/2001/XMLSchema-instance"><con:interface>medfusionSoapBinding</con:interface><con:operation>createOrUpdateMultipleMUMemberLocked</con:operation><con:request name="createOrUpdateMultipleMUMemberLocked" outgoingWss="" incomingWss="" id="f037c129-5c8f-4613-a66d-68c37cebd8bd"><con:settings/><con:encoding>UTF-8</con:encoding><con:endpoint>http://dev3-portal-wicket01.mf.qhg.local:8080/webservices/services/medfusion?wsdl</con:endpoint><con:request><![CDATA[<soapenv:Envelope xmlns:xsi="http://www.w3.org/2001/XMLSchema-instance" xmlns:xsd="http://www.w3.org/2001/XMLSchema" xmlns:soapenv="http://schemas.xmlsoap.org/soap/envelope/" xmlns:urn="urn:Medfusion" xmlns:soapenc="http://schemas.xmlsoap.org/soap/encoding/">
   <soapenv:Header/>
   <soapenv:Body>
      <urn:createOrUpdateMultipleMUMemberLocked soapenv:encodingStyle="http://schemas.xmlsoap.org/soap/encoding/">
         <in0 xsi:type="urn:ArrayOf_tns2_MemberLocked" soapenc:arrayType="obj:MemberLocked[]" xmlns:obj="http://objects.medfusion.webservices.integrations.medfusion.net"/>
         <in1 xsi:type="xsd:int">?</in1>
         <in2 xsi:type="xsd:string">?</in2>
         <in3 xsi:type="urn:ArrayOf_xsd_string" soapenc:arrayType="xsd:string[]"/>
         <in4 xsi:type="xsd:boolean">?</in4>
         <in5 xsi:type="xsd:string">?</in5>
         <in6 xsi:type="xsd:string">?</in6>
         <in7 xsi:type="urn:ArrayOf_tns2_NameValuePairComposite" soapenc:arrayType="obj:NameValuePairComposite[]" xmlns:obj="http://objects.medfusion.webservices.integrations.medfusion.net"/>
      </urn:createOrUpdateMultipleMUMemberLocked>
   </soapenv:Body>
</soapenv:Envelope>]]></con:request><con:credentials><con:username xsi:nil="true"/><con:password xsi:nil="true"/><con:domain xsi:nil="true"/><con:authType>No Authorization</con:authType></con:credentials><con:jmsConfig JMSDeliveryMode="PERSISTENT"/><con:wsaConfig action="urn:Medfusion/Medfusion/createOrUpdateMultipleMUMemberLockedRequest" mustUnderstand="NONE" version="200508"/></con:request></con:config></con:testStep><con:properties/><con:reportParameters/></con:testCase><con:testCase failOnError="true" failTestCaseOnErrors="true" keepSession="false" maxResults="0" name="createOrUpdatePharmacies TestCase" searchProperties="true" id="6852ea4b-f82a-4100-9de0-677ed6be048d"><con:settings/><con:testStep type="request" name="createOrUpdatePharmacies" id="43152acc-f2fc-4c38-adb3-245ba64a6b6a"><con:settings/><con:config xsi:type="con:RequestStep" xmlns:xsi="http://www.w3.org/2001/XMLSchema-instance"><con:interface>medfusionSoapBinding</con:interface><con:operation>createOrUpdatePharmacies</con:operation><con:request name="createOrUpdatePharmacies" outgoingWss="" incomingWss="" id="e76b7e50-d7ab-4457-8f45-c6ab28751809"><con:settings/><con:encoding>UTF-8</con:encoding><con:endpoint>http://dev3-portal-wicket01.mf.qhg.local:8080/webservices/services/medfusion?wsdl</con:endpoint><con:request><![CDATA[<soapenv:Envelope xmlns:xsi="http://www.w3.org/2001/XMLSchema-instance" xmlns:xsd="http://www.w3.org/2001/XMLSchema" xmlns:soapenv="http://schemas.xmlsoap.org/soap/envelope/" xmlns:urn="urn:Medfusion" xmlns:soapenc="http://schemas.xmlsoap.org/soap/encoding/">
   <soapenv:Header/>
   <soapenv:Body>
      <urn:createOrUpdatePharmacies soapenv:encodingStyle="http://schemas.xmlsoap.org/soap/encoding/">
         <in0 xsi:type="urn:ArrayOf_tns2_Pharmacy" soapenc:arrayType="obj:Pharmacy[]" xmlns:obj="http://objects.medfusion.webservices.integrations.medfusion.net"/>
      </urn:createOrUpdatePharmacies>
   </soapenv:Body>
</soapenv:Envelope>]]></con:request><con:credentials><con:username xsi:nil="true"/><con:password xsi:nil="true"/><con:domain xsi:nil="true"/><con:authType>No Authorization</con:authType></con:credentials><con:jmsConfig JMSDeliveryMode="PERSISTENT"/><con:wsaConfig action="urn:Medfusion/Medfusion/createOrUpdatePharmaciesRequest" mustUnderstand="NONE" version="200508"/></con:request></con:config></con:testStep><con:properties/><con:reportParameters/></con:testCase><con:testCase failOnError="true" failTestCaseOnErrors="true" keepSession="false" maxResults="0" name="createStatement TestCase" searchProperties="true" id="61df74ad-0cea-4bf8-92e7-e7fe311f2d94"><con:settings/><con:testStep type="request" name="createStatement" id="83bd1f7a-c4af-4238-86a5-2c541acea85d"><con:settings/><con:config xsi:type="con:RequestStep" xmlns:xsi="http://www.w3.org/2001/XMLSchema-instance"><con:interface>medfusionSoapBinding</con:interface><con:operation>createStatement</con:operation><con:request name="createStatement" outgoingWss="" incomingWss="" id="cd1e05c7-4b02-4458-a7b5-b3d0da798aa5"><con:settings/><con:encoding>UTF-8</con:encoding><con:endpoint>http://dev3-portal-wicket01.mf.qhg.local:8080/webservices/services/medfusion?wsdl</con:endpoint><con:request><![CDATA[<soapenv:Envelope xmlns:xsi="http://www.w3.org/2001/XMLSchema-instance" xmlns:xsd="http://www.w3.org/2001/XMLSchema" xmlns:soapenv="http://schemas.xmlsoap.org/soap/envelope/" xmlns:urn="urn:Medfusion" xmlns:soapenc="http://schemas.xmlsoap.org/soap/encoding/">
   <soapenv:Header/>
   <soapenv:Body>
      <urn:createStatement soapenv:encodingStyle="http://schemas.xmlsoap.org/soap/encoding/">
         <in0 xsi:type="obj:Statement" xmlns:obj="http://objects.medfusion.webservices.integrations.medfusion.net">
            <fields xsi:type="obj:Fields">
               <fields xsi:type="urn:ArrayOf_tns2_Field" soapenc:arrayType="obj:Field[]"/>
            </fields>
         </in0>
      </urn:createStatement>
   </soapenv:Body>
</soapenv:Envelope>]]></con:request><con:credentials><con:username xsi:nil="true"/><con:password xsi:nil="true"/><con:domain xsi:nil="true"/><con:authType>No Authorization</con:authType></con:credentials><con:jmsConfig JMSDeliveryMode="PERSISTENT"/><con:wsaConfig mustUnderstand="NONE" version="200508"/></con:request></con:config></con:testStep><con:properties/><con:reportParameters/></con:testCase><con:testCase failOnError="true" failTestCaseOnErrors="true" keepSession="false" maxResults="0" name="createStatement TestCase" searchProperties="true" id="0bb13f6f-18ee-4274-8eda-4393072549e5"><con:settings/><con:testStep type="request" name="createStatement" id="dc057957-e4c6-4c82-b57e-bc96129feec7"><con:settings/><con:config xsi:type="con:RequestStep" xmlns:xsi="http://www.w3.org/2001/XMLSchema-instance"><con:interface>medfusionSoapBinding</con:interface><con:operation>createStatement</con:operation><con:request name="createStatement" outgoingWss="" incomingWss="" id="862fce04-2d90-45df-a3ce-4647522eea01"><con:settings/><con:encoding>UTF-8</con:encoding><con:endpoint>http://dev3-portal-wicket01.mf.qhg.local:8080/webservices/services/medfusion?wsdl</con:endpoint><con:request><![CDATA[<soapenv:Envelope xmlns:xsi="http://www.w3.org/2001/XMLSchema-instance" xmlns:xsd="http://www.w3.org/2001/XMLSchema" xmlns:soapenv="http://schemas.xmlsoap.org/soap/envelope/" xmlns:urn="urn:Medfusion" xmlns:soapenc="http://schemas.xmlsoap.org/soap/encoding/">
   <soapenv:Header/>
   <soapenv:Body>
      <urn:createStatement soapenv:encodingStyle="http://schemas.xmlsoap.org/soap/encoding/">
         <in0 xsi:type="obj:Statement" xmlns:obj="http://objects.medfusion.webservices.integrations.medfusion.net">
            <fields xsi:type="obj:Fields">
               <fields xsi:type="urn:ArrayOf_tns2_Field" soapenc:arrayType="obj:Field[]"/>
            </fields>
         </in0>
         <in1 xsi:type="xsd:string">?</in1>
         <in2 xsi:type="xsd:string">?</in2>
         <in3 xsi:type="xsd:string">?</in3>
         <in4 xsi:type="xsd:string">?</in4>
         <in5 xsi:type="xsd:string">?</in5>
      </urn:createStatement>
   </soapenv:Body>
</soapenv:Envelope>]]></con:request><con:credentials><con:username xsi:nil="true"/><con:password xsi:nil="true"/><con:domain xsi:nil="true"/><con:authType>No Authorization</con:authType></con:credentials><con:jmsConfig JMSDeliveryMode="PERSISTENT"/><con:wsaConfig mustUnderstand="NONE" version="200508"/></con:request></con:config></con:testStep><con:properties/><con:reportParameters/></con:testCase><con:testCase failOnError="true" failTestCaseOnErrors="true" keepSession="false" maxResults="0" name="deactivateMember TestCase" searchProperties="true" id="ac36dd16-bc06-478d-b1e4-d95c07f7e2d0"><con:settings/><con:testStep type="request" name="deactivateMember" id="847ff262-9cef-494c-81ae-d9052ad03dc2"><con:settings/><con:config xsi:type="con:RequestStep" xmlns:xsi="http://www.w3.org/2001/XMLSchema-instance"><con:interface>medfusionSoapBinding</con:interface><con:operation>deactivateMember</con:operation><con:request name="deactivateMember" outgoingWss="" incomingWss="" id="de479ef3-5191-4e3c-9bfd-53960975348c"><con:settings/><con:encoding>UTF-8</con:encoding><con:endpoint>http://dev3-portal-wicket01.mf.qhg.local:8080/webservices/services/medfusion?wsdl</con:endpoint><con:request><![CDATA[<soapenv:Envelope xmlns:xsi="http://www.w3.org/2001/XMLSchema-instance" xmlns:xsd="http://www.w3.org/2001/XMLSchema" xmlns:soapenv="http://schemas.xmlsoap.org/soap/envelope/" xmlns:urn="urn:Medfusion">
   <soapenv:Header/>
   <soapenv:Body>
      <urn:deactivateMember soapenv:encodingStyle="http://schemas.xmlsoap.org/soap/encoding/">
         <in0 xsi:type="xsd:int">?</in0>
         <in1 xsi:type="xsd:int">?</in1>
      </urn:deactivateMember>
   </soapenv:Body>
</soapenv:Envelope>]]></con:request><con:credentials><con:username xsi:nil="true"/><con:password xsi:nil="true"/><con:domain xsi:nil="true"/><con:authType>No Authorization</con:authType></con:credentials><con:jmsConfig JMSDeliveryMode="PERSISTENT"/><con:wsaConfig action="urn:Medfusion/Medfusion/deactivateMemberRequest" mustUnderstand="NONE" version="200508"/></con:request></con:config></con:testStep><con:properties/><con:reportParameters/></con:testCase><con:testCase failOnError="true" failTestCaseOnErrors="true" keepSession="false" maxResults="0" name="deleteEM TestCase" searchProperties="true" id="445b40d5-5ea0-4777-ac0f-d97e27f96e01"><con:settings/><con:testStep type="request" name="deleteEM" id="46d6fbdf-b660-46af-928d-3fe6212739f8"><con:settings/><con:config xsi:type="con:RequestStep" xmlns:xsi="http://www.w3.org/2001/XMLSchema-instance"><con:interface>medfusionSoapBinding</con:interface><con:operation>deleteEM</con:operation><con:request name="deleteEM" outgoingWss="" incomingWss="" id="acfe8cac-6655-4f03-bb93-5339edf15b33"><con:settings/><con:encoding>UTF-8</con:encoding><con:endpoint>http://dev3-portal-wicket01.mf.qhg.local:8080/webservices/services/medfusion?wsdl</con:endpoint><con:request><![CDATA[<soapenv:Envelope xmlns:xsi="http://www.w3.org/2001/XMLSchema-instance" xmlns:xsd="http://www.w3.org/2001/XMLSchema" xmlns:soapenv="http://schemas.xmlsoap.org/soap/envelope/" xmlns:urn="urn:Medfusion">
   <soapenv:Header/>
   <soapenv:Body>
      <urn:deleteEM soapenv:encodingStyle="http://schemas.xmlsoap.org/soap/encoding/">
         <in0 xsi:type="xsd:int">?</in0>
      </urn:deleteEM>
   </soapenv:Body>
</soapenv:Envelope>]]></con:request><con:credentials><con:username xsi:nil="true"/><con:password xsi:nil="true"/><con:domain xsi:nil="true"/><con:authType>No Authorization</con:authType></con:credentials><con:jmsConfig JMSDeliveryMode="PERSISTENT"/><con:wsaConfig action="urn:Medfusion/Medfusion/deleteEMRequest" mustUnderstand="NONE" version="200508"/></con:request></con:config></con:testStep><con:properties/><con:reportParameters/></con:testCase><con:testCase failOnError="true" failTestCaseOnErrors="true" keepSession="false" maxResults="0" name="deleteMember TestCase" searchProperties="true" id="66db45eb-f064-46e6-b2d0-8c4b21fa2dec"><con:settings/><con:testStep type="request" name="deleteMember" id="9e92bcf0-05a5-4f2d-a432-71a0ac5c4262"><con:settings/><con:config xsi:type="con:RequestStep" xmlns:xsi="http://www.w3.org/2001/XMLSchema-instance"><con:interface>medfusionSoapBinding</con:interface><con:operation>deleteMember</con:operation><con:request name="deleteMember" outgoingWss="" incomingWss="" id="e8d87773-1bae-4acc-b723-1fddc4d9c2c7"><con:settings><con:setting id="com.eviware.soapui.impl.wsdl.WsdlRequest@request-headers">&lt;entry key="Authorization" value="Basic SUhHQ29ubmVjdGh1YjIwOTcxOklPSVRwT1lKT2g1UTZLd2JUVDdv" xmlns="http://eviware.com/soapui/config"/></con:setting></con:settings><con:encoding>UTF-8</con:encoding><con:endpoint>http://dev3-portal-wicket01.mf.qhg.local:8080/webservices/services/medfusion?wsdl</con:endpoint><con:request><![CDATA[<soapenv:Envelope xmlns:xsi="http://www.w3.org/2001/XMLSchema-instance" xmlns:xsd="http://www.w3.org/2001/XMLSchema" xmlns:soapenv="http://schemas.xmlsoap.org/soap/envelope/" xmlns:urn="urn:Medfusion">
   <soapenv:Header/>
   <soapenv:Body>
      <urn:deleteMember soapenv:encodingStyle="http://schemas.xmlsoap.org/soap/encoding/">
         <in0 xsi:type="xsd:int" xs:type="type:int" xmlns:xs="http://www.w3.org/2000/XMLSchema-instance">?</in0>
         <in1 xsi:type="xsd:int" xs:type="type:int" xmlns:xs="http://www.w3.org/2000/XMLSchema-instance">?</in1>
      </urn:deleteMember>
   </soapenv:Body>
</soapenv:Envelope>]]></con:request><con:credentials><con:username xsi:nil="true"/><con:password xsi:nil="true"/><con:domain xsi:nil="true"/><con:authType>No Authorization</con:authType></con:credentials><con:jmsConfig JMSDeliveryMode="PERSISTENT"/><con:jmsPropertyConfig/><con:wsaConfig action="urn:Medfusion/Medfusion/deleteMemberRequest" mustUnderstand="NONE" version="200508"/><con:wsrmConfig version="1.2"/></con:request></con:config></con:testStep><con:properties><con:property><con:name>Username</con:name><con:value>IHGConnecthub20971</con:value></con:property><con:property><con:name>Password</con:name><con:value>IOITpOYJOh5Q6KwbTT7o</con:value></con:property></con:properties><con:reportParameters/></con:testCase><con:testCase failOnError="true" failTestCaseOnErrors="true" keepSession="false" maxResults="0" name="deletePharmacies TestCase" searchProperties="true" id="00822a47-56ab-4d3e-b7b3-eb7cd01e2077"><con:settings/><con:testStep type="request" name="deletePharmacies" id="e0103305-b532-4d2a-a5f9-e6d699f692c2"><con:settings/><con:config xsi:type="con:RequestStep" xmlns:xsi="http://www.w3.org/2001/XMLSchema-instance"><con:interface>medfusionSoapBinding</con:interface><con:operation>deletePharmacies</con:operation><con:request name="deletePharmacies" outgoingWss="" incomingWss="" id="5179f9c2-53c9-46ef-9af5-5b28cdf0057b"><con:settings/><con:encoding>UTF-8</con:encoding><con:endpoint>http://dev3-portal-wicket01.mf.qhg.local:8080/webservices/services/medfusion?wsdl</con:endpoint><con:request><![CDATA[<soapenv:Envelope xmlns:xsi="http://www.w3.org/2001/XMLSchema-instance" xmlns:xsd="http://www.w3.org/2001/XMLSchema" xmlns:soapenv="http://schemas.xmlsoap.org/soap/envelope/" xmlns:urn="urn:Medfusion" xmlns:soapenc="http://schemas.xmlsoap.org/soap/encoding/">
   <soapenv:Header/>
   <soapenv:Body>
      <urn:deletePharmacies soapenv:encodingStyle="http://schemas.xmlsoap.org/soap/encoding/">
         <in0 xsi:type="xsd:int">?</in0>
         <in1 xsi:type="urn:ArrayOf_xsd_int" soapenc:arrayType="xsd:int[]"/>
         <in2 xsi:type="urn:ArrayOf_xsd_int" soapenc:arrayType="xsd:int[]"/>
      </urn:deletePharmacies>
   </soapenv:Body>
</soapenv:Envelope>]]></con:request><con:credentials><con:username xsi:nil="true"/><con:password xsi:nil="true"/><con:domain xsi:nil="true"/><con:authType>No Authorization</con:authType></con:credentials><con:jmsConfig JMSDeliveryMode="PERSISTENT"/><con:wsaConfig action="urn:Medfusion/Medfusion/deletePharmaciesRequest" mustUnderstand="NONE" version="200508"/></con:request></con:config></con:testStep><con:properties/><con:reportParameters/></con:testCase><con:testCase failOnError="true" failTestCaseOnErrors="true" keepSession="false" maxResults="0" name="deleteSigCode TestCase" searchProperties="true" id="1cb2edec-cf9a-4562-b876-95b1d7a1b132"><con:settings/><con:testStep type="request" name="deleteSigCode" id="aa1855d2-8a75-49e1-8c98-b72013a3154b"><con:settings/><con:config xsi:type="con:RequestStep" xmlns:xsi="http://www.w3.org/2001/XMLSchema-instance"><con:interface>medfusionSoapBinding</con:interface><con:operation>deleteSigCode</con:operation><con:request name="deleteSigCode" outgoingWss="" incomingWss="" id="23471580-e28d-401d-ae2f-3be31e2c2dd8"><con:settings/><con:encoding>UTF-8</con:encoding><con:endpoint>http://dev3-portal-wicket01.mf.qhg.local:8080/webservices/services/medfusion?wsdl</con:endpoint><con:request><![CDATA[<soapenv:Envelope xmlns:xsi="http://www.w3.org/2001/XMLSchema-instance" xmlns:xsd="http://www.w3.org/2001/XMLSchema" xmlns:soapenv="http://schemas.xmlsoap.org/soap/envelope/" xmlns:urn="urn:Medfusion">
   <soapenv:Header/>
   <soapenv:Body>
      <urn:deleteSigCode soapenv:encodingStyle="http://schemas.xmlsoap.org/soap/encoding/">
         <in0 xsi:type="xsd:int">?</in0>
         <in1 xsi:type="xsd:int">?</in1>
      </urn:deleteSigCode>
   </soapenv:Body>
</soapenv:Envelope>]]></con:request><con:credentials><con:username xsi:nil="true"/><con:password xsi:nil="true"/><con:domain xsi:nil="true"/><con:authType>No Authorization</con:authType></con:credentials><con:jmsConfig JMSDeliveryMode="PERSISTENT"/><con:wsaConfig action="urn:Medfusion/Medfusion/deleteSigCodeRequest" mustUnderstand="NONE" version="200508"/></con:request></con:config></con:testStep><con:properties/><con:reportParameters/></con:testCase><con:testCase failOnError="true" failTestCaseOnErrors="true" keepSession="false" maxResults="0" name="DONOTUSE TestCase" searchProperties="true" id="fe23c5b1-20f7-426f-bcef-bee79feb5793"><con:settings/><con:testStep type="request" name="DONOTUSE" id="7fbd4856-7082-4181-a6b7-78dd72cf16e9"><con:settings/><con:config xsi:type="con:RequestStep" xmlns:xsi="http://www.w3.org/2001/XMLSchema-instance"><con:interface>medfusionSoapBinding</con:interface><con:operation>DONOTUSE</con:operation><con:request name="DONOTUSE" outgoingWss="" incomingWss="" id="a64462a5-a8d4-4c6e-b85f-7546f4c1d3ae"><con:settings/><con:encoding>UTF-8</con:encoding><con:endpoint>http://dev3-portal-wicket01.mf.qhg.local:8080/webservices/services/medfusion?wsdl</con:endpoint><con:request><![CDATA[<soapenv:Envelope xmlns:xsi="http://www.w3.org/2001/XMLSchema-instance" xmlns:xsd="http://www.w3.org/2001/XMLSchema" xmlns:soapenv="http://schemas.xmlsoap.org/soap/envelope/" xmlns:urn="urn:Medfusion" xmlns:soapenc="http://schemas.xmlsoap.org/soap/encoding/">
   <soapenv:Header/>
   <soapenv:Body>
      <urn:DONOTUSE soapenv:encodingStyle="http://schemas.xmlsoap.org/soap/encoding/">
         <in0 xsi:type="obj:CommDetail" xmlns:obj="http://objects.medfusion.webservices.integrations.medfusion.net">
            <fields xsi:type="obj:Fields">
               <fields xsi:type="urn:ArrayOf_tns2_Field" soapenc:arrayType="obj:Field[]"/>
            </fields>
         </in0>
         <in1 xsi:type="urn:ArrayOf_tns2_CommDetail" soapenc:arrayType="obj:CommDetail[]" xmlns:obj="http://objects.medfusion.webservices.integrations.medfusion.net"/>
         <in2 xsi:type="obj:CommAttachment" xmlns:obj="http://objects.medfusion.webservices.integrations.medfusion.net">
            <fields xsi:type="obj:Fields">
               <fields xsi:type="urn:ArrayOf_tns2_Field" soapenc:arrayType="obj:Field[]"/>
            </fields>
         </in2>
         <in3 xsi:type="urn:ArrayOf_tns2_CommAttachment" soapenc:arrayType="obj:CommAttachment[]" xmlns:obj="http://objects.medfusion.webservices.integrations.medfusion.net"/>
         <in4 xsi:type="obj:Pharmacy" xmlns:obj="http://objects.medfusion.webservices.integrations.medfusion.net">
            <fields xsi:type="obj:Fields">
               <fields xsi:type="urn:ArrayOf_tns2_Field" soapenc:arrayType="obj:Field[]"/>
            </fields>
         </in4>
         <in5 xsi:type="urn:ArrayOf_tns2_Pharmacy" soapenc:arrayType="obj:Pharmacy[]" xmlns:obj="http://objects.medfusion.webservices.integrations.medfusion.net"/>
         <in6 xsi:type="obj:EMFieldValue" xmlns:obj="http://objects.medfusion.webservices.integrations.medfusion.net">
            <fields xsi:type="obj:Fields">
               <fields xsi:type="urn:ArrayOf_tns2_Field" soapenc:arrayType="obj:Field[]"/>
            </fields>
         </in6>
         <in7 xsi:type="urn:ArrayOf_tns2_EMFieldValue" soapenc:arrayType="obj:EMFieldValue[]" xmlns:obj="http://objects.medfusion.webservices.integrations.medfusion.net"/>
         <in8 xsi:type="obj:EMRecipient" xmlns:obj="http://objects.medfusion.webservices.integrations.medfusion.net">
            <fields xsi:type="obj:Fields">
               <fields xsi:type="urn:ArrayOf_tns2_Field" soapenc:arrayType="obj:Field[]"/>
            </fields>
         </in8>
         <in9 xsi:type="urn:ArrayOf_tns2_EMRecipient" soapenc:arrayType="obj:EMRecipient[]" xmlns:obj="http://objects.medfusion.webservices.integrations.medfusion.net"/>
         <in10 xsi:type="obj:CFC" xmlns:obj="http://objects.medfusion.webservices.integrations.medfusion.net">
            <fields xsi:type="obj:Fields">
               <fields xsi:type="urn:ArrayOf_tns2_Field" soapenc:arrayType="obj:Field[]"/>
            </fields>
         </in10>
         <in11 xsi:type="urn:ArrayOf_tns2_CFC" soapenc:arrayType="obj:CFC[]" xmlns:obj="http://objects.medfusion.webservices.integrations.medfusion.net"/>
         <in12 xsi:type="obj:CFCQ" xmlns:obj="http://objects.medfusion.webservices.integrations.medfusion.net">
            <fields xsi:type="obj:Fields">
               <fields xsi:type="urn:ArrayOf_tns2_Field" soapenc:arrayType="obj:Field[]"/>
            </fields>
         </in12>
         <in13 xsi:type="urn:ArrayOf_tns2_CFCQ" soapenc:arrayType="obj:CFCQ[]" xmlns:obj="http://objects.medfusion.webservices.integrations.medfusion.net"/>
         <in14 xsi:type="obj:CFSS" xmlns:obj="http://objects.medfusion.webservices.integrations.medfusion.net">
            <fields xsi:type="obj:Fields">
               <fields xsi:type="urn:ArrayOf_tns2_Field" soapenc:arrayType="obj:Field[]"/>
            </fields>
         </in14>
         <in15 xsi:type="urn:ArrayOf_tns2_CFSS" soapenc:arrayType="obj:CFSS[]" xmlns:obj="http://objects.medfusion.webservices.integrations.medfusion.net"/>
         <in16 xsi:type="obj:CFSQ" xmlns:obj="http://objects.medfusion.webservices.integrations.medfusion.net">
            <fields xsi:type="obj:Fields">
               <fields xsi:type="urn:ArrayOf_tns2_Field" soapenc:arrayType="obj:Field[]"/>
            </fields>
         </in16>
         <in17 xsi:type="urn:ArrayOf_tns2_CFSQ" soapenc:arrayType="obj:CFSQ[]" xmlns:obj="http://objects.medfusion.webservices.integrations.medfusion.net"/>
         <in18 xsi:type="obj:CFCQA" xmlns:obj="http://objects.medfusion.webservices.integrations.medfusion.net">
            <fields xsi:type="obj:Fields">
               <fields xsi:type="urn:ArrayOf_tns2_Field" soapenc:arrayType="obj:Field[]"/>
            </fields>
         </in18>
         <in19 xsi:type="urn:ArrayOf_tns2_CFCQA" soapenc:arrayType="obj:CFCQA[]" xmlns:obj="http://objects.medfusion.webservices.integrations.medfusion.net"/>
         <in20 xsi:type="obj:CFSQA" xmlns:obj="http://objects.medfusion.webservices.integrations.medfusion.net">
            <fields xsi:type="obj:Fields">
               <fields xsi:type="urn:ArrayOf_tns2_Field" soapenc:arrayType="obj:Field[]"/>
            </fields>
         </in20>
         <in21 xsi:type="urn:ArrayOf_tns2_CFSQA" soapenc:arrayType="obj:CFSQA[]" xmlns:obj="http://objects.medfusion.webservices.integrations.medfusion.net"/>
         <in22 xsi:type="obj:CFA" xmlns:obj="http://objects.medfusion.webservices.integrations.medfusion.net">
            <fields xsi:type="obj:Fields">
               <fields xsi:type="urn:ArrayOf_tns2_Field" soapenc:arrayType="obj:Field[]"/>
            </fields>
         </in22>
         <in23 xsi:type="urn:ArrayOf_tns2_CFA" soapenc:arrayType="obj:CFA[]" xmlns:obj="http://objects.medfusion.webservices.integrations.medfusion.net"/>
         <in24 xsi:type="obj:CPTCode" xmlns:obj="http://objects.medfusion.webservices.integrations.medfusion.net">
            <fields xsi:type="obj:Fields">
               <fields xsi:type="urn:ArrayOf_tns2_Field" soapenc:arrayType="obj:Field[]"/>
            </fields>
         </in24>
         <in25 xsi:type="obj:DiagCode" xmlns:obj="http://objects.medfusion.webservices.integrations.medfusion.net">
            <fields xsi:type="obj:Fields">
               <fields xsi:type="urn:ArrayOf_tns2_Field" soapenc:arrayType="obj:Field[]"/>
            </fields>
         </in25>
         <in26 xsi:type="obj:NameValuePair" xmlns:obj="http://objects.medfusion.webservices.integrations.medfusion.net">
            <fields xsi:type="obj:Fields">
               <fields xsi:type="urn:ArrayOf_tns2_Field" soapenc:arrayType="obj:Field[]"/>
            </fields>
         </in26>
      </urn:DONOTUSE>
   </soapenv:Body>
</soapenv:Envelope>]]></con:request><con:credentials><con:username xsi:nil="true"/><con:password xsi:nil="true"/><con:domain xsi:nil="true"/><con:authType>No Authorization</con:authType></con:credentials><con:jmsConfig JMSDeliveryMode="PERSISTENT"/><con:wsaConfig action="urn:Medfusion/Medfusion/DONOTUSERequest" mustUnderstand="NONE" version="200508"/></con:request></con:config></con:testStep><con:properties/><con:reportParameters/></con:testCase><con:testCase failOnError="true" failTestCaseOnErrors="true" keepSession="false" maxResults="0" name="externallyProcessApptReqs TestCase" searchProperties="true" id="3cb61c6d-dd2f-455d-964f-97b4e3ee480f"><con:settings/><con:testStep type="request" name="externallyProcessApptReqs" id="06b6a13a-85f8-4a4f-bbc8-c37b329ebb5f"><con:settings/><con:config xsi:type="con:RequestStep" xmlns:xsi="http://www.w3.org/2001/XMLSchema-instance"><con:interface>medfusionSoapBinding</con:interface><con:operation>externallyProcessApptReqs</con:operation><con:request name="externallyProcessApptReqs" outgoingWss="" incomingWss="" id="c8ef9502-4db1-49c2-9e16-8f3827666a43"><con:settings/><con:encoding>UTF-8</con:encoding><con:endpoint>http://dev3-portal-wicket01.mf.qhg.local:8080/webservices/services/medfusion?wsdl</con:endpoint><con:request><![CDATA[<soapenv:Envelope xmlns:xsi="http://www.w3.org/2001/XMLSchema-instance" xmlns:xsd="http://www.w3.org/2001/XMLSchema" xmlns:soapenv="http://schemas.xmlsoap.org/soap/envelope/" xmlns:urn="urn:Medfusion" xmlns:soapenc="http://schemas.xmlsoap.org/soap/encoding/">
   <soapenv:Header/>
   <soapenv:Body>
      <urn:externallyProcessApptReqs soapenv:encodingStyle="http://schemas.xmlsoap.org/soap/encoding/">
         <in0 xsi:type="urn:ArrayOf_xsd_int" soapenc:arrayType="xsd:int[]"/>
         <in1 xsi:type="xsd:int">?</in1>
      </urn:externallyProcessApptReqs>
   </soapenv:Body>
</soapenv:Envelope>]]></con:request><con:credentials><con:username xsi:nil="true"/><con:password xsi:nil="true"/><con:domain xsi:nil="true"/><con:authType>No Authorization</con:authType></con:credentials><con:jmsConfig JMSDeliveryMode="PERSISTENT"/><con:wsaConfig action="urn:Medfusion/Medfusion/externallyProcessApptReqsRequest" mustUnderstand="NONE" version="200508"/></con:request></con:config></con:testStep><con:properties/><con:reportParameters/></con:testCase><con:testCase failOnError="true" failTestCaseOnErrors="true" keepSession="false" maxResults="0" name="externallyProcessRxRefillReqs TestCase" searchProperties="true" id="9de6b473-e31e-4bec-8174-025be48beaf7"><con:settings/><con:testStep type="request" name="externallyProcessRxRefillReqs" id="61cd3ac2-b5d1-460d-9bed-2ee4087b3fcc"><con:settings/><con:config xsi:type="con:RequestStep" xmlns:xsi="http://www.w3.org/2001/XMLSchema-instance"><con:interface>medfusionSoapBinding</con:interface><con:operation>externallyProcessRxRefillReqs</con:operation><con:request name="externallyProcessRxRefillReqs" outgoingWss="" incomingWss="" id="bdcab31e-6edd-43a3-b8b6-bc36798d49b0"><con:settings/><con:encoding>UTF-8</con:encoding><con:endpoint>http://dev3-portal-wicket01.mf.qhg.local:8080/webservices/services/medfusion?wsdl</con:endpoint><con:request><![CDATA[<soapenv:Envelope xmlns:xsi="http://www.w3.org/2001/XMLSchema-instance" xmlns:xsd="http://www.w3.org/2001/XMLSchema" xmlns:soapenv="http://schemas.xmlsoap.org/soap/envelope/" xmlns:urn="urn:Medfusion" xmlns:soapenc="http://schemas.xmlsoap.org/soap/encoding/">
   <soapenv:Header/>
   <soapenv:Body>
      <urn:externallyProcessRxRefillReqs soapenv:encodingStyle="http://schemas.xmlsoap.org/soap/encoding/">
         <in0 xsi:type="urn:ArrayOf_xsd_int" soapenc:arrayType="xsd:int[]"/>
      </urn:externallyProcessRxRefillReqs>
   </soapenv:Body>
</soapenv:Envelope>]]></con:request><con:credentials><con:username xsi:nil="true"/><con:password xsi:nil="true"/><con:domain xsi:nil="true"/><con:authType>No Authorization</con:authType></con:credentials><con:jmsConfig JMSDeliveryMode="PERSISTENT"/><con:wsaConfig action="urn:Medfusion/Medfusion/externallyProcessRxRefillReqsRequest" mustUnderstand="NONE" version="200508"/></con:request></con:config></con:testStep><con:properties/><con:reportParameters/></con:testCase><con:testCase failOnError="true" failTestCaseOnErrors="true" keepSession="false" maxResults="0" name="getAllCFFs TestCase" searchProperties="true" id="ae82c5d9-4827-4eb6-bf86-11f1c626b24f"><con:settings/><con:testStep type="request" name="getAllCFFs" id="ea612891-b6c4-472b-b120-8bbff5c69ce7"><con:settings/><con:config xsi:type="con:RequestStep" xmlns:xsi="http://www.w3.org/2001/XMLSchema-instance"><con:interface>medfusionSoapBinding</con:interface><con:operation>getAllCFFs</con:operation><con:request name="getAllCFFs" outgoingWss="" incomingWss="" id="cf240ffe-7f9f-4f23-8ab4-2ec4b27c1409"><con:settings><con:setting id="com.eviware.soapui.impl.wsdl.WsdlRequest@request-headers">&lt;xml-fragment/></con:setting></con:settings><con:encoding>UTF-8</con:encoding><con:endpoint>http://dev3-portal-wicket01.mf.qhg.local:8080/webservices/services/medfusion?wsdl</con:endpoint><con:request><![CDATA[<soapenv:Envelope xmlns:xsi="http://www.w3.org/2001/XMLSchema-instance" xmlns:xsd="http://www.w3.org/2001/XMLSchema" xmlns:soapenv="http://schemas.xmlsoap.org/soap/envelope/" xmlns:urn="urn:Medfusion">
   <soapenv:Header/>
   <soapenv:Body>
      <urn:getAllCFFs soapenv:encodingStyle="http://schemas.xmlsoap.org/soap/encoding/">
         <in0 xsi:type="xsd:int" xs:type="type:int" xmlns:xs="http://www.w3.org/2000/XMLSchema-instance">132</in0>
      </urn:getAllCFFs>
   </soapenv:Body>
</soapenv:Envelope>]]></con:request><con:credentials><con:username xsi:nil="true"/><con:password xsi:nil="true"/><con:domain xsi:nil="true"/><con:authType>No Authorization</con:authType></con:credentials><con:jmsConfig JMSDeliveryMode="PERSISTENT"/><con:jmsPropertyConfig/><con:wsaConfig action="urn:Medfusion/Medfusion/getAllCFFsRequest" mustUnderstand="NONE" version="200508"/><con:wsrmConfig version="1.2"/></con:request></con:config></con:testStep><con:properties/><con:reportParameters/></con:testCase><con:testCase failOnError="true" failTestCaseOnErrors="true" keepSession="false" maxResults="0" name="getAllCPTCodes TestCase" searchProperties="true" id="e4df4b96-9f4a-4780-903d-d973771575b2"><con:settings/><con:testStep type="request" name="getAllCPTCodes" id="5c0dea4b-63b4-4fb0-8bfb-b8218d4486be"><con:settings/><con:config xsi:type="con:RequestStep" xmlns:xsi="http://www.w3.org/2001/XMLSchema-instance"><con:interface>medfusionSoapBinding</con:interface><con:operation>getAllCPTCodes</con:operation><con:request name="getAllCPTCodes" outgoingWss="" incomingWss="" id="887e7af3-777f-4bcc-a177-2b6615654da9"><con:settings/><con:encoding>UTF-8</con:encoding><con:endpoint>http://dev3-portal-wicket01.mf.qhg.local:8080/webservices/services/medfusion?wsdl</con:endpoint><con:request><![CDATA[<soapenv:Envelope xmlns:xsi="http://www.w3.org/2001/XMLSchema-instance" xmlns:xsd="http://www.w3.org/2001/XMLSchema" xmlns:soapenv="http://schemas.xmlsoap.org/soap/envelope/" xmlns:urn="urn:Medfusion">
   <soapenv:Header/>
   <soapenv:Body>
      <urn:getAllCPTCodes soapenv:encodingStyle="http://schemas.xmlsoap.org/soap/encoding/"/>
   </soapenv:Body>
</soapenv:Envelope>]]></con:request><con:credentials><con:username xsi:nil="true"/><con:password xsi:nil="true"/><con:domain xsi:nil="true"/><con:authType>No Authorization</con:authType></con:credentials><con:jmsConfig JMSDeliveryMode="PERSISTENT"/><con:wsaConfig action="urn:Medfusion/Medfusion/getAllCPTCodesRequest" mustUnderstand="NONE" version="200508"/></con:request></con:config></con:testStep><con:properties/><con:reportParameters/></con:testCase><con:testCase failOnError="true" failTestCaseOnErrors="true" keepSession="false" maxResults="0" name="getAllDiagCodes TestCase" searchProperties="true" id="0182b7d1-1044-4119-a5e7-67691c7e7925"><con:settings/><con:testStep type="request" name="getAllDiagCodes" id="952444f2-3c2c-4efe-87a5-f9a446dbf674"><con:settings/><con:config xsi:type="con:RequestStep" xmlns:xsi="http://www.w3.org/2001/XMLSchema-instance"><con:interface>medfusionSoapBinding</con:interface><con:operation>getAllDiagCodes</con:operation><con:request name="getAllDiagCodes" outgoingWss="" incomingWss="" id="ad4e2e01-2d88-4313-ae2d-519b49a33692"><con:settings/><con:encoding>UTF-8</con:encoding><con:endpoint>http://dev3-portal-wicket01.mf.qhg.local:8080/webservices/services/medfusion?wsdl</con:endpoint><con:request><![CDATA[<soapenv:Envelope xmlns:xsi="http://www.w3.org/2001/XMLSchema-instance" xmlns:xsd="http://www.w3.org/2001/XMLSchema" xmlns:soapenv="http://schemas.xmlsoap.org/soap/envelope/" xmlns:urn="urn:Medfusion">
   <soapenv:Header/>
   <soapenv:Body>
      <urn:getAllDiagCodes soapenv:encodingStyle="http://schemas.xmlsoap.org/soap/encoding/"/>
   </soapenv:Body>
</soapenv:Envelope>]]></con:request><con:credentials><con:username xsi:nil="true"/><con:password xsi:nil="true"/><con:domain xsi:nil="true"/><con:authType>No Authorization</con:authType></con:credentials><con:jmsConfig JMSDeliveryMode="PERSISTENT"/><con:wsaConfig action="urn:Medfusion/Medfusion/getAllDiagCodesRequest" mustUnderstand="NONE" version="200508"/></con:request></con:config></con:testStep><con:properties/><con:reportParameters/></con:testCase><con:testCase failOnError="true" failTestCaseOnErrors="true" keepSession="false" maxResults="0" name="getAllEMFields TestCase" searchProperties="true" id="63385de2-27be-47cd-8fa7-0d6eda300244"><con:settings/><con:testStep type="request" name="getAllEMFields" id="d37fce6b-ad3b-4fbb-a3e5-61f883bbf29e"><con:settings/><con:config xsi:type="con:RequestStep" xmlns:xsi="http://www.w3.org/2001/XMLSchema-instance"><con:interface>medfusionSoapBinding</con:interface><con:operation>getAllEMFields</con:operation><con:request name="getAllEMFields" outgoingWss="" incomingWss="" id="7fdd598e-aa23-43e7-9117-906d6276a656"><con:settings/><con:encoding>UTF-8</con:encoding><con:endpoint>http://dev3-portal-wicket01.mf.qhg.local:8080/webservices/services/medfusion?wsdl</con:endpoint><con:request><![CDATA[<soapenv:Envelope xmlns:xsi="http://www.w3.org/2001/XMLSchema-instance" xmlns:xsd="http://www.w3.org/2001/XMLSchema" xmlns:soapenv="http://schemas.xmlsoap.org/soap/envelope/" xmlns:urn="urn:Medfusion">
   <soapenv:Header/>
   <soapenv:Body>
      <urn:getAllEMFields soapenv:encodingStyle="http://schemas.xmlsoap.org/soap/encoding/"/>
   </soapenv:Body>
</soapenv:Envelope>]]></con:request><con:credentials><con:username xsi:nil="true"/><con:password xsi:nil="true"/><con:domain xsi:nil="true"/><con:authType>No Authorization</con:authType></con:credentials><con:jmsConfig JMSDeliveryMode="PERSISTENT"/><con:wsaConfig action="urn:Medfusion/Medfusion/getAllEMFieldsRequest" mustUnderstand="NONE" version="200508"/></con:request></con:config></con:testStep><con:properties/><con:reportParameters/></con:testCase><con:testCase failOnError="true" failTestCaseOnErrors="true" keepSession="false" maxResults="0" name="getAllLocations TestCase" searchProperties="true" id="d997f888-0852-4668-b7c2-c95a8d76401f"><con:settings/><con:testStep type="request" name="getAllLocations" id="62a6838a-004b-4053-aa0b-e648d7c17600"><con:settings/><con:config xsi:type="con:RequestStep" xmlns:xsi="http://www.w3.org/2001/XMLSchema-instance"><con:interface>medfusionSoapBinding</con:interface><con:operation>getAllLocations</con:operation><con:request name="getAllLocations" outgoingWss="" incomingWss="" id="ebd23380-ef83-47fc-8aa6-feac02852e9b"><con:settings><con:setting id="com.eviware.soapui.impl.wsdl.WsdlRequest@request-headers">&lt;xml-fragment/></con:setting></con:settings><con:encoding>UTF-8</con:encoding><con:endpoint>http://dev3-portal-wicket01.mf.qhg.local:8080/webservices/services/medfusion?wsdl</con:endpoint><con:request><![CDATA[<soapenv:Envelope xmlns:xsi="http://www.w3.org/2001/XMLSchema-instance" xmlns:xsd="http://www.w3.org/2001/XMLSchema" xmlns:soapenv="http://schemas.xmlsoap.org/soap/envelope/" xmlns:urn="urn:Medfusion">
   <soapenv:Header/>
   <soapenv:Body>
      <urn:getAllLocations soapenv:encodingStyle="http://schemas.xmlsoap.org/soap/encoding/"/>
   </soapenv:Body>
</soapenv:Envelope>]]></con:request><con:credentials><con:username xsi:nil="true"/><con:password xsi:nil="true"/><con:domain xsi:nil="true"/><con:authType>No Authorization</con:authType></con:credentials><con:jmsConfig JMSDeliveryMode="PERSISTENT"/><con:jmsPropertyConfig/><con:wsaConfig action="urn:Medfusion/Medfusion/getAllLocationsRequest" mustUnderstand="NONE" version="200508"/><con:wsrmConfig version="1.2"/></con:request></con:config></con:testStep><con:properties/><con:reportParameters/></con:testCase><con:testCase failOnError="true" failTestCaseOnErrors="true" keepSession="false" maxResults="0" name="getAllPractices TestCase" searchProperties="true" id="1b7f2596-64ec-442c-a203-3e8f34e2333b"><con:settings/><con:testStep type="request" name="getAllPractices" id="16c7acb9-6af1-4a10-9920-b6ee5530143e"><con:settings/><con:config xsi:type="con:RequestStep" xmlns:xsi="http://www.w3.org/2001/XMLSchema-instance"><con:interface>medfusionSoapBinding</con:interface><con:operation>getAllPractices</con:operation><con:request name="getAllPractices" outgoingWss="" incomingWss="" id="61bcd07c-7fad-46d1-b759-7bb8262e79ab"><con:settings><con:setting id="com.eviware.soapui.impl.wsdl.WsdlRequest@request-headers">&lt;entry key="Authorization" value="Basic SUhHQ29ubmVjdGh1YjIwOTcxOklPSVRwT1lKT2g1UTZLd2JUVDdv" xmlns="http://eviware.com/soapui/config"/></con:setting></con:settings><con:encoding>UTF-8</con:encoding><con:endpoint>http://dev3-portal-wicket01.mf.qhg.local:8080/webservices/services/medfusion?wsdl</con:endpoint><con:request><![CDATA[<soapenv:Envelope xmlns:xsi="http://www.w3.org/2001/XMLSchema-instance" xmlns:xsd="http://www.w3.org/2001/XMLSchema" xmlns:soapenv="http://schemas.xmlsoap.org/soap/envelope/" xmlns:urn="urn:Medfusion">
   <soapenv:Header/>
   <soapenv:Body>
      <urn:getAllPractices soapenv:encodingStyle="http://schemas.xmlsoap.org/soap/encoding/"/>
   </soapenv:Body>
</soapenv:Envelope>]]></con:request><con:credentials><con:username xsi:nil="true"/><con:password xsi:nil="true"/><con:domain xsi:nil="true"/><con:authType>No Authorization</con:authType></con:credentials><con:jmsConfig JMSDeliveryMode="PERSISTENT"/><con:jmsPropertyConfig/><con:wsaConfig action="urn:Medfusion/Medfusion/getAllPracticesRequest" mustUnderstand="NONE" version="200508"/><con:wsrmConfig version="1.2"/></con:request></con:config></con:testStep><con:properties><con:property><con:name>Username</con:name><con:value>IHGConnecthub20971</con:value></con:property><con:property><con:name>Password</con:name><con:value>IOITpOYJOh5Q6KwbTT7o</con:value></con:property></con:properties><con:reportParameters/></con:testCase><con:testCase failOnError="true" failTestCaseOnErrors="true" keepSession="false" maxResults="0" name="getAllRouteCodes TestCase" searchProperties="true" id="14707b27-1ab5-42f1-b5ac-a54d9423009d"><con:settings/><con:testStep type="request" name="getAllRouteCodes" id="95c28838-426e-41d7-a8c9-876292184b8b"><con:settings/><con:config xsi:type="con:RequestStep" xmlns:xsi="http://www.w3.org/2001/XMLSchema-instance"><con:interface>medfusionSoapBinding</con:interface><con:operation>getAllRouteCodes</con:operation><con:request name="getAllRouteCodes" outgoingWss="" incomingWss="" id="9232ccaa-8469-4d55-a201-57baf25f54e7"><con:settings><con:setting id="com.eviware.soapui.impl.wsdl.WsdlRequest@request-headers">&lt;xml-fragment/></con:setting></con:settings><con:encoding>UTF-8</con:encoding><con:endpoint>http://dev3-portal-wicket01.mf.qhg.local:8080/webservices/services/medfusion?wsdl</con:endpoint><con:request><![CDATA[<soapenv:Envelope xmlns:xsi="http://www.w3.org/2001/XMLSchema-instance" xmlns:xsd="http://www.w3.org/2001/XMLSchema" xmlns:soapenv="http://schemas.xmlsoap.org/soap/envelope/" xmlns:urn="urn:Medfusion">
   <soapenv:Header/>
   <soapenv:Body>
      <urn:getAllRouteCodes soapenv:encodingStyle="http://schemas.xmlsoap.org/soap/encoding/"/>
   </soapenv:Body>
</soapenv:Envelope>]]></con:request><con:credentials><con:username xsi:nil="true"/><con:password xsi:nil="true"/><con:domain xsi:nil="true"/><con:selectedAuthProfile>No Authorization</con:selectedAuthProfile><con:preemptive>true</con:preemptive><con:authType>No Authorization</con:authType></con:credentials><con:jmsConfig JMSDeliveryMode="PERSISTENT"/><con:jmsPropertyConfig/><con:wsaConfig action="urn:Medfusion/Medfusion/getAllRouteCodesRequest" mustUnderstand="NONE" version="200508"/><con:wsrmConfig version="1.2"/></con:request></con:config></con:testStep><con:properties/><con:reportParameters/></con:testCase><con:testCase failOnError="true" failTestCaseOnErrors="true" keepSession="false" maxResults="0" name="getApptReqsByCriteria TestCase" searchProperties="true" id="b4299674-13b8-485c-9afe-b21096bda758"><con:settings/><con:testStep type="request" name="getApptReqsByCriteria" id="6a47e8ed-39a9-4b37-8794-242bafb0d60f"><con:settings/><con:config xsi:type="con:RequestStep" xmlns:xsi="http://www.w3.org/2001/XMLSchema-instance"><con:interface>medfusionSoapBinding</con:interface><con:operation>getApptReqsByCriteria</con:operation><con:request name="getApptReqsByCriteria" outgoingWss="" incomingWss="" id="6958fa7a-2f04-404f-9577-38168c06a25c"><con:settings><con:setting id="com.eviware.soapui.impl.wsdl.WsdlRequest@request-headers">&lt;entry key="Authorization" value="Basic VGVqb3JhVGVzdFNpdGVmb3JXU0RLMjE2MzY6cldHY091b01Cemxxc1lQYU9YRlU=" xmlns="http://eviware.com/soapui/config"/></con:setting></con:settings><con:encoding>UTF-8</con:encoding><con:endpoint>http://dev3-portal-wicket01.mf.qhg.local:8080/webservices/services/medfusion?wsdl</con:endpoint><con:request><![CDATA[<soap:Envelope xmlns:soap="http://schemas.xmlsoap.org/soap/envelope/" xmlns:soapenc="http://schemas.xmlsoap.org/soap/encoding/" xmlns:tns="urn:Medfusion" xmlns:types="urn:Medfusion/encodedTypes" xmlns:xsd="http://www.w3.org/2001/XMLSchema" xmlns:xsi="http://www.w3.org/2001/XMLSchema-instance">
   <soap:Body soap:encodingStyle="http://schemas.xmlsoap.org/soap/encoding/">
      <tns:getApptReqsByCriteria>
         <in0 xsi:type="xsd:int" xs:type="type:int" xmlns:xs="http://www.w3.org/2000/XMLSchema-instance">21636</in0>
         <in1 href="#id1"/>
      </tns:getApptReqsByCriteria>
      <soapenc:Array id="id1" soapenc:arrayType="q1:Criteria[2]" xmlns:q1="http://query.common.webservices.integrations.medfusion.net">
         <Item href="#id2"/>
         <Item href="#id3"/>
      </soapenc:Array>
      <q2:Criteria id="id2" xsi:type="q2:Criteria" xmlns:q2="http://query.common.webservices.integrations.medfusion.net">
         <fieldName xsi:type="xsd:string">arPracticeId</fieldName>
         <fieldValue xsi:type="xsd:int">21636</fieldValue>
         <operation xsi:type="xsd:int">1</operation>
         <operationCaseSensitive xsi:type="xsd:boolean">false</operationCaseSensitive>
      </q2:Criteria>
      <q3:Criteria id="id3" xsi:type="q3:Criteria" xmlns:q3="http://query.common.webservices.integrations.medfusion.net">
         <fieldName xsi:type="xsd:string">arCreationDate</fieldName>
         <fieldValue xsi:type="xsd:dateTime">2013-02-01T18:43:17</fieldValue>
         <operation xsi:type="xsd:int">3</operation>
         <operationCaseSensitive xsi:type="xsd:boolean">false</operationCaseSensitive>
      </q3:Criteria>
   </soap:Body>
</soap:Envelope>]]></con:request><con:credentials><con:username xsi:nil="true"/><con:password xsi:nil="true"/><con:domain xsi:nil="true"/><con:selectedAuthProfile>No Authorization</con:selectedAuthProfile><con:preemptive>true</con:preemptive><con:authType>No Authorization</con:authType></con:credentials><con:jmsConfig JMSDeliveryMode="PERSISTENT"/><con:jmsPropertyConfig/><con:wsaConfig action="urn:Medfusion/Medfusion/getApptReqsByCriteriaRequest" mustUnderstand="NONE" version="200508"/><con:wsrmConfig version="1.2"/></con:request></con:config></con:testStep><con:properties/><con:reportParameters/></con:testCase><con:testCase failOnError="true" failTestCaseOnErrors="true" keepSession="false" maxResults="0" name="getCFFForCustomForm TestCase" searchProperties="true" id="8e715cae-7040-41ef-a058-670c41a5b31f"><con:settings/><con:testStep type="request" name="getCFFForCustomForm" id="a11a1f57-24f9-44f3-83ff-b38d5323e785"><con:settings/><con:config xsi:type="con:RequestStep" xmlns:xsi="http://www.w3.org/2001/XMLSchema-instance"><con:interface>medfusionSoapBinding</con:interface><con:operation>getCFFForCustomForm</con:operation><con:request name="getCFFForCustomForm" outgoingWss="" incomingWss="" id="15cbffc5-464d-4a7c-ac79-cdca6a1c7add"><con:settings><con:setting id="com.eviware.soapui.impl.wsdl.WsdlRequest@request-headers">&lt;xml-fragment/></con:setting></con:settings><con:encoding>UTF-8</con:encoding><con:endpoint>http://dev3-portal-wicket01.mf.qhg.local:8080/webservices/services/medfusion?wsdl</con:endpoint><con:request><![CDATA[<soapenv:Envelope xmlns:xsi="http://www.w3.org/2001/XMLSchema-instance" xmlns:xsd="http://www.w3.org/2001/XMLSchema" xmlns:soapenv="http://schemas.xmlsoap.org/soap/envelope/" xmlns:urn="urn:Medfusion">
   <soapenv:Header/>
   <soapenv:Body>
      <urn:getCFFForCustomForm soapenv:encodingStyle="http://schemas.xmlsoap.org/soap/encoding/">
         <in0 xsi:type="xsd:int">?</in0>
      </urn:getCFFForCustomForm>
   </soapenv:Body>
</soapenv:Envelope>]]></con:request><con:credentials><con:username xsi:nil="true"/><con:password xsi:nil="true"/><con:domain xsi:nil="true"/><con:authType>No Authorization</con:authType></con:credentials><con:jmsConfig JMSDeliveryMode="PERSISTENT"/><con:jmsPropertyConfig/><con:wsaConfig action="urn:Medfusion/Medfusion/getCFFForCustomFormRequest" mustUnderstand="NONE" version="200508"/><con:wsrmConfig version="1.2"/></con:request></con:config></con:testStep><con:properties/><con:reportParameters/></con:testCase><con:testCase failOnError="true" failTestCaseOnErrors="true" keepSession="false" maxResults="0" name="getCommsByCriteria TestCase" searchProperties="true" id="cd698684-e5d6-4623-a46a-9ea594429f1f"><con:settings/><con:testStep type="request" name="getCommsByCriteria" id="538e280f-a194-41dc-84b5-4cedd6423029"><con:settings/><con:config xsi:type="con:RequestStep" xmlns:xsi="http://www.w3.org/2001/XMLSchema-instance"><con:interface>medfusionSoapBinding</con:interface><con:operation>getCommsByCriteria</con:operation><con:request name="getCommsByCriteria" outgoingWss="" incomingWss="" id="ae4bc689-2fd6-4687-b58c-73a45f9ac8e4"><con:settings><con:setting id="com.eviware.soapui.impl.wsdl.WsdlRequest@request-headers">&lt;entry key="Authorization" value="Basic VGVqb3JhVGVzdFNpdGVmb3JXU0RLMjE2MzY6cldHY091b01Cemxxc1lQYU9YRlU=" xmlns="http://eviware.com/soapui/config"/></con:setting></con:settings><con:encoding>UTF-8</con:encoding><con:endpoint>http://dev3-portal-wicket01.mf.qhg.local:8080/webservices/services/medfusion?wsdl</con:endpoint><con:request><![CDATA[<soap:Envelope xmlns:soap="http://schemas.xmlsoap.org/soap/envelope/" xmlns:soapenc="http://schemas.xmlsoap.org/soap/encoding/" xmlns:tns="urn:Medfusion" xmlns:types="urn:Medfusion/encodedTypes" xmlns:xsd="http://www.w3.org/2001/XMLSchema" xmlns:xsi="http://www.w3.org/2001/XMLSchema-instance">
   <soap:Body soap:encodingStyle="http://schemas.xmlsoap.org/soap/encoding/">
      <tns:getCommsByCriteria>
         <in0 xsi:type="xsd:int">20971</in0>
         <in1 href="#id1" />
      </tns:getCommsByCriteria>
      <soapenc:Array xmlns:q1="http://query.common.webservices.integrations.medfusion.net" id="id1" soapenc:arrayType="q1:Criteria[2]">
         <Item href="#id2" />
         <Item href="#id3" />
      </soapenc:Array>
      <q2:Criteria xmlns:q2="http://query.common.webservices.integrations.medfusion.net" id="id2" xsi:type="q2:Criteria">
         <fieldName xsi:type="xsd:string">commPracticeId</fieldName>
         <fieldValue xsi:type="xsd:int">20971</fieldValue>
         <operation xsi:type="xsd:int">1</operation>
         <operationCaseSensitive xsi:type="xsd:boolean">false</operationCaseSensitive>
      </q2:Criteria>
      <q3:Criteria xmlns:q3="http://query.common.webservices.integrations.medfusion.net" id="id3" xsi:type="q3:Criteria">
         <fieldName xsi:type="xsd:string">commCreationDate</fieldName>
         <fieldValue xsi:type="xsd:dateTime">2014-02-17T18:43:17</fieldValue>
         <operation xsi:type="xsd:int">3</operation>
         <operationCaseSensitive xsi:type="xsd:boolean">false</operationCaseSensitive>
      </q3:Criteria>
   </soap:Body>
</soap:Envelope>]]></con:request><con:credentials><con:username xsi:nil="true"/><con:password xsi:nil="true"/><con:domain xsi:nil="true"/><con:authType>No Authorization</con:authType></con:credentials><con:jmsConfig JMSDeliveryMode="PERSISTENT"/><con:jmsPropertyConfig/><con:wsaConfig action="urn:Medfusion/Medfusion/getCommsByCriteriaRequest" mustUnderstand="NONE" version="200508"/><con:wsrmConfig version="1.2"/></con:request></con:config></con:testStep><con:properties/><con:reportParameters/></con:testCase><con:testCase failOnError="true" failTestCaseOnErrors="true" keepSession="false" maxResults="0" name="getCustomFormForMemberIdAndFormId TestCase" searchProperties="true" id="2fc3d3b6-efcd-4a00-93c8-f0d2afb6fc31"><con:settings/><con:testStep type="request" name="getCustomFormForMemberIdAndFormId" id="0e560766-9acc-4931-96ee-da502fb4f16c"><con:settings/><con:config xsi:type="con:RequestStep" xmlns:xsi="http://www.w3.org/2001/XMLSchema-instance"><con:interface>medfusionSoapBinding</con:interface><con:operation>getCustomFormForMemberIdAndFormId</con:operation><con:request name="getCustomFormForMemberIdAndFormId" outgoingWss="" incomingWss="" id="4f7b6590-8e75-4957-a800-855c395e1295"><con:settings><con:setting id="com.eviware.soapui.impl.wsdl.WsdlRequest@request-headers">&lt;entry key="Authorization" value="Basic SUhHQ29ubmVjdGh1YjIwOTcxOklPSVRwT1lKT2g1UTZLd2JUVDdv" xmlns="http://eviware.com/soapui/config"/></con:setting></con:settings><con:encoding>UTF-8</con:encoding><con:endpoint>http://dev3-portal-wicket01.mf.qhg.local:8080/webservices/services/medfusion?wsdl</con:endpoint><con:request><![CDATA[<soap:Envelope xmlns:soap="http://schemas.xmlsoap.org/soap/envelope/" xmlns:soapenc="http://schemas.xmlsoap.org/soap/encoding/" xmlns:tns="urn:Medfusion" xmlns:types="urn:Medfusion/encodedTypes" xmlns:xsd="http://www.w3.org/2001/XMLSchema" xmlns:xsi="http://www.w3.org/2001/XMLSchema-instance">
   <soap:Body soap:encodingStyle="http://schemas.xmlsoap.org/soap/encoding/">
      <tns:getCustomFormForMemberIdAndFormId>
         <in0 xsi:type="xsd:int" xs:type="type:int" xmlns:xs="http://www.w3.org/2000/XMLSchema-instance">20971</in0>
         <in1 xsi:type="xsd:int" xs:type="type:int" xmlns:xs="http://www.w3.org/2000/XMLSchema-instance">48229</in1>
         <in2 xsi:type="xsd:int" xs:type="type:int" xmlns:xs="http://www.w3.org/2000/XMLSchema-instance">1019474</in2>
         <in3 xsi:type="xsi:boolean" xs:type="type:boolean" xmlns:xs="http://www.w3.org/2000/XMLSchema-instance">false</in3>
      </tns:getCustomFormForMemberIdAndFormId>
   </soap:Body>
</soap:Envelope>]]></con:request><con:credentials><con:username xsi:nil="true"/><con:password xsi:nil="true"/><con:domain xsi:nil="true"/><con:authType>No Authorization</con:authType></con:credentials><con:jmsConfig JMSDeliveryMode="PERSISTENT"/><con:jmsPropertyConfig/><con:wsaConfig action="urn:Medfusion/Medfusion/getCustomFormForMemberIdAndFormIdRequest" mustUnderstand="NONE" version="200508"/><con:wsrmConfig version="1.2"/></con:request></con:config></con:testStep><con:properties><con:property><con:name>Username</con:name><con:value>IHGConnecthub20971</con:value></con:property><con:property><con:name>Password</con:name><con:value>IOITpOYJOh5Q6KwbTT7o</con:value></con:property></con:properties><con:reportParameters/></con:testCase><con:testCase failOnError="true" failTestCaseOnErrors="true" keepSession="false" maxResults="0" name="getCustomFormOutput TestCase" searchProperties="true" id="ad16fb45-671a-4bf2-8a75-3b841061f77c"><con:settings/><con:testStep type="request" name="getCustomFormOutput" id="bb95a746-3feb-40fa-97d0-df9d04fbf964"><con:settings/><con:config xsi:type="con:RequestStep" xmlns:xsi="http://www.w3.org/2001/XMLSchema-instance"><con:interface>medfusionSoapBinding</con:interface><con:operation>getCustomFormOutput</con:operation><con:request name="getCustomFormOutput" outgoingWss="" incomingWss="" id="a8cfe10c-0c07-488d-b766-c4e7206e1ba2"><con:settings/><con:encoding>UTF-8</con:encoding><con:endpoint>http://dev3-portal-wicket01.mf.qhg.local:8080/webservices/services/medfusion?wsdl</con:endpoint><con:request><![CDATA[<soapenv:Envelope xmlns:xsi="http://www.w3.org/2001/XMLSchema-instance" xmlns:xsd="http://www.w3.org/2001/XMLSchema" xmlns:soapenv="http://schemas.xmlsoap.org/soap/envelope/" xmlns:urn="urn:Medfusion">
   <soapenv:Header/>
   <soapenv:Body>
      <urn:getCustomFormOutput soapenv:encodingStyle="http://schemas.xmlsoap.org/soap/encoding/">
         <in0 xsi:type="xsd:int">?</in0>
         <in1 xsi:type="xsd:int">?</in1>
         <in2 xsi:type="xsd:string">?</in2>
      </urn:getCustomFormOutput>
   </soapenv:Body>
</soapenv:Envelope>]]></con:request><con:credentials><con:username xsi:nil="true"/><con:password xsi:nil="true"/><con:domain xsi:nil="true"/><con:authType>No Authorization</con:authType></con:credentials><con:jmsConfig JMSDeliveryMode="PERSISTENT"/><con:wsaConfig action="urn:Medfusion/Medfusion/getCustomFormOutputRequest" mustUnderstand="NONE" version="200508"/></con:request></con:config></con:testStep><con:properties/><con:reportParameters/></con:testCase><con:testCase failOnError="true" failTestCaseOnErrors="true" keepSession="false" maxResults="0" name="getCustomFormsByCriteria TestCase" searchProperties="true" id="b1fc6b4a-481c-4b2c-ac2d-ee4f82bec6ff"><con:settings/><con:testStep type="request" name="getCustomFormsByCriteria" id="1946a1ce-535e-4c69-8756-c9bacb05bab7"><con:settings/><con:config xsi:type="con:RequestStep" xmlns:xsi="http://www.w3.org/2001/XMLSchema-instance"><con:interface>medfusionSoapBinding</con:interface><con:operation>getCustomFormsByCriteria</con:operation><con:request name="getCustomFormsByCriteria" outgoingWss="" incomingWss="" id="16e2f442-430b-4e2f-8b6e-379c56840ac2"><con:settings><con:setting id="com.eviware.soapui.impl.wsdl.WsdlRequest@request-headers">&lt;xml-fragment/></con:setting></con:settings><con:encoding>UTF-8</con:encoding><con:endpoint>http://dev3-portal-wicket01.mf.qhg.local:8080/webservices/services/medfusion?wsdl</con:endpoint><con:request><![CDATA[<soapenv:Envelope xmlns:xsi="http://www.w3.org/2001/XMLSchema-instance" xmlns:xsd="http://www.w3.org/2001/XMLSchema" xmlns:soapenv="http://schemas.xmlsoap.org/soap/envelope/" xmlns:urn="urn:Medfusion" xmlns:soapenc="http://schemas.xmlsoap.org/soap/encoding/">
   <soapenv:Header/>
   <soapenv:Body>
      <urn:getCustomFormsByCriteria soapenv:encodingStyle="http://schemas.xmlsoap.org/soap/encoding/">
         <in0 xsi:type="xsd:int" xs:type="type:int" xmlns:xs="http://www.w3.org/2000/XMLSchema-instance">?</in0>
         <in1 xsi:type="urn:ArrayOf_tns4_Criteria" soapenc:arrayType="quer:Criteria[]" xmlns:quer="http://query.common.webservices.integrations.medfusion.net"/>
      </urn:getCustomFormsByCriteria>
   </soapenv:Body>
</soapenv:Envelope>]]></con:request><con:credentials><con:username xsi:nil="true"/><con:password xsi:nil="true"/><con:domain xsi:nil="true"/><con:authType>No Authorization</con:authType></con:credentials><con:jmsConfig JMSDeliveryMode="PERSISTENT"/><con:jmsPropertyConfig/><con:wsaConfig mustUnderstand="NONE" version="200508"/><con:wsrmConfig version="1.2"/></con:request></con:config></con:testStep><con:properties/><con:reportParameters/></con:testCase><con:testCase failOnError="true" failTestCaseOnErrors="true" keepSession="false" maxResults="0" name="getCustomFormsByCriteria TestCase" searchProperties="true" id="3205358a-d8eb-4580-a393-0b0773a92665"><con:settings/><con:testStep type="request" name="getCustomFormsByCriteria" id="50c127ad-e471-4aaa-8a7a-558220def327"><con:settings/><con:config xsi:type="con:RequestStep" xmlns:xsi="http://www.w3.org/2001/XMLSchema-instance"><con:interface>medfusionSoapBinding</con:interface><con:operation>getCustomFormsByCriteria</con:operation><con:request name="getCustomFormsByCriteria" outgoingWss="" incomingWss="" id="bae2f665-0d7e-403d-8a64-8a55d233f11f"><con:settings><con:setting id="com.eviware.soapui.impl.wsdl.WsdlRequest@request-headers">&lt;entry key="Authorization" value="Basic VGVqb3JhVGVzdFNpdGVmb3JXU0RLMjE2MzY6cldHY091b01Cemxxc1lQYU9YRlU=" xmlns="http://eviware.com/soapui/config"/></con:setting></con:settings><con:encoding>UTF-8</con:encoding><con:endpoint>http://dev3-portal-wicket01.mf.qhg.local:8080/webservices/services/medfusion?wsdl</con:endpoint><con:request><![CDATA[<soapenv:Envelope xmlns:xsi="http://www.w3.org/2001/XMLSchema-instance" xmlns:xsd="http://www.w3.org/2001/XMLSchema" xmlns:soapenv="http://schemas.xmlsoap.org/soap/envelope/" xmlns:urn="urn:Medfusion" xmlns:soapenc="http://schemas.xmlsoap.org/soap/encoding/">
   <soapenv:Header/>
   <soapenv:Body>
      <urn:getCustomFormsByCriteria soapenv:encodingStyle="http://schemas.xmlsoap.org/soap/encoding/">
         <in0 xsi:type="xsd:int" xs:type="type:int" xmlns:xs="http://www.w3.org/2000/XMLSchema-instance">?</in0>
         <in1 xsi:type="urn:ArrayOf_tns4_Criteria" soapenc:arrayType="quer:Criteria[]" xmlns:quer="http://query.common.webservices.integrations.medfusion.net"/>
         <in2 xsi:type="xsd:boolean">?</in2>
      </urn:getCustomFormsByCriteria>
   </soapenv:Body>
</soapenv:Envelope>]]></con:request><con:credentials><con:username xsi:nil="true"/><con:password xsi:nil="true"/><con:domain xsi:nil="true"/><con:authType>No Authorization</con:authType></con:credentials><con:jmsConfig JMSDeliveryMode="PERSISTENT"/><con:jmsPropertyConfig/><con:wsaConfig mustUnderstand="NONE" version="200508"/><con:wsrmConfig version="1.2"/></con:request></con:config></con:testStep><con:properties/><con:reportParameters/></con:testCase><con:testCase failOnError="true" failTestCaseOnErrors="true" keepSession="false" maxResults="0" name="getEMsByCriteria TestCase" searchProperties="true" id="af27b54c-3caf-4699-8f7f-194038409163"><con:settings/><con:testStep type="request" name="getEMsByCriteria" id="42da248e-16fe-4d5f-9d0d-32a6e78e01bc"><con:settings/><con:config xsi:type="con:RequestStep" xmlns:xsi="http://www.w3.org/2001/XMLSchema-instance"><con:interface>medfusionSoapBinding</con:interface><con:operation>getEMsByCriteria</con:operation><con:request name="getEMsByCriteria" outgoingWss="" incomingWss="" id="86293a13-0876-429f-aa2a-6860df988f9e"><con:settings/><con:encoding>UTF-8</con:encoding><con:endpoint>http://dev3-portal-wicket01.mf.qhg.local:8080/webservices/services/medfusion?wsdl</con:endpoint><con:request><![CDATA[<soapenv:Envelope xmlns:xsi="http://www.w3.org/2001/XMLSchema-instance" xmlns:xsd="http://www.w3.org/2001/XMLSchema" xmlns:soapenv="http://schemas.xmlsoap.org/soap/envelope/" xmlns:urn="urn:Medfusion" xmlns:soapenc="http://schemas.xmlsoap.org/soap/encoding/">
   <soapenv:Header/>
   <soapenv:Body>
      <urn:getEMsByCriteria soapenv:encodingStyle="http://schemas.xmlsoap.org/soap/encoding/">
         <in0 xsi:type="xsd:int">?</in0>
         <in1 xsi:type="urn:ArrayOf_tns4_Criteria" soapenc:arrayType="quer:Criteria[]" xmlns:quer="http://query.common.webservices.integrations.medfusion.net"/>
      </urn:getEMsByCriteria>
   </soapenv:Body>
</soapenv:Envelope>]]></con:request><con:credentials><con:username xsi:nil="true"/><con:password xsi:nil="true"/><con:domain xsi:nil="true"/><con:authType>No Authorization</con:authType></con:credentials><con:jmsConfig JMSDeliveryMode="PERSISTENT"/><con:wsaConfig action="urn:Medfusion/Medfusion/getEMsByCriteriaRequest" mustUnderstand="NONE" version="200508"/></con:request></con:config></con:testStep><con:properties/><con:reportParameters/></con:testCase><con:testCase failOnError="true" failTestCaseOnErrors="true" keepSession="false" maxResults="0" name="getEMStatusesByEMIds TestCase" searchProperties="true" id="a0f7121c-31be-4f7a-956c-b2fc1c529d4b"><con:settings/><con:testStep type="request" name="getEMStatusesByEMIds" id="2127a460-4846-4694-a5cc-26664b9daa61"><con:settings/><con:config xsi:type="con:RequestStep" xmlns:xsi="http://www.w3.org/2001/XMLSchema-instance"><con:interface>medfusionSoapBinding</con:interface><con:operation>getEMStatusesByEMIds</con:operation><con:request name="getEMStatusesByEMIds" outgoingWss="" incomingWss="" id="faeb55d7-cc58-4820-809a-0581fd3d980f"><con:settings/><con:encoding>UTF-8</con:encoding><con:endpoint>http://dev3-portal-wicket01.mf.qhg.local:8080/webservices/services/medfusion?wsdl</con:endpoint><con:request><![CDATA[<soapenv:Envelope xmlns:xsi="http://www.w3.org/2001/XMLSchema-instance" xmlns:xsd="http://www.w3.org/2001/XMLSchema" xmlns:soapenv="http://schemas.xmlsoap.org/soap/envelope/" xmlns:urn="urn:Medfusion" xmlns:soapenc="http://schemas.xmlsoap.org/soap/encoding/">
   <soapenv:Header/>
   <soapenv:Body>
      <urn:getEMStatusesByEMIds soapenv:encodingStyle="http://schemas.xmlsoap.org/soap/encoding/">
         <in0 xsi:type="urn:ArrayOf_xsd_int" soapenc:arrayType="xsd:int[]"/>
      </urn:getEMStatusesByEMIds>
   </soapenv:Body>
</soapenv:Envelope>]]></con:request><con:credentials><con:username xsi:nil="true"/><con:password xsi:nil="true"/><con:domain xsi:nil="true"/><con:authType>No Authorization</con:authType></con:credentials><con:jmsConfig JMSDeliveryMode="PERSISTENT"/><con:wsaConfig action="urn:Medfusion/Medfusion/getEMStatusesByEMIdsRequest" mustUnderstand="NONE" version="200508"/></con:request></con:config></con:testStep><con:properties/><con:reportParameters/></con:testCase><con:testCase failOnError="true" failTestCaseOnErrors="true" keepSession="false" maxResults="0" name="getEMTemplatesByCriteria TestCase" searchProperties="true" id="0e0da25a-5d0a-4605-9b0c-15148e2a9cc3"><con:settings/><con:testStep type="request" name="getEMTemplatesByCriteria" id="a75640e6-1db3-4a20-b01d-7b3a6a353e2e"><con:settings/><con:config xsi:type="con:RequestStep" xmlns:xsi="http://www.w3.org/2001/XMLSchema-instance"><con:interface>medfusionSoapBinding</con:interface><con:operation>getEMTemplatesByCriteria</con:operation><con:request name="getEMTemplatesByCriteria" outgoingWss="" incomingWss="" id="232e2a5f-b98a-4885-97d5-a073b9c03682"><con:settings/><con:encoding>UTF-8</con:encoding><con:endpoint>http://dev3-portal-wicket01.mf.qhg.local:8080/webservices/services/medfusion?wsdl</con:endpoint><con:request><![CDATA[<soapenv:Envelope xmlns:xsi="http://www.w3.org/2001/XMLSchema-instance" xmlns:xsd="http://www.w3.org/2001/XMLSchema" xmlns:soapenv="http://schemas.xmlsoap.org/soap/envelope/" xmlns:urn="urn:Medfusion" xmlns:soapenc="http://schemas.xmlsoap.org/soap/encoding/">
   <soapenv:Header/>
   <soapenv:Body>
      <urn:getEMTemplatesByCriteria soapenv:encodingStyle="http://schemas.xmlsoap.org/soap/encoding/">
         <in0 xsi:type="xsd:int">?</in0>
         <in1 xsi:type="urn:ArrayOf_tns4_Criteria" soapenc:arrayType="quer:Criteria[]" xmlns:quer="http://query.common.webservices.integrations.medfusion.net"/>
      </urn:getEMTemplatesByCriteria>
   </soapenv:Body>
</soapenv:Envelope>]]></con:request><con:credentials><con:username xsi:nil="true"/><con:password xsi:nil="true"/><con:domain xsi:nil="true"/><con:authType>No Authorization</con:authType></con:credentials><con:jmsConfig JMSDeliveryMode="PERSISTENT"/><con:wsaConfig action="urn:Medfusion/Medfusion/getEMTemplatesByCriteriaRequest" mustUnderstand="NONE" version="200508"/></con:request></con:config></con:testStep><con:properties/><con:reportParameters/></con:testCase><con:testCase failOnError="true" failTestCaseOnErrors="true" keepSession="false" maxResults="0" name="getExternalIdForPractice TestCase" searchProperties="true" id="65d46c90-62d0-44e0-a615-90897fb3e1ce"><con:settings/><con:testStep type="request" name="getExternalIdForPractice" id="fe21772b-e626-44a0-a8d5-e7fdb280524a"><con:settings/><con:config xsi:type="con:RequestStep" xmlns:xsi="http://www.w3.org/2001/XMLSchema-instance"><con:interface>medfusionSoapBinding</con:interface><con:operation>getExternalIdForPractice</con:operation><con:request name="getExternalIdForPractice" outgoingWss="" incomingWss="" id="4a6fe47f-7635-4646-8aa9-c8d3ff18d697"><con:settings/><con:encoding>UTF-8</con:encoding><con:endpoint>http://dev3-portal-wicket01.mf.qhg.local:8080/webservices/services/medfusion?wsdl</con:endpoint><con:request><![CDATA[<soapenv:Envelope xmlns:xsi="http://www.w3.org/2001/XMLSchema-instance" xmlns:xsd="http://www.w3.org/2001/XMLSchema" xmlns:soapenv="http://schemas.xmlsoap.org/soap/envelope/" xmlns:urn="urn:Medfusion">
   <soapenv:Header/>
   <soapenv:Body>
      <urn:getExternalIdForPractice soapenv:encodingStyle="http://schemas.xmlsoap.org/soap/encoding/">
         <in0 xsi:type="xsd:int">?</in0>
         <in1 xsi:type="xsd:int">?</in1>
      </urn:getExternalIdForPractice>
   </soapenv:Body>
</soapenv:Envelope>]]></con:request><con:credentials><con:username xsi:nil="true"/><con:password xsi:nil="true"/><con:domain xsi:nil="true"/><con:authType>No Authorization</con:authType></con:credentials><con:jmsConfig JMSDeliveryMode="PERSISTENT"/><con:wsaConfig action="urn:Medfusion/Medfusion/getExternalIdForPracticeRequest" mustUnderstand="NONE" version="200508"/></con:request></con:config></con:testStep><con:properties/><con:reportParameters/></con:testCase><con:testCase failOnError="true" failTestCaseOnErrors="true" keepSession="false" maxResults="0" name="getExternalSystemsForPractice TestCase" searchProperties="true" id="1d495180-3605-4719-bc74-360bf651d8eb"><con:settings/><con:testStep type="request" name="getExternalSystemsForPractice" id="487ce3b5-0176-44fe-9a36-8ab90dd56699"><con:settings/><con:config xsi:type="con:RequestStep" xmlns:xsi="http://www.w3.org/2001/XMLSchema-instance"><con:interface>medfusionSoapBinding</con:interface><con:operation>getExternalSystemsForPractice</con:operation><con:request name="getExternalSystemsForPractice" outgoingWss="" incomingWss="" id="f95547ce-272c-4317-8f69-c2af0032b25c"><con:settings><con:setting id="com.eviware.soapui.impl.wsdl.WsdlRequest@request-headers">&lt;xml-fragment/></con:setting></con:settings><con:encoding>UTF-8</con:encoding><con:endpoint>http://dev3-portal-wicket01.mf.qhg.local:8080/webservices/services/medfusion?wsdl</con:endpoint><con:request><![CDATA[<soap:Envelope xmlns:soap="http://schemas.xmlsoap.org/soap/envelope/" xmlns:soapenc="http://schemas.xmlsoap.org/soap/encoding/" xmlns:tns="urn:Medfusion" xmlns:types="urn:Medfusion/encodedTypes" xmlns:xsd="http://www.w3.org/2001/XMLSchema" xmlns:xsi="http://www.w3.org/2001/XMLSchema-instance">
   <soap:Body soap:encodingStyle="http://schemas.xmlsoap.org/soap/encoding/">
      <tns:getExternalSystemsForPractice>
         <in0 xsi:type="xsd:int">20971</in0>
      </tns:getExternalSystemsForPractice>
   </soap:Body>
</soap:Envelope>]]></con:request><con:credentials><con:username xsi:nil="true"/><con:password xsi:nil="true"/><con:domain xsi:nil="true"/><con:authType>No Authorization</con:authType></con:credentials><con:jmsConfig JMSDeliveryMode="PERSISTENT"/><con:jmsPropertyConfig/><con:wsaConfig action="urn:Medfusion/Medfusion/getExternalSystemsForPracticeRequest" mustUnderstand="NONE" version="200508"/><con:wsrmConfig version="1.2"/></con:request></con:config></con:testStep><con:properties><con:property><con:name>Username</con:name><con:value>IHGConnecthub20971</con:value></con:property><con:property><con:name>Password</con:name><con:value>IOITpOYJOh5Q6KwbTT7o</con:value></con:property></con:properties><con:reportParameters/></con:testCase><con:testCase failOnError="true" failTestCaseOnErrors="true" keepSession="false" maxResults="0" name="getInsurance2sForUsersByMedfusionIds TestCase" searchProperties="true" id="4150ec50-73ce-48aa-af9d-299e7ad7fce4"><con:settings/><con:testStep type="request" name="getInsurance2sForUsersByMedfusionIds" id="e5022660-bb12-46eb-b14a-e7a44ceed0df"><con:settings/><con:config xsi:type="con:RequestStep" xmlns:xsi="http://www.w3.org/2001/XMLSchema-instance"><con:interface>medfusionSoapBinding</con:interface><con:operation>getInsurance2sForUsersByMedfusionIds</con:operation><con:request name="getInsurance2sForUsersByMedfusionIds" outgoingWss="" incomingWss="" id="c9c3409e-f4af-46cb-a801-5632a2e62668"><con:settings/><con:encoding>UTF-8</con:encoding><con:endpoint>http://dev3-portal-wicket01.mf.qhg.local:8080/webservices/services/medfusion?wsdl</con:endpoint><con:request><![CDATA[<soapenv:Envelope xmlns:xsi="http://www.w3.org/2001/XMLSchema-instance" xmlns:xsd="http://www.w3.org/2001/XMLSchema" xmlns:soapenv="http://schemas.xmlsoap.org/soap/envelope/" xmlns:urn="urn:Medfusion" xmlns:soapenc="http://schemas.xmlsoap.org/soap/encoding/">
   <soapenv:Header/>
   <soapenv:Body>
      <urn:getInsurance2sForUsersByMedfusionIds soapenv:encodingStyle="http://schemas.xmlsoap.org/soap/encoding/">
         <in0 xsi:type="urn:ArrayOf_xsd_int" soapenc:arrayType="xsd:int[]"/>
      </urn:getInsurance2sForUsersByMedfusionIds>
   </soapenv:Body>
</soapenv:Envelope>]]></con:request><con:credentials><con:username xsi:nil="true"/><con:password xsi:nil="true"/><con:domain xsi:nil="true"/><con:authType>No Authorization</con:authType></con:credentials><con:jmsConfig JMSDeliveryMode="PERSISTENT"/><con:wsaConfig action="urn:Medfusion/Medfusion/getInsurance2sForUsersByMedfusionIdsRequest" mustUnderstand="NONE" version="200508"/></con:request></con:config></con:testStep><con:properties/><con:reportParameters/></con:testCase><con:testCase failOnError="true" failTestCaseOnErrors="true" keepSession="false" maxResults="0" name="getInsurancesForUserByMedfusionId TestCase" searchProperties="true" id="b18142cf-abbb-40c9-a2d8-009ea4fbd29e"><con:settings/><con:testStep type="request" name="getInsurancesForUserByMedfusionId" id="65054eb7-bf13-4c3d-8fa6-31b2065dffa5"><con:settings/><con:config xsi:type="con:RequestStep" xmlns:xsi="http://www.w3.org/2001/XMLSchema-instance"><con:interface>medfusionSoapBinding</con:interface><con:operation>getInsurancesForUserByMedfusionId</con:operation><con:request name="getInsurancesForUserByMedfusionId" outgoingWss="" incomingWss="" id="678cb28a-4880-4ebe-8e21-ea51218b7469"><con:settings/><con:encoding>UTF-8</con:encoding><con:endpoint>http://dev3-portal-wicket01.mf.qhg.local:8080/webservices/services/medfusion?wsdl</con:endpoint><con:request><![CDATA[<soapenv:Envelope xmlns:xsi="http://www.w3.org/2001/XMLSchema-instance" xmlns:xsd="http://www.w3.org/2001/XMLSchema" xmlns:soapenv="http://schemas.xmlsoap.org/soap/envelope/" xmlns:urn="urn:Medfusion">
   <soapenv:Header/>
   <soapenv:Body>
      <urn:getInsurancesForUserByMedfusionId soapenv:encodingStyle="http://schemas.xmlsoap.org/soap/encoding/">
         <in0 xsi:type="xsd:int">?</in0>
      </urn:getInsurancesForUserByMedfusionId>
   </soapenv:Body>
</soapenv:Envelope>]]></con:request><con:credentials><con:username xsi:nil="true"/><con:password xsi:nil="true"/><con:domain xsi:nil="true"/><con:authType>No Authorization</con:authType></con:credentials><con:jmsConfig JMSDeliveryMode="PERSISTENT"/><con:wsaConfig action="urn:Medfusion/Medfusion/getInsurancesForUserByMedfusionIdRequest" mustUnderstand="NONE" version="200508"/></con:request></con:config></con:testStep><con:properties/><con:reportParameters/></con:testCase><con:testCase failOnError="true" failTestCaseOnErrors="true" keepSession="false" maxResults="0" name="getInsurancesForUsersByMedfusionIds TestCase" searchProperties="true" id="2e6a2507-b55e-4cfa-9f8c-2481221ae480"><con:settings/><con:testStep type="request" name="getInsurancesForUsersByMedfusionIds" id="33d4822b-0a69-4856-8301-2a307d8a3791"><con:settings/><con:config xsi:type="con:RequestStep" xmlns:xsi="http://www.w3.org/2001/XMLSchema-instance"><con:interface>medfusionSoapBinding</con:interface><con:operation>getInsurancesForUsersByMedfusionIds</con:operation><con:request name="getInsurancesForUsersByMedfusionIds" outgoingWss="" incomingWss="" id="e25504c3-5117-4f85-8243-2e8d55ce6ea0"><con:settings/><con:encoding>UTF-8</con:encoding><con:endpoint>http://dev3-portal-wicket01.mf.qhg.local:8080/webservices/services/medfusion?wsdl</con:endpoint><con:request><![CDATA[<soapenv:Envelope xmlns:xsi="http://www.w3.org/2001/XMLSchema-instance" xmlns:xsd="http://www.w3.org/2001/XMLSchema" xmlns:soapenv="http://schemas.xmlsoap.org/soap/envelope/" xmlns:urn="urn:Medfusion" xmlns:soapenc="http://schemas.xmlsoap.org/soap/encoding/">
   <soapenv:Header/>
   <soapenv:Body>
      <urn:getInsurancesForUsersByMedfusionIds soapenv:encodingStyle="http://schemas.xmlsoap.org/soap/encoding/">
         <in0 xsi:type="urn:ArrayOf_xsd_int" soapenc:arrayType="xsd:int[]"/>
      </urn:getInsurancesForUsersByMedfusionIds>
   </soapenv:Body>
</soapenv:Envelope>]]></con:request><con:credentials><con:username xsi:nil="true"/><con:password xsi:nil="true"/><con:domain xsi:nil="true"/><con:authType>No Authorization</con:authType></con:credentials><con:jmsConfig JMSDeliveryMode="PERSISTENT"/><con:wsaConfig action="urn:Medfusion/Medfusion/getInsurancesForUsersByMedfusionIdsRequest" mustUnderstand="NONE" version="200508"/></con:request></con:config></con:testStep><con:properties/><con:reportParameters/></con:testCase><con:testCase failOnError="true" failTestCaseOnErrors="true" keepSession="false" maxResults="0" name="getLocation TestCase" searchProperties="true" id="b724cdcb-7fcb-4568-9c20-a150e84d4d95"><con:settings/><con:testStep type="request" name="getLocation" id="b86737b0-f604-45ae-9b6e-fb059f279752"><con:settings/><con:config xsi:type="con:RequestStep" xmlns:xsi="http://www.w3.org/2001/XMLSchema-instance"><con:interface>medfusionSoapBinding</con:interface><con:operation>getLocation</con:operation><con:request name="getLocation" outgoingWss="" incomingWss="" id="a1af9ad5-1f3a-43e4-a5ef-d562afc8430a"><con:settings/><con:encoding>UTF-8</con:encoding><con:endpoint>http://dev3-portal-wicket01.mf.qhg.local:8080/webservices/services/medfusion?wsdl</con:endpoint><con:request><![CDATA[<soapenv:Envelope xmlns:xsi="http://www.w3.org/2001/XMLSchema-instance" xmlns:xsd="http://www.w3.org/2001/XMLSchema" xmlns:soapenv="http://schemas.xmlsoap.org/soap/envelope/" xmlns:urn="urn:Medfusion">
   <soapenv:Header/>
   <soapenv:Body>
      <urn:getLocation soapenv:encodingStyle="http://schemas.xmlsoap.org/soap/encoding/">
         <in0 xsi:type="xsd:int">?</in0>
      </urn:getLocation>
   </soapenv:Body>
</soapenv:Envelope>]]></con:request><con:credentials><con:username xsi:nil="true"/><con:password xsi:nil="true"/><con:domain xsi:nil="true"/><con:authType>No Authorization</con:authType></con:credentials><con:jmsConfig JMSDeliveryMode="PERSISTENT"/><con:wsaConfig action="urn:Medfusion/Medfusion/getLocationRequest" mustUnderstand="NONE" version="200508"/></con:request></con:config></con:testStep><con:properties/><con:reportParameters/></con:testCase><con:testCase failOnError="true" failTestCaseOnErrors="true" keepSession="false" maxResults="0" name="getLocationByExternalId TestCase" searchProperties="true" id="08cb75f1-f515-4ae6-ae2d-fdab6cd4eb04"><con:settings/><con:testStep type="request" name="getLocationByExternalId" id="c9f82ceb-c126-48cb-9775-ca12a548b54a"><con:settings/><con:config xsi:type="con:RequestStep" xmlns:xsi="http://www.w3.org/2001/XMLSchema-instance"><con:interface>medfusionSoapBinding</con:interface><con:operation>getLocationByExternalId</con:operation><con:request name="getLocationByExternalId" outgoingWss="" incomingWss="" id="c9c55ae9-b4d9-48e8-8d89-0d43fbcdffb4"><con:settings/><con:encoding>UTF-8</con:encoding><con:endpoint>http://dev3-portal-wicket01.mf.qhg.local:8080/webservices/services/medfusion?wsdl</con:endpoint><con:request><![CDATA[<soapenv:Envelope xmlns:xsi="http://www.w3.org/2001/XMLSchema-instance" xmlns:xsd="http://www.w3.org/2001/XMLSchema" xmlns:soapenv="http://schemas.xmlsoap.org/soap/envelope/" xmlns:urn="urn:Medfusion">
   <soapenv:Header/>
   <soapenv:Body>
      <urn:getLocationByExternalId soapenv:encodingStyle="http://schemas.xmlsoap.org/soap/encoding/">
         <in0 xsi:type="xsd:int">?</in0>
         <in1 xsi:type="xsd:string">?</in1>
         <in2 xsi:type="xsd:int">?</in2>
      </urn:getLocationByExternalId>
   </soapenv:Body>
</soapenv:Envelope>]]></con:request><con:credentials><con:username xsi:nil="true"/><con:password xsi:nil="true"/><con:domain xsi:nil="true"/><con:authType>No Authorization</con:authType></con:credentials><con:jmsConfig JMSDeliveryMode="PERSISTENT"/><con:wsaConfig action="urn:Medfusion/Medfusion/getLocationByExternalIdRequest" mustUnderstand="NONE" version="200508"/></con:request></con:config></con:testStep><con:properties/><con:reportParameters/></con:testCase><con:testCase failOnError="true" failTestCaseOnErrors="true" keepSession="false" maxResults="0" name="getLocationsForPractice TestCase" searchProperties="true" id="86a5e655-d5e1-40a1-bef5-66a02f1149e2"><con:settings/><con:testStep type="request" name="getLocationsForPractice" id="37a63626-3e34-449b-8b2e-48cf8639ed07"><con:settings/><con:config xsi:type="con:RequestStep" xmlns:xsi="http://www.w3.org/2001/XMLSchema-instance"><con:interface>medfusionSoapBinding</con:interface><con:operation>getLocationsForPractice</con:operation><con:request name="getLocationsForPractice" outgoingWss="" incomingWss="" id="ed2af3d0-6382-4e21-b811-7e61ebb91af1"><con:settings/><con:encoding>UTF-8</con:encoding><con:endpoint>http://dev3-portal-wicket01.mf.qhg.local:8080/webservices/services/medfusion?wsdl</con:endpoint><con:request><![CDATA[<soapenv:Envelope xmlns:xsi="http://www.w3.org/2001/XMLSchema-instance" xmlns:xsd="http://www.w3.org/2001/XMLSchema" xmlns:soapenv="http://schemas.xmlsoap.org/soap/envelope/" xmlns:urn="urn:Medfusion">
   <soapenv:Header/>
   <soapenv:Body>
      <urn:getLocationsForPractice soapenv:encodingStyle="http://schemas.xmlsoap.org/soap/encoding/">
         <in0 xsi:type="xsd:int">?</in0>
      </urn:getLocationsForPractice>
   </soapenv:Body>
</soapenv:Envelope>]]></con:request><con:credentials><con:username xsi:nil="true"/><con:password xsi:nil="true"/><con:domain xsi:nil="true"/><con:authType>No Authorization</con:authType></con:credentials><con:jmsConfig JMSDeliveryMode="PERSISTENT"/><con:wsaConfig action="urn:Medfusion/Medfusion/getLocationsForPracticeRequest" mustUnderstand="NONE" version="200508"/></con:request></con:config></con:testStep><con:properties/><con:reportParameters/></con:testCase><con:testCase failOnError="true" failTestCaseOnErrors="true" keepSession="false" maxResults="0" name="getMemberForUser TestCase" searchProperties="true" id="d9363ffb-39e9-4024-906f-c1330a4e0c6f"><con:settings/><con:testStep type="request" name="getMemberForUser" id="c0cc188a-bac1-41a9-a5ff-7373c6c28b18"><con:settings/><con:config xsi:type="con:RequestStep" xmlns:xsi="http://www.w3.org/2001/XMLSchema-instance"><con:interface>medfusionSoapBinding</con:interface><con:operation>getMemberForUser</con:operation><con:request name="getMemberForUser" outgoingWss="" incomingWss="" id="19ae16a1-6e89-4b6c-a2d8-b9c9452b0640"><con:settings/><con:encoding>UTF-8</con:encoding><con:endpoint>http://dev3-portal-wicket01.mf.qhg.local:8080/webservices/services/medfusion?wsdl</con:endpoint><con:request><![CDATA[<soapenv:Envelope xmlns:xsi="http://www.w3.org/2001/XMLSchema-instance" xmlns:xsd="http://www.w3.org/2001/XMLSchema" xmlns:soapenv="http://schemas.xmlsoap.org/soap/envelope/" xmlns:urn="urn:Medfusion">
   <soapenv:Header/>
   <soapenv:Body>
      <urn:getMemberForUser soapenv:encodingStyle="http://schemas.xmlsoap.org/soap/encoding/">
         <in0 xsi:type="xsd:int">?</in0>
      </urn:getMemberForUser>
   </soapenv:Body>
</soapenv:Envelope>]]></con:request><con:credentials><con:username xsi:nil="true"/><con:password xsi:nil="true"/><con:domain xsi:nil="true"/><con:authType>No Authorization</con:authType></con:credentials><con:jmsConfig JMSDeliveryMode="PERSISTENT"/><con:wsaConfig action="urn:Medfusion/Medfusion/getMemberForUserRequest" mustUnderstand="NONE" version="200508"/></con:request></con:config></con:testStep><con:properties/><con:reportParameters/></con:testCase><con:testCase failOnError="true" failTestCaseOnErrors="true" keepSession="false" maxResults="0" name="getMemberForUsersByCriteria TestCase" searchProperties="true" id="ca1cf63c-814c-4ce6-a699-666b5b285116"><con:settings/><con:testStep type="request" name="getMemberForUsersByCriteria" id="dd5e282c-b979-4d76-83ff-99320b762736"><con:settings/><con:config xsi:type="con:RequestStep" xmlns:xsi="http://www.w3.org/2001/XMLSchema-instance"><con:interface>medfusionSoapBinding</con:interface><con:operation>getMemberForUsersByCriteria</con:operation><con:request name="getMemberForUsersByCriteria" outgoingWss="" incomingWss="" id="27038b7c-ec39-4f9e-979b-5f7ad72bcad8"><con:settings/><con:encoding>UTF-8</con:encoding><con:endpoint>http://dev3-portal-wicket01.mf.qhg.local:8080/webservices/services/medfusion?wsdl</con:endpoint><con:request><![CDATA[<soapenv:Envelope xmlns:xsi="http://www.w3.org/2001/XMLSchema-instance" xmlns:xsd="http://www.w3.org/2001/XMLSchema" xmlns:soapenv="http://schemas.xmlsoap.org/soap/envelope/" xmlns:urn="urn:Medfusion" xmlns:soapenc="http://schemas.xmlsoap.org/soap/encoding/">
   <soapenv:Header/>
   <soapenv:Body>
      <urn:getMemberForUsersByCriteria soapenv:encodingStyle="http://schemas.xmlsoap.org/soap/encoding/">
         <in0 xsi:type="xsd:int">?</in0>
         <in1 xsi:type="urn:ArrayOf_tns4_Criteria" soapenc:arrayType="quer:Criteria[]" xmlns:quer="http://query.common.webservices.integrations.medfusion.net"/>
         <in2 xsi:type="urn:ArrayOf_xsd_string" soapenc:arrayType="xsd:string[]"/>
      </urn:getMemberForUsersByCriteria>
   </soapenv:Body>
</soapenv:Envelope>]]></con:request><con:credentials><con:username xsi:nil="true"/><con:password xsi:nil="true"/><con:domain xsi:nil="true"/><con:authType>No Authorization</con:authType></con:credentials><con:jmsConfig JMSDeliveryMode="PERSISTENT"/><con:wsaConfig action="urn:Medfusion/Medfusion/getMemberForUsersByCriteriaRequest" mustUnderstand="NONE" version="200508"/></con:request></con:config></con:testStep><con:properties/><con:reportParameters/></con:testCase><con:testCase failOnError="true" failTestCaseOnErrors="true" keepSession="false" maxResults="0" name="getMemberForUsersByData TestCase" searchProperties="true" id="f0c1a250-90f9-49fe-b6ef-164b232fa7ef"><con:settings/><con:testStep type="request" name="getMemberForUsersByData" id="8bf53df4-7ba8-4897-8feb-867045c24921"><con:settings/><con:config xsi:type="con:RequestStep" xmlns:xsi="http://www.w3.org/2001/XMLSchema-instance"><con:interface>medfusionSoapBinding</con:interface><con:operation>getMemberForUsersByData</con:operation><con:request name="getMemberForUsersByData" outgoingWss="" incomingWss="" id="b3790187-b461-4493-bc70-ef3d2f70e8c5"><con:settings/><con:encoding>UTF-8</con:encoding><con:endpoint>http://dev3-portal-wicket01.mf.qhg.local:8080/webservices/services/medfusion?wsdl</con:endpoint><con:request><![CDATA[<soapenv:Envelope xmlns:xsi="http://www.w3.org/2001/XMLSchema-instance" xmlns:xsd="http://www.w3.org/2001/XMLSchema" xmlns:soapenv="http://schemas.xmlsoap.org/soap/envelope/" xmlns:urn="urn:Medfusion" xmlns:soapenc="http://schemas.xmlsoap.org/soap/encoding/">
   <soapenv:Header/>
   <soapenv:Body>
      <urn:getMemberForUsersByData soapenv:encodingStyle="http://schemas.xmlsoap.org/soap/encoding/">
         <in0 xsi:type="xsd:int">?</in0>
         <in1 xsi:type="xsd:string">?</in1>
         <in2 xsi:type="xsd:string">?</in2>
         <in3 xsi:type="xsd:string">?</in3>
         <in4 xsi:type="xsd:dateTime">?</in4>
         <in5 xsi:type="xsd:dateTime">?</in5>
         <in6 xsi:type="xsd:string">?</in6>
         <in7 xsi:type="xsd:string">?</in7>
         <in8 xsi:type="xsd:string">?</in8>
         <in9 xsi:type="xsd:string">?</in9>
         <in10 xsi:type="urn:ArrayOf_xsd_string" soapenc:arrayType="xsd:string[]"/>
      </urn:getMemberForUsersByData>
   </soapenv:Body>
</soapenv:Envelope>]]></con:request><con:credentials><con:username xsi:nil="true"/><con:password xsi:nil="true"/><con:domain xsi:nil="true"/><con:authType>No Authorization</con:authType></con:credentials><con:jmsConfig JMSDeliveryMode="PERSISTENT"/><con:wsaConfig action="urn:Medfusion/Medfusion/getMemberForUsersByDataRequest" mustUnderstand="NONE" version="200508"/></con:request></con:config></con:testStep><con:properties/><con:reportParameters/></con:testCase><con:testCase failOnError="true" failTestCaseOnErrors="true" keepSession="false" maxResults="0" name="getMemberForUsersByMedfusionIds TestCase" searchProperties="true" id="74dc0906-db63-4eb2-acef-10f3b765a849"><con:settings/><con:testStep type="request" name="getMemberForUsersByMedfusionIds" id="7cb33696-e443-4cbf-881a-b9a2ac171855"><con:settings/><con:config xsi:type="con:RequestStep" xmlns:xsi="http://www.w3.org/2001/XMLSchema-instance"><con:interface>medfusionSoapBinding</con:interface><con:operation>getMemberForUsersByMedfusionIds</con:operation><con:request name="getMemberForUsersByMedfusionIds" outgoingWss="" incomingWss="" id="78f07fdc-d8a8-4d2e-b758-abe30cecf9c3"><con:settings/><con:encoding>UTF-8</con:encoding><con:endpoint>http://dev3-portal-wicket01.mf.qhg.local:8080/webservices/services/medfusion?wsdl</con:endpoint><con:request><![CDATA[<soapenv:Envelope xmlns:xsi="http://www.w3.org/2001/XMLSchema-instance" xmlns:xsd="http://www.w3.org/2001/XMLSchema" xmlns:soapenv="http://schemas.xmlsoap.org/soap/envelope/" xmlns:urn="urn:Medfusion" xmlns:soapenc="http://schemas.xmlsoap.org/soap/encoding/">
   <soapenv:Header/>
   <soapenv:Body>
      <urn:getMemberForUsersByMedfusionIds soapenv:encodingStyle="http://schemas.xmlsoap.org/soap/encoding/">
         <in0 xsi:type="urn:ArrayOf_xsd_int" soapenc:arrayType="xsd:int[]"/>
         <in1 xsi:type="urn:ArrayOf_xsd_string" soapenc:arrayType="xsd:string[]"/>
      </urn:getMemberForUsersByMedfusionIds>
   </soapenv:Body>
</soapenv:Envelope>]]></con:request><con:credentials><con:username xsi:nil="true"/><con:password xsi:nil="true"/><con:domain xsi:nil="true"/><con:authType>No Authorization</con:authType></con:credentials><con:jmsConfig JMSDeliveryMode="PERSISTENT"/><con:wsaConfig action="urn:Medfusion/Medfusion/getMemberForUsersByMedfusionIdsRequest" mustUnderstand="NONE" version="200508"/></con:request></con:config></con:testStep><con:properties/><con:reportParameters/></con:testCase><con:testCase failOnError="true" failTestCaseOnErrors="true" keepSession="false" maxResults="0" name="getMemberLockedsByCriteria TestCase" searchProperties="true" id="0be49038-08b4-4379-bf25-69865852d851"><con:settings/><con:testStep type="request" name="getMemberLockedsByCriteria" id="6656d6e7-4296-4796-8d90-83a9a0cc94b9"><con:settings/><con:config xsi:type="con:RequestStep" xmlns:xsi="http://www.w3.org/2001/XMLSchema-instance"><con:interface>medfusionSoapBinding</con:interface><con:operation>getMemberLockedsByCriteria</con:operation><con:request name="getMemberLockedsByCriteria" outgoingWss="" incomingWss="" id="08265dc9-b146-402c-9444-97bcd74e77b1"><con:settings><con:setting id="com.eviware.soapui.impl.wsdl.WsdlRequest@request-headers">&lt;xml-fragment/></con:setting></con:settings><con:encoding>UTF-8</con:encoding><con:endpoint>http://dev3-portal-wicket01.mf.qhg.local:8080/webservices/services/medfusion?wsdl</con:endpoint><con:request><![CDATA[<soap:Envelope xmlns:soap="http://schemas.xmlsoap.org/soap/envelope/" xmlns:soapenc="http://schemas.xmlsoap.org/soap/encoding/" xmlns:tns="urn:Medfusion" xmlns:types="urn:Medfusion/encodedTypes" xmlns:xsd="http://www.w3.org/2001/XMLSchema" xmlns:xsi="http://www.w3.org/2001/XMLSchema-instance">
   <soap:Body soap:encodingStyle="http://schemas.xmlsoap.org/soap/encoding/">
      <tns:getMemberLockedsByCriteria>
         <in0 xsi:type="xsd:int">21636</in0>
         <in1 href="#id1" />
      </tns:getMemberLockedsByCriteria>
      <soapenc:Array xmlns:q1="http://query.common.webservices.integrations.medfusion.net" id="id1" soapenc:arrayType="q1:Criteria[1]">
         <Item href="#id2" />
      </soapenc:Array>
      <q2:Criteria xmlns:q2="http://query.common.webservices.integrations.medfusion.net" id="id2" xsi:type="q2:Criteria">
         <fieldName xsi:type="xsd:string">memberLockedId</fieldName>
         <fieldValue xsi:type="xsd:int">111245</fieldValue>
         <operation xsi:type="xsd:int">1</operation>
         <operationCaseSensitive xsi:type="xsd:boolean">false</operationCaseSensitive>
      </q2:Criteria>
   </soap:Body>
</soap:Envelope>]]></con:request><con:credentials><con:username xsi:nil="true"/><con:password xsi:nil="true"/><con:domain xsi:nil="true"/><con:authType>No Authorization</con:authType></con:credentials><con:jmsConfig JMSDeliveryMode="PERSISTENT"/><con:jmsPropertyConfig/><con:wsaConfig action="urn:Medfusion/Medfusion/getMemberLockedsByCriteriaRequest" mustUnderstand="NONE" version="200508"/><con:wsrmConfig version="1.2"/></con:request></con:config></con:testStep><con:properties><con:property><con:name>Username</con:name><con:value>IHGConnecthub20971</con:value></con:property><con:property><con:name>Password</con:name><con:value>IOITpOYJOh5Q6KwbTT7o</con:value></con:property></con:properties><con:reportParameters/></con:testCase><con:testCase failOnError="true" failTestCaseOnErrors="true" keepSession="false" maxResults="0" name="getMemberMapForUser TestCase" searchProperties="true" id="e296ed0b-a0aa-4fbd-9818-af24b3538363"><con:settings/><con:testStep type="request" name="getMemberMapForUser" id="982c9244-27e1-42f4-a8e8-b02d46e87166"><con:settings/><con:config xsi:type="con:RequestStep" xmlns:xsi="http://www.w3.org/2001/XMLSchema-instance"><con:interface>medfusionSoapBinding</con:interface><con:operation>getMemberMapForUser</con:operation><con:request name="getMemberMapForUser" outgoingWss="" incomingWss="" id="58685628-1b40-4a75-946c-111867c5b113"><con:settings/><con:encoding>UTF-8</con:encoding><con:endpoint>http://dev3-portal-wicket01.mf.qhg.local:8080/webservices/services/medfusion?wsdl</con:endpoint><con:request><![CDATA[<soapenv:Envelope xmlns:xsi="http://www.w3.org/2001/XMLSchema-instance" xmlns:xsd="http://www.w3.org/2001/XMLSchema" xmlns:soapenv="http://schemas.xmlsoap.org/soap/envelope/" xmlns:urn="urn:Medfusion" xmlns:soapenc="http://schemas.xmlsoap.org/soap/encoding/">
   <soapenv:Header/>
   <soapenv:Body>
      <urn:getMemberMapForUser soapenv:encodingStyle="http://schemas.xmlsoap.org/soap/encoding/">
         <in0 xsi:type="urn:ArrayOf_xsd_string" soapenc:arrayType="xsd:string[]"/>
         <in1 xsi:type="xsd:int">?</in1>
      </urn:getMemberMapForUser>
   </soapenv:Body>
</soapenv:Envelope>]]></con:request><con:credentials><con:username xsi:nil="true"/><con:password xsi:nil="true"/><con:domain xsi:nil="true"/><con:authType>No Authorization</con:authType></con:credentials><con:jmsConfig JMSDeliveryMode="PERSISTENT"/><con:wsaConfig action="urn:Medfusion/Medfusion/getMemberMapForUserRequest" mustUnderstand="NONE" version="200508"/></con:request></con:config></con:testStep><con:properties/><con:reportParameters/></con:testCase><con:testCase failOnError="true" failTestCaseOnErrors="true" keepSession="false" maxResults="0" name="getMemberMapForUserByPracticeIdAndPatientId TestCase" searchProperties="true" id="084e405d-76b1-45eb-8ad2-41fc38d8dffc"><con:settings/><con:testStep type="request" name="getMemberMapForUserByPracticeIdAndPatientId" id="4e6cd522-bb96-4a29-a86f-999e6caa7f03"><con:settings/><con:config xsi:type="con:RequestStep" xmlns:xsi="http://www.w3.org/2001/XMLSchema-instance"><con:interface>medfusionSoapBinding</con:interface><con:operation>getMemberMapForUserByPracticeIdAndPatientId</con:operation><con:request name="getMemberMapForUserByPracticeIdAndPatientId" outgoingWss="" incomingWss="" id="811d8415-ce7a-4f40-83dd-f2c36f318758"><con:settings/><con:encoding>UTF-8</con:encoding><con:endpoint>http://dev3-portal-wicket01.mf.qhg.local:8080/webservices/services/medfusion?wsdl</con:endpoint><con:request><![CDATA[<soapenv:Envelope xmlns:xsi="http://www.w3.org/2001/XMLSchema-instance" xmlns:xsd="http://www.w3.org/2001/XMLSchema" xmlns:soapenv="http://schemas.xmlsoap.org/soap/envelope/" xmlns:urn="urn:Medfusion" xmlns:soapenc="http://schemas.xmlsoap.org/soap/encoding/">
   <soapenv:Header/>
   <soapenv:Body>
      <urn:getMemberMapForUserByPracticeIdAndPatientId soapenv:encodingStyle="http://schemas.xmlsoap.org/soap/encoding/">
         <in0 xsi:type="urn:ArrayOf_xsd_string" soapenc:arrayType="xsd:string[]"/>
         <in1 xsi:type="xsd:int">?</in1>
         <in2 xsi:type="xsd:string">?</in2>
      </urn:getMemberMapForUserByPracticeIdAndPatientId>
   </soapenv:Body>
</soapenv:Envelope>]]></con:request><con:credentials><con:username xsi:nil="true"/><con:password xsi:nil="true"/><con:domain xsi:nil="true"/><con:authType>No Authorization</con:authType></con:credentials><con:jmsConfig JMSDeliveryMode="PERSISTENT"/><con:wsaConfig action="urn:Medfusion/Medfusion/getMemberMapForUserByPracticeIdAndPatientIdRequest" mustUnderstand="NONE" version="200508"/></con:request></con:config></con:testStep><con:properties/><con:reportParameters/></con:testCase><con:testCase failOnError="true" failTestCaseOnErrors="true" keepSession="false" maxResults="0" name="getMemberMapForUsersByCriteria TestCase" searchProperties="true" id="199f933f-5d07-4f9e-a5bb-58527ff75f6a"><con:settings/><con:testStep type="request" name="getMemberMapForUsersByCriteria" id="ebc572bd-29bf-4702-b54a-5f7355c51716"><con:settings/><con:config xsi:type="con:RequestStep" xmlns:xsi="http://www.w3.org/2001/XMLSchema-instance"><con:interface>medfusionSoapBinding</con:interface><con:operation>getMemberMapForUsersByCriteria</con:operation><con:request name="getMemberMapForUsersByCriteria" outgoingWss="" incomingWss="" id="06c4cce2-7ce3-428b-90cd-888901a9fca3"><con:settings><con:setting id="com.eviware.soapui.impl.wsdl.WsdlRequest@request-headers">&lt;xml-fragment/></con:setting></con:settings><con:encoding>UTF-8</con:encoding><con:endpoint>http://dev3-portal-wicket01.mf.qhg.local:8080/webservices/services/medfusion?wsdl</con:endpoint><con:request><![CDATA[<soap:Envelope xmlns:soap="http://schemas.xmlsoap.org/soap/envelope/" xmlns:soapenc="http://schemas.xmlsoap.org/soap/encoding/" xmlns:tns="urn:Medfusion" xmlns:types="urn:Medfusion/encodedTypes" xmlns:xsd="http://www.w3.org/2001/XMLSchema" xmlns:xsi="http://www.w3.org/2001/XMLSchema-instance">
   <soap:Body soap:encodingStyle="http://schemas.xmlsoap.org/soap/encoding/">
      <tns:getMemberMapForUsersByCriteria>
         <in0 xsi:type="xsd:int">21636</in0>
         <in1 href="#idArr1" />
         <in2 href="#id1" />
         <in3 href="#idArr2" />
      </tns:getMemberMapForUsersByCriteria>
      <soapenc:Array xmlns:q1="http://query.common.webservices.integrations.medfusion.net" id="id1" soapenc:arrayType="q1:Criteria[1]">
         <Item href="#id2" />
      </soapenc:Array>
      <q2:Criteria xmlns:q2="http://query.common.webservices.integrations.medfusion.net" id="id2" xsi:type="q2:Criteria">
         <fieldName xsi:type="xsd:string">memberPracticeId</fieldName>
         <fieldValue xsi:type="xsd:int">21636</fieldValue>
         <operation xsi:type="xsd:int">1</operation>
         <operationCaseSensitive xsi:type="xsd:boolean">false</operationCaseSensitive>
      </q2:Criteria>
      <soapenc:Array id="idArr1" soapenc:arrayType="xsd:string[4]">
         <xsd:string>memberId</xsd:string>
         <xsd:string>memberFirstName</xsd:string>
         <xsd:string>memberLastName</xsd:string>
         <xsd:string>memberDateCreated</xsd:string>
      </soapenc:Array>
      <soapenc:Array id="idArr2" soapenc:arrayType="xsd:string[1]">
         <xsd:string>memberId</xsd:string>
      </soapenc:Array>
   </soap:Body>
</soap:Envelope>]]></con:request><con:credentials><con:username xsi:nil="true"/><con:password xsi:nil="true"/><con:domain xsi:nil="true"/><con:authType>No Authorization</con:authType></con:credentials><con:jmsConfig JMSDeliveryMode="PERSISTENT"/><con:jmsPropertyConfig/><con:wsaConfig action="urn:Medfusion/Medfusion/getMemberMapForUsersByCriteriaRequest" mustUnderstand="NONE" version="200508"/><con:wsrmConfig version="1.2"/></con:request></con:config></con:testStep><con:properties><con:property><con:name>Username</con:name><con:value>IHGConnecthub20971</con:value></con:property><con:property><con:name>Password</con:name><con:value>IOITpOYJOh5Q6KwbTT7o</con:value></con:property></con:properties><con:reportParameters/></con:testCase><con:testCase failOnError="true" failTestCaseOnErrors="true" keepSession="false" maxResults="0" name="getMemberMapForUsersByData TestCase" searchProperties="true" id="e4370532-960f-4333-b585-1a15a084d537"><con:settings/><con:testStep type="request" name="getMemberMapForUsersByData" id="11c2f6b0-fa29-46ee-9559-571ef5206862"><con:settings/><con:config xsi:type="con:RequestStep" xmlns:xsi="http://www.w3.org/2001/XMLSchema-instance"><con:interface>medfusionSoapBinding</con:interface><con:operation>getMemberMapForUsersByData</con:operation><con:request name="getMemberMapForUsersByData" outgoingWss="" incomingWss="" id="b41b19e3-e105-4d8c-b231-9940d4e5ac6a"><con:settings/><con:encoding>UTF-8</con:encoding><con:endpoint>http://dev3-portal-wicket01.mf.qhg.local:8080/webservices/services/medfusion?wsdl</con:endpoint><con:request><![CDATA[<soapenv:Envelope xmlns:xsi="http://www.w3.org/2001/XMLSchema-instance" xmlns:xsd="http://www.w3.org/2001/XMLSchema" xmlns:soapenv="http://schemas.xmlsoap.org/soap/envelope/" xmlns:urn="urn:Medfusion" xmlns:soapenc="http://schemas.xmlsoap.org/soap/encoding/">
   <soapenv:Header/>
   <soapenv:Body>
      <urn:getMemberMapForUsersByData soapenv:encodingStyle="http://schemas.xmlsoap.org/soap/encoding/">
         <in0 xsi:type="xsd:int">?</in0>
         <in1 xsi:type="urn:ArrayOf_xsd_string" soapenc:arrayType="xsd:string[]"/>
         <in2 xsi:type="xsd:string">?</in2>
         <in3 xsi:type="xsd:string">?</in3>
         <in4 xsi:type="xsd:string">?</in4>
         <in5 xsi:type="xsd:dateTime">?</in5>
         <in6 xsi:type="xsd:dateTime">?</in6>
         <in7 xsi:type="xsd:string">?</in7>
         <in8 xsi:type="xsd:string">?</in8>
         <in9 xsi:type="xsd:string">?</in9>
         <in10 xsi:type="xsd:string">?</in10>
         <in11 xsi:type="urn:ArrayOf_xsd_string" soapenc:arrayType="xsd:string[]"/>
      </urn:getMemberMapForUsersByData>
   </soapenv:Body>
</soapenv:Envelope>]]></con:request><con:credentials><con:username xsi:nil="true"/><con:password xsi:nil="true"/><con:domain xsi:nil="true"/><con:authType>No Authorization</con:authType></con:credentials><con:jmsConfig JMSDeliveryMode="PERSISTENT"/><con:wsaConfig action="urn:Medfusion/Medfusion/getMemberMapForUsersByDataRequest" mustUnderstand="NONE" version="200508"/></con:request></con:config></con:testStep><con:properties/><con:reportParameters/></con:testCase><con:testCase failOnError="true" failTestCaseOnErrors="true" keepSession="false" maxResults="0" name="getMemberMapForUsersByMedfusionIds TestCase" searchProperties="true" id="6d59abc6-7678-4bc0-bc4d-c4827ca348d3"><con:settings/><con:testStep type="request" name="getMemberMapForUsersByMedfusionIds" id="4764b570-f9f5-4419-ab21-b1ecdcd4e464"><con:settings/><con:config xsi:type="con:RequestStep" xmlns:xsi="http://www.w3.org/2001/XMLSchema-instance"><con:interface>medfusionSoapBinding</con:interface><con:operation>getMemberMapForUsersByMedfusionIds</con:operation><con:request name="getMemberMapForUsersByMedfusionIds" outgoingWss="" incomingWss="" id="77222dc8-bea9-4aa1-b3e4-d3ad3383fa8a"><con:settings/><con:encoding>UTF-8</con:encoding><con:endpoint>http://dev3-portal-wicket01.mf.qhg.local:8080/webservices/services/medfusion?wsdl</con:endpoint><con:request><![CDATA[<soapenv:Envelope xmlns:xsi="http://www.w3.org/2001/XMLSchema-instance" xmlns:xsd="http://www.w3.org/2001/XMLSchema" xmlns:soapenv="http://schemas.xmlsoap.org/soap/envelope/" xmlns:urn="urn:Medfusion" xmlns:soapenc="http://schemas.xmlsoap.org/soap/encoding/">
   <soapenv:Header/>
   <soapenv:Body>
      <urn:getMemberMapForUsersByMedfusionIds soapenv:encodingStyle="http://schemas.xmlsoap.org/soap/encoding/">
         <in0 xsi:type="urn:ArrayOf_xsd_string" soapenc:arrayType="xsd:string[]"/>
         <in1 xsi:type="urn:ArrayOf_xsd_int" soapenc:arrayType="xsd:int[]"/>
         <in2 xsi:type="urn:ArrayOf_xsd_string" soapenc:arrayType="xsd:string[]"/>
      </urn:getMemberMapForUsersByMedfusionIds>
   </soapenv:Body>
</soapenv:Envelope>]]></con:request><con:credentials><con:username xsi:nil="true"/><con:password xsi:nil="true"/><con:domain xsi:nil="true"/><con:authType>No Authorization</con:authType></con:credentials><con:jmsConfig JMSDeliveryMode="PERSISTENT"/><con:wsaConfig action="urn:Medfusion/Medfusion/getMemberMapForUsersByMedfusionIdsRequest" mustUnderstand="NONE" version="200508"/></con:request></con:config></con:testStep><con:properties/><con:reportParameters/></con:testCase><con:testCase failOnError="true" failTestCaseOnErrors="true" keepSession="false" maxResults="0" name="getMemberMapsByExternalIds TestCase" searchProperties="true" id="598a76c4-b9df-4d9f-b1f1-1513d4b32fa9"><con:settings/><con:testStep type="request" name="getMemberMapsByExternalIds" id="50571333-8f46-4ee0-885f-97ff050c11fd"><con:settings/><con:config xsi:type="con:RequestStep" xmlns:xsi="http://www.w3.org/2001/XMLSchema-instance"><con:interface>medfusionSoapBinding</con:interface><con:operation>getMemberMapsByExternalIds</con:operation><con:request name="getMemberMapsByExternalIds" outgoingWss="" incomingWss="" id="0bea9940-9ee7-4f99-937b-e704f0049cab"><con:settings/><con:encoding>UTF-8</con:encoding><con:endpoint>http://dev3-portal-wicket01.mf.qhg.local:8080/webservices/services/medfusion?wsdl</con:endpoint><con:request><![CDATA[<soapenv:Envelope xmlns:xsi="http://www.w3.org/2001/XMLSchema-instance" xmlns:xsd="http://www.w3.org/2001/XMLSchema" xmlns:soapenv="http://schemas.xmlsoap.org/soap/envelope/" xmlns:urn="urn:Medfusion" xmlns:soapenc="http://schemas.xmlsoap.org/soap/encoding/">
   <soapenv:Header/>
   <soapenv:Body>
      <urn:getMemberMapsByExternalIds soapenv:encodingStyle="http://schemas.xmlsoap.org/soap/encoding/">
         <in0 xsi:type="xsd:int">?</in0>
         <in1 xsi:type="urn:ArrayOf_xsd_string" soapenc:arrayType="xsd:string[]"/>
         <in2 xsi:type="xsd:int">?</in2>
         <in3 xsi:type="urn:ArrayOf_xsd_string" soapenc:arrayType="xsd:string[]"/>
      </urn:getMemberMapsByExternalIds>
   </soapenv:Body>
</soapenv:Envelope>]]></con:request><con:credentials><con:username xsi:nil="true"/><con:password xsi:nil="true"/><con:domain xsi:nil="true"/><con:authType>No Authorization</con:authType></con:credentials><con:jmsConfig JMSDeliveryMode="PERSISTENT"/><con:wsaConfig action="urn:Medfusion/Medfusion/getMemberMapsByExternalIdsRequest" mustUnderstand="NONE" version="200508"/></con:request></con:config></con:testStep><con:properties/><con:reportParameters/></con:testCase><con:testCase failOnError="true" failTestCaseOnErrors="true" keepSession="false" maxResults="0" name="getOBPByCriteria TestCase" searchProperties="true" id="192a1346-0e9a-4c64-b69b-dbf09308c28a"><con:settings/><con:testStep type="request" name="getOBPByCriteria" id="b0197c92-8f07-4a63-b433-4268f561d9a8"><con:settings/><con:config xsi:type="con:RequestStep" xmlns:xsi="http://www.w3.org/2001/XMLSchema-instance"><con:interface>medfusionSoapBinding</con:interface><con:operation>getOBPByCriteria</con:operation><con:request name="getOBPByCriteria" outgoingWss="" incomingWss="" id="513fa408-25ba-4ad0-875a-e5503c596c98"><con:settings><con:setting id="com.eviware.soapui.impl.wsdl.WsdlRequest@request-headers">&lt;xml-fragment/></con:setting></con:settings><con:encoding>UTF-8</con:encoding><con:endpoint>http://dev3-portal-wicket01.mf.qhg.local:8080/webservices/services/medfusion?wsdl</con:endpoint><con:request><![CDATA[<soap:Envelope xmlns:soap="http://schemas.xmlsoap.org/soap/envelope/" xmlns:soapenc="http://schemas.xmlsoap.org/soap/encoding/" xmlns:tns="urn:Medfusion" xmlns:types="urn:Medfusion/encodedTypes" xmlns:xsd="http://www.w3.org/2001/XMLSchema" xmlns:xsi="http://www.w3.org/2001/XMLSchema-instance">
   <soap:Body soap:encodingStyle="http://schemas.xmlsoap.org/soap/encoding/">
      <tns:getOBPByCriteria>
         <in0 xsi:type="xsd:int" xs:type="type:int" xmlns:xs="http://www.w3.org/2000/XMLSchema-instance">20971</in0>
         <in1 href="#id1"/>
      </tns:getOBPByCriteria>
      <soapenc:Array id="id1" soapenc:arrayType="q1:Criteria[3]" xmlns:q1="http://query.common.webservices.integrations.medfusion.net">
         <Item href="#id2"/>
         <Item href="#id3"/>
         <Item href="#id4"/>
      </soapenc:Array>
      <q2:Criteria id="id2" xsi:type="q2:Criteria" xmlns:q2="http://query.common.webservices.integrations.medfusion.net">
         <fieldName xsi:type="xsd:string">obpPracticeId</fieldName>
         <fieldValue xsi:type="xsd:int">20971</fieldValue>
         <operation xsi:type="xsd:int">1</operation>
         <operationCaseSensitive xsi:type="xsd:boolean">false</operationCaseSensitive>
      </q2:Criteria>
      <q3:Criteria id="id3" xsi:type="q3:Criteria" xmlns:q3="http://query.common.webservices.integrations.medfusion.net">
         <fieldName xsi:type="xsd:string">obpCreationDate</fieldName>
         <fieldValue xsi:type="xsd:dateTime">2014-03-03T04:55:00</fieldValue>
         <operation xsi:type="xsd:int">3</operation>
         <operationCaseSensitive xsi:type="xsd:boolean">false</operationCaseSensitive>
      </q3:Criteria>
      <q4:Criteria id="id4" xsi:type="q4:Criteria" xmlns:q4="http://query.common.webservices.integrations.medfusion.net">
         <fieldName xsi:type="xsd:string">obpStatus</fieldName>
         <fieldValue xsi:type="xsd:string">Pending</fieldValue>
         <operation xsi:type="xsd:int">1</operation>
         <operationCaseSensitive xsi:type="xsd:boolean">false</operationCaseSensitive>
      </q4:Criteria>
   </soap:Body>
</soap:Envelope>]]></con:request><con:credentials><con:username xsi:nil="true"/><con:password xsi:nil="true"/><con:domain xsi:nil="true"/><con:authType>No Authorization</con:authType></con:credentials><con:jmsConfig JMSDeliveryMode="PERSISTENT"/><con:jmsPropertyConfig/><con:wsaConfig action="urn:Medfusion/Medfusion/getOBPByCriteriaRequest" mustUnderstand="NONE" version="200508"/><con:wsrmConfig version="1.2"/></con:request></con:config></con:testStep><con:properties><con:property><con:name>Username</con:name><con:value>IHGConnecthub20971</con:value></con:property><con:property><con:name>Password</con:name><con:value>IOITpOYJOh5Q6KwbTT7o</con:value></con:property></con:properties><con:reportParameters/></con:testCase><con:testCase failOnError="true" failTestCaseOnErrors="true" keepSession="false" maxResults="0" name="getPharmacyByCriteria TestCase" searchProperties="true" id="b94c8ce5-d55c-4b89-a351-bb2e27a4c414"><con:settings/><con:testStep type="request" name="getPharmacyByCriteria" id="1b68d725-cf8e-41fa-a7b2-6bad0715a421"><con:settings/><con:config xsi:type="con:RequestStep" xmlns:xsi="http://www.w3.org/2001/XMLSchema-instance"><con:interface>medfusionSoapBinding</con:interface><con:operation>getPharmacyByCriteria</con:operation><con:request name="getPharmacyByCriteria" outgoingWss="" incomingWss="" id="e72f0e5a-a795-4c1c-88c8-468948362f0e"><con:settings/><con:encoding>UTF-8</con:encoding><con:endpoint>http://dev3-portal-wicket01.mf.qhg.local:8080/webservices/services/medfusion?wsdl</con:endpoint><con:request><![CDATA[<soapenv:Envelope xmlns:xsi="http://www.w3.org/2001/XMLSchema-instance" xmlns:xsd="http://www.w3.org/2001/XMLSchema" xmlns:soapenv="http://schemas.xmlsoap.org/soap/envelope/" xmlns:urn="urn:Medfusion" xmlns:soapenc="http://schemas.xmlsoap.org/soap/encoding/">
   <soapenv:Header/>
   <soapenv:Body>
      <urn:getPharmacyByCriteria soapenv:encodingStyle="http://schemas.xmlsoap.org/soap/encoding/">
         <in0 xsi:type="xsd:int">?</in0>
         <in1 xsi:type="urn:ArrayOf_tns4_Criteria" soapenc:arrayType="quer:Criteria[]" xmlns:quer="http://query.common.webservices.integrations.medfusion.net"/>
      </urn:getPharmacyByCriteria>
   </soapenv:Body>
</soapenv:Envelope>]]></con:request><con:credentials><con:username xsi:nil="true"/><con:password xsi:nil="true"/><con:domain xsi:nil="true"/><con:authType>No Authorization</con:authType></con:credentials><con:jmsConfig JMSDeliveryMode="PERSISTENT"/><con:wsaConfig action="urn:Medfusion/Medfusion/getPharmacyByCriteriaRequest" mustUnderstand="NONE" version="200508"/></con:request></con:config></con:testStep><con:properties/><con:reportParameters/></con:testCase><con:testCase failOnError="true" failTestCaseOnErrors="true" keepSession="false" maxResults="0" name="getPractice TestCase" searchProperties="true" id="3aaeb058-8818-4f17-996f-a2b318883a98"><con:settings/><con:testStep type="request" name="getPractice" id="6dd6b041-031a-47a6-be68-bce5a7367ed1"><con:settings/><con:config xsi:type="con:RequestStep" xmlns:xsi="http://www.w3.org/2001/XMLSchema-instance"><con:interface>medfusionSoapBinding</con:interface><con:operation>getPractice</con:operation><con:request name="getPractice" outgoingWss="" incomingWss="" id="1df013ad-3724-49bf-99ce-7fe76bcf25f1"><con:settings/><con:encoding>UTF-8</con:encoding><con:endpoint>http://dev3-portal-wicket01.mf.qhg.local:8080/webservices/services/medfusion?wsdl</con:endpoint><con:request><![CDATA[<soapenv:Envelope xmlns:xsi="http://www.w3.org/2001/XMLSchema-instance" xmlns:xsd="http://www.w3.org/2001/XMLSchema" xmlns:soapenv="http://schemas.xmlsoap.org/soap/envelope/" xmlns:urn="urn:Medfusion">
   <soapenv:Header/>
   <soapenv:Body>
      <urn:getPractice soapenv:encodingStyle="http://schemas.xmlsoap.org/soap/encoding/">
         <in0 xsi:type="xsd:int">?</in0>
      </urn:getPractice>
   </soapenv:Body>
</soapenv:Envelope>]]></con:request><con:credentials><con:username xsi:nil="true"/><con:password xsi:nil="true"/><con:domain xsi:nil="true"/><con:authType>No Authorization</con:authType></con:credentials><con:jmsConfig JMSDeliveryMode="PERSISTENT"/><con:wsaConfig action="urn:Medfusion/Medfusion/getPracticeRequest" mustUnderstand="NONE" version="200508"/></con:request></con:config></con:testStep><con:properties/><con:reportParameters/></con:testCase><con:testCase failOnError="true" failTestCaseOnErrors="true" keepSession="false" maxResults="0" name="getPracticesForMedfusionId TestCase" searchProperties="true" id="9b0a2fda-0f9c-4016-8fe0-be71ea0c2981"><con:settings/><con:testStep type="request" name="getPracticesForMedfusionId" id="1a872d76-1837-432a-b9f5-9f2dea540f77"><con:settings/><con:config xsi:type="con:RequestStep" xmlns:xsi="http://www.w3.org/2001/XMLSchema-instance"><con:interface>medfusionSoapBinding</con:interface><con:operation>getPracticesForMedfusionId</con:operation><con:request name="getPracticesForMedfusionId" outgoingWss="" incomingWss="" id="4c84fff6-36d3-46ab-a82c-8b2dfc5ef162"><con:settings/><con:encoding>UTF-8</con:encoding><con:endpoint>http://dev3-portal-wicket01.mf.qhg.local:8080/webservices/services/medfusion?wsdl</con:endpoint><con:request><![CDATA[<soapenv:Envelope xmlns:xsi="http://www.w3.org/2001/XMLSchema-instance" xmlns:xsd="http://www.w3.org/2001/XMLSchema" xmlns:soapenv="http://schemas.xmlsoap.org/soap/envelope/" xmlns:urn="urn:Medfusion">
   <soapenv:Header/>
   <soapenv:Body>
      <urn:getPracticesForMedfusionId soapenv:encodingStyle="http://schemas.xmlsoap.org/soap/encoding/">
         <in0 xsi:type="xsd:int">?</in0>
      </urn:getPracticesForMedfusionId>
   </soapenv:Body>
</soapenv:Envelope>]]></con:request><con:credentials><con:username xsi:nil="true"/><con:password xsi:nil="true"/><con:domain xsi:nil="true"/><con:authType>No Authorization</con:authType></con:credentials><con:jmsConfig JMSDeliveryMode="PERSISTENT"/><con:wsaConfig action="urn:Medfusion/Medfusion/getPracticesForMedfusionIdRequest" mustUnderstand="NONE" version="200508"/></con:request></con:config></con:testStep><con:properties/><con:reportParameters/></con:testCase><con:testCase failOnError="true" failTestCaseOnErrors="true" keepSession="false" maxResults="0" name="getRxRefillReqByCriteria TestCase" searchProperties="true" id="cf25bf72-711e-4583-b948-2c5f33becdb7"><con:settings/><con:testStep type="request" name="getRxRefillReqByCriteria" id="fea89427-f9df-4313-8577-ed65ac4575af"><con:settings/><con:config xsi:type="con:RequestStep" xmlns:xsi="http://www.w3.org/2001/XMLSchema-instance"><con:interface>medfusionSoapBinding</con:interface><con:operation>getRxRefillReqByCriteria</con:operation><con:request name="getRxRefillReqByCriteria" outgoingWss="" incomingWss="" id="a8ed699c-8cc1-498e-85e3-85a6a1db9846"><con:settings><con:setting id="com.eviware.soapui.impl.wsdl.WsdlRequest@request-headers">&lt;entry key="Authorization" value="Basic SUhHQ29ubmVjdGh1YjIwOTcxOklPSVRwT1lKT2g1UTZLd2JUVDdv" xmlns="http://eviware.com/soapui/config"/></con:setting></con:settings><con:encoding>UTF-8</con:encoding><con:endpoint>http://dev3-portal-wicket01.mf.qhg.local:8080/webservices/services/medfusion?wsdl</con:endpoint><con:request><![CDATA[<soap:Envelope xmlns:soap="http://schemas.xmlsoap.org/soap/envelope/" xmlns:soapenc="http://schemas.xmlsoap.org/soap/encoding/" xmlns:tns="urn:Medfusion" xmlns:types="urn:Medfusion/encodedTypes" xmlns:xsd="http://www.w3.org/2001/XMLSchema" xmlns:xsi="http://www.w3.org/2001/XMLSchema-instance">
   <soap:Body soap:encodingStyle="http://schemas.xmlsoap.org/soap/encoding/">
      <tns:getRxRefillReqByCriteria>
         <in0 xsi:type="xsd:int">21636</in0>
         <in1 href="#id1" />
      </tns:getRxRefillReqByCriteria>
      <soapenc:Array xmlns:q1="http://query.common.webservices.integrations.medfusion.net" id="id1" soapenc:arrayType="q1:Criteria[2]">
         <Item href="#id2" />
         <Item href="#id3" />
      </soapenc:Array>
      <q2:Criteria xmlns:q2="http://query.common.webservices.integrations.medfusion.net" id="id2" xsi:type="q2:Criteria">
         <fieldName xsi:type="xsd:string">rxRefillReqPracticeId</fieldName>
         <fieldValue xsi:type="xsd:int">21636</fieldValue>
         <operation xsi:type="xsd:int">1</operation>
         <operationCaseSensitive xsi:type="xsd:boolean">false</operationCaseSensitive>
      </q2:Criteria>
      <q3:Criteria xmlns:q3="http://query.common.webservices.integrations.medfusion.net" id="id3" xsi:type="q3:Criteria">
         <fieldName xsi:type="xsd:string">rxRefillReqCreationDate</fieldName>
         <fieldValue xsi:type="xsd:dateTime">2013-02-01T18:43:17</fieldValue>
         <operation xsi:type="xsd:int">3</operation>
         <operationCaseSensitive xsi:type="xsd:boolean">false</operationCaseSensitive>
      </q3:Criteria>
   </soap:Body>
</soap:Envelope>]]></con:request><con:credentials><con:username xsi:nil="true"/><con:password xsi:nil="true"/><con:domain xsi:nil="true"/><con:authType>No Authorization</con:authType></con:credentials><con:jmsConfig JMSDeliveryMode="PERSISTENT"/><con:jmsPropertyConfig/><con:wsaConfig action="urn:Medfusion/Medfusion/getRxRefillReqByCriteriaRequest" mustUnderstand="NONE" version="200508"/><con:wsrmConfig version="1.2"/></con:request></con:config></con:testStep><con:properties><con:property><con:name>Username</con:name><con:value>IHGConnecthub20971</con:value></con:property><con:property><con:name>Password</con:name><con:value>IOITpOYJOh5Q6KwbTT7o</con:value></con:property></con:properties><con:reportParameters/></con:testCase><con:testCase failOnError="true" failTestCaseOnErrors="true" keepSession="false" maxResults="0" name="getSA2SByCriteria TestCase" searchProperties="true" id="f3309d14-77ff-4254-a443-c4751f6d566c"><con:settings/><con:testStep type="request" name="getSA2SByCriteria" id="88879245-ce57-4dc1-8ee5-9312dbd2be6d"><con:settings/><con:config xsi:type="con:RequestStep" xmlns:xsi="http://www.w3.org/2001/XMLSchema-instance"><con:interface>medfusionSoapBinding</con:interface><con:operation>getSA2SByCriteria</con:operation><con:request name="getSA2SByCriteria" outgoingWss="" incomingWss="" id="471304d8-0d09-4cb2-85c6-9a7dc4b5bff0"><con:settings/><con:encoding>UTF-8</con:encoding><con:endpoint>http://dev3-portal-wicket01.mf.qhg.local:8080/webservices/services/medfusion?wsdl</con:endpoint><con:request><![CDATA[<soapenv:Envelope xmlns:xsi="http://www.w3.org/2001/XMLSchema-instance" xmlns:xsd="http://www.w3.org/2001/XMLSchema" xmlns:soapenv="http://schemas.xmlsoap.org/soap/envelope/" xmlns:urn="urn:Medfusion" xmlns:soapenc="http://schemas.xmlsoap.org/soap/encoding/">
   <soapenv:Header/>
   <soapenv:Body>
      <urn:getSA2SByCriteria soapenv:encodingStyle="http://schemas.xmlsoap.org/soap/encoding/">
         <in0 xsi:type="xsd:int">?</in0>
         <in1 xsi:type="urn:ArrayOf_tns4_Criteria" soapenc:arrayType="quer:Criteria[]" xmlns:quer="http://query.common.webservices.integrations.medfusion.net"/>
      </urn:getSA2SByCriteria>
   </soapenv:Body>
</soapenv:Envelope>]]></con:request><con:credentials><con:username xsi:nil="true"/><con:password xsi:nil="true"/><con:domain xsi:nil="true"/><con:authType>No Authorization</con:authType></con:credentials><con:jmsConfig JMSDeliveryMode="PERSISTENT"/><con:wsaConfig action="urn:Medfusion/Medfusion/getSA2SByCriteriaRequest" mustUnderstand="NONE" version="200508"/></con:request></con:config></con:testStep><con:properties/><con:reportParameters/></con:testCase><con:testCase failOnError="true" failTestCaseOnErrors="true" keepSession="false" maxResults="0" name="getSigCodesByPracticeId TestCase" searchProperties="true" id="d31e0709-e0d0-411c-a129-d1bd3ebb66cf"><con:settings/><con:testStep type="request" name="getSigCodesByPracticeId" id="60e68f7c-292a-4906-ae7a-17b160faa4fc"><con:settings/><con:config xsi:type="con:RequestStep" xmlns:xsi="http://www.w3.org/2001/XMLSchema-instance"><con:interface>medfusionSoapBinding</con:interface><con:operation>getSigCodesByPracticeId</con:operation><con:request name="getSigCodesByPracticeId" outgoingWss="" incomingWss="" id="d1394c66-d2eb-46ed-8e61-5c654d00876c"><con:settings/><con:encoding>UTF-8</con:encoding><con:endpoint>http://dev3-portal-wicket01.mf.qhg.local:8080/webservices/services/medfusion?wsdl</con:endpoint><con:request><![CDATA[<soapenv:Envelope xmlns:xsi="http://www.w3.org/2001/XMLSchema-instance" xmlns:xsd="http://www.w3.org/2001/XMLSchema" xmlns:soapenv="http://schemas.xmlsoap.org/soap/envelope/" xmlns:urn="urn:Medfusion">
   <soapenv:Header/>
   <soapenv:Body>
      <urn:getSigCodesByPracticeId soapenv:encodingStyle="http://schemas.xmlsoap.org/soap/encoding/">
         <in0 xsi:type="xsd:int">?</in0>
      </urn:getSigCodesByPracticeId>
   </soapenv:Body>
</soapenv:Envelope>]]></con:request><con:credentials><con:username xsi:nil="true"/><con:password xsi:nil="true"/><con:domain xsi:nil="true"/><con:authType>No Authorization</con:authType></con:credentials><con:jmsConfig JMSDeliveryMode="PERSISTENT"/><con:wsaConfig action="urn:Medfusion/Medfusion/getSigCodesByPracticeIdRequest" mustUnderstand="NONE" version="200508"/></con:request></con:config></con:testStep><con:properties/><con:reportParameters/></con:testCase><con:testCase failOnError="true" failTestCaseOnErrors="true" keepSession="false" maxResults="0" name="getStaffByCriteria TestCase" searchProperties="true" id="9c6bdbc0-50e6-4089-b51f-fc63f2c72c94"><con:settings/><con:testStep type="request" name="getStaffByCriteria" id="af296272-1246-415e-b917-93540f2e20ed"><con:settings/><con:config xsi:type="con:RequestStep" xmlns:xsi="http://www.w3.org/2001/XMLSchema-instance"><con:interface>medfusionSoapBinding</con:interface><con:operation>getStaffByCriteria</con:operation><con:request name="getStaffByCriteria" outgoingWss="" incomingWss="" id="2db2ec0d-4115-4fb4-a998-bb82adc66a3e"><con:settings/><con:encoding>UTF-8</con:encoding><con:endpoint>http://dev3-portal-wicket01.mf.qhg.local:8080/webservices/services/medfusion?wsdl</con:endpoint><con:request><![CDATA[<soapenv:Envelope xmlns:xsi="http://www.w3.org/2001/XMLSchema-instance" xmlns:xsd="http://www.w3.org/2001/XMLSchema" xmlns:soapenv="http://schemas.xmlsoap.org/soap/envelope/" xmlns:urn="urn:Medfusion" xmlns:soapenc="http://schemas.xmlsoap.org/soap/encoding/">
   <soapenv:Header/>
   <soapenv:Body>
      <urn:getStaffByCriteria soapenv:encodingStyle="http://schemas.xmlsoap.org/soap/encoding/">
         <in0 xsi:type="xsd:int">?</in0>
         <in1 xsi:type="urn:ArrayOf_tns4_Criteria" soapenc:arrayType="quer:Criteria[]" xmlns:quer="http://query.common.webservices.integrations.medfusion.net"/>
      </urn:getStaffByCriteria>
   </soapenv:Body>
</soapenv:Envelope>]]></con:request><con:credentials><con:username xsi:nil="true"/><con:password xsi:nil="true"/><con:domain xsi:nil="true"/><con:authType>No Authorization</con:authType></con:credentials><con:jmsConfig JMSDeliveryMode="PERSISTENT"/><con:wsaConfig action="urn:Medfusion/Medfusion/getStaffByCriteriaRequest" mustUnderstand="NONE" version="200508"/></con:request></con:config></con:testStep><con:properties/><con:reportParameters/></con:testCase><con:testCase failOnError="true" failTestCaseOnErrors="true" keepSession="false" maxResults="0" name="getStaffByExternalIds TestCase" searchProperties="true" id="eb8edbe9-00d7-488e-8e31-4afbf947f630"><con:settings/><con:testStep type="request" name="getStaffByExternalIds" id="60fcb17f-8ddb-4812-99a2-541a3be98ea9"><con:settings/><con:config xsi:type="con:RequestStep" xmlns:xsi="http://www.w3.org/2001/XMLSchema-instance"><con:interface>medfusionSoapBinding</con:interface><con:operation>getStaffByExternalIds</con:operation><con:request name="getStaffByExternalIds" outgoingWss="" incomingWss="" id="148e5cdf-1dcf-4af2-9627-8ecddc7911cc"><con:settings/><con:encoding>UTF-8</con:encoding><con:endpoint>http://dev3-portal-wicket01.mf.qhg.local:8080/webservices/services/medfusion?wsdl</con:endpoint><con:request><![CDATA[<soapenv:Envelope xmlns:xsi="http://www.w3.org/2001/XMLSchema-instance" xmlns:xsd="http://www.w3.org/2001/XMLSchema" xmlns:soapenv="http://schemas.xmlsoap.org/soap/envelope/" xmlns:urn="urn:Medfusion" xmlns:soapenc="http://schemas.xmlsoap.org/soap/encoding/">
   <soapenv:Header/>
   <soapenv:Body>
      <urn:getStaffByExternalIds soapenv:encodingStyle="http://schemas.xmlsoap.org/soap/encoding/">
         <in0 xsi:type="xsd:int">?</in0>
         <in1 xsi:type="xsd:int">?</in1>
         <in2 xsi:type="urn:ArrayOf_xsd_string" soapenc:arrayType="xsd:string[]"/>
      </urn:getStaffByExternalIds>
   </soapenv:Body>
</soapenv:Envelope>]]></con:request><con:credentials><con:username xsi:nil="true"/><con:password xsi:nil="true"/><con:domain xsi:nil="true"/><con:authType>No Authorization</con:authType></con:credentials><con:jmsConfig JMSDeliveryMode="PERSISTENT"/><con:wsaConfig action="urn:Medfusion/Medfusion/getStaffByExternalIdsRequest" mustUnderstand="NONE" version="200508"/></con:request></con:config></con:testStep><con:properties/><con:reportParameters/></con:testCase><con:testCase failOnError="true" failTestCaseOnErrors="true" keepSession="false" maxResults="0" name="getStaffById TestCase" searchProperties="true" id="3e31ebd3-e4d0-4664-afa9-da62292e9adf"><con:settings/><con:testStep type="request" name="getStaffById" id="d8d7b6e9-994c-4bd3-a25f-593be3d7d8c4"><con:settings/><con:config xsi:type="con:RequestStep" xmlns:xsi="http://www.w3.org/2001/XMLSchema-instance"><con:interface>medfusionSoapBinding</con:interface><con:operation>getStaffById</con:operation><con:request name="getStaffById" outgoingWss="" incomingWss="" id="320e12d0-e435-4b58-8df3-bbc3af74335b"><con:settings/><con:encoding>UTF-8</con:encoding><con:endpoint>http://dev3-portal-wicket01.mf.qhg.local:8080/webservices/services/medfusion?wsdl</con:endpoint><con:request><![CDATA[<soapenv:Envelope xmlns:xsi="http://www.w3.org/2001/XMLSchema-instance" xmlns:xsd="http://www.w3.org/2001/XMLSchema" xmlns:soapenv="http://schemas.xmlsoap.org/soap/envelope/" xmlns:urn="urn:Medfusion">
   <soapenv:Header/>
   <soapenv:Body>
      <urn:getStaffById soapenv:encodingStyle="http://schemas.xmlsoap.org/soap/encoding/">
         <in0 xsi:type="xsd:int">?</in0>
      </urn:getStaffById>
   </soapenv:Body>
</soapenv:Envelope>]]></con:request><con:credentials><con:username xsi:nil="true"/><con:password xsi:nil="true"/><con:domain xsi:nil="true"/><con:authType>No Authorization</con:authType></con:credentials><con:jmsConfig JMSDeliveryMode="PERSISTENT"/><con:wsaConfig action="urn:Medfusion/Medfusion/getStaffByIdRequest" mustUnderstand="NONE" version="200508"/></con:request></con:config></con:testStep><con:properties/><con:reportParameters/></con:testCase><con:testCase failOnError="true" failTestCaseOnErrors="true" keepSession="false" maxResults="0" name="getStaffByIds TestCase" searchProperties="true" id="1a66003b-09e1-47d8-8682-67d8862cd1aa"><con:settings/><con:testStep type="request" name="getStaffByIds" id="ecbd7f24-0974-468c-a3e6-7a0cf2fcf6c3"><con:settings/><con:config xsi:type="con:RequestStep" xmlns:xsi="http://www.w3.org/2001/XMLSchema-instance"><con:interface>medfusionSoapBinding</con:interface><con:operation>getStaffByIds</con:operation><con:request name="getStaffByIds" outgoingWss="" incomingWss="" id="7fa7c841-de58-4421-87fb-55cbbce61907"><con:settings/><con:encoding>UTF-8</con:encoding><con:endpoint>http://dev3-portal-wicket01.mf.qhg.local:8080/webservices/services/medfusion?wsdl</con:endpoint><con:request><![CDATA[<soapenv:Envelope xmlns:xsi="http://www.w3.org/2001/XMLSchema-instance" xmlns:xsd="http://www.w3.org/2001/XMLSchema" xmlns:soapenv="http://schemas.xmlsoap.org/soap/envelope/" xmlns:urn="urn:Medfusion" xmlns:soapenc="http://schemas.xmlsoap.org/soap/encoding/">
   <soapenv:Header/>
   <soapenv:Body>
      <urn:getStaffByIds soapenv:encodingStyle="http://schemas.xmlsoap.org/soap/encoding/">
         <in0 xsi:type="urn:ArrayOf_xsd_int" soapenc:arrayType="xsd:int[]"/>
      </urn:getStaffByIds>
   </soapenv:Body>
</soapenv:Envelope>]]></con:request><con:credentials><con:username xsi:nil="true"/><con:password xsi:nil="true"/><con:domain xsi:nil="true"/><con:authType>No Authorization</con:authType></con:credentials><con:jmsConfig JMSDeliveryMode="PERSISTENT"/><con:jmsPropertyConfig/><con:wsaConfig action="urn:Medfusion/Medfusion/getStaffByIdsRequest" mustUnderstand="NONE" version="200508"/><con:wsrmConfig version="1.2"/></con:request></con:config></con:testStep><con:properties/><con:reportParameters/></con:testCase><con:testCase failOnError="true" failTestCaseOnErrors="true" keepSession="false" maxResults="0" name="getStaffForPractice TestCase" searchProperties="true" id="940b40a9-31a5-491a-8615-4b2297ef1c10"><con:settings/><con:testStep type="request" name="getStaffForPractice" id="bee72703-14da-457a-a046-54397142f6b8"><con:settings/><con:config xsi:type="con:RequestStep" xmlns:xsi="http://www.w3.org/2001/XMLSchema-instance"><con:interface>medfusionSoapBinding</con:interface><con:operation>getStaffForPractice</con:operation><con:request name="getStaffForPractice" outgoingWss="" incomingWss="" id="ec4d4c1d-eabc-432a-8772-0195446c8a7d"><con:settings><con:setting id="com.eviware.soapui.impl.wsdl.WsdlRequest@request-headers">&lt;xml-fragment/></con:setting></con:settings><con:encoding>UTF-8</con:encoding><con:endpoint>http://dev3-portal-wicket01.mf.qhg.local:8080/webservices/services/medfusion?wsdl</con:endpoint><con:request><![CDATA[<soap:Envelope xmlns:soap="http://schemas.xmlsoap.org/soap/envelope/" xmlns:soapenc="http://schemas.xmlsoap.org/soap/encoding/" xmlns:tns="urn:Medfusion" xmlns:types="urn:Medfusion/encodedTypes" xmlns:xsd="http://www.w3.org/2001/XMLSchema" xmlns:xsi="http://www.w3.org/2001/XMLSchema-instance">
   <soap:Body soap:encodingStyle="http://schemas.xmlsoap.org/soap/encoding/">
      <tns:getStaffForPractice>
         <in0 xsi:type="xsd:int">20971</in0>
      </tns:getStaffForPractice>
   </soap:Body>
</soap:Envelope>]]></con:request><con:credentials><con:username xsi:nil="true"/><con:password xsi:nil="true"/><con:domain xsi:nil="true"/><con:authType>No Authorization</con:authType></con:credentials><con:jmsConfig JMSDeliveryMode="PERSISTENT"/><con:jmsPropertyConfig/><con:wsaConfig action="urn:Medfusion/Medfusion/getStaffForPracticeRequest" mustUnderstand="NONE" version="200508"/><con:wsrmConfig version="1.2"/></con:request></con:config></con:testStep><con:properties><con:property><con:name>Username</con:name><con:value>IHGConnecthub20971</con:value></con:property><con:property><con:name>Password</con:name><con:value>IOITpOYJOh5Q6KwbTT7o</con:value></con:property></con:properties><con:reportParameters/></con:testCase><con:testCase failOnError="true" failTestCaseOnErrors="true" keepSession="false" maxResults="0" name="getStatementsByCriteria TestCase" searchProperties="true" id="13528833-4acf-4166-ae99-4aa4c3baeb65"><con:settings/><con:testStep type="request" name="getStatementsByCriteria" id="07970c5f-6dd3-432a-8536-fe1a4b5dba78"><con:settings/><con:config xsi:type="con:RequestStep" xmlns:xsi="http://www.w3.org/2001/XMLSchema-instance"><con:interface>medfusionSoapBinding</con:interface><con:operation>getStatementsByCriteria</con:operation><con:request name="getStatementsByCriteria" outgoingWss="" incomingWss="" id="49060d58-dba3-411b-af9e-13cafc6d9b68"><con:settings/><con:encoding>UTF-8</con:encoding><con:endpoint>http://dev3-portal-wicket01.mf.qhg.local:8080/webservices/services/medfusion?wsdl</con:endpoint><con:request><![CDATA[<soapenv:Envelope xmlns:xsi="http://www.w3.org/2001/XMLSchema-instance" xmlns:xsd="http://www.w3.org/2001/XMLSchema" xmlns:soapenv="http://schemas.xmlsoap.org/soap/envelope/" xmlns:urn="urn:Medfusion" xmlns:soapenc="http://schemas.xmlsoap.org/soap/encoding/">
   <soapenv:Header/>
   <soapenv:Body>
      <urn:getStatementsByCriteria soapenv:encodingStyle="http://schemas.xmlsoap.org/soap/encoding/">
         <in0 xsi:type="xsd:int">?</in0>
         <in1 xsi:type="urn:ArrayOf_tns4_Criteria" soapenc:arrayType="quer:Criteria[]" xmlns:quer="http://query.common.webservices.integrations.medfusion.net"/>
      </urn:getStatementsByCriteria>
   </soapenv:Body>
</soapenv:Envelope>]]></con:request><con:credentials><con:username xsi:nil="true"/><con:password xsi:nil="true"/><con:domain xsi:nil="true"/><con:authType>No Authorization</con:authType></con:credentials><con:jmsConfig JMSDeliveryMode="PERSISTENT"/><con:wsaConfig action="urn:Medfusion/Medfusion/getStatementsByCriteriaRequest" mustUnderstand="NONE" version="200508"/></con:request></con:config></con:testStep><con:properties/><con:reportParameters/></con:testCase><con:testCase failOnError="true" failTestCaseOnErrors="true" keepSession="false" maxResults="0" name="getSymptomAnalysesForUserByMedfusionId TestCase" searchProperties="true" id="a45b9f20-a2d7-4c52-9014-87005aaf3e22"><con:settings/><con:testStep type="request" name="getSymptomAnalysesForUserByMedfusionId" id="5640af57-a6a7-4efe-8749-8a3c8abe0b0d"><con:settings/><con:config xsi:type="con:RequestStep" xmlns:xsi="http://www.w3.org/2001/XMLSchema-instance"><con:interface>medfusionSoapBinding</con:interface><con:operation>getSymptomAnalysesForUserByMedfusionId</con:operation><con:request name="getSymptomAnalysesForUserByMedfusionId" outgoingWss="" incomingWss="" id="426bee27-4c9b-47e4-89a9-5acf520a878d"><con:settings/><con:encoding>UTF-8</con:encoding><con:endpoint>http://dev3-portal-wicket01.mf.qhg.local:8080/webservices/services/medfusion?wsdl</con:endpoint><con:request><![CDATA[<soapenv:Envelope xmlns:xsi="http://www.w3.org/2001/XMLSchema-instance" xmlns:xsd="http://www.w3.org/2001/XMLSchema" xmlns:soapenv="http://schemas.xmlsoap.org/soap/envelope/" xmlns:urn="urn:Medfusion" xmlns:soapenc="http://schemas.xmlsoap.org/soap/encoding/">
   <soapenv:Header/>
   <soapenv:Body>
      <urn:getSymptomAnalysesForUserByMedfusionId soapenv:encodingStyle="http://schemas.xmlsoap.org/soap/encoding/">
         <in0 xsi:type="xsd:int">?</in0>
         <in1 xsi:type="xsd:int">?</in1>
         <in2 xsi:type="xsd:dateTime">?</in2>
         <in3 xsi:type="xsd:dateTime">?</in3>
         <in4 xsi:type="xsd:dateTime">?</in4>
         <in5 xsi:type="xsd:dateTime">?</in5>
         <in6 xsi:type="urn:ArrayOf_xsd_string" soapenc:arrayType="xsd:string[]"/>
      </urn:getSymptomAnalysesForUserByMedfusionId>
   </soapenv:Body>
</soapenv:Envelope>]]></con:request><con:credentials><con:username xsi:nil="true"/><con:password xsi:nil="true"/><con:domain xsi:nil="true"/><con:authType>No Authorization</con:authType></con:credentials><con:jmsConfig JMSDeliveryMode="PERSISTENT"/><con:wsaConfig action="urn:Medfusion/Medfusion/getSymptomAnalysesForUserByMedfusionIdRequest" mustUnderstand="NONE" version="200508"/></con:request></con:config></con:testStep><con:properties/><con:reportParameters/></con:testCase><con:testCase failOnError="true" failTestCaseOnErrors="true" keepSession="false" maxResults="0" name="getSymptomAnalysesForUsersByData TestCase" searchProperties="true" id="15622ad2-4a70-4ae5-97f1-09aec8a7a9ba"><con:settings/><con:testStep type="request" name="getSymptomAnalysesForUsersByData" id="716f94ae-eae7-4dbb-92cc-8c10e7fe9225"><con:settings/><con:config xsi:type="con:RequestStep" xmlns:xsi="http://www.w3.org/2001/XMLSchema-instance"><con:interface>medfusionSoapBinding</con:interface><con:operation>getSymptomAnalysesForUsersByData</con:operation><con:request name="getSymptomAnalysesForUsersByData" outgoingWss="" incomingWss="" id="85802d78-ae90-4267-a06d-a9de15a815c7"><con:settings/><con:encoding>UTF-8</con:encoding><con:endpoint>http://dev3-portal-wicket01.mf.qhg.local:8080/webservices/services/medfusion?wsdl</con:endpoint><con:request><![CDATA[<soapenv:Envelope xmlns:xsi="http://www.w3.org/2001/XMLSchema-instance" xmlns:xsd="http://www.w3.org/2001/XMLSchema" xmlns:soapenv="http://schemas.xmlsoap.org/soap/envelope/" xmlns:urn="urn:Medfusion" xmlns:soapenc="http://schemas.xmlsoap.org/soap/encoding/">
   <soapenv:Header/>
   <soapenv:Body>
      <urn:getSymptomAnalysesForUsersByData soapenv:encodingStyle="http://schemas.xmlsoap.org/soap/encoding/">
         <in0 xsi:type="xsd:int">?</in0>
         <in1 xsi:type="urn:ArrayOf_xsd_int" soapenc:arrayType="xsd:int[]"/>
         <in2 xsi:type="xsd:dateTime">?</in2>
         <in3 xsi:type="xsd:dateTime">?</in3>
         <in4 xsi:type="xsd:dateTime">?</in4>
         <in5 xsi:type="xsd:dateTime">?</in5>
         <in6 xsi:type="urn:ArrayOf_xsd_string" soapenc:arrayType="xsd:string[]"/>
      </urn:getSymptomAnalysesForUsersByData>
   </soapenv:Body>
</soapenv:Envelope>]]></con:request><con:credentials><con:username xsi:nil="true"/><con:password xsi:nil="true"/><con:domain xsi:nil="true"/><con:authType>No Authorization</con:authType></con:credentials><con:jmsConfig JMSDeliveryMode="PERSISTENT"/><con:wsaConfig action="urn:Medfusion/Medfusion/getSymptomAnalysesForUsersByDataRequest" mustUnderstand="NONE" version="200508"/></con:request></con:config></con:testStep><con:properties/><con:reportParameters/></con:testCase><con:testCase failOnError="true" failTestCaseOnErrors="true" keepSession="false" maxResults="0" name="getVOVsByCriteria TestCase" searchProperties="true" id="5c950ede-35d5-4da7-b088-eec3a57705b9"><con:settings/><con:testStep type="request" name="getVOVsByCriteria" id="7550e5c3-433e-4c17-8c60-385ca0cff08d"><con:settings/><con:config xsi:type="con:RequestStep" xmlns:xsi="http://www.w3.org/2001/XMLSchema-instance"><con:interface>medfusionSoapBinding</con:interface><con:operation>getVOVsByCriteria</con:operation><con:request name="getVOVsByCriteria" outgoingWss="" incomingWss="" id="7cc35998-3919-4c62-bdab-b52b3328b8b2"><con:settings><con:setting id="com.eviware.soapui.impl.wsdl.WsdlRequest@request-headers">&lt;xml-fragment/></con:setting></con:settings><con:encoding>UTF-8</con:encoding><con:endpoint>http://dev3-portal-wicket01.mf.qhg.local:8080/webservices/services/medfusion?wsdl</con:endpoint><con:request><![CDATA[<soap:Envelope xmlns:soap="http://schemas.xmlsoap.org/soap/envelope/" xmlns:soapenc="http://schemas.xmlsoap.org/soap/encoding/" xmlns:tns="urn:Medfusion" xmlns:types="urn:Medfusion/encodedTypes" xmlns:xsd="http://www.w3.org/2001/XMLSchema" xmlns:xsi="http://www.w3.org/2001/XMLSchema-instance">
   <soap:Body soap:encodingStyle="http://schemas.xmlsoap.org/soap/encoding/">
      <tns:getVOVsByCriteria>
         <in0 xsi:type="xsd:int">20971</in0>
         <in1 href="#id1" />
      </tns:getVOVsByCriteria>
      <soapenc:Array xmlns:q1="http://query.common.webservices.integrations.medfusion.net" id="id1" soapenc:arrayType="q1:Criteria[3]">
         <Item href="#id2" />
         <Item href="#id3" />
         <Item href="#id4" />
      </soapenc:Array>
      <q2:Criteria xmlns:q2="http://query.common.webservices.integrations.medfusion.net" id="id2" xsi:type="q2:Criteria">
         <fieldName xsi:type="xsd:string">vovPracticeId</fieldName>
         <fieldValue xsi:type="xsd:int">20971</fieldValue>
         <operation xsi:type="xsd:int">1</operation>
         <operationCaseSensitive xsi:type="xsd:boolean">false</operationCaseSensitive>
      </q2:Criteria>
      <q3:Criteria xmlns:q3="http://query.common.webservices.integrations.medfusion.net" id="id3" xsi:type="q3:Criteria">
         <fieldName xsi:type="xsd:string">vovCreationDate</fieldName>
         <fieldValue xsi:type="xsd:dateTime">2013-02-17T18:43:17</fieldValue>
         <operation xsi:type="xsd:int">3</operation>
         <operationCaseSensitive xsi:type="xsd:boolean">false</operationCaseSensitive>
      </q3:Criteria>
      <q4:Criteria xmlns:q4="http://query.common.webservices.integrations.medfusion.net" id="id4" xsi:type="q4:Criteria">
         <fieldName xsi:type="xsd:string">vovVisitType</fieldName>
         <fieldValue xsi:type="xsd:string">Ask A Doctor</fieldValue>
         <operation xsi:type="xsd:int">1</operation>
         <operationCaseSensitive xsi:type="xsd:boolean">false</operationCaseSensitive>
      </q4:Criteria>
   </soap:Body>
</soap:Envelope>]]></con:request><con:credentials><con:username xsi:nil="true"/><con:password xsi:nil="true"/><con:domain xsi:nil="true"/><con:authType>No Authorization</con:authType></con:credentials><con:jmsConfig JMSDeliveryMode="PERSISTENT"/><con:jmsPropertyConfig/><con:wsaConfig action="urn:Medfusion/Medfusion/getVOVsByCriteriaRequest" mustUnderstand="NONE" version="200508"/><con:wsrmConfig version="1.2"/></con:request></con:config></con:testStep><con:properties><con:property><con:name>Username</con:name><con:value>IHGConnecthub20971</con:value></con:property><con:property><con:name>Password</con:name><con:value>IOITpOYJOh5Q6KwbTT7o</con:value></con:property></con:properties><con:reportParameters/></con:testCase><con:testCase failOnError="true" failTestCaseOnErrors="true" keepSession="false" maxResults="0" name="isMedfusionIdInPractice TestCase" searchProperties="true" id="e114e59f-5b1f-4271-9fcc-5b61d537901c"><con:settings/><con:testStep type="request" name="isMedfusionIdInPractice" id="076d29fb-6d58-49fc-8430-8f1fe4795daf"><con:settings/><con:config xsi:type="con:RequestStep" xmlns:xsi="http://www.w3.org/2001/XMLSchema-instance"><con:interface>medfusionSoapBinding</con:interface><con:operation>isMedfusionIdInPractice</con:operation><con:request name="isMedfusionIdInPractice" outgoingWss="" incomingWss="" id="f91c7453-3150-40dd-8e68-f2e0e78fc7b6"><con:settings/><con:encoding>UTF-8</con:encoding><con:endpoint>http://dev3-portal-wicket01.mf.qhg.local:8080/webservices/services/medfusion?wsdl</con:endpoint><con:request><![CDATA[<soapenv:Envelope xmlns:xsi="http://www.w3.org/2001/XMLSchema-instance" xmlns:xsd="http://www.w3.org/2001/XMLSchema" xmlns:soapenv="http://schemas.xmlsoap.org/soap/envelope/" xmlns:urn="urn:Medfusion">
   <soapenv:Header/>
   <soapenv:Body>
      <urn:isMedfusionIdInPractice soapenv:encodingStyle="http://schemas.xmlsoap.org/soap/encoding/">
         <in0 xsi:type="xsd:int">?</in0>
         <in1 xsi:type="xsd:int">?</in1>
      </urn:isMedfusionIdInPractice>
   </soapenv:Body>
</soapenv:Envelope>]]></con:request><con:credentials><con:username xsi:nil="true"/><con:password xsi:nil="true"/><con:domain xsi:nil="true"/><con:authType>No Authorization</con:authType></con:credentials><con:jmsConfig JMSDeliveryMode="PERSISTENT"/><con:wsaConfig action="urn:Medfusion/Medfusion/isMedfusionIdInPracticeRequest" mustUnderstand="NONE" version="200508"/></con:request></con:config></con:testStep><con:properties/><con:reportParameters/></con:testCase><con:testCase failOnError="true" failTestCaseOnErrors="true" keepSession="false" maxResults="0" name="markCommunicationAsRead TestCase" searchProperties="true" id="7122be2f-a791-4ce3-a17a-ac063133201f"><con:settings/><con:testStep type="request" name="markCommunicationAsRead" id="796a21af-7233-4c0e-96a1-920b3d8bd9ed"><con:settings/><con:config xsi:type="con:RequestStep" xmlns:xsi="http://www.w3.org/2001/XMLSchema-instance"><con:interface>medfusionSoapBinding</con:interface><con:operation>markCommunicationAsRead</con:operation><con:request name="markCommunicationAsRead" outgoingWss="" incomingWss="" id="23f1e304-30a6-4474-be7a-efa0a06d1e2c"><con:settings/><con:encoding>UTF-8</con:encoding><con:endpoint>http://dev3-portal-wicket01.mf.qhg.local:8080/webservices/services/medfusion?wsdl</con:endpoint><con:request><![CDATA[<soapenv:Envelope xmlns:xsi="http://www.w3.org/2001/XMLSchema-instance" xmlns:xsd="http://www.w3.org/2001/XMLSchema" xmlns:soapenv="http://schemas.xmlsoap.org/soap/envelope/" xmlns:urn="urn:Medfusion">
   <soapenv:Header/>
   <soapenv:Body>
      <urn:markCommunicationAsRead soapenv:encodingStyle="http://schemas.xmlsoap.org/soap/encoding/">
         <in0 xsi:type="xsd:int">?</in0>
         <in1 xsi:type="xsd:int">?</in1>
      </urn:markCommunicationAsRead>
   </soapenv:Body>
</soapenv:Envelope>]]></con:request><con:credentials><con:username xsi:nil="true"/><con:password xsi:nil="true"/><con:domain xsi:nil="true"/><con:authType>No Authorization</con:authType></con:credentials><con:jmsConfig JMSDeliveryMode="PERSISTENT"/><con:wsaConfig action="urn:Medfusion/Medfusion/markCommunicationAsReadRequest" mustUnderstand="NONE" version="200508"/></con:request></con:config></con:testStep><con:properties/><con:reportParameters/></con:testCase><con:testCase failOnError="true" failTestCaseOnErrors="true" keepSession="false" maxResults="0" name="postOnlineBillPayment TestCase" searchProperties="true" id="d1a9d451-bcf1-47aa-85a3-bfb68ecd02fb"><con:settings/><con:testStep type="request" name="postOnlineBillPayment" id="a1594efc-6d4c-47af-b5d6-f037246f98e2"><con:settings/><con:config xsi:type="con:RequestStep" xmlns:xsi="http://www.w3.org/2001/XMLSchema-instance"><con:interface>medfusionSoapBinding</con:interface><con:operation>postOnlineBillPayment</con:operation><con:request name="postOnlineBillPayment" outgoingWss="" incomingWss="" id="de4097fa-4d21-4004-8e9e-d82b525fcfaf"><con:settings/><con:encoding>UTF-8</con:encoding><con:endpoint>http://dev3-portal-wicket01.mf.qhg.local:8080/webservices/services/medfusion?wsdl</con:endpoint><con:request><![CDATA[<soapenv:Envelope xmlns:xsi="http://www.w3.org/2001/XMLSchema-instance" xmlns:xsd="http://www.w3.org/2001/XMLSchema" xmlns:soapenv="http://schemas.xmlsoap.org/soap/envelope/" xmlns:urn="urn:Medfusion">
   <soapenv:Header/>
   <soapenv:Body>
      <urn:postOnlineBillPayment soapenv:encodingStyle="http://schemas.xmlsoap.org/soap/encoding/">
         <in0 xsi:type="xsd:int">?</in0>
      </urn:postOnlineBillPayment>
   </soapenv:Body>
</soapenv:Envelope>]]></con:request><con:credentials><con:username xsi:nil="true"/><con:password xsi:nil="true"/><con:domain xsi:nil="true"/><con:authType>No Authorization</con:authType></con:credentials><con:jmsConfig JMSDeliveryMode="PERSISTENT"/><con:wsaConfig action="urn:Medfusion/Medfusion/postOnlineBillPaymentRequest" mustUnderstand="NONE" version="200508"/></con:request></con:config></con:testStep><con:properties/><con:reportParameters/></con:testCase><con:testCase failOnError="true" failTestCaseOnErrors="true" keepSession="false" maxResults="0" name="postOnlineBillPayments TestCase" searchProperties="true" id="1d858f99-7a2c-4770-a41c-006d1cb2334a"><con:settings/><con:testStep type="request" name="postOnlineBillPayments" id="d9fb3e55-3163-4fc5-8e29-4a77f848a654"><con:settings/><con:config xsi:type="con:RequestStep" xmlns:xsi="http://www.w3.org/2001/XMLSchema-instance"><con:interface>medfusionSoapBinding</con:interface><con:operation>postOnlineBillPayments</con:operation><con:request name="postOnlineBillPayments" outgoingWss="" incomingWss="" id="4fa4880a-b377-48d9-a7b6-465e5c58a1dd"><con:settings/><con:encoding>UTF-8</con:encoding><con:endpoint>http://dev3-portal-wicket01.mf.qhg.local:8080/webservices/services/medfusion?wsdl</con:endpoint><con:request><![CDATA[<soapenv:Envelope xmlns:xsi="http://www.w3.org/2001/XMLSchema-instance" xmlns:xsd="http://www.w3.org/2001/XMLSchema" xmlns:soapenv="http://schemas.xmlsoap.org/soap/envelope/" xmlns:urn="urn:Medfusion" xmlns:soapenc="http://schemas.xmlsoap.org/soap/encoding/">
   <soapenv:Header/>
   <soapenv:Body>
      <urn:postOnlineBillPayments soapenv:encodingStyle="http://schemas.xmlsoap.org/soap/encoding/">
         <in0 xsi:type="urn:ArrayOf_xsd_int" soapenc:arrayType="xsd:int[]"/>
      </urn:postOnlineBillPayments>
   </soapenv:Body>
</soapenv:Envelope>]]></con:request><con:credentials><con:username xsi:nil="true"/><con:password xsi:nil="true"/><con:domain xsi:nil="true"/><con:authType>No Authorization</con:authType></con:credentials><con:jmsConfig JMSDeliveryMode="PERSISTENT"/><con:wsaConfig action="urn:Medfusion/Medfusion/postOnlineBillPaymentsRequest" mustUnderstand="NONE" version="200508"/></con:request></con:config></con:testStep><con:properties/><con:reportParameters/></con:testCase><con:testCase failOnError="true" failTestCaseOnErrors="true" keepSession="false" maxResults="0" name="prescribeRxRefillReqEntryFromDoctor TestCase" searchProperties="true" id="8ed04242-ec8a-434b-bdd9-ebf08fb045f6"><con:settings/><con:testStep type="request" name="prescribeRxRefillReqEntryFromDoctor" id="0700bd67-1b07-4dcf-9622-cc7f4e5571c3"><con:settings/><con:config xsi:type="con:RequestStep" xmlns:xsi="http://www.w3.org/2001/XMLSchema-instance"><con:interface>medfusionSoapBinding</con:interface><con:operation>prescribeRxRefillReqEntryFromDoctor</con:operation><con:request name="prescribeRxRefillReqEntryFromDoctor" outgoingWss="" incomingWss="" id="e4af5829-ad10-40be-8313-a37209d12630"><con:settings/><con:encoding>UTF-8</con:encoding><con:endpoint>http://dev3-portal-wicket01.mf.qhg.local:8080/webservices/services/medfusion?wsdl</con:endpoint><con:request><![CDATA[<soapenv:Envelope xmlns:xsi="http://www.w3.org/2001/XMLSchema-instance" xmlns:xsd="http://www.w3.org/2001/XMLSchema" xmlns:soapenv="http://schemas.xmlsoap.org/soap/envelope/" xmlns:urn="urn:Medfusion" xmlns:soapenc="http://schemas.xmlsoap.org/soap/encoding/">
   <soapenv:Header/>
   <soapenv:Body>
      <urn:prescribeRxRefillReqEntryFromDoctor soapenv:encodingStyle="http://schemas.xmlsoap.org/soap/encoding/">
         <in0 xsi:type="obj:RxRefillReqEntry" xmlns:obj="http://objects.medfusion.webservices.integrations.medfusion.net">
            <fields xsi:type="obj:Fields">
               <fields xsi:type="urn:ArrayOf_tns2_Field" soapenc:arrayType="obj:Field[]"/>
            </fields>
         </in0>
         <in1 xsi:type="xsd:int">?</in1>
      </urn:prescribeRxRefillReqEntryFromDoctor>
   </soapenv:Body>
</soapenv:Envelope>]]></con:request><con:credentials><con:username xsi:nil="true"/><con:password xsi:nil="true"/><con:domain xsi:nil="true"/><con:authType>No Authorization</con:authType></con:credentials><con:jmsConfig JMSDeliveryMode="PERSISTENT"/><con:wsaConfig action="urn:Medfusion/Medfusion/prescribeRxRefillReqEntryFromDoctorRequest" mustUnderstand="NONE" version="200508"/></con:request></con:config></con:testStep><con:properties/><con:reportParameters/></con:testCase><con:testCase failOnError="true" failTestCaseOnErrors="true" keepSession="false" maxResults="0" name="prescribeRxRefillReqEntryFromPatient TestCase" searchProperties="true" id="744817b0-f111-4f84-86c0-54d14bc463bd"><con:settings/><con:testStep type="request" name="prescribeRxRefillReqEntryFromPatient" id="709e19f4-aad5-4f8f-b50a-3a4ae4cec202"><con:settings/><con:config xsi:type="con:RequestStep" xmlns:xsi="http://www.w3.org/2001/XMLSchema-instance"><con:interface>medfusionSoapBinding</con:interface><con:operation>prescribeRxRefillReqEntryFromPatient</con:operation><con:request name="prescribeRxRefillReqEntryFromPatient" outgoingWss="" incomingWss="" id="c904e85c-a9c3-4cca-bb13-99588ce561d0"><con:settings/><con:encoding>UTF-8</con:encoding><con:endpoint>http://dev3-portal-wicket01.mf.qhg.local:8080/webservices/services/medfusion?wsdl</con:endpoint><con:request><![CDATA[<soapenv:Envelope xmlns:xsi="http://www.w3.org/2001/XMLSchema-instance" xmlns:xsd="http://www.w3.org/2001/XMLSchema" xmlns:soapenv="http://schemas.xmlsoap.org/soap/envelope/" xmlns:urn="urn:Medfusion">
   <soapenv:Header/>
   <soapenv:Body>
      <urn:prescribeRxRefillReqEntryFromPatient soapenv:encodingStyle="http://schemas.xmlsoap.org/soap/encoding/">
         <in0 xsi:type="xsd:int">?</in0>
         <in1 xsi:type="xsd:int">?</in1>
         <in2 xsi:type="xsd:int">?</in2>
         <in3 xsi:type="xsd:int">?</in3>
         <in4 xsi:type="xsd:int">?</in4>
      </urn:prescribeRxRefillReqEntryFromPatient>
   </soapenv:Body>
</soapenv:Envelope>]]></con:request><con:credentials><con:username xsi:nil="true"/><con:password xsi:nil="true"/><con:domain xsi:nil="true"/><con:authType>No Authorization</con:authType></con:credentials><con:jmsConfig JMSDeliveryMode="PERSISTENT"/><con:wsaConfig action="urn:Medfusion/Medfusion/prescribeRxRefillReqEntryFromPatientRequest" mustUnderstand="NONE" version="200508"/></con:request></con:config></con:testStep><con:properties/><con:reportParameters/></con:testCase><con:testCase failOnError="true" failTestCaseOnErrors="true" keepSession="false" maxResults="0" name="processRxRefillReqFromCallinQueue TestCase" searchProperties="true" id="18c60ee5-36d7-4a02-bbe2-f7192127df14"><con:settings/><con:testStep type="request" name="processRxRefillReqFromCallinQueue" id="9e67df18-60be-47c2-b268-ac43283daa9d"><con:settings/><con:config xsi:type="con:RequestStep" xmlns:xsi="http://www.w3.org/2001/XMLSchema-instance"><con:interface>medfusionSoapBinding</con:interface><con:operation>processRxRefillReqFromCallinQueue</con:operation><con:request name="processRxRefillReqFromCallinQueue" outgoingWss="" incomingWss="" id="2eae1d41-74ad-486b-b2b6-d476028233af"><con:settings/><con:encoding>UTF-8</con:encoding><con:endpoint>http://dev3-portal-wicket01.mf.qhg.local:8080/webservices/services/medfusion?wsdl</con:endpoint><con:request><![CDATA[<soapenv:Envelope xmlns:xsi="http://www.w3.org/2001/XMLSchema-instance" xmlns:xsd="http://www.w3.org/2001/XMLSchema" xmlns:soapenv="http://schemas.xmlsoap.org/soap/envelope/" xmlns:urn="urn:Medfusion">
   <soapenv:Header/>
   <soapenv:Body>
      <urn:processRxRefillReqFromCallinQueue soapenv:encodingStyle="http://schemas.xmlsoap.org/soap/encoding/">
         <in0 xsi:type="xsd:int">?</in0>
         <in1 xsi:type="xsd:int">?</in1>
         <in2 xsi:type="xsd:boolean">?</in2>
         <in3 xsi:type="xsd:string">?</in3>
      </urn:processRxRefillReqFromCallinQueue>
   </soapenv:Body>
</soapenv:Envelope>]]></con:request><con:credentials><con:username xsi:nil="true"/><con:password xsi:nil="true"/><con:domain xsi:nil="true"/><con:authType>No Authorization</con:authType></con:credentials><con:jmsConfig JMSDeliveryMode="PERSISTENT"/><con:wsaConfig action="urn:Medfusion/Medfusion/processRxRefillReqFromCallinQueueRequest" mustUnderstand="NONE" version="200508"/></con:request></con:config></con:testStep><con:properties/><con:reportParameters/></con:testCase><con:testCase failOnError="true" failTestCaseOnErrors="true" keepSession="false" maxResults="0" name="reconcileOnlineBillPayment TestCase" searchProperties="true" id="d6969214-c45c-48dc-bc6c-c3c6ca0c3682"><con:settings/><con:testStep type="request" name="reconcileOnlineBillPayment" id="16fe5650-8af1-4911-a88d-08fd7bf4e02f"><con:settings/><con:config xsi:type="con:RequestStep" xmlns:xsi="http://www.w3.org/2001/XMLSchema-instance"><con:interface>medfusionSoapBinding</con:interface><con:operation>reconcileOnlineBillPayment</con:operation><con:request name="reconcileOnlineBillPayment" outgoingWss="" incomingWss="" id="8279f5fe-2b31-42ac-8d58-c2219edbe8f0"><con:settings/><con:encoding>UTF-8</con:encoding><con:endpoint>http://dev3-portal-wicket01.mf.qhg.local:8080/webservices/services/medfusion?wsdl</con:endpoint><con:request><![CDATA[<soapenv:Envelope xmlns:xsi="http://www.w3.org/2001/XMLSchema-instance" xmlns:xsd="http://www.w3.org/2001/XMLSchema" xmlns:soapenv="http://schemas.xmlsoap.org/soap/envelope/" xmlns:urn="urn:Medfusion">
   <soapenv:Header/>
   <soapenv:Body>
      <urn:reconcileOnlineBillPayment soapenv:encodingStyle="http://schemas.xmlsoap.org/soap/encoding/">
         <in0 xsi:type="xsd:int">?</in0>
      </urn:reconcileOnlineBillPayment>
   </soapenv:Body>
</soapenv:Envelope>]]></con:request><con:credentials><con:username xsi:nil="true"/><con:password xsi:nil="true"/><con:domain xsi:nil="true"/><con:authType>No Authorization</con:authType></con:credentials><con:jmsConfig JMSDeliveryMode="PERSISTENT"/><con:wsaConfig action="urn:Medfusion/Medfusion/reconcileOnlineBillPaymentRequest" mustUnderstand="NONE" version="200508"/></con:request></con:config></con:testStep><con:properties/><con:reportParameters/></con:testCase><con:testCase failOnError="true" failTestCaseOnErrors="true" keepSession="false" maxResults="0" name="reconcileOnlineBillPayments TestCase" searchProperties="true" id="070d40f9-d4b1-4963-9c01-8168defd8a7c"><con:settings/><con:testStep type="request" name="reconcileOnlineBillPayments" id="46b8b6ec-6fd1-4ef0-9fe9-e146395a4d27"><con:settings/><con:config xsi:type="con:RequestStep" xmlns:xsi="http://www.w3.org/2001/XMLSchema-instance"><con:interface>medfusionSoapBinding</con:interface><con:operation>reconcileOnlineBillPayments</con:operation><con:request name="reconcileOnlineBillPayments" outgoingWss="" incomingWss="" id="f97bbc35-8965-4209-9025-5a06ec9601eb"><con:settings/><con:encoding>UTF-8</con:encoding><con:endpoint>http://dev3-portal-wicket01.mf.qhg.local:8080/webservices/services/medfusion?wsdl</con:endpoint><con:request><![CDATA[<soapenv:Envelope xmlns:xsi="http://www.w3.org/2001/XMLSchema-instance" xmlns:xsd="http://www.w3.org/2001/XMLSchema" xmlns:soapenv="http://schemas.xmlsoap.org/soap/envelope/" xmlns:urn="urn:Medfusion" xmlns:soapenc="http://schemas.xmlsoap.org/soap/encoding/">
   <soapenv:Header/>
   <soapenv:Body>
      <urn:reconcileOnlineBillPayments soapenv:encodingStyle="http://schemas.xmlsoap.org/soap/encoding/">
         <in0 xsi:type="urn:ArrayOf_xsd_int" soapenc:arrayType="xsd:int[]"/>
      </urn:reconcileOnlineBillPayments>
   </soapenv:Body>
</soapenv:Envelope>]]></con:request><con:credentials><con:username xsi:nil="true"/><con:password xsi:nil="true"/><con:domain xsi:nil="true"/><con:authType>No Authorization</con:authType></con:credentials><con:jmsConfig JMSDeliveryMode="PERSISTENT"/><con:wsaConfig action="urn:Medfusion/Medfusion/reconcileOnlineBillPaymentsRequest" mustUnderstand="NONE" version="200508"/></con:request></con:config></con:testStep><con:properties/><con:reportParameters/></con:testCase><con:testCase failOnError="true" failTestCaseOnErrors="true" keepSession="false" maxResults="0" name="sendCommunication TestCase" searchProperties="true" id="33330b9d-9f90-4d32-ad03-065280179563"><con:settings/><con:testStep type="request" name="sendCommunication" id="9a77a5bb-64f3-4ec8-8ef5-3e0f8e6f789f"><con:settings/><con:config xsi:type="con:RequestStep" xmlns:xsi="http://www.w3.org/2001/XMLSchema-instance"><con:interface>medfusionSoapBinding</con:interface><con:operation>sendCommunication</con:operation><con:request name="sendCommunication" outgoingWss="" incomingWss="" id="d73fa6d7-01fa-481e-aebb-664e02e39eb2"><con:settings/><con:encoding>UTF-8</con:encoding><con:endpoint>http://dev3-portal-wicket01.mf.qhg.local:8080/webservices/services/medfusion?wsdl</con:endpoint><con:request><![CDATA[<soapenv:Envelope xmlns:xsi="http://www.w3.org/2001/XMLSchema-instance" xmlns:xsd="http://www.w3.org/2001/XMLSchema" xmlns:soapenv="http://schemas.xmlsoap.org/soap/envelope/" xmlns:urn="urn:Medfusion" xmlns:soapenc="http://schemas.xmlsoap.org/soap/encoding/">
   <soapenv:Header/>
   <soapenv:Body>
      <urn:sendCommunication soapenv:encodingStyle="http://schemas.xmlsoap.org/soap/encoding/">
         <in0 xsi:type="obj:Comm" xmlns:obj="http://objects.medfusion.webservices.integrations.medfusion.net">
            <fields xsi:type="obj:Fields">
               <fields xsi:type="urn:ArrayOf_tns2_Field" soapenc:arrayType="obj:Field[]"/>
            </fields>
         </in0>
      </urn:sendCommunication>
   </soapenv:Body>
</soapenv:Envelope>]]></con:request><con:credentials><con:username xsi:nil="true"/><con:password xsi:nil="true"/><con:domain xsi:nil="true"/><con:authType>No Authorization</con:authType></con:credentials><con:jmsConfig JMSDeliveryMode="PERSISTENT"/><con:wsaConfig action="urn:Medfusion/Medfusion/sendCommunicationRequest" mustUnderstand="NONE" version="200508"/></con:request></con:config></con:testStep><con:properties/><con:reportParameters/></con:testCase><con:testCase failOnError="true" failTestCaseOnErrors="true" keepSession="false" maxResults="0" name="sendCommunications TestCase" searchProperties="true" id="6a595646-7d29-43a6-aa34-4c1c789c9d3f"><con:settings/><con:testStep type="request" name="sendCommunications" id="7337e2cc-56da-4e7b-93ca-0cdc702a93dd"><con:settings/><con:config xsi:type="con:RequestStep" xmlns:xsi="http://www.w3.org/2001/XMLSchema-instance"><con:interface>medfusionSoapBinding</con:interface><con:operation>sendCommunications</con:operation><con:request name="sendCommunications" outgoingWss="" incomingWss="" id="66df2063-0194-4ad1-914d-6c83697d71e8"><con:settings/><con:encoding>UTF-8</con:encoding><con:endpoint>http://dev3-portal-wicket01.mf.qhg.local:8080/webservices/services/medfusion?wsdl</con:endpoint><con:request><![CDATA[<soapenv:Envelope xmlns:xsi="http://www.w3.org/2001/XMLSchema-instance" xmlns:xsd="http://www.w3.org/2001/XMLSchema" xmlns:soapenv="http://schemas.xmlsoap.org/soap/envelope/" xmlns:urn="urn:Medfusion" xmlns:soapenc="http://schemas.xmlsoap.org/soap/encoding/">
   <soapenv:Header/>
   <soapenv:Body>
      <urn:sendCommunications soapenv:encodingStyle="http://schemas.xmlsoap.org/soap/encoding/">
         <in0 xsi:type="urn:ArrayOf_tns2_Comm" soapenc:arrayType="obj:Comm[]" xmlns:obj="http://objects.medfusion.webservices.integrations.medfusion.net"/>
      </urn:sendCommunications>
   </soapenv:Body>
</soapenv:Envelope>]]></con:request><con:credentials><con:username xsi:nil="true"/><con:password xsi:nil="true"/><con:domain xsi:nil="true"/><con:authType>No Authorization</con:authType></con:credentials><con:jmsConfig JMSDeliveryMode="PERSISTENT"/><con:wsaConfig action="urn:Medfusion/Medfusion/sendCommunicationsRequest" mustUnderstand="NONE" version="200508"/></con:request></con:config></con:testStep><con:properties/><con:reportParameters/></con:testCase><con:testCase failOnError="true" failTestCaseOnErrors="true" keepSession="false" maxResults="0" name="sendMemberUnlockEmail TestCase" searchProperties="true" id="1ffcea3b-af16-4148-b9f0-76740e11bed5"><con:settings/><con:testStep type="request" name="sendMemberUnlockEmail" id="618e8648-513a-4665-b656-7433020839bf"><con:settings/><con:config xsi:type="con:RequestStep" xmlns:xsi="http://www.w3.org/2001/XMLSchema-instance"><con:interface>medfusionSoapBinding</con:interface><con:operation>sendMemberUnlockEmail</con:operation><con:request name="sendMemberUnlockEmail" outgoingWss="" incomingWss="" id="d3242975-02ad-4833-9996-00e119feff16"><con:settings/><con:encoding>UTF-8</con:encoding><con:endpoint>http://dev3-portal-wicket01.mf.qhg.local:8080/webservices/services/medfusion?wsdl</con:endpoint><con:request><![CDATA[<soapenv:Envelope xmlns:xsi="http://www.w3.org/2001/XMLSchema-instance" xmlns:xsd="http://www.w3.org/2001/XMLSchema" xmlns:soapenv="http://schemas.xmlsoap.org/soap/envelope/" xmlns:urn="urn:Medfusion">
   <soapenv:Header/>
   <soapenv:Body>
      <urn:sendMemberUnlockEmail soapenv:encodingStyle="http://schemas.xmlsoap.org/soap/encoding/">
         <in0 xsi:type="xsd:int">?</in0>
         <in1 xsi:type="xsd:int">?</in1>
         <in2 xsi:type="xsd:string">?</in2>
         <in3 xsi:type="xsd:string">?</in3>
         <in4 xsi:type="xsd:dateTime">?</in4>
         <in5 xsi:type="xsd:string">?</in5>
         <in6 xsi:type="xsd:string">?</in6>
         <in7 xsi:type="xsd:string">?</in7>
         <in8 xsi:type="xsd:string">?</in8>
      </urn:sendMemberUnlockEmail>
   </soapenv:Body>
</soapenv:Envelope>]]></con:request><con:credentials><con:username xsi:nil="true"/><con:password xsi:nil="true"/><con:domain xsi:nil="true"/><con:authType>No Authorization</con:authType></con:credentials><con:jmsConfig JMSDeliveryMode="PERSISTENT"/><con:wsaConfig action="urn:Medfusion/Medfusion/sendMemberUnlockEmailRequest" mustUnderstand="NONE" version="200508"/></con:request></con:config></con:testStep><con:properties/><con:reportParameters/></con:testCase><con:testCase failOnError="true" failTestCaseOnErrors="true" keepSession="false" maxResults="0" name="sendMultipleMemberUnlockEmail TestCase" searchProperties="true" id="89ed087f-c977-421c-ad97-02af3d39551b"><con:settings/><con:testStep type="request" name="sendMultipleMemberUnlockEmail" id="102ce325-7b10-43a6-a297-fb161c2c4261"><con:settings/><con:config xsi:type="con:RequestStep" xmlns:xsi="http://www.w3.org/2001/XMLSchema-instance"><con:interface>medfusionSoapBinding</con:interface><con:operation>sendMultipleMemberUnlockEmail</con:operation><con:request name="sendMultipleMemberUnlockEmail" outgoingWss="" incomingWss="" id="60907363-6a52-49ac-b748-178a5a619e8c"><con:settings/><con:encoding>UTF-8</con:encoding><con:endpoint>http://dev3-portal-wicket01.mf.qhg.local:8080/webservices/services/medfusion?wsdl</con:endpoint><con:request><![CDATA[<soapenv:Envelope xmlns:xsi="http://www.w3.org/2001/XMLSchema-instance" xmlns:xsd="http://www.w3.org/2001/XMLSchema" xmlns:soapenv="http://schemas.xmlsoap.org/soap/envelope/" xmlns:urn="urn:Medfusion" xmlns:soapenc="http://schemas.xmlsoap.org/soap/encoding/">
   <soapenv:Header/>
   <soapenv:Body>
      <urn:sendMultipleMemberUnlockEmail soapenv:encodingStyle="http://schemas.xmlsoap.org/soap/encoding/">
         <in0 xsi:type="urn:ArrayOf_xsd_int" soapenc:arrayType="xsd:int[]"/>
         <in1 xsi:type="xsd:int">?</in1>
         <in2 xsi:type="xsd:string">?</in2>
         <in3 xsi:type="urn:ArrayOf_xsd_string" soapenc:arrayType="xsd:string[]"/>
         <in4 xsi:type="xsd:string">?</in4>
         <in5 xsi:type="xsd:string">?</in5>
         <in6 xsi:type="urn:ArrayOf_tns2_NameValuePairComposite" soapenc:arrayType="obj:NameValuePairComposite[]" xmlns:obj="http://objects.medfusion.webservices.integrations.medfusion.net"/>
      </urn:sendMultipleMemberUnlockEmail>
   </soapenv:Body>
</soapenv:Envelope>]]></con:request><con:credentials><con:username xsi:nil="true"/><con:password xsi:nil="true"/><con:domain xsi:nil="true"/><con:authType>No Authorization</con:authType></con:credentials><con:jmsConfig JMSDeliveryMode="PERSISTENT"/><con:wsaConfig action="urn:Medfusion/Medfusion/sendMultipleMemberUnlockEmailRequest" mustUnderstand="NONE" version="200508"/></con:request></con:config></con:testStep><con:properties/><con:reportParameters/></con:testCase><con:testCase failOnError="true" failTestCaseOnErrors="true" keepSession="false" maxResults="0" name="setApptReqScheduledDate TestCase" searchProperties="true" id="147b07a2-ab4c-4f6d-a169-fbd1c0bacae4"><con:settings/><con:testStep type="request" name="setApptReqScheduledDate" id="7414d27e-a4c9-4f13-9866-4534aa0864e2"><con:settings/><con:config xsi:type="con:RequestStep" xmlns:xsi="http://www.w3.org/2001/XMLSchema-instance"><con:interface>medfusionSoapBinding</con:interface><con:operation>setApptReqScheduledDate</con:operation><con:request name="setApptReqScheduledDate" outgoingWss="" incomingWss="" id="9b49b263-91d8-41fe-a5ce-a13161b8ab75"><con:settings/><con:encoding>UTF-8</con:encoding><con:endpoint>http://dev3-portal-wicket01.mf.qhg.local:8080/webservices/services/medfusion?wsdl</con:endpoint><con:request><![CDATA[<soapenv:Envelope xmlns:xsi="http://www.w3.org/2001/XMLSchema-instance" xmlns:xsd="http://www.w3.org/2001/XMLSchema" xmlns:soapenv="http://schemas.xmlsoap.org/soap/envelope/" xmlns:urn="urn:Medfusion">
   <soapenv:Header/>
   <soapenv:Body>
      <urn:setApptReqScheduledDate soapenv:encodingStyle="http://schemas.xmlsoap.org/soap/encoding/">
         <in0 xsi:type="xsd:int">?</in0>
         <in1 xsi:type="xsd:int">?</in1>
         <in2 xsi:type="xsd:dateTime">?</in2>
      </urn:setApptReqScheduledDate>
   </soapenv:Body>
</soapenv:Envelope>]]></con:request><con:credentials><con:username xsi:nil="true"/><con:password xsi:nil="true"/><con:domain xsi:nil="true"/><con:authType>No Authorization</con:authType></con:credentials><con:jmsConfig JMSDeliveryMode="PERSISTENT"/><con:wsaConfig action="urn:Medfusion/Medfusion/setApptReqScheduledDateRequest" mustUnderstand="NONE" version="200508"/></con:request></con:config></con:testStep><con:properties/><con:reportParameters/></con:testCase><con:testCase failOnError="true" failTestCaseOnErrors="true" keepSession="false" maxResults="0" name="setApptReqStatus TestCase" searchProperties="true" id="4022804d-5e40-4b45-a643-01e9cef18866"><con:settings/><con:testStep type="request" name="setApptReqStatus" id="fbc36173-9056-4f31-8d4e-9bcad8ade6f3"><con:settings/><con:config xsi:type="con:RequestStep" xmlns:xsi="http://www.w3.org/2001/XMLSchema-instance"><con:interface>medfusionSoapBinding</con:interface><con:operation>setApptReqStatus</con:operation><con:request name="setApptReqStatus" outgoingWss="" incomingWss="" id="a797cb8e-2048-4c12-9148-bcad92d45d46"><con:settings/><con:encoding>UTF-8</con:encoding><con:endpoint>http://dev3-portal-wicket01.mf.qhg.local:8080/webservices/services/medfusion?wsdl</con:endpoint><con:request><![CDATA[<soapenv:Envelope xmlns:xsi="http://www.w3.org/2001/XMLSchema-instance" xmlns:xsd="http://www.w3.org/2001/XMLSchema" xmlns:soapenv="http://schemas.xmlsoap.org/soap/envelope/" xmlns:urn="urn:Medfusion">
   <soapenv:Header/>
   <soapenv:Body>
      <urn:setApptReqStatus soapenv:encodingStyle="http://schemas.xmlsoap.org/soap/encoding/">
         <in0 xsi:type="xsd:int">?</in0>
         <in1 xsi:type="xsd:int">?</in1>
         <in2 xsi:type="xsd:string">?</in2>
      </urn:setApptReqStatus>
   </soapenv:Body>
</soapenv:Envelope>]]></con:request><con:credentials><con:username xsi:nil="true"/><con:password xsi:nil="true"/><con:domain xsi:nil="true"/><con:authType>No Authorization</con:authType></con:credentials><con:jmsConfig JMSDeliveryMode="PERSISTENT"/><con:wsaConfig action="urn:Medfusion/Medfusion/setApptReqStatusRequest" mustUnderstand="NONE" version="200508"/></con:request></con:config></con:testStep><con:properties/><con:reportParameters/></con:testCase><con:testCase failOnError="true" failTestCaseOnErrors="true" keepSession="false" maxResults="0" name="setCustomFormStatus TestCase" searchProperties="true" id="332fd8fa-b33e-4c4c-949d-a243e0aa14f3"><con:settings/><con:testStep type="request" name="setCustomFormStatus" id="85d05ac4-9357-4b46-8528-0bb401c15cb7"><con:settings/><con:config xsi:type="con:RequestStep" xmlns:xsi="http://www.w3.org/2001/XMLSchema-instance"><con:interface>medfusionSoapBinding</con:interface><con:operation>setCustomFormStatus</con:operation><con:request name="setCustomFormStatus" outgoingWss="" incomingWss="" id="d1b7a8f4-ae9f-4b94-97e5-46a808c2e214"><con:settings/><con:encoding>UTF-8</con:encoding><con:endpoint>http://dev3-portal-wicket01.mf.qhg.local:8080/webservices/services/medfusion?wsdl</con:endpoint><con:request><![CDATA[<soapenv:Envelope xmlns:xsi="http://www.w3.org/2001/XMLSchema-instance" xmlns:xsd="http://www.w3.org/2001/XMLSchema" xmlns:soapenv="http://schemas.xmlsoap.org/soap/envelope/" xmlns:urn="urn:Medfusion">
   <soapenv:Header/>
   <soapenv:Body>
      <urn:setCustomFormStatus soapenv:encodingStyle="http://schemas.xmlsoap.org/soap/encoding/">
         <in0 xsi:type="xsd:int">?</in0>
         <in1 xsi:type="xsd:int">?</in1>
         <in2 xsi:type="xsd:string">?</in2>
      </urn:setCustomFormStatus>
   </soapenv:Body>
</soapenv:Envelope>]]></con:request><con:credentials><con:username xsi:nil="true"/><con:password xsi:nil="true"/><con:domain xsi:nil="true"/><con:authType>No Authorization</con:authType></con:credentials><con:jmsConfig JMSDeliveryMode="PERSISTENT"/><con:wsaConfig action="urn:Medfusion/Medfusion/setCustomFormStatusRequest" mustUnderstand="NONE" version="200508"/></con:request></con:config></con:testStep><con:properties/><con:reportParameters/></con:testCase><con:testCase failOnError="true" failTestCaseOnErrors="true" keepSession="false" maxResults="0" name="setExternalIdForLocation TestCase" searchProperties="true" id="80a75cdd-ab69-459a-b85d-661f55677b45"><con:settings/><con:testStep type="request" name="setExternalIdForLocation" id="c936ddc3-8830-4967-90e1-268cd6a7960e"><con:settings/><con:config xsi:type="con:RequestStep" xmlns:xsi="http://www.w3.org/2001/XMLSchema-instance"><con:interface>medfusionSoapBinding</con:interface><con:operation>setExternalIdForLocation</con:operation><con:request name="setExternalIdForLocation" outgoingWss="" incomingWss="" id="7b7d0a9b-ab29-4441-bb70-56112d37dacd"><con:settings/><con:encoding>UTF-8</con:encoding><con:endpoint>http://dev3-portal-wicket01.mf.qhg.local:8080/webservices/services/medfusion?wsdl</con:endpoint><con:request><![CDATA[<soapenv:Envelope xmlns:xsi="http://www.w3.org/2001/XMLSchema-instance" xmlns:xsd="http://www.w3.org/2001/XMLSchema" xmlns:soapenv="http://schemas.xmlsoap.org/soap/envelope/" xmlns:urn="urn:Medfusion">
   <soapenv:Header/>
   <soapenv:Body>
      <urn:setExternalIdForLocation soapenv:encodingStyle="http://schemas.xmlsoap.org/soap/encoding/">
         <in0 xsi:type="xsd:int">?</in0>
         <in1 xsi:type="xsd:int">?</in1>
         <in2 xsi:type="xsd:string">?</in2>
      </urn:setExternalIdForLocation>
   </soapenv:Body>
</soapenv:Envelope>]]></con:request><con:credentials><con:username xsi:nil="true"/><con:password xsi:nil="true"/><con:domain xsi:nil="true"/><con:authType>No Authorization</con:authType></con:credentials><con:jmsConfig JMSDeliveryMode="PERSISTENT"/><con:wsaConfig action="urn:Medfusion/Medfusion/setExternalIdForLocationRequest" mustUnderstand="NONE" version="200508"/></con:request></con:config></con:testStep><con:properties/><con:reportParameters/></con:testCase><con:testCase failOnError="true" failTestCaseOnErrors="true" keepSession="false" maxResults="0" name="setExternalIdForMember TestCase" searchProperties="true" id="e83a4998-33c0-498b-84cf-6f557f294aa3"><con:settings/><con:testStep type="request" name="setExternalIdForMember" id="3b5f752c-a560-494c-a67e-90c95fa9c9b0"><con:settings/><con:config xsi:type="con:RequestStep" xmlns:xsi="http://www.w3.org/2001/XMLSchema-instance"><con:interface>medfusionSoapBinding</con:interface><con:operation>setExternalIdForMember</con:operation><con:request name="setExternalIdForMember" outgoingWss="" incomingWss="" id="3b320370-bd71-4471-8028-c23e14205d68"><con:settings/><con:encoding>UTF-8</con:encoding><con:endpoint>http://dev3-portal-wicket01.mf.qhg.local:8080/webservices/services/medfusion?wsdl</con:endpoint><con:request><![CDATA[<soapenv:Envelope xmlns:xsi="http://www.w3.org/2001/XMLSchema-instance" xmlns:xsd="http://www.w3.org/2001/XMLSchema" xmlns:soapenv="http://schemas.xmlsoap.org/soap/envelope/" xmlns:urn="urn:Medfusion">
   <soapenv:Header/>
   <soapenv:Body>
      <urn:setExternalIdForMember soapenv:encodingStyle="http://schemas.xmlsoap.org/soap/encoding/">
         <in0 xsi:type="xsd:int">?</in0>
         <in1 xsi:type="xsd:int">?</in1>
         <in2 xsi:type="xsd:int">?</in2>
         <in3 xsi:type="xsd:string">?</in3>
      </urn:setExternalIdForMember>
   </soapenv:Body>
</soapenv:Envelope>]]></con:request><con:credentials><con:username xsi:nil="true"/><con:password xsi:nil="true"/><con:domain xsi:nil="true"/><con:authType>No Authorization</con:authType></con:credentials><con:jmsConfig JMSDeliveryMode="PERSISTENT"/><con:wsaConfig action="urn:Medfusion/Medfusion/setExternalIdForMemberRequest" mustUnderstand="NONE" version="200508"/></con:request></con:config></con:testStep><con:properties/><con:reportParameters/></con:testCase><con:testCase failOnError="true" failTestCaseOnErrors="true" keepSession="false" maxResults="0" name="setExternalIdForPractice TestCase" searchProperties="true" id="86bc39ed-c089-422b-a270-ce7011734944"><con:settings/><con:testStep type="request" name="setExternalIdForPractice" id="2c7885ff-8fdd-4353-bad8-dbf42e067cb4"><con:settings/><con:config xsi:type="con:RequestStep" xmlns:xsi="http://www.w3.org/2001/XMLSchema-instance"><con:interface>medfusionSoapBinding</con:interface><con:operation>setExternalIdForPractice</con:operation><con:request name="setExternalIdForPractice" outgoingWss="" incomingWss="" id="91ad3a9f-0b2e-4db3-bfb8-cfa9ab2bde8b"><con:settings/><con:encoding>UTF-8</con:encoding><con:endpoint>http://dev3-portal-wicket01.mf.qhg.local:8080/webservices/services/medfusion?wsdl</con:endpoint><con:request><![CDATA[<soapenv:Envelope xmlns:xsi="http://www.w3.org/2001/XMLSchema-instance" xmlns:xsd="http://www.w3.org/2001/XMLSchema" xmlns:soapenv="http://schemas.xmlsoap.org/soap/envelope/" xmlns:urn="urn:Medfusion">
   <soapenv:Header/>
   <soapenv:Body>
      <urn:setExternalIdForPractice soapenv:encodingStyle="http://schemas.xmlsoap.org/soap/encoding/">
         <in0 xsi:type="xsd:int">?</in0>
         <in1 xsi:type="xsd:int">?</in1>
         <in2 xsi:type="xsd:string">?</in2>
      </urn:setExternalIdForPractice>
   </soapenv:Body>
</soapenv:Envelope>]]></con:request><con:credentials><con:username xsi:nil="true"/><con:password xsi:nil="true"/><con:domain xsi:nil="true"/><con:authType>No Authorization</con:authType></con:credentials><con:jmsConfig JMSDeliveryMode="PERSISTENT"/><con:wsaConfig action="urn:Medfusion/Medfusion/setExternalIdForPracticeRequest" mustUnderstand="NONE" version="200508"/></con:request></con:config></con:testStep><con:properties/><con:reportParameters/></con:testCase><con:testCase failOnError="true" failTestCaseOnErrors="true" keepSession="false" maxResults="0" name="setExternalIdForStaff TestCase" searchProperties="true" id="ac88ae3f-b882-4a04-aa9f-90d07d86fa67"><con:settings/><con:testStep type="request" name="setExternalIdForStaff" id="36abe34c-2723-4624-8fc6-5ad24b58fc45"><con:settings/><con:config xsi:type="con:RequestStep" xmlns:xsi="http://www.w3.org/2001/XMLSchema-instance"><con:interface>medfusionSoapBinding</con:interface><con:operation>setExternalIdForStaff</con:operation><con:request name="setExternalIdForStaff" outgoingWss="" incomingWss="" id="814504d9-e595-44e3-b238-00148bca22d6"><con:settings/><con:encoding>UTF-8</con:encoding><con:endpoint>http://dev3-portal-wicket01.mf.qhg.local:8080/webservices/services/medfusion?wsdl</con:endpoint><con:request><![CDATA[<soapenv:Envelope xmlns:xsi="http://www.w3.org/2001/XMLSchema-instance" xmlns:xsd="http://www.w3.org/2001/XMLSchema" xmlns:soapenv="http://schemas.xmlsoap.org/soap/envelope/" xmlns:urn="urn:Medfusion">
   <soapenv:Header/>
   <soapenv:Body>
      <urn:setExternalIdForStaff soapenv:encodingStyle="http://schemas.xmlsoap.org/soap/encoding/">
         <in0 xsi:type="xsd:int">?</in0>
         <in1 xsi:type="xsd:int">?</in1>
         <in2 xsi:type="xsd:int">?</in2>
         <in3 xsi:type="xsd:string">?</in3>
      </urn:setExternalIdForStaff>
   </soapenv:Body>
</soapenv:Envelope>]]></con:request><con:credentials><con:username xsi:nil="true"/><con:password xsi:nil="true"/><con:domain xsi:nil="true"/><con:authType>No Authorization</con:authType></con:credentials><con:jmsConfig JMSDeliveryMode="PERSISTENT"/><con:wsaConfig action="urn:Medfusion/Medfusion/setExternalIdForStaffRequest" mustUnderstand="NONE" version="200508"/></con:request></con:config></con:testStep><con:properties/><con:reportParameters/></con:testCase><con:testCase failOnError="true" failTestCaseOnErrors="true" keepSession="false" maxResults="0" name="setPatientId TestCase" searchProperties="true" id="b4acd272-7234-451b-adce-24f5776d410d"><con:settings/><con:testStep type="request" name="setPatientId" id="54b65ecd-1f26-48d2-a38a-d6a4a063b771"><con:settings/><con:config xsi:type="con:RequestStep" xmlns:xsi="http://www.w3.org/2001/XMLSchema-instance"><con:interface>medfusionSoapBinding</con:interface><con:operation>setPatientId</con:operation><con:request name="setPatientId" outgoingWss="" incomingWss="" id="950f5dd1-1c81-4333-a2cf-ec11b81ed28a"><con:settings/><con:encoding>UTF-8</con:encoding><con:endpoint>http://dev3-portal-wicket01.mf.qhg.local:8080/webservices/services/medfusion?wsdl</con:endpoint><con:request><![CDATA[<soapenv:Envelope xmlns:xsi="http://www.w3.org/2001/XMLSchema-instance" xmlns:xsd="http://www.w3.org/2001/XMLSchema" xmlns:soapenv="http://schemas.xmlsoap.org/soap/envelope/" xmlns:urn="urn:Medfusion">
   <soapenv:Header/>
   <soapenv:Body>
      <urn:setPatientId soapenv:encodingStyle="http://schemas.xmlsoap.org/soap/encoding/">
         <in0 xsi:type="xsd:int">?</in0>
         <in1 xsi:type="xsd:int">?</in1>
         <in2 xsi:type="xsd:string">?</in2>
      </urn:setPatientId>
   </soapenv:Body>
</soapenv:Envelope>]]></con:request><con:credentials><con:username xsi:nil="true"/><con:password xsi:nil="true"/><con:domain xsi:nil="true"/><con:authType>No Authorization</con:authType></con:credentials><con:jmsConfig JMSDeliveryMode="PERSISTENT"/><con:wsaConfig action="urn:Medfusion/Medfusion/setPatientIdRequest" mustUnderstand="NONE" version="200508"/></con:request></con:config></con:testStep><con:properties/><con:reportParameters/></con:testCase><con:testCase failOnError="true" failTestCaseOnErrors="true" keepSession="false" maxResults="0" name="setStatementDeliveryPreference TestCase" searchProperties="true" id="2de7a0d5-fc17-456c-8381-705d2b02cdb1"><con:settings/><con:testStep type="request" name="setStatementDeliveryPreference" id="7a72726a-90da-4148-a89f-4e914dfc5aee"><con:settings/><con:config xsi:type="con:RequestStep" xmlns:xsi="http://www.w3.org/2001/XMLSchema-instance"><con:interface>medfusionSoapBinding</con:interface><con:operation>setStatementDeliveryPreference</con:operation><con:request name="setStatementDeliveryPreference" outgoingWss="" incomingWss="" id="fe7a85e0-3436-4464-8f1f-49e4d454cd21"><con:settings/><con:encoding>UTF-8</con:encoding><con:endpoint>http://dev3-portal-wicket01.mf.qhg.local:8080/webservices/services/medfusion?wsdl</con:endpoint><con:request><![CDATA[<soapenv:Envelope xmlns:xsi="http://www.w3.org/2001/XMLSchema-instance" xmlns:xsd="http://www.w3.org/2001/XMLSchema" xmlns:soapenv="http://schemas.xmlsoap.org/soap/envelope/" xmlns:urn="urn:Medfusion" xmlns:soapenc="http://schemas.xmlsoap.org/soap/encoding/">
   <soapenv:Header/>
   <soapenv:Body>
      <urn:setStatementDeliveryPreference soapenv:encodingStyle="http://schemas.xmlsoap.org/soap/encoding/">
         <in0 xsi:type="xsd:int">?</in0>
         <in1 xsi:type="urn:ArrayOf_xsd_int" soapenc:arrayType="xsd:int[]"/>
         <in2 xsi:type="xsd:string">?</in2>
      </urn:setStatementDeliveryPreference>
   </soapenv:Body>
</soapenv:Envelope>]]></con:request><con:credentials><con:username xsi:nil="true"/><con:password xsi:nil="true"/><con:domain xsi:nil="true"/><con:authType>No Authorization</con:authType></con:credentials><con:jmsConfig JMSDeliveryMode="PERSISTENT"/><con:wsaConfig action="urn:Medfusion/Medfusion/setStatementDeliveryPreferenceRequest" mustUnderstand="NONE" version="200508"/></con:request></con:config></con:testStep><con:properties/><con:reportParameters/></con:testCase><con:testCase failOnError="true" failTestCaseOnErrors="true" keepSession="false" maxResults="0" name="setStatementOutOfDate TestCase" searchProperties="true" id="1ed772f2-cec3-4b82-a360-fdd67d563e32"><con:settings/><con:testStep type="request" name="setStatementOutOfDate" id="e21b2dc1-5a30-4e57-aaf0-786877a3a14f"><con:settings/><con:config xsi:type="con:RequestStep" xmlns:xsi="http://www.w3.org/2001/XMLSchema-instance"><con:interface>medfusionSoapBinding</con:interface><con:operation>setStatementOutOfDate</con:operation><con:request name="setStatementOutOfDate" outgoingWss="" incomingWss="" id="0820edfb-6a70-4085-a865-3943116b288e"><con:settings/><con:encoding>UTF-8</con:encoding><con:endpoint>http://dev3-portal-wicket01.mf.qhg.local:8080/webservices/services/medfusion?wsdl</con:endpoint><con:request><![CDATA[<soapenv:Envelope xmlns:xsi="http://www.w3.org/2001/XMLSchema-instance" xmlns:xsd="http://www.w3.org/2001/XMLSchema" xmlns:soapenv="http://schemas.xmlsoap.org/soap/envelope/" xmlns:urn="urn:Medfusion">
   <soapenv:Header/>
   <soapenv:Body>
      <urn:setStatementOutOfDate soapenv:encodingStyle="http://schemas.xmlsoap.org/soap/encoding/">
         <in0 xsi:type="xsd:int">?</in0>
         <in1 xsi:type="xsd:int">?</in1>
      </urn:setStatementOutOfDate>
   </soapenv:Body>
</soapenv:Envelope>]]></con:request><con:credentials><con:username xsi:nil="true"/><con:password xsi:nil="true"/><con:domain xsi:nil="true"/><con:authType>No Authorization</con:authType></con:credentials><con:jmsConfig JMSDeliveryMode="PERSISTENT"/><con:wsaConfig action="urn:Medfusion/Medfusion/setStatementOutOfDateRequest" mustUnderstand="NONE" version="200508"/></con:request></con:config></con:testStep><con:properties/><con:reportParameters/></con:testCase><con:testCase failOnError="true" failTestCaseOnErrors="true" keepSession="false" maxResults="0" name="testConnection TestCase" searchProperties="true" id="79e3bd31-18fe-4203-b54f-46399c62825a"><con:settings/><con:testStep type="request" name="testConnection" id="20f45708-72eb-4d6a-a7e2-05d97c85dee3"><con:settings/><con:config xsi:type="con:RequestStep" xmlns:xsi="http://www.w3.org/2001/XMLSchema-instance"><con:interface>medfusionSoapBinding</con:interface><con:operation>testConnection</con:operation><con:request name="testConnection" outgoingWss="" incomingWss="" id="3ee4a710-d627-4b4a-998a-46d7f5f999e1"><con:settings/><con:encoding>UTF-8</con:encoding><con:endpoint>http://dev3-portal-wicket01.mf.qhg.local:8080/webservices/services/medfusion?wsdl</con:endpoint><con:request><![CDATA[<soapenv:Envelope xmlns:xsi="http://www.w3.org/2001/XMLSchema-instance" xmlns:xsd="http://www.w3.org/2001/XMLSchema" xmlns:soapenv="http://schemas.xmlsoap.org/soap/envelope/" xmlns:urn="urn:Medfusion">
   <soapenv:Header/>
   <soapenv:Body>
      <urn:testConnection soapenv:encodingStyle="http://schemas.xmlsoap.org/soap/encoding/"/>
   </soapenv:Body>
</soapenv:Envelope>]]></con:request><con:credentials><con:username xsi:nil="true"/><con:password xsi:nil="true"/><con:domain xsi:nil="true"/><con:authType>No Authorization</con:authType></con:credentials><con:jmsConfig JMSDeliveryMode="PERSISTENT"/><con:wsaConfig action="urn:Medfusion/Medfusion/testConnectionRequest" mustUnderstand="NONE" version="200508"/></con:request></con:config></con:testStep><con:properties/><con:reportParameters/></con:testCase><con:testCase failOnError="true" failTestCaseOnErrors="true" keepSession="false" maxResults="0" name="unlockMember TestCase" searchProperties="true" id="357cbb30-c2b7-46c2-b30d-8ec2f9afec66"><con:settings/><con:testStep type="request" name="unlockMember" id="3d0bfa08-3053-461f-ad90-5d24c46f62c2"><con:settings/><con:config xsi:type="con:RequestStep" xmlns:xsi="http://www.w3.org/2001/XMLSchema-instance"><con:interface>medfusionSoapBinding</con:interface><con:operation>unlockMember</con:operation><con:request name="unlockMember" outgoingWss="" incomingWss="" id="9c9aa2ea-05aa-44ef-b998-0c0503d07b8d"><con:settings/><con:encoding>UTF-8</con:encoding><con:endpoint>http://dev3-portal-wicket01.mf.qhg.local:8080/webservices/services/medfusion?wsdl</con:endpoint><con:request><![CDATA[<soapenv:Envelope xmlns:xsi="http://www.w3.org/2001/XMLSchema-instance" xmlns:xsd="http://www.w3.org/2001/XMLSchema" xmlns:soapenv="http://schemas.xmlsoap.org/soap/envelope/" xmlns:urn="urn:Medfusion">
   <soapenv:Header/>
   <soapenv:Body>
      <urn:unlockMember soapenv:encodingStyle="http://schemas.xmlsoap.org/soap/encoding/">
         <in0 xsi:type="xsd:int">?</in0>
         <in1 xsi:type="xsd:int">?</in1>
         <in2 xsi:type="xsd:int">?</in2>
         <in3 xsi:type="xsd:string">?</in3>
         <in4 xsi:type="xsd:string">?</in4>
         <in5 xsi:type="xsd:dateTime">?</in5>
         <in6 xsi:type="xsd:string">?</in6>
         <in7 xsi:type="xsd:string">?</in7>
         <in8 xsi:type="xsd:string">?</in8>
         <in9 xsi:type="xsd:string">?</in9>
      </urn:unlockMember>
   </soapenv:Body>
</soapenv:Envelope>]]></con:request><con:credentials><con:username xsi:nil="true"/><con:password xsi:nil="true"/><con:domain xsi:nil="true"/><con:authType>No Authorization</con:authType></con:credentials><con:jmsConfig JMSDeliveryMode="PERSISTENT"/><con:wsaConfig action="urn:Medfusion/Medfusion/unlockMemberRequest" mustUnderstand="NONE" version="200508"/></con:request></con:config></con:testStep><con:properties/><con:reportParameters/></con:testCase><con:testCase failOnError="true" failTestCaseOnErrors="true" keepSession="false" maxResults="0" name="unlockMemberLocked TestCase" searchProperties="true" id="26b4da5e-51f8-4397-b781-0d1719d376c4"><con:settings/><con:testStep type="request" name="unlockMemberLocked" id="4ce30ea3-43ca-4e71-b3ad-95deba82605e"><con:settings/><con:config xsi:type="con:RequestStep" xmlns:xsi="http://www.w3.org/2001/XMLSchema-instance"><con:interface>medfusionSoapBinding</con:interface><con:operation>unlockMemberLocked</con:operation><con:request name="unlockMemberLocked" outgoingWss="" incomingWss="" id="900d57a1-b9ef-4286-89cd-95b33f14ced9"><con:settings/><con:encoding>UTF-8</con:encoding><con:endpoint>http://dev3-portal-wicket01.mf.qhg.local:8080/webservices/services/medfusion?wsdl</con:endpoint><con:request><![CDATA[<soapenv:Envelope xmlns:xsi="http://www.w3.org/2001/XMLSchema-instance" xmlns:xsd="http://www.w3.org/2001/XMLSchema" xmlns:soapenv="http://schemas.xmlsoap.org/soap/envelope/" xmlns:urn="urn:Medfusion">
   <soapenv:Header/>
   <soapenv:Body>
      <urn:unlockMemberLocked soapenv:encodingStyle="http://schemas.xmlsoap.org/soap/encoding/">
         <in0 xsi:type="xsd:int">?</in0>
         <in1 xsi:type="xsd:int">?</in1>
         <in2 xsi:type="xsd:string">?</in2>
         <in3 xsi:type="xsd:string">?</in3>
         <in4 xsi:type="xsd:dateTime">?</in4>
         <in5 xsi:type="xsd:string">?</in5>
         <in6 xsi:type="xsd:string">?</in6>
         <in7 xsi:type="xsd:string">?</in7>
         <in8 xsi:type="xsd:string">?</in8>
      </urn:unlockMemberLocked>
   </soapenv:Body>
</soapenv:Envelope>]]></con:request><con:credentials><con:username xsi:nil="true"/><con:password xsi:nil="true"/><con:domain xsi:nil="true"/><con:authType>No Authorization</con:authType></con:credentials><con:jmsConfig JMSDeliveryMode="PERSISTENT"/><con:wsaConfig action="urn:Medfusion/Medfusion/unlockMemberLockedRequest" mustUnderstand="NONE" version="200508"/></con:request></con:config></con:testStep><con:properties/><con:reportParameters/></con:testCase><con:testCase failOnError="true" failTestCaseOnErrors="true" keepSession="false" maxResults="0" name="updateMemberLocked TestCase" searchProperties="true" id="1ca28b18-84f0-49fb-9d39-4e81ce82f648"><con:settings/><con:testStep type="request" name="updateMemberLocked" id="4f660970-b0a4-4822-9c7b-99118e0421f2"><con:settings/><con:config xsi:type="con:RequestStep" xmlns:xsi="http://www.w3.org/2001/XMLSchema-instance"><con:interface>medfusionSoapBinding</con:interface><con:operation>updateMemberLocked</con:operation><con:request name="updateMemberLocked" outgoingWss="" incomingWss="" id="0b72aa13-9522-4cb8-95d0-5db66c7bb5a6"><con:settings/><con:encoding>UTF-8</con:encoding><con:endpoint>http://dev3-portal-wicket01.mf.qhg.local:8080/webservices/services/medfusion?wsdl</con:endpoint><con:request><![CDATA[<soapenv:Envelope xmlns:xsi="http://www.w3.org/2001/XMLSchema-instance" xmlns:xsd="http://www.w3.org/2001/XMLSchema" xmlns:soapenv="http://schemas.xmlsoap.org/soap/envelope/" xmlns:urn="urn:Medfusion" xmlns:soapenc="http://schemas.xmlsoap.org/soap/encoding/">
   <soapenv:Header/>
   <soapenv:Body>
      <urn:updateMemberLocked soapenv:encodingStyle="http://schemas.xmlsoap.org/soap/encoding/">
         <in0 xsi:type="obj:MemberLocked" xmlns:obj="http://objects.medfusion.webservices.integrations.medfusion.net">
            <fields xsi:type="obj:Fields">
               <fields xsi:type="urn:ArrayOf_tns2_Field" soapenc:arrayType="obj:Field[]"/>
            </fields>
         </in0>
      </urn:updateMemberLocked>
   </soapenv:Body>
</soapenv:Envelope>]]></con:request><con:credentials><con:username xsi:nil="true"/><con:password xsi:nil="true"/><con:domain xsi:nil="true"/><con:authType>No Authorization</con:authType></con:credentials><con:jmsConfig JMSDeliveryMode="PERSISTENT"/><con:wsaConfig action="urn:Medfusion/Medfusion/updateMemberLockedRequest" mustUnderstand="NONE" version="200508"/></con:request></con:config></con:testStep><con:properties/><con:reportParameters/></con:testCase><con:properties><con:property><con:name>Authentication</con:name><con:value>Basic SUhHQ29ubmVjdGh1YjIwOTcxOklPSVRwT1lKT2g1UTZLd2JUVDdv</con:value></con:property><con:property><con:name>basicAuthUser</con:name><con:value>IHGConnecthub20971</con:value></con:property><con:property><con:name>basicAuthPass</con:name><con:value>IOITpOYJOh5Q6KwbTT7o</con:value></con:property></con:properties><con:setupScript>// get method so we can get the complete URI
def method = context.getProperty( "httpMethod" )

// log the complete URI
log.info( method.URI.toString() )

// set an HTTP header
method.setRequestHeader( "test", "some value" )
</con:setupScript><con:reportParameters/></con:testSuite><con:testSuite name="GetSuite" id="9babd53b-12c5-4e1c-ae13-936df0e59f00"><con:settings/><con:runType>SEQUENTIAL</con:runType><con:testCase failOnError="true" failTestCaseOnErrors="true" keepSession="false" maxResults="0" name="getApptReqsByCriteria TestCase" searchProperties="true" id="ab09d6bf-c2a7-4d1f-bc50-bacb5ee97539"><con:settings/><con:testStep type="request" name="getApptReqsByCriteria" id="79272ba9-9d94-4fa3-ba45-6664a4a4b720"><con:settings/><con:config xsi:type="con:RequestStep" xmlns:xsi="http://www.w3.org/2001/XMLSchema-instance"><con:interface>medfusionSoapBinding</con:interface><con:operation>getApptReqsByCriteria</con:operation><con:request name="getApptReqsByCriteria" outgoingWss="" incomingWss="" id="057de0a6-8e43-4984-8f47-c1ff2ce67087"><con:settings><con:setting id="com.eviware.soapui.impl.wsdl.WsdlRequest@request-headers">&lt;entry key="Authorization" value="Basic VGVqb3JhVGVzdFNpdGVmb3JXU0RLMjE2MzY6cldHY091b01Cemxxc1lQYU9YRlU=" xmlns="http://eviware.com/soapui/config"/></con:setting></con:settings><con:encoding>UTF-8</con:encoding><con:endpoint>http://dev3-portal-wicket01.mf.qhg.local:8080/webservices/services/medfusion?wsdl</con:endpoint><con:request><![CDATA[<soap:Envelope xmlns:soap="http://schemas.xmlsoap.org/soap/envelope/" xmlns:soapenc="http://schemas.xmlsoap.org/soap/encoding/" xmlns:tns="urn:Medfusion" xmlns:types="urn:Medfusion/encodedTypes" xmlns:xsd="http://www.w3.org/2001/XMLSchema" xmlns:xsi="http://www.w3.org/2001/XMLSchema-instance">
   <soap:Body soap:encodingStyle="http://schemas.xmlsoap.org/soap/encoding/">
      <tns:getApptReqsByCriteria>
         <in0 xsi:type="xsd:int" xs:type="type:int" xmlns:xs="http://www.w3.org/2000/XMLSchema-instance">21636</in0>
         <in1 href="#id1"/>
      </tns:getApptReqsByCriteria>
      <soapenc:Array id="id1" soapenc:arrayType="q1:Criteria[2]" xmlns:q1="http://query.common.webservices.integrations.medfusion.net">
         <Item href="#id2"/>
         <Item href="#id3"/>
      </soapenc:Array>
      <q2:Criteria id="id2" xsi:type="q2:Criteria" xmlns:q2="http://query.common.webservices.integrations.medfusion.net">
         <fieldName xsi:type="xsd:string">arPracticeId</fieldName>
         <fieldValue xsi:type="xsd:int">21636</fieldValue>
         <operation xsi:type="xsd:int">1</operation>
         <operationCaseSensitive xsi:type="xsd:boolean">false</operationCaseSensitive>
      </q2:Criteria>
      <q3:Criteria id="id3" xsi:type="q3:Criteria" xmlns:q3="http://query.common.webservices.integrations.medfusion.net">
         <fieldName xsi:type="xsd:string">arCreationDate</fieldName>
         <fieldValue xsi:type="xsd:dateTime">2012-02-01T18:43:17</fieldValue>
         <operation xsi:type="xsd:int">3</operation>
         <operationCaseSensitive xsi:type="xsd:boolean">false</operationCaseSensitive>
      </q3:Criteria>
   </soap:Body>
</soap:Envelope>]]></con:request><con:assertion type="SOAP Response" name="SOAP Response" id="b5d7a42b-8500-47ec-beb4-73198fb274ce"/><con:assertion type="Simple NotContains" name="Not Contains invalid login" id="14558f9b-9b41-4838-a16f-f256d1e7f060"><con:configuration><token>&lt;message xsi:type="xsd:string">Invalid login.&lt;/message></token><ignoreCase>false</ignoreCase><useRegEx>false</useRegEx></con:configuration></con:assertion><con:assertion type="Simple NotContains" name="Not Contains no username/password" id="57efda6c-e7fa-4913-bca6-ba2e21cbfcb5"><con:configuration><token>&lt;message xsi:type="xsd:string">You did not provide a password to the Web Service.  You must specify the password and username as HTTP BASIC authentication to the service&lt;/message></token><ignoreCase>false</ignoreCase><useRegEx>false</useRegEx></con:configuration></con:assertion><con:assertion type="Simple Contains" name="Contains getApptReqsByCriteriaResponse" id="c40fa053-7288-4e07-8aa8-c5ab558f9798"><con:configuration><token>&lt;ns1:getApptReqsByCriteriaResponse soapenv:</token><ignoreCase>false</ignoreCase><useRegEx>false</useRegEx></con:configuration></con:assertion><con:credentials><con:username xsi:nil="true"/><con:password xsi:nil="true"/><con:domain xsi:nil="true"/><con:selectedAuthProfile>No Authorization</con:selectedAuthProfile><con:preemptive>true</con:preemptive><con:authType>No Authorization</con:authType></con:credentials><con:jmsConfig JMSDeliveryMode="PERSISTENT"/><con:jmsPropertyConfig/><con:wsaConfig action="urn:Medfusion/Medfusion/getApptReqsByCriteriaRequest" mustUnderstand="NONE" version="200508"/><con:wsrmConfig version="1.2"/></con:request></con:config></con:testStep><con:testStep type="request" name="getApptReqsByCriteria - no crit" id="0c70a232-498e-48ab-b4a1-f9bd61489b70"><con:settings/><con:config xsi:type="con:RequestStep" xmlns:xsi="http://www.w3.org/2001/XMLSchema-instance"><con:interface>medfusionSoapBinding</con:interface><con:operation>getApptReqsByCriteria</con:operation><con:request name="getApptReqsByCriteria - no crit" id="47629332-7f9c-404d-858d-5dacb95bc07f" outgoingWss="" incomingWss=""><con:settings><con:setting id="com.eviware.soapui.impl.wsdl.WsdlRequest@request-headers">&lt;entry key="Authorization" value="Basic VGVqb3JhVGVzdFNpdGVmb3JXU0RLMjE2MzY6cldHY091b01Cemxxc1lQYU9YRlU=" xmlns="http://eviware.com/soapui/config"/></con:setting></con:settings><con:encoding>UTF-8</con:encoding><con:endpoint>http://dev3-portal-wicket01.mf.qhg.local:8080/webservices/services/medfusion?wsdl</con:endpoint><con:request><![CDATA[<soapenv:Envelope xmlns:xsi="http://www.w3.org/2001/XMLSchema-instance" xmlns:xsd="http://www.w3.org/2001/XMLSchema" xmlns:soapenv="http://schemas.xmlsoap.org/soap/envelope/" xmlns:urn="urn:Medfusion" xmlns:soapenc="http://schemas.xmlsoap.org/soap/encoding/">
   <soapenv:Header/>
   <soapenv:Body>
      <urn:getApptReqsByCriteria soapenv:encodingStyle="http://schemas.xmlsoap.org/soap/encoding/">
         <in0 xsi:type="xsd:int" xs:type="type:int" xmlns:xs="http://www.w3.org/2000/XMLSchema-instance">00000000</in0>
         <in1 xsi:type="urn:ArrayOf_tns4_Criteria" soapenc:arrayType="quer:Criteria[]" xmlns:quer="http://query.common.webservices.integrations.medfusion.net"/>
      </urn:getApptReqsByCriteria>
   </soapenv:Body>
</soapenv:Envelope>]]></con:request><con:assertion type="SOAP Response" id="9b7c8d5e-cdd6-46d5-8bf4-ff1325bf0213"/><con:assertion type="Simple NotContains" name="Not Contains arRequestedDay" id="76199992-a920-46da-9af9-85856181b4c5"><con:configuration><token>&lt;fieldName xsi:type="xsd:string">arRequestedDay&lt;/fieldName></token><ignoreCase>false</ignoreCase><useRegEx>false</useRegEx></con:configuration></con:assertion><con:assertion type="Simple NotContains" name="Not Contains arRequestedTimePeriod" id="30814c6e-da9f-4bcc-9464-df30581e601b"><con:configuration><token>&lt;fieldName xsi:type="xsd:string">arRequestedTimePeriod&lt;/fieldName></token><ignoreCase>false</ignoreCase><useRegEx>false</useRegEx></con:configuration></con:assertion><con:assertion type="SOAP Response" name="Copy of SOAP Response" id="292c2ed8-829e-4c8c-bddf-b97eab4967ab"/><con:assertion type="Simple NotContains" name="Not Contains invalid login" id="2f84c8f6-e369-4a7d-9868-3e531e44df22"><con:configuration><token>&lt;message xsi:type="xsd:string">Invalid login.&lt;/message></token><ignoreCase>false</ignoreCase><useRegEx>false</useRegEx></con:configuration></con:assertion><con:assertion type="Simple NotContains" name="Not Contains no username/password" id="61b6ebe8-362c-49d7-901e-8a545dd83d39"><con:configuration><token>&lt;message xsi:type="xsd:string">You did not provide a password to the Web Service.  You must specify the password and username as HTTP BASIC authentication to the service&lt;/message></token><ignoreCase>false</ignoreCase><useRegEx>false</useRegEx></con:configuration></con:assertion><con:credentials><con:username xsi:nil="true"/><con:password xsi:nil="true"/><con:domain xsi:nil="true"/><con:authType>No Authorization</con:authType></con:credentials><con:jmsConfig JMSDeliveryMode="PERSISTENT"/><con:jmsPropertyConfig/><con:wsaConfig mustUnderstand="NONE" version="200508"/><con:wsrmConfig version="1.2"/></con:request></con:config></con:testStep><con:testStep type="request" name="getApptsReqByCriteria - invalid crit" id="e674bcb2-7020-4197-8e1c-09cf2034b774"><con:settings/><con:config xsi:type="con:RequestStep" xmlns:xsi="http://www.w3.org/2001/XMLSchema-instance"><con:interface>medfusionSoapBinding</con:interface><con:operation>getApptReqsByCriteria</con:operation><con:request name="getApptsReqByCriteria - invalid crit" id="f54a53c3-2bb4-4cbb-9ba3-37b07ac7f3f5" outgoingWss="" incomingWss=""><con:settings><con:setting id="com.eviware.soapui.impl.wsdl.WsdlRequest@request-headers">&lt;entry key="Authorization" value="Basic VGVqb3JhVGVzdFNpdGVmb3JXU0RLMjE2MzY6cldHY091b01Cemxxc1lQYU9YRlU=" xmlns="http://eviware.com/soapui/config"/></con:setting></con:settings><con:encoding>UTF-8</con:encoding><con:endpoint>http://dev3-portal-wicket01.mf.qhg.local:8080/webservices/services/medfusion?wsdl</con:endpoint><con:request><![CDATA[<soapenv:Envelope xmlns:xsi="http://www.w3.org/2001/XMLSchema-instance" xmlns:xsd="http://www.w3.org/2001/XMLSchema" xmlns:soapenv="http://schemas.xmlsoap.org/soap/envelope/" xmlns:urn="urn:Medfusion" xmlns:soapenc="http://schemas.xmlsoap.org/soap/encoding/">
   <soapenv:Header/>
   <soapenv:Body>
      <urn:getApptReqsByCriteria soapenv:encodingStyle="http://schemas.xmlsoap.org/soap/encoding/">
         <in0 xsi:type="xsd:int" xs:type="type:int" xmlns:xs="http://www.w3.org/2000/XMLSchema-instance">bvc</in0>
         <in1 xsi:type="urn:ArrayOf_tns4_Criteria" soapenc:arrayType="quer:Criteria[]" xmlns:quer="http://query.common.webservices.integrations.medfusion.net"/>
      </urn:getApptReqsByCriteria>
   </soapenv:Body>
</soapenv:Envelope>]]></con:request><con:assertion type="SOAP Response" id="a047b8d5-35ab-4cd0-91f2-74b1bf8e19c0"/><con:assertion type="Simple Contains" name="Contains NumberFormatException" id="21cb5167-2c1c-421a-bccc-da7c198809fc"><con:configuration><token>&lt;faultstring>java.lang.NumberFormatException: For input string:</token><ignoreCase>false</ignoreCase><useRegEx>false</useRegEx></con:configuration></con:assertion><con:credentials><con:username xsi:nil="true"/><con:password xsi:nil="true"/><con:domain xsi:nil="true"/><con:authType>No Authorization</con:authType></con:credentials><con:jmsConfig JMSDeliveryMode="PERSISTENT"/><con:jmsPropertyConfig/><con:wsaConfig mustUnderstand="NONE" version="200508"/><con:wsrmConfig version="1.2"/></con:request></con:config></con:testStep><con:properties><con:property><con:name>Username</con:name><con:value>TejoraTestSiteforWSDK21636</con:value></con:property><con:property><con:name>Password</con:name><con:value>rWGcOuoMBzlqsYPaOXFU</con:value></con:property></con:properties><con:reportParameters/></con:testCase><con:testCase failOnError="true" failTestCaseOnErrors="true" keepSession="false" maxResults="0" name="getCommsByCriteria TestCase" searchProperties="true" id="b7716bc7-a450-4424-8e3a-b59cbb1052f1"><con:settings/><con:testStep type="request" name="getCommsByCriteria" id="d1c6a893-2669-433e-a587-c17298b21734"><con:settings/><con:config xsi:type="con:RequestStep" xmlns:xsi="http://www.w3.org/2001/XMLSchema-instance"><con:interface>medfusionSoapBinding</con:interface><con:operation>getCommsByCriteria</con:operation><con:request name="getCommsByCriteria" outgoingWss="" incomingWss="" id="5e0980d8-aea7-4e25-970a-fc15b0f9eb41"><con:settings><con:setting id="com.eviware.soapui.impl.wsdl.WsdlRequest@request-headers">&lt;entry key="Authorization" value="Basic SUhHQ29ubmVjdGh1YjIwOTcxOklPSVRwT1lKT2g1UTZLd2JUVDdv" xmlns="http://eviware.com/soapui/config"/></con:setting></con:settings><con:encoding>UTF-8</con:encoding><con:endpoint>http://dev3-portal-wicket01.mf.qhg.local:8080/webservices/services/medfusion?wsdl</con:endpoint><con:request><![CDATA[<soapenv:Envelope xmlns:xsi="http://www.w3.org/2001/XMLSchema-instance" xmlns:xsd="http://www.w3.org/2001/XMLSchema" xmlns:soapenv="http://schemas.xmlsoap.org/soap/envelope/" xmlns:urn="urn:Medfusion" xmlns:soapenc="http://schemas.xmlsoap.org/soap/encoding/" xmlns:soap="http://schemas.xmlsoap.org/soap/envelope/" xmlns:tns="urn:Medfusion" xmlns:types="urn:Medfusion/encodedTypes">
   <soapenv:Header/>
   <soapenv:Body soap:encodingStyle="http://schemas.xmlsoap.org/soap/encoding/">
      <urn:getCommsByCriteria soapenv:encodingStyle="http://schemas.xmlsoap.org/soap/encoding/">
         <in0 xsi:type="xsd:int" xs:type="type:int" xmlns:xs="http://www.w3.org/2000/XMLSchema-instance">20971</in0>
         <in1 xsi:type="urn:ArrayOf_tns4_Criteria" soapenc:arrayType="quer:Criteria[]" href="#id1" xmlns:quer="http://query.common.webservices.integrations.medfusion.net"/>
      </urn:getCommsByCriteria>
   </soapenv:Body>
</soapenv:Envelope>]]></con:request><con:assertion type="SOAP Response" name="SOAP Response" id="20e854fc-2617-4eaf-8d4d-1f5c54d0aa63"/><con:assertion type="Simple NotContains" name="Not Contains invalid login" id="302e2235-d093-4105-b5c2-2f90d33df71d"><con:configuration><token>&lt;message xsi:type="xsd:string">Invalid login.&lt;/message></token><ignoreCase>false</ignoreCase><useRegEx>false</useRegEx></con:configuration></con:assertion><con:assertion type="Simple NotContains" name="Not Contains no username/password" id="d4002365-f2e3-4bd3-9dc4-923b5250e1d4"><con:configuration><token>&lt;message xsi:type="xsd:string">You did not provide a password to the Web Service.  You must specify the password and username as HTTP BASIC authentication to the service&lt;/message></token><ignoreCase>false</ignoreCase><useRegEx>false</useRegEx></con:configuration></con:assertion><con:assertion type="Simple Contains" name="Contains getCommsByCriteriaResponse" id="c8747d2b-ffae-4a96-9136-513125ce9117"><con:configuration><token>&lt;ns1:getCommsByCriteriaResponse soapenv</token><ignoreCase>false</ignoreCase><useRegEx>false</useRegEx></con:configuration></con:assertion><con:credentials><con:username xsi:nil="true"/><con:password xsi:nil="true"/><con:domain xsi:nil="true"/><con:authType>No Authorization</con:authType></con:credentials><con:jmsConfig JMSDeliveryMode="PERSISTENT"/><con:jmsPropertyConfig/><con:wsaConfig action="urn:Medfusion/Medfusion/getCommsByCriteriaRequest" mustUnderstand="NONE" version="200508"/><con:wsrmConfig version="1.2"/></con:request></con:config></con:testStep><con:testStep type="request" name="getCommsByCriteria - no crit" id="e6655406-4948-46fd-b978-f8b909c5b9f9"><con:settings/><con:config xsi:type="con:RequestStep" xmlns:xsi="http://www.w3.org/2001/XMLSchema-instance"><con:interface>medfusionSoapBinding</con:interface><con:operation>getCommsByCriteria</con:operation><con:request name="getCommsByCriteria - no crit" outgoingWss="" incomingWss="" id="2f7c65ce-2a3b-4c56-a815-4fdb59793ba7"><con:settings><con:setting id="com.eviware.soapui.impl.wsdl.WsdlRequest@request-headers">&lt;entry key="Authorization" value="Basic SUhHQ29ubmVjdGh1YjIwOTcxOklPSVRwT1lKT2g1UTZLd2JUVDdv" xmlns="http://eviware.com/soapui/config"/></con:setting></con:settings><con:encoding>UTF-8</con:encoding><con:endpoint>http://dev3-portal-wicket01.mf.qhg.local:8080/webservices/services/medfusion?wsdl</con:endpoint><con:request><![CDATA[<soap:Envelope xmlns:soap="http://schemas.xmlsoap.org/soap/envelope/" xmlns:soapenc="http://schemas.xmlsoap.org/soap/encoding/" xmlns:tns="urn:Medfusion" xmlns:types="urn:Medfusion/encodedTypes" xmlns:xsd="http://www.w3.org/2001/XMLSchema" xmlns:xsi="http://www.w3.org/2001/XMLSchema-instance">
   <soap:Body soap:encodingStyle="http://schemas.xmlsoap.org/soap/encoding/">
      <tns:getCommsByCriteria>
         <in0 xsi:type="xsd:int" xs:type="type:int" xmlns:xs="http://www.w3.org/2000/XMLSchema-instance"/>
         <in1 href="#id1"/>
      </tns:getCommsByCriteria>
      <soapenc:Array id="id1" soapenc:arrayType="q1:Criteria[2]" xmlns:q1="http://query.common.webservices.integrations.medfusion.net">
         <Item href="#id2"/>
         <Item href="#id3"/>
      </soapenc:Array>
      <q2:Criteria id="id2" xsi:type="q2:Criteria" xmlns:q2="http://query.common.webservices.integrations.medfusion.net">
         <fieldName xsi:type="xsd:string">commPracticeId</fieldName>
         <fieldValue xsi:type="xsd:int">20971</fieldValue>
         <operation xsi:type="xsd:int">1</operation>
         <operationCaseSensitive xsi:type="xsd:boolean">false</operationCaseSensitive>
      </q2:Criteria>
      <q3:Criteria id="id3" xsi:type="q3:Criteria" xmlns:q3="http://query.common.webservices.integrations.medfusion.net">
         <fieldName xsi:type="xsd:string">commCreationDate</fieldName>
         <fieldValue xsi:type="xsd:dateTime">2014-02-17T18:43:17</fieldValue>
         <operation xsi:type="xsd:int">3</operation>
         <operationCaseSensitive xsi:type="xsd:boolean">false</operationCaseSensitive>
      </q3:Criteria>
   </soap:Body>
</soap:Envelope>]]></con:request><con:assertion type="SOAP Response" name="SOAP Response" id="a39904b7-804e-4400-9386-6a15079a4fda"/><con:assertion type="Simple NotContains" name="Not Contains invalid login" id="794bf534-d83a-4fc6-aa51-82981744bb38"><con:configuration><token>&lt;message xsi:type="xsd:string">Invalid login.&lt;/message></token><ignoreCase>false</ignoreCase><useRegEx>false</useRegEx></con:configuration></con:assertion><con:assertion type="Simple NotContains" name="Not Contains no username/password" id="2be6db02-3a5f-41f8-8bfa-a61ca479ccf4"><con:configuration><token>&lt;message xsi:type="xsd:string">You did not provide a password to the Web Service.  You must specify the password and username as HTTP BASIC authentication to the service&lt;/message></token><ignoreCase>false</ignoreCase><useRegEx>false</useRegEx></con:configuration></con:assertion><con:assertion type="Simple Contains" name="Contains faultstring" id="eebe68eb-80b7-47dd-87a6-6b6b515cce22"><con:configuration><token>&lt;faultstring>No such operation 'getCommsByCriteria'&lt;/faultstring></token><ignoreCase>false</ignoreCase><useRegEx>false</useRegEx></con:configuration></con:assertion><con:credentials><con:username xsi:nil="true"/><con:password xsi:nil="true"/><con:domain xsi:nil="true"/><con:authType>No Authorization</con:authType></con:credentials><con:jmsConfig JMSDeliveryMode="PERSISTENT"/><con:jmsPropertyConfig/><con:wsaConfig action="urn:Medfusion/Medfusion/getCommsByCriteriaRequest" mustUnderstand="NONE" version="200508"/><con:wsrmConfig version="1.2"/></con:request></con:config></con:testStep><con:testStep type="request" name="getCommsByCriteria - invalid crit" id="e4e785d0-a399-4665-a732-04b147c52345"><con:settings/><con:config xsi:type="con:RequestStep" xmlns:xsi="http://www.w3.org/2001/XMLSchema-instance"><con:interface>medfusionSoapBinding</con:interface><con:operation>getCommsByCriteria</con:operation><con:request name="getCommsByCriteria - invalid crit" outgoingWss="" incomingWss="" id="c1f4b73f-3eaf-4c0c-b77b-fbc9cc4aeef8"><con:settings><con:setting id="com.eviware.soapui.impl.wsdl.WsdlRequest@request-headers">&lt;entry key="Authorization" value="Basic SUhHQ29ubmVjdGh1YjIwOTcxOklPSVRwT1lKT2g1UTZLd2JUVDdv" xmlns="http://eviware.com/soapui/config"/></con:setting></con:settings><con:encoding>UTF-8</con:encoding><con:endpoint>http://dev3-portal-wicket01.mf.qhg.local:8080/webservices/services/medfusion?wsdl</con:endpoint><con:request><![CDATA[<soap:Envelope xmlns:soap="http://schemas.xmlsoap.org/soap/envelope/" xmlns:soapenc="http://schemas.xmlsoap.org/soap/encoding/" xmlns:tns="urn:Medfusion" xmlns:types="urn:Medfusion/encodedTypes" xmlns:xsd="http://www.w3.org/2001/XMLSchema" xmlns:xsi="http://www.w3.org/2001/XMLSchema-instance">
   <soap:Body soap:encodingStyle="http://schemas.xmlsoap.org/soap/encoding/">
      <tns:getCommsByCriteria>
         <in0 xsi:type="xsd:int" xs:type="type:int" xmlns:xs="http://www.w3.org/2000/XMLSchema-instance">err</in0>
         <in1 href="#id1"/>
      </tns:getCommsByCriteria>
      <soapenc:Array id="id1" soapenc:arrayType="q1:Criteria[2]" xmlns:q1="http://query.common.webservices.integrations.medfusion.net">
         <Item href="#id2"/>
         <Item href="#id3"/>
      </soapenc:Array>
      <q2:Criteria id="id2" xsi:type="q2:Criteria" xmlns:q2="http://query.common.webservices.integrations.medfusion.net">
         <fieldName xsi:type="xsd:string">commPracticeId</fieldName>
         <fieldValue xsi:type="xsd:int">20971</fieldValue>
         <operation xsi:type="xsd:int">1</operation>
         <operationCaseSensitive xsi:type="xsd:boolean">false</operationCaseSensitive>
      </q2:Criteria>
      <q3:Criteria id="id3" xsi:type="q3:Criteria" xmlns:q3="http://query.common.webservices.integrations.medfusion.net">
         <fieldName xsi:type="xsd:string">commCreationDate</fieldName>
         <fieldValue xsi:type="xsd:dateTime">2014-02-17T18:43:17</fieldValue>
         <operation xsi:type="xsd:int">3</operation>
         <operationCaseSensitive xsi:type="xsd:boolean">false</operationCaseSensitive>
      </q3:Criteria>
   </soap:Body>
</soap:Envelope>]]></con:request><con:assertion type="SOAP Response" name="SOAP Response" id="11dfcd01-15be-49a9-92fa-da3c4f77bcd6"/><con:assertion type="Simple NotContains" name="Not Contains invalid login" id="9137e182-030d-486a-b9fb-0411ed83d0f5"><con:configuration><token>&lt;message xsi:type="xsd:string">Invalid login.&lt;/message></token><ignoreCase>false</ignoreCase><useRegEx>false</useRegEx></con:configuration></con:assertion><con:assertion type="Simple NotContains" name="Not Contains no username/password" id="7fb793b7-f712-4bcf-bfa0-e3dbeff060df"><con:configuration><token>&lt;message xsi:type="xsd:string">You did not provide a password to the Web Service.  You must specify the password and username as HTTP BASIC authentication to the service&lt;/message></token><ignoreCase>false</ignoreCase><useRegEx>false</useRegEx></con:configuration></con:assertion><con:assertion type="Simple Contains" name="Contains NumberFormatException" id="03e89f51-ad77-4e80-9277-d9fbd08cdfda"><con:configuration><token>&lt;faultstring>java.lang.NumberFormatException: For input string:</token><ignoreCase>false</ignoreCase><useRegEx>false</useRegEx></con:configuration></con:assertion><con:credentials><con:username xsi:nil="true"/><con:password xsi:nil="true"/><con:domain xsi:nil="true"/><con:authType>No Authorization</con:authType></con:credentials><con:jmsConfig JMSDeliveryMode="PERSISTENT"/><con:jmsPropertyConfig/><con:wsaConfig action="urn:Medfusion/Medfusion/getCommsByCriteriaRequest" mustUnderstand="NONE" version="200508"/><con:wsrmConfig version="1.2"/></con:request></con:config></con:testStep><con:properties><con:property><con:name>Username</con:name><con:value>IHGConnecthub20971</con:value></con:property><con:property><con:name>Password</con:name><con:value>IOITpOYJOh5Q6KwbTT7o</con:value></con:property></con:properties><con:reportParameters/></con:testCase><con:testCase failOnError="true" failTestCaseOnErrors="true" keepSession="false" maxResults="0" name="getCustomFormForMemberIdAndFormId TestCase" searchProperties="true" id="271f85a6-dc7c-4d66-ad46-ff72a329ff7a"><con:settings/><con:testStep type="request" name="getCustomFormForMemberIdAndFormId" id="c47c762b-6742-4563-a4ea-f155dcf01ae5"><con:settings/><con:config xsi:type="con:RequestStep" xmlns:xsi="http://www.w3.org/2001/XMLSchema-instance"><con:interface>medfusionSoapBinding</con:interface><con:operation>getCustomFormForMemberIdAndFormId</con:operation><con:request name="getCustomFormForMemberIdAndFormId" outgoingWss="" incomingWss="" id="c5fcfa57-b543-4ced-a22d-f43581610547"><con:settings><con:setting id="com.eviware.soapui.impl.wsdl.WsdlRequest@request-headers">&lt;entry key="Authorization" value="Basic SUhHQ29ubmVjdGh1YjIwOTcxOklPSVRwT1lKT2g1UTZLd2JUVDdv" xmlns="http://eviware.com/soapui/config"/></con:setting></con:settings><con:encoding>UTF-8</con:encoding><con:endpoint>http://dev3-portal-wicket01.mf.qhg.local:8080/webservices/services/medfusion?wsdl</con:endpoint><con:request><![CDATA[<soap:Envelope xmlns:soap="http://schemas.xmlsoap.org/soap/envelope/" xmlns:soapenc="http://schemas.xmlsoap.org/soap/encoding/" xmlns:tns="urn:Medfusion" xmlns:types="urn:Medfusion/encodedTypes" xmlns:xsd="http://www.w3.org/2001/XMLSchema" xmlns:xsi="http://www.w3.org/2001/XMLSchema-instance">
   <soap:Body soap:encodingStyle="http://schemas.xmlsoap.org/soap/encoding/">
      <tns:getCustomFormForMemberIdAndFormId>
         <in0 xsi:type="xsd:int" xs:type="type:int" xmlns:xs="http://www.w3.org/2000/XMLSchema-instance">20971</in0>
         <in1 xsi:type="xsd:int" xs:type="type:int" xmlns:xs="http://www.w3.org/2000/XMLSchema-instance">48229</in1>
         <in2 xsi:type="xsd:int" xs:type="type:int" xmlns:xs="http://www.w3.org/2000/XMLSchema-instance">1019474</in2>
         <in3 xsi:type="xsi:boolean" xs:type="type:boolean" xmlns:xs="http://www.w3.org/2000/XMLSchema-instance">false</in3>
      </tns:getCustomFormForMemberIdAndFormId>
   </soap:Body>
</soap:Envelope>]]></con:request><con:assertion type="SOAP Response" name="SOAP Response" id="97da8085-bbfd-486d-a850-3a5de5554504"/><con:assertion type="Simple NotContains" name="Not Contains invalid login" id="dc5136c2-9742-4238-bb16-e76bd61111a2"><con:configuration><token>&lt;message xsi:type="xsd:string">Invalid login.&lt;/message></token><ignoreCase>false</ignoreCase><useRegEx>false</useRegEx></con:configuration></con:assertion><con:assertion type="Simple NotContains" name="Not Contains no username/password" id="bab3f7b1-a2d1-444f-b0ba-6bdd8aeee029"><con:configuration><token>&lt;message xsi:type="xsd:string">You did not provide a password to the Web Service.  You must specify the password and username as HTTP BASIC authentication to the service&lt;/message></token><ignoreCase>false</ignoreCase><useRegEx>false</useRegEx></con:configuration></con:assertion><con:assertion type="Simple Contains" name="Contains getCustomFormForMemberIdAndFormIdResponse" id="9819dcea-0c00-4bbf-aaa4-b4f68e97fd6a"><con:configuration><token>&lt;ns1:getCustomFormForMemberIdAndFormIdResponse soapenv</token><ignoreCase>false</ignoreCase><useRegEx>false</useRegEx></con:configuration></con:assertion><con:credentials><con:username xsi:nil="true"/><con:password xsi:nil="true"/><con:domain xsi:nil="true"/><con:authType>No Authorization</con:authType></con:credentials><con:jmsConfig JMSDeliveryMode="PERSISTENT"/><con:jmsPropertyConfig/><con:wsaConfig action="urn:Medfusion/Medfusion/getCustomFormForMemberIdAndFormIdRequest" mustUnderstand="NONE" version="200508"/><con:wsrmConfig version="1.2"/></con:request></con:config></con:testStep><con:testStep type="request" name="getCustomFormForMemberIdAndFormId - no crit" id="6a572bac-62ef-45d3-a304-1ffe91c57f69"><con:settings/><con:config xsi:type="con:RequestStep" xmlns:xsi="http://www.w3.org/2001/XMLSchema-instance"><con:interface>medfusionSoapBinding</con:interface><con:operation>getCustomFormForMemberIdAndFormId</con:operation><con:request name="getCustomFormForMemberIdAndFormId - no crit" outgoingWss="" incomingWss="" id="5772b813-9777-4261-922d-c58a084f0f84"><con:settings><con:setting id="com.eviware.soapui.impl.wsdl.WsdlRequest@request-headers">&lt;entry key="Authorization" value="Basic SUhHQ29ubmVjdGh1YjIwOTcxOklPSVRwT1lKT2g1UTZLd2JUVDdv" xmlns="http://eviware.com/soapui/config"/></con:setting></con:settings><con:encoding>UTF-8</con:encoding><con:endpoint>http://dev3-portal-wicket01.mf.qhg.local:8080/webservices/services/medfusion?wsdl</con:endpoint><con:request><![CDATA[<soap:Envelope xmlns:soap="http://schemas.xmlsoap.org/soap/envelope/" xmlns:soapenc="http://schemas.xmlsoap.org/soap/encoding/" xmlns:tns="urn:Medfusion" xmlns:types="urn:Medfusion/encodedTypes" xmlns:xsd="http://www.w3.org/2001/XMLSchema" xmlns:xsi="http://www.w3.org/2001/XMLSchema-instance">
   <soap:Body soap:encodingStyle="http://schemas.xmlsoap.org/soap/encoding/">
      <tns:getCustomFormForMemberIdAndFormId>
         <in0 xsi:type="xsd:int" xs:type="type:int" xmlns:xs="http://www.w3.org/2000/XMLSchema-instance"/>
         <in1 xsi:type="xsd:int" xs:type="type:int" xmlns:xs="http://www.w3.org/2000/XMLSchema-instance"/>
         <in2 xsi:type="xsd:int" xs:type="type:int" xmlns:xs="http://www.w3.org/2000/XMLSchema-instance"/>
         <in3 xsi:type="xsi:boolean" xs:type="type:boolean" xmlns:xs="http://www.w3.org/2000/XMLSchema-instance">false</in3>
      </tns:getCustomFormForMemberIdAndFormId>
   </soap:Body>
</soap:Envelope>]]></con:request><con:assertion type="SOAP Response" name="SOAP Response" id="c9379fa3-78f3-4d2f-92a6-42bccaedfda3"/><con:assertion type="Simple NotContains" name="Not Contains invalid login" id="7179a4eb-dc88-4eea-bd6d-faef62efa5b4"><con:configuration><token>&lt;message xsi:type="xsd:string">Invalid login.&lt;/message></token><ignoreCase>false</ignoreCase><useRegEx>false</useRegEx></con:configuration></con:assertion><con:assertion type="Simple NotContains" name="Not Contains no username/password" id="583f36f8-d50a-4e7b-856f-c1d3fb6ecf2c"><con:configuration><token>&lt;message xsi:type="xsd:string">You did not provide a password to the Web Service.  You must specify the password and username as HTTP BASIC authentication to the service&lt;/message></token><ignoreCase>false</ignoreCase><useRegEx>false</useRegEx></con:configuration></con:assertion><con:assertion type="Simple Contains" name="Contains faultstring" id="566590d4-1063-41ea-8790-97fa500e0732"><con:configuration><token>&lt;faultstring>No such operation 'getCustomFormForMemberIdAndFormId'&lt;/faultstring></token><ignoreCase>false</ignoreCase><useRegEx>false</useRegEx></con:configuration></con:assertion><con:credentials><con:username xsi:nil="true"/><con:password xsi:nil="true"/><con:domain xsi:nil="true"/><con:authType>No Authorization</con:authType></con:credentials><con:jmsConfig JMSDeliveryMode="PERSISTENT"/><con:jmsPropertyConfig/><con:wsaConfig action="urn:Medfusion/Medfusion/getCustomFormForMemberIdAndFormIdRequest" mustUnderstand="NONE" version="200508"/><con:wsrmConfig version="1.2"/></con:request></con:config></con:testStep><con:testStep type="request" name="getCustomFormForMemberIdAndFormId - invalid crit" id="f066e104-9cd9-4168-9c14-6f3916813119"><con:settings/><con:config xsi:type="con:RequestStep" xmlns:xsi="http://www.w3.org/2001/XMLSchema-instance"><con:interface>medfusionSoapBinding</con:interface><con:operation>getCustomFormForMemberIdAndFormId</con:operation><con:request name="getCustomFormForMemberIdAndFormId - invalid crit" outgoingWss="" incomingWss="" id="b878408c-b5d4-4d36-a7cd-7c6adf94d165"><con:settings><con:setting id="com.eviware.soapui.impl.wsdl.WsdlRequest@request-headers">&lt;entry key="Authorization" value="Basic SUhHQ29ubmVjdGh1YjIwOTcxOklPSVRwT1lKT2g1UTZLd2JUVDdv" xmlns="http://eviware.com/soapui/config"/></con:setting></con:settings><con:encoding>UTF-8</con:encoding><con:endpoint>http://dev3-portal-wicket01.mf.qhg.local:8080/webservices/services/medfusion?wsdl</con:endpoint><con:request><![CDATA[<soap:Envelope xmlns:soap="http://schemas.xmlsoap.org/soap/envelope/" xmlns:soapenc="http://schemas.xmlsoap.org/soap/encoding/" xmlns:tns="urn:Medfusion" xmlns:types="urn:Medfusion/encodedTypes" xmlns:xsd="http://www.w3.org/2001/XMLSchema" xmlns:xsi="http://www.w3.org/2001/XMLSchema-instance">
   <soap:Body soap:encodingStyle="http://schemas.xmlsoap.org/soap/encoding/">
      <tns:getCustomFormForMemberIdAndFormId>
         <in0 xsi:type="xsd:int" xs:type="type:int" xmlns:xs="http://www.w3.org/2000/XMLSchema-instance">1</in0>
         <in1 xsi:type="xsd:int" xs:type="type:int" xmlns:xs="http://www.w3.org/2000/XMLSchema-instance">err2</in1>
         <in2 xsi:type="xsd:int" xs:type="type:int" xmlns:xs="http://www.w3.org/2000/XMLSchema-instance">err3</in2>
         <in3 xsi:type="xsi:boolean" xs:type="type:boolean" xmlns:xs="http://www.w3.org/2000/XMLSchema-instance">false</in3>
      </tns:getCustomFormForMemberIdAndFormId>
   </soap:Body>
</soap:Envelope>]]></con:request><con:assertion type="SOAP Response" name="SOAP Response" id="fe659da8-34c2-4d3b-93df-02761eae3365"/><con:assertion type="Simple NotContains" name="Not Contains invalid login" id="1c470a69-6e99-4c26-9d2b-b8300adf9499"><con:configuration><token>&lt;message xsi:type="xsd:string">Invalid login.&lt;/message></token><ignoreCase>false</ignoreCase><useRegEx>false</useRegEx></con:configuration></con:assertion><con:assertion type="Simple NotContains" name="Not Contains no username/password" id="38acddda-585e-4c44-b5ac-32f2394f2a94"><con:configuration><token>&lt;message xsi:type="xsd:string">You did not provide a password to the Web Service.  You must specify the password and username as HTTP BASIC authentication to the service&lt;/message></token><ignoreCase>false</ignoreCase><useRegEx>false</useRegEx></con:configuration></con:assertion><con:assertion type="Simple Contains" name="Contains NumberFormatException" id="3779e583-d516-4409-8f36-693f7b38219d"><con:configuration><token>&lt;faultstring>java.lang.NumberFormatException: For input string:</token><ignoreCase>false</ignoreCase><useRegEx>false</useRegEx></con:configuration></con:assertion><con:credentials><con:username xsi:nil="true"/><con:password xsi:nil="true"/><con:domain xsi:nil="true"/><con:authType>No Authorization</con:authType></con:credentials><con:jmsConfig JMSDeliveryMode="PERSISTENT"/><con:jmsPropertyConfig/><con:wsaConfig action="urn:Medfusion/Medfusion/getCustomFormForMemberIdAndFormIdRequest" mustUnderstand="NONE" version="200508"/><con:wsrmConfig version="1.2"/></con:request></con:config></con:testStep><con:properties><con:property><con:name>Username</con:name><con:value>IHGConnecthub20971</con:value></con:property><con:property><con:name>Password</con:name><con:value>IOITpOYJOh5Q6KwbTT7o</con:value></con:property></con:properties><con:reportParameters/></con:testCase><con:testCase failOnError="true" failTestCaseOnErrors="true" keepSession="false" maxResults="0" name="getCustomFormsByCriteria TestCase" searchProperties="true" id="3a873f0f-73fe-4e7c-961e-924ce2f6a337"><con:settings/><con:testStep type="request" name="getCustomFormsByCriteria" id="126bf9c6-479c-4199-a840-84db7927d1d3"><con:settings/><con:config xsi:type="con:RequestStep" xmlns:xsi="http://www.w3.org/2001/XMLSchema-instance"><con:interface>medfusionSoapBinding</con:interface><con:operation>getCustomFormsByCriteria</con:operation><con:request name="getCustomFormsByCriteria" outgoingWss="" incomingWss="" id="2270d85d-94fa-4440-aca0-cec153672e29"><con:settings><con:setting id="com.eviware.soapui.impl.wsdl.WsdlRequest@request-headers">&lt;entry key="Authorization" value="Basic SUhHQ29ubmVjdGh1YjIwOTcxOklPSVRwT1lKT2g1UTZLd2JUVDdv" xmlns="http://eviware.com/soapui/config"/></con:setting></con:settings><con:encoding>UTF-8</con:encoding><con:endpoint>http://dev3-portal-wicket01.mf.qhg.local:8080/webservices/services/medfusion?wsdl</con:endpoint><con:request><![CDATA[<soap:Envelope xmlns:soap="http://schemas.xmlsoap.org/soap/envelope/" xmlns:soapenc="http://schemas.xmlsoap.org/soap/encoding/" xmlns:tns="urn:Medfusion" xmlns:types="urn:Medfusion/encodedTypes" xmlns:xsd="http://www.w3.org/2001/XMLSchema" xmlns:xsi="http://www.w3.org/2001/XMLSchema-instance">
   <soap:Body soap:encodingStyle="http://schemas.xmlsoap.org/soap/encoding/">
      <tns:getCustomFormsByCriteria>
         <in0 xsi:type="xsd:int" xs:type="type:int" xmlns:xs="http://www.w3.org/2000/XMLSchema-instance">20971</in0>
         <in1 href="#id1"/>
         <in2 xsi:type="xsi:boolean">false</in2>
      </tns:getCustomFormsByCriteria>
      <soapenc:Array id="id1" soapenc:arrayType="q1:Criteria[2]" xmlns:q1="http://query.common.webservices.integrations.medfusion.net">
         <Item href="#id2"/>
         <Item href="#id3"/>
      </soapenc:Array>
      <q2:Criteria id="id2" xsi:type="q2:Criteria" xmlns:q2="http://query.common.webservices.integrations.medfusion.net">
         <fieldName xsi:type="xsd:string">customFormPracticeId</fieldName>
         <fieldValue xsi:type="xsd:int">20971</fieldValue>
         <operation xsi:type="xsd:int">1</operation>
         <operationCaseSensitive xsi:type="xsd:boolean">false</operationCaseSensitive>
      </q2:Criteria>
      <q3:Criteria id="id3" xsi:type="q3:Criteria" xmlns:q3="http://query.common.webservices.integrations.medfusion.net">
         <fieldName xsi:type="xsd:string">customFormCompletedDate</fieldName>
         <fieldValue xsi:type="xsd:dateTime">2013-12-01T00:00:00</fieldValue>
         <operation xsi:type="xsd:int">3</operation>
         <operationCaseSensitive xsi:type="xsd:boolean">false</operationCaseSensitive>
      </q3:Criteria>
   </soap:Body>
</soap:Envelope>]]></con:request><con:assertion type="SOAP Response" name="SOAP Response" id="d24a4a5c-cda8-427e-a7f3-156d25158f1e"/><con:assertion type="Simple NotContains" name="Not Contains invalid login" id="8f138d10-7ab5-436e-a335-8b1abad1df08"><con:configuration><token>&lt;message xsi:type="xsd:string">Invalid login.&lt;/message></token><ignoreCase>false</ignoreCase><useRegEx>false</useRegEx></con:configuration></con:assertion><con:assertion type="Simple NotContains" name="Not Contains no username/password" id="53af2825-88f4-4877-a1db-58fbd9b93e88"><con:configuration><token>&lt;message xsi:type="xsd:string">You did not provide a password to the Web Service.  You must specify the password and username as HTTP BASIC authentication to the service&lt;/message></token><ignoreCase>false</ignoreCase><useRegEx>false</useRegEx></con:configuration></con:assertion><con:assertion type="Simple Contains" name="Contains getCustomFormsByCriteriaReturn" id="093e657c-623a-4b2c-bb0a-940c7594b361"><con:configuration><token>&lt;getCustomFormsByCriteriaReturn soapenc:arrayType="ns2:CustomForm</token><ignoreCase>false</ignoreCase><useRegEx>false</useRegEx></con:configuration></con:assertion><con:credentials><con:username xsi:nil="true"/><con:password xsi:nil="true"/><con:domain xsi:nil="true"/><con:authType>No Authorization</con:authType></con:credentials><con:jmsConfig JMSDeliveryMode="PERSISTENT"/><con:jmsPropertyConfig/><con:wsaConfig mustUnderstand="NONE" version="200508"/><con:wsrmConfig version="1.2"/></con:request></con:config></con:testStep><con:testStep type="request" name="getCustomFormsByCriteria - no crit" id="15c3fc89-395e-47ab-9c47-a05207cc0ee5"><con:settings/><con:config xsi:type="con:RequestStep" xmlns:xsi="http://www.w3.org/2001/XMLSchema-instance"><con:interface>medfusionSoapBinding</con:interface><con:operation>getCustomFormsByCriteria</con:operation><con:request name="getCustomFormsByCriteria - no crit" outgoingWss="" incomingWss="" id="5d01c1cd-9e84-4e0e-94fe-f00a4710f834"><con:settings><con:setting id="com.eviware.soapui.impl.wsdl.WsdlRequest@request-headers">&lt;entry key="Authorization" value="Basic SUhHQ29ubmVjdGh1YjIwOTcxOklPSVRwT1lKT2g1UTZLd2JUVDdv" xmlns="http://eviware.com/soapui/config"/></con:setting></con:settings><con:encoding>UTF-8</con:encoding><con:endpoint>http://dev3-portal-wicket01.mf.qhg.local:8080/webservices/services/medfusion?wsdl</con:endpoint><con:request><![CDATA[<soap:Envelope xmlns:soap="http://schemas.xmlsoap.org/soap/envelope/" xmlns:soapenc="http://schemas.xmlsoap.org/soap/encoding/" xmlns:tns="urn:Medfusion" xmlns:types="urn:Medfusion/encodedTypes" xmlns:xsd="http://www.w3.org/2001/XMLSchema" xmlns:xsi="http://www.w3.org/2001/XMLSchema-instance">
   <soap:Body soap:encodingStyle="http://schemas.xmlsoap.org/soap/encoding/">
      <tns:getCustomFormsByCriteria>
         <in0 xsi:type="xsd:int" xs:type="type:int" xmlns:xs="http://www.w3.org/2000/XMLSchema-instance"/>
         <in1 href="#id1"/>
         <in2 xsi:type="xsi:boolean">false</in2>
      </tns:getCustomFormsByCriteria>
      <soapenc:Array id="id1" soapenc:arrayType="q1:Criteria[2]" xmlns:q1="http://query.common.webservices.integrations.medfusion.net">
         <Item href="#id2"/>
         <Item href="#id3"/>
      </soapenc:Array>
      <q2:Criteria id="id2" xsi:type="q2:Criteria" xmlns:q2="http://query.common.webservices.integrations.medfusion.net">
         <fieldName xsi:type="xsd:string">customFormPracticeId</fieldName>
         <fieldValue xsi:type="xsd:int">20971</fieldValue>
         <operation xsi:type="xsd:int">1</operation>
         <operationCaseSensitive xsi:type="xsd:boolean">false</operationCaseSensitive>
      </q2:Criteria>
      <q3:Criteria id="id3" xsi:type="q3:Criteria" xmlns:q3="http://query.common.webservices.integrations.medfusion.net">
         <fieldName xsi:type="xsd:string">customFormCompletedDate</fieldName>
         <fieldValue xsi:type="xsd:dateTime">2013-12-01T00:00:00</fieldValue>
         <operation xsi:type="xsd:int">3</operation>
         <operationCaseSensitive xsi:type="xsd:boolean">false</operationCaseSensitive>
      </q3:Criteria>
   </soap:Body>
</soap:Envelope>]]></con:request><con:assertion type="SOAP Response" name="SOAP Response" id="2bae3565-2db5-4e53-9d2d-53950c4f1624"/><con:assertion type="Simple NotContains" name="Not Contains invalid login" id="02316455-6f21-4be0-86c3-289e276b4edc"><con:configuration><token>&lt;message xsi:type="xsd:string">Invalid login.&lt;/message></token><ignoreCase>false</ignoreCase><useRegEx>false</useRegEx></con:configuration></con:assertion><con:assertion type="Simple NotContains" name="Not Contains no username/password" id="1f056534-bb5d-4330-9c35-d2bdefd792a1"><con:configuration><token>&lt;message xsi:type="xsd:string">You did not provide a password to the Web Service.  You must specify the password and username as HTTP BASIC authentication to the service&lt;/message></token><ignoreCase>false</ignoreCase><useRegEx>false</useRegEx></con:configuration></con:assertion><con:assertion type="Simple Contains" name="Contains getCustomFormsByCriteriaReturn" id="ffcfbee2-29e0-44f8-aeb6-4b5f26488254"><con:configuration><token>&lt;faultstring>No such operation 'getCustomFormsByCriteria'&lt;/faultstring></token><ignoreCase>false</ignoreCase><useRegEx>false</useRegEx></con:configuration></con:assertion><con:credentials><con:username xsi:nil="true"/><con:password xsi:nil="true"/><con:domain xsi:nil="true"/><con:authType>No Authorization</con:authType></con:credentials><con:jmsConfig JMSDeliveryMode="PERSISTENT"/><con:jmsPropertyConfig/><con:wsaConfig mustUnderstand="NONE" version="200508"/><con:wsrmConfig version="1.2"/></con:request></con:config></con:testStep><con:testStep type="request" name="getCustomFormsByCriteria - invalid crit" id="c4da4e95-5fcd-4ffa-a595-8996c48ed70c"><con:settings/><con:config xsi:type="con:RequestStep" xmlns:xsi="http://www.w3.org/2001/XMLSchema-instance"><con:interface>medfusionSoapBinding</con:interface><con:operation>getCustomFormsByCriteria</con:operation><con:request name="getCustomFormsByCriteria - invalid crit" outgoingWss="" incomingWss="" id="e7bd2b28-4ef7-4e35-9564-115bee5849aa"><con:settings><con:setting id="com.eviware.soapui.impl.wsdl.WsdlRequest@request-headers">&lt;entry key="Authorization" value="Basic SUhHQ29ubmVjdGh1YjIwOTcxOklPSVRwT1lKT2g1UTZLd2JUVDdv" xmlns="http://eviware.com/soapui/config"/></con:setting></con:settings><con:encoding>UTF-8</con:encoding><con:endpoint>http://dev3-portal-wicket01.mf.qhg.local:8080/webservices/services/medfusion?wsdl</con:endpoint><con:request><![CDATA[<soap:Envelope xmlns:soap="http://schemas.xmlsoap.org/soap/envelope/" xmlns:soapenc="http://schemas.xmlsoap.org/soap/encoding/" xmlns:tns="urn:Medfusion" xmlns:types="urn:Medfusion/encodedTypes" xmlns:xsd="http://www.w3.org/2001/XMLSchema" xmlns:xsi="http://www.w3.org/2001/XMLSchema-instance">
   <soap:Body soap:encodingStyle="http://schemas.xmlsoap.org/soap/encoding/">
      <tns:getCustomFormsByCriteria>
         <in0 xsi:type="xsd:int" xs:type="type:int" xmlns:xs="http://www.w3.org/2000/XMLSchema-instance">deded</in0>
         <in1 href="#id1"/>
         <in2 xsi:type="xsi:boolean">false</in2>
      </tns:getCustomFormsByCriteria>
      <soapenc:Array id="id1" soapenc:arrayType="q1:Criteria[2]" xmlns:q1="http://query.common.webservices.integrations.medfusion.net">
         <Item href="#id2"/>
         <Item href="#id3"/>
      </soapenc:Array>
      <q2:Criteria id="id2" xsi:type="q2:Criteria" xmlns:q2="http://query.common.webservices.integrations.medfusion.net">
         <fieldName xsi:type="xsd:string">customFormPracticeId</fieldName>
         <fieldValue xsi:type="xsd:int">20971</fieldValue>
         <operation xsi:type="xsd:int">1</operation>
         <operationCaseSensitive xsi:type="xsd:boolean">false</operationCaseSensitive>
      </q2:Criteria>
      <q3:Criteria id="id3" xsi:type="q3:Criteria" xmlns:q3="http://query.common.webservices.integrations.medfusion.net">
         <fieldName xsi:type="xsd:string">customFormCompletedDate</fieldName>
         <fieldValue xsi:type="xsd:dateTime">2013-12-01T00:00:00</fieldValue>
         <operation xsi:type="xsd:int">3</operation>
         <operationCaseSensitive xsi:type="xsd:boolean">false</operationCaseSensitive>
      </q3:Criteria>
   </soap:Body>
</soap:Envelope>]]></con:request><con:assertion type="SOAP Response" name="SOAP Response" id="8d5231f9-e8b0-4a45-af8e-92651e080eb8"/><con:assertion type="Simple NotContains" name="Not Contains invalid login" id="731262db-93e8-4c5d-a622-1d1119fa7fc9"><con:configuration><token>&lt;message xsi:type="xsd:string">Invalid login.&lt;/message></token><ignoreCase>false</ignoreCase><useRegEx>false</useRegEx></con:configuration></con:assertion><con:assertion type="Simple NotContains" name="Not Contains no username/password" id="61977520-757e-4731-bb2d-5e65613ca8de"><con:configuration><token>&lt;message xsi:type="xsd:string">You did not provide a password to the Web Service.  You must specify the password and username as HTTP BASIC authentication to the service&lt;/message></token><ignoreCase>false</ignoreCase><useRegEx>false</useRegEx></con:configuration></con:assertion><con:assertion type="Simple Contains" name="Contains getCustomFormsByCriteriaReturn" id="d8e13b68-efb7-4c0b-9d95-b61c94a25e04"><con:configuration><token>&lt;faultstring>java.lang.NumberFormatException: For input string:</token><ignoreCase>false</ignoreCase><useRegEx>false</useRegEx></con:configuration></con:assertion><con:credentials><con:username xsi:nil="true"/><con:password xsi:nil="true"/><con:domain xsi:nil="true"/><con:authType>No Authorization</con:authType></con:credentials><con:jmsConfig JMSDeliveryMode="PERSISTENT"/><con:jmsPropertyConfig/><con:wsaConfig mustUnderstand="NONE" version="200508"/><con:wsrmConfig version="1.2"/></con:request></con:config></con:testStep><con:properties><con:property><con:name>Username</con:name><con:value>IHGConnecthub20971</con:value></con:property><con:property><con:name>Password</con:name><con:value>IOITpOYJOh5Q6KwbTT7o</con:value></con:property></con:properties><con:reportParameters/></con:testCase><con:testCase failOnError="true" failTestCaseOnErrors="true" keepSession="false" maxResults="0" name="getEMsByCriteria TestCase" searchProperties="true" id="b7458609-c2c3-455b-9b3a-3b8fa5bebdaf"><con:settings/><con:testStep type="request" name="getEMsByCriteria" id="67b54c32-e884-47ac-b33b-a873d0c2b646"><con:settings/><con:config xsi:type="con:RequestStep" xmlns:xsi="http://www.w3.org/2001/XMLSchema-instance"><con:interface>medfusionSoapBinding</con:interface><con:operation>getEMsByCriteria</con:operation><con:request name="getEMsByCriteria" outgoingWss="" incomingWss="" id="208ccb8a-d963-4f94-869d-ad9460cb41f4"><con:settings><con:setting id="com.eviware.soapui.impl.wsdl.WsdlRequest@request-headers">&lt;entry key="Authorization" value="Basic SUhHQ29ubmVjdGh1YjIwOTcxOklPSVRwT1lKT2g1UTZLd2JUVDdv" xmlns="http://eviware.com/soapui/config"/></con:setting></con:settings><con:encoding>UTF-8</con:encoding><con:endpoint>http://dev3-portal-wicket01.mf.qhg.local:8080/webservices/services/medfusion?wsdl</con:endpoint><con:request><![CDATA[<soap:Envelope xmlns:soap="http://schemas.xmlsoap.org/soap/envelope/" xmlns:soapenc="http://schemas.xmlsoap.org/soap/encoding/" xmlns:tns="urn:Medfusion" xmlns:types="urn:Medfusion/encodedTypes" xmlns:xsd="http://www.w3.org/2001/XMLSchema" xmlns:xsi="http://www.w3.org/2001/XMLSchema-instance">
   <soap:Body soap:encodingStyle="http://schemas.xmlsoap.org/soap/encoding/">
      <tns:getEMsByCriteria>
         <in0 xsi:type="xsd:int" xs:type="type:int" xmlns:xs="http://www.w3.org/2000/XMLSchema-instance">20971</in0>
         <in1 href="#id1"/>
      </tns:getEMsByCriteria>
      <soapenc:Array id="id1" soapenc:arrayType="q1:Criteria[2]" xmlns:q1="http://query.common.webservices.integrations.medfusion.net">
         <Item href="#id2"/>
         <Item href="#id3"/>
      </soapenc:Array>
      <q2:Criteria id="id2" xsi:type="q2:Criteria" xmlns:q2="http://query.common.webservices.integrations.medfusion.net">
         <fieldName xsi:type="xsd:string">emPracticeId</fieldName>
         <fieldValue xsi:type="xsd:int">20971</fieldValue>
         <operation xsi:type="xsd:int">1</operation>
         <operationCaseSensitive xsi:type="xsd:boolean">false</operationCaseSensitive>
      </q2:Criteria>
      <q3:Criteria id="id3" xsi:type="q3:Criteria" xmlns:q3="http://query.common.webservices.integrations.medfusion.net">
         <fieldName xsi:type="xsd:string">emDateCreated</fieldName>
         <fieldValue xsi:type="xsd:dateTime">2013-03-01T18:43:17</fieldValue>
         <operation xsi:type="xsd:int">3</operation>
         <operationCaseSensitive xsi:type="xsd:boolean">false</operationCaseSensitive>
      </q3:Criteria>
   </soap:Body>
</soap:Envelope>]]></con:request><con:assertion type="SOAP Response" name="SOAP Response" id="9da89f4a-3f84-4243-95d7-429c9a928f5d"/><con:assertion type="Simple NotContains" name="Not Contains invalid login" id="0084150f-3843-41f5-9231-59292abf2ab1"><con:configuration><token>&lt;message xsi:type="xsd:string">Invalid login.&lt;/message></token><ignoreCase>false</ignoreCase><useRegEx>false</useRegEx></con:configuration></con:assertion><con:assertion type="Simple NotContains" name="Not Contains no username/password" id="f4a2f960-e699-487c-8f5e-ce5fa5ffc23d"><con:configuration><token>&lt;message xsi:type="xsd:string">You did not provide a password to the Web Service.  You must specify the password and username as HTTP BASIC authentication to the service&lt;/message></token><ignoreCase>false</ignoreCase><useRegEx>false</useRegEx></con:configuration></con:assertion><con:assertion type="Simple Contains" name="Contains getCustomFormsByCriteriaReturn" id="1490c74c-c9d0-45b9-8209-64ed0825b26e"><con:configuration><token>&lt;ns1:getEMsByCriteriaResponse soapenv:</token><ignoreCase>false</ignoreCase><useRegEx>false</useRegEx></con:configuration></con:assertion><con:credentials><con:username xsi:nil="true"/><con:password xsi:nil="true"/><con:domain xsi:nil="true"/><con:authType>No Authorization</con:authType></con:credentials><con:jmsConfig JMSDeliveryMode="PERSISTENT"/><con:jmsPropertyConfig/><con:wsaConfig action="urn:Medfusion/Medfusion/getEMsByCriteriaRequest" mustUnderstand="NONE" version="200508"/><con:wsrmConfig version="1.2"/></con:request></con:config></con:testStep><con:testStep type="request" name="getEMsByCriteria - no crit" id="a9feb735-5ef4-4a24-aaec-c3e099c8a151"><con:settings/><con:config xsi:type="con:RequestStep" xmlns:xsi="http://www.w3.org/2001/XMLSchema-instance"><con:interface>medfusionSoapBinding</con:interface><con:operation>getEMsByCriteria</con:operation><con:request name="getEMsByCriteria - no crit" outgoingWss="" incomingWss="" id="55478c47-64f8-4347-a350-53b1c7802727"><con:settings><con:setting id="com.eviware.soapui.impl.wsdl.WsdlRequest@request-headers">&lt;entry key="Authorization" value="Basic SUhHQ29ubmVjdGh1YjIwOTcxOklPSVRwT1lKT2g1UTZLd2JUVDdv" xmlns="http://eviware.com/soapui/config"/></con:setting></con:settings><con:encoding>UTF-8</con:encoding><con:endpoint>http://dev3-portal-wicket01.mf.qhg.local:8080/webservices/services/medfusion?wsdl</con:endpoint><con:request><![CDATA[<soap:Envelope xmlns:soap="http://schemas.xmlsoap.org/soap/envelope/" xmlns:soapenc="http://schemas.xmlsoap.org/soap/encoding/" xmlns:tns="urn:Medfusion" xmlns:types="urn:Medfusion/encodedTypes" xmlns:xsd="http://www.w3.org/2001/XMLSchema" xmlns:xsi="http://www.w3.org/2001/XMLSchema-instance">
   <soap:Body soap:encodingStyle="http://schemas.xmlsoap.org/soap/encoding/">
      <tns:getEMsByCriteria>
         <in0 xsi:type="xsd:int" xs:type="type:int" xmlns:xs="http://www.w3.org/2000/XMLSchema-instance"/>
         <in1 href="#id1"/>
      </tns:getEMsByCriteria>
      <soapenc:Array id="id1" soapenc:arrayType="q1:Criteria[2]" xmlns:q1="http://query.common.webservices.integrations.medfusion.net">
         <Item href="#id2"/>
         <Item href="#id3"/>
      </soapenc:Array>
      <q2:Criteria id="id2" xsi:type="q2:Criteria" xmlns:q2="http://query.common.webservices.integrations.medfusion.net">
         <fieldName xsi:type="xsd:string">emPracticeId</fieldName>
         <fieldValue xsi:type="xsd:int">20971</fieldValue>
         <operation xsi:type="xsd:int">1</operation>
         <operationCaseSensitive xsi:type="xsd:boolean">false</operationCaseSensitive>
      </q2:Criteria>
      <q3:Criteria id="id3" xsi:type="q3:Criteria" xmlns:q3="http://query.common.webservices.integrations.medfusion.net">
         <fieldName xsi:type="xsd:string">emDateCreated</fieldName>
         <fieldValue xsi:type="xsd:dateTime">2013-03-01T18:43:17</fieldValue>
         <operation xsi:type="xsd:int">3</operation>
         <operationCaseSensitive xsi:type="xsd:boolean">false</operationCaseSensitive>
      </q3:Criteria>
   </soap:Body>
</soap:Envelope>]]></con:request><con:assertion type="SOAP Response" name="SOAP Response" id="e721e27a-4ca5-4901-bf63-4efd6c6e7756"/><con:assertion type="Simple NotContains" name="Not Contains invalid login" id="34fc1d01-9eff-44c1-8218-df711973a434"><con:configuration><token>&lt;message xsi:type="xsd:string">Invalid login.&lt;/message></token><ignoreCase>false</ignoreCase><useRegEx>false</useRegEx></con:configuration></con:assertion><con:assertion type="Simple NotContains" name="Not Contains no username/password" id="4f9d9774-da7f-493e-acf7-9c0cecd86347"><con:configuration><token>&lt;message xsi:type="xsd:string">You did not provide a password to the Web Service.  You must specify the password and username as HTTP BASIC authentication to the service&lt;/message></token><ignoreCase>false</ignoreCase><useRegEx>false</useRegEx></con:configuration></con:assertion><con:assertion type="Simple Contains" name="Contains faultstring" id="337c7e6c-dd61-4fa0-89d8-dbaaae978bf9"><con:configuration><token>&lt;faultstring>No such operation 'getEMsByCriteria'&lt;/faultstring></token><ignoreCase>false</ignoreCase><useRegEx>false</useRegEx></con:configuration></con:assertion><con:credentials><con:username xsi:nil="true"/><con:password xsi:nil="true"/><con:domain xsi:nil="true"/><con:authType>No Authorization</con:authType></con:credentials><con:jmsConfig JMSDeliveryMode="PERSISTENT"/><con:jmsPropertyConfig/><con:wsaConfig action="urn:Medfusion/Medfusion/getEMsByCriteriaRequest" mustUnderstand="NONE" version="200508"/><con:wsrmConfig version="1.2"/></con:request></con:config></con:testStep><con:testStep type="request" name="getEMsByCriteria - invalid crit" id="62d85b44-2d74-4211-95d7-f45e1f702ee0"><con:settings/><con:config xsi:type="con:RequestStep" xmlns:xsi="http://www.w3.org/2001/XMLSchema-instance"><con:interface>medfusionSoapBinding</con:interface><con:operation>getEMsByCriteria</con:operation><con:request name="getEMsByCriteria - invalid crit" outgoingWss="" incomingWss="" id="56c81b7e-4e8b-45ae-b4bd-3c7459e976ec"><con:settings><con:setting id="com.eviware.soapui.impl.wsdl.WsdlRequest@request-headers">&lt;entry key="Authorization" value="Basic SUhHQ29ubmVjdGh1YjIwOTcxOklPSVRwT1lKT2g1UTZLd2JUVDdv" xmlns="http://eviware.com/soapui/config"/></con:setting></con:settings><con:encoding>UTF-8</con:encoding><con:endpoint>http://dev3-portal-wicket01.mf.qhg.local:8080/webservices/services/medfusion?wsdl</con:endpoint><con:request><![CDATA[<soap:Envelope xmlns:soap="http://schemas.xmlsoap.org/soap/envelope/" xmlns:soapenc="http://schemas.xmlsoap.org/soap/encoding/" xmlns:tns="urn:Medfusion" xmlns:types="urn:Medfusion/encodedTypes" xmlns:xsd="http://www.w3.org/2001/XMLSchema" xmlns:xsi="http://www.w3.org/2001/XMLSchema-instance">
   <soap:Body soap:encodingStyle="http://schemas.xmlsoap.org/soap/encoding/">
      <tns:getEMsByCriteria>
         <in0 xsi:type="xsd:int" xs:type="type:int" xmlns:xs="http://www.w3.org/2000/XMLSchema-instance">err</in0>
         <in1 href="#id1"/>
      </tns:getEMsByCriteria>
      <soapenc:Array id="id1" soapenc:arrayType="q1:Criteria[2]" xmlns:q1="http://query.common.webservices.integrations.medfusion.net">
         <Item href="#id2"/>
         <Item href="#id3"/>
      </soapenc:Array>
      <q2:Criteria id="id2" xsi:type="q2:Criteria" xmlns:q2="http://query.common.webservices.integrations.medfusion.net">
         <fieldName xsi:type="xsd:string">emPracticeId</fieldName>
         <fieldValue xsi:type="xsd:int">20971</fieldValue>
         <operation xsi:type="xsd:int">1</operation>
         <operationCaseSensitive xsi:type="xsd:boolean">false</operationCaseSensitive>
      </q2:Criteria>
      <q3:Criteria id="id3" xsi:type="q3:Criteria" xmlns:q3="http://query.common.webservices.integrations.medfusion.net">
         <fieldName xsi:type="xsd:string">emDateCreated</fieldName>
         <fieldValue xsi:type="xsd:dateTime">2013-03-01T18:43:17</fieldValue>
         <operation xsi:type="xsd:int">3</operation>
         <operationCaseSensitive xsi:type="xsd:boolean">false</operationCaseSensitive>
      </q3:Criteria>
   </soap:Body>
</soap:Envelope>]]></con:request><con:assertion type="SOAP Response" name="SOAP Response" id="a9e6a90f-0923-4865-93e0-143ebd73435e"/><con:assertion type="Simple NotContains" name="Not Contains invalid login" id="3e35b4f5-058c-4b0f-a81e-1f08543d0bb9"><con:configuration><token>&lt;message xsi:type="xsd:string">Invalid login.&lt;/message></token><ignoreCase>false</ignoreCase><useRegEx>false</useRegEx></con:configuration></con:assertion><con:assertion type="Simple NotContains" name="Not Contains no username/password" id="f6168f30-af3b-42e6-84b1-2b050cd6969d"><con:configuration><token>&lt;message xsi:type="xsd:string">You did not provide a password to the Web Service.  You must specify the password and username as HTTP BASIC authentication to the service&lt;/message></token><ignoreCase>false</ignoreCase><useRegEx>false</useRegEx></con:configuration></con:assertion><con:assertion type="Simple Contains" name="Contains NumberFormatException" id="a29ebd3b-b008-466a-a23b-e7bff1373af6"><con:configuration><token>&lt;faultstring>java.lang.NumberFormatException: For input string: "err"&lt;/faultstring></token><ignoreCase>false</ignoreCase><useRegEx>false</useRegEx></con:configuration></con:assertion><con:credentials><con:username xsi:nil="true"/><con:password xsi:nil="true"/><con:domain xsi:nil="true"/><con:authType>No Authorization</con:authType></con:credentials><con:jmsConfig JMSDeliveryMode="PERSISTENT"/><con:jmsPropertyConfig/><con:wsaConfig action="urn:Medfusion/Medfusion/getEMsByCriteriaRequest" mustUnderstand="NONE" version="200508"/><con:wsrmConfig version="1.2"/></con:request></con:config></con:testStep><con:properties><con:property><con:name>Username</con:name><con:value>IHGConnecthub20971</con:value></con:property><con:property><con:name>Password</con:name><con:value>IOITpOYJOh5Q6KwbTT7o</con:value></con:property></con:properties><con:reportParameters/></con:testCase><con:testCase failOnError="true" failTestCaseOnErrors="true" keepSession="false" maxResults="0" name="getMemberMapForUsersByCriteria TestCase" searchProperties="true" id="1b58b2ad-83a2-4c57-a026-04f1cbe63982"><con:settings/><con:testStep type="request" name="getMemberMapForUsersByCriteria" id="d8eab5d5-0f69-4a96-831d-e8081f27a21d"><con:settings/><con:config xsi:type="con:RequestStep" xmlns:xsi="http://www.w3.org/2001/XMLSchema-instance"><con:interface>medfusionSoapBinding</con:interface><con:operation>getMemberMapForUsersByCriteria</con:operation><con:request name="getMemberMapForUsersByCriteria" outgoingWss="" incomingWss="" id="0f2372ae-5734-4c7e-bb30-2256088c2ea9"><con:settings><con:setting id="com.eviware.soapui.impl.wsdl.WsdlRequest@request-headers">&lt;entry key="Authorization" value="Basic SUhHQ29ubmVjdGh1YjIwOTcxOklPSVRwT1lKT2g1UTZLd2JUVDdv" xmlns="http://eviware.com/soapui/config"/></con:setting></con:settings><con:encoding>UTF-8</con:encoding><con:endpoint>http://dev3-portal-wicket01.mf.qhg.local:8080/webservices/services/medfusion?wsdl</con:endpoint><con:request><![CDATA[<soap:Envelope xmlns:soap="http://schemas.xmlsoap.org/soap/envelope/" xmlns:soapenc="http://schemas.xmlsoap.org/soap/encoding/" xmlns:tns="urn:Medfusion" xmlns:types="urn:Medfusion/encodedTypes" xmlns:xsd="http://www.w3.org/2001/XMLSchema" xmlns:xsi="http://www.w3.org/2001/XMLSchema-instance">
   <soap:Body soap:encodingStyle="http://schemas.xmlsoap.org/soap/encoding/">
      <tns:getMemberMapForUsersByCriteria>
         <in0 xsi:type="xsd:int" xs:type="type:int" xmlns:xs="http://www.w3.org/2000/XMLSchema-instance">21636</in0>
         <in1 href="#idArr1"/>
         <in2 href="#id1"/>
         <in3 href="#idArr2"/>
      </tns:getMemberMapForUsersByCriteria>
      <soapenc:Array id="id1" soapenc:arrayType="q1:Criteria[1]" xmlns:q1="http://query.common.webservices.integrations.medfusion.net">
         <Item href="#id2"/>
      </soapenc:Array>
      <q2:Criteria id="id2" xsi:type="q2:Criteria" xmlns:q2="http://query.common.webservices.integrations.medfusion.net">
         <fieldName xsi:type="xsd:string">memberPracticeId</fieldName>
         <fieldValue xsi:type="xsd:int">21636</fieldValue>
         <operation xsi:type="xsd:int">1</operation>
         <operationCaseSensitive xsi:type="xsd:boolean">false</operationCaseSensitive>
      </q2:Criteria>
      <soapenc:Array id="idArr1" soapenc:arrayType="xsd:string[4]">
         <xsd:string>memberId</xsd:string>
         <xsd:string>memberFirstName</xsd:string>
         <xsd:string>memberLastName</xsd:string>
         <xsd:string>memberDateCreated</xsd:string>
      </soapenc:Array>
      <soapenc:Array id="idArr2" soapenc:arrayType="xsd:string[1]">
         <xsd:string>memberId</xsd:string>
      </soapenc:Array>
   </soap:Body>
</soap:Envelope>]]></con:request><con:assertion type="SOAP Response" name="SOAP Response" id="d4cd72f7-02a9-4431-9f00-d5a143e8c1fe"/><con:assertion type="Simple NotContains" name="Not Contains invalid login" id="b0c0ac85-1c54-45a5-aca5-a78997786c86"><con:configuration><token>&lt;message xsi:type="xsd:string">Invalid login.&lt;/message></token><ignoreCase>false</ignoreCase><useRegEx>false</useRegEx></con:configuration></con:assertion><con:assertion type="Simple NotContains" name="Not Contains no username/password" id="8ddba0bf-bc42-4892-a83b-884d39484a81"><con:configuration><token>&lt;message xsi:type="xsd:string">You did not provide a password to the Web Service.  You must specify the password and username as HTTP BASIC authentication to the service&lt;/message></token><ignoreCase>false</ignoreCase><useRegEx>false</useRegEx></con:configuration></con:assertion><con:assertion type="Simple Contains" name="Contains" id="e786b9bc-1a39-4cf2-831d-c3be6494339c"><con:configuration><token>&lt;ns1:getMemberMapForUsersByCriteriaResponse soapenv</token><ignoreCase>false</ignoreCase><useRegEx>false</useRegEx></con:configuration></con:assertion><con:credentials><con:username xsi:nil="true"/><con:password xsi:nil="true"/><con:domain xsi:nil="true"/><con:authType>No Authorization</con:authType></con:credentials><con:jmsConfig JMSDeliveryMode="PERSISTENT"/><con:jmsPropertyConfig/><con:wsaConfig action="urn:Medfusion/Medfusion/getMemberMapForUsersByCriteriaRequest" mustUnderstand="NONE" version="200508"/><con:wsrmConfig version="1.2"/></con:request></con:config></con:testStep><con:testStep type="request" name="getMemberMapForUsersByCriteria - no crit" id="7ee70b10-3851-49d7-a55a-3741c72e3d69"><con:settings/><con:config xsi:type="con:RequestStep" xmlns:xsi="http://www.w3.org/2001/XMLSchema-instance"><con:interface>medfusionSoapBinding</con:interface><con:operation>getMemberMapForUsersByCriteria</con:operation><con:request name="getMemberMapForUsersByCriteria - no crit" outgoingWss="" incomingWss="" id="9536eba2-faa4-48ef-b9b6-264fb34882d6"><con:settings><con:setting id="com.eviware.soapui.impl.wsdl.WsdlRequest@request-headers">&lt;entry key="Authorization" value="Basic SUhHQ29ubmVjdGh1YjIwOTcxOklPSVRwT1lKT2g1UTZLd2JUVDdv" xmlns="http://eviware.com/soapui/config"/></con:setting></con:settings><con:encoding>UTF-8</con:encoding><con:endpoint>http://dev3-portal-wicket01.mf.qhg.local:8080/webservices/services/medfusion?wsdl</con:endpoint><con:request><![CDATA[<soap:Envelope xmlns:soap="http://schemas.xmlsoap.org/soap/envelope/" xmlns:soapenc="http://schemas.xmlsoap.org/soap/encoding/" xmlns:tns="urn:Medfusion" xmlns:types="urn:Medfusion/encodedTypes" xmlns:xsd="http://www.w3.org/2001/XMLSchema" xmlns:xsi="http://www.w3.org/2001/XMLSchema-instance">
   <soap:Body soap:encodingStyle="http://schemas.xmlsoap.org/soap/encoding/">
      <tns:getMemberMapForUsersByCriteria>
         <in0 xsi:type="xsd:int" xs:type="type:int" xmlns:xs="http://www.w3.org/2000/XMLSchema-instance"/>
         <in1 href="#idArr1"/>
         <in2 href="#id1"/>
         <in3 href="#idArr2"/>
      </tns:getMemberMapForUsersByCriteria>
      <soapenc:Array id="id1" soapenc:arrayType="q1:Criteria[1]" xmlns:q1="http://query.common.webservices.integrations.medfusion.net">
         <Item href="#id2"/>
      </soapenc:Array>
      <q2:Criteria id="id2" xsi:type="q2:Criteria" xmlns:q2="http://query.common.webservices.integrations.medfusion.net">
         <fieldName xsi:type="xsd:string">memberPracticeId</fieldName>
         <fieldValue xsi:type="xsd:int">21636</fieldValue>
         <operation xsi:type="xsd:int">1</operation>
         <operationCaseSensitive xsi:type="xsd:boolean">false</operationCaseSensitive>
      </q2:Criteria>
      <soapenc:Array id="idArr1" soapenc:arrayType="xsd:string[4]">
         <xsd:string>memberId</xsd:string>
         <xsd:string>memberFirstName</xsd:string>
         <xsd:string>memberLastName</xsd:string>
         <xsd:string>memberDateCreated</xsd:string>
      </soapenc:Array>
      <soapenc:Array id="idArr2" soapenc:arrayType="xsd:string[1]">
         <xsd:string>memberId</xsd:string>
      </soapenc:Array>
   </soap:Body>
</soap:Envelope>]]></con:request><con:assertion type="SOAP Response" name="SOAP Response" id="620b548c-3b3d-4518-bdc9-f8361109b460"/><con:assertion type="Simple NotContains" name="Not Contains invalid login" id="3750bac3-8560-4ec6-b23e-81fb97d72b03"><con:configuration><token>&lt;message xsi:type="xsd:string">Invalid login.&lt;/message></token><ignoreCase>false</ignoreCase><useRegEx>false</useRegEx></con:configuration></con:assertion><con:assertion type="Simple NotContains" name="Not Contains no username/password" id="49d21dfc-667d-443a-a083-0402fbedae39"><con:configuration><token>&lt;message xsi:type="xsd:string">You did not provide a password to the Web Service.  You must specify the password and username as HTTP BASIC authentication to the service&lt;/message></token><ignoreCase>false</ignoreCase><useRegEx>false</useRegEx></con:configuration></con:assertion><con:assertion type="Simple Contains" name="Contains faultstring" id="51a50125-a94a-4fc9-850c-d28f8a81c8d4"><con:configuration><token>&lt;faultstring>No such operation 'getMemberMapForUsersByCriteria'&lt;/faultstring></token><ignoreCase>false</ignoreCase><useRegEx>false</useRegEx></con:configuration></con:assertion><con:credentials><con:username xsi:nil="true"/><con:password xsi:nil="true"/><con:domain xsi:nil="true"/><con:authType>No Authorization</con:authType></con:credentials><con:jmsConfig JMSDeliveryMode="PERSISTENT"/><con:jmsPropertyConfig/><con:wsaConfig action="urn:Medfusion/Medfusion/getMemberMapForUsersByCriteriaRequest" mustUnderstand="NONE" version="200508"/><con:wsrmConfig version="1.2"/></con:request></con:config></con:testStep><con:testStep type="request" name="getMemberMapForUsersByCriteria - invalid crit" id="d277047f-6245-40b5-bf88-229451a79000"><con:settings/><con:config xsi:type="con:RequestStep" xmlns:xsi="http://www.w3.org/2001/XMLSchema-instance"><con:interface>medfusionSoapBinding</con:interface><con:operation>getMemberMapForUsersByCriteria</con:operation><con:request name="getMemberMapForUsersByCriteria - invalid crit" outgoingWss="" incomingWss="" id="19bb0464-1b13-401f-be3a-2b6c35f2119f"><con:settings><con:setting id="com.eviware.soapui.impl.wsdl.WsdlRequest@request-headers">&lt;entry key="Authorization" value="Basic SUhHQ29ubmVjdGh1YjIwOTcxOklPSVRwT1lKT2g1UTZLd2JUVDdv" xmlns="http://eviware.com/soapui/config"/></con:setting></con:settings><con:encoding>UTF-8</con:encoding><con:endpoint>http://dev3-portal-wicket01.mf.qhg.local:8080/webservices/services/medfusion?wsdl</con:endpoint><con:request><![CDATA[<soap:Envelope xmlns:soap="http://schemas.xmlsoap.org/soap/envelope/" xmlns:soapenc="http://schemas.xmlsoap.org/soap/encoding/" xmlns:tns="urn:Medfusion" xmlns:types="urn:Medfusion/encodedTypes" xmlns:xsd="http://www.w3.org/2001/XMLSchema" xmlns:xsi="http://www.w3.org/2001/XMLSchema-instance">
   <soap:Body soap:encodingStyle="http://schemas.xmlsoap.org/soap/encoding/">
      <tns:getMemberMapForUsersByCriteria>
         <in0 xsi:type="xsd:int" xs:type="type:int" xmlns:xs="http://www.w3.org/2000/XMLSchema-instance">err</in0>
         <in1 href="#idArr1"/>
         <in2 href="#id1"/>
         <in3 href="#idArr2"/>
      </tns:getMemberMapForUsersByCriteria>
      <soapenc:Array id="id1" soapenc:arrayType="q1:Criteria[1]" xmlns:q1="http://query.common.webservices.integrations.medfusion.net">
         <Item href="#id2"/>
      </soapenc:Array>
      <q2:Criteria id="id2" xsi:type="q2:Criteria" xmlns:q2="http://query.common.webservices.integrations.medfusion.net">
         <fieldName xsi:type="xsd:string">memberPracticeId</fieldName>
         <fieldValue xsi:type="xsd:int">21636</fieldValue>
         <operation xsi:type="xsd:int">1</operation>
         <operationCaseSensitive xsi:type="xsd:boolean">false</operationCaseSensitive>
      </q2:Criteria>
      <soapenc:Array id="idArr1" soapenc:arrayType="xsd:string[4]">
         <xsd:string>memberId</xsd:string>
         <xsd:string>memberFirstName</xsd:string>
         <xsd:string>memberLastName</xsd:string>
         <xsd:string>memberDateCreated</xsd:string>
      </soapenc:Array>
      <soapenc:Array id="idArr2" soapenc:arrayType="xsd:string[1]">
         <xsd:string>memberId</xsd:string>
      </soapenc:Array>
   </soap:Body>
</soap:Envelope>]]></con:request><con:assertion type="SOAP Response" name="SOAP Response" id="a1ebacc5-8ae6-42ac-814d-ca9d154fa15d"/><con:assertion type="Simple NotContains" name="Not Contains invalid login" id="091e4a55-d841-4b83-b8e3-b18569ae6d34"><con:configuration><token>&lt;message xsi:type="xsd:string">Invalid login.&lt;/message></token><ignoreCase>false</ignoreCase><useRegEx>false</useRegEx></con:configuration></con:assertion><con:assertion type="Simple NotContains" name="Not Contains no username/password" id="985dd3f9-4ea4-478d-9ce1-06fba2bb2945"><con:configuration><token>&lt;message xsi:type="xsd:string">You did not provide a password to the Web Service.  You must specify the password and username as HTTP BASIC authentication to the service&lt;/message></token><ignoreCase>false</ignoreCase><useRegEx>false</useRegEx></con:configuration></con:assertion><con:assertion type="Simple Contains" name="Contains NumberFormatException" id="4dcaa3f5-c4ee-474e-9dcb-6ea321678278"><con:configuration><token>&lt;faultstring>java.lang.NumberFormatException: For input string:</token><ignoreCase>false</ignoreCase><useRegEx>false</useRegEx></con:configuration></con:assertion><con:credentials><con:username xsi:nil="true"/><con:password xsi:nil="true"/><con:domain xsi:nil="true"/><con:authType>No Authorization</con:authType></con:credentials><con:jmsConfig JMSDeliveryMode="PERSISTENT"/><con:jmsPropertyConfig/><con:wsaConfig action="urn:Medfusion/Medfusion/getMemberMapForUsersByCriteriaRequest" mustUnderstand="NONE" version="200508"/><con:wsrmConfig version="1.2"/></con:request></con:config></con:testStep><con:properties><con:property><con:name>Username</con:name><con:value>IHGConnecthub20971</con:value></con:property><con:property><con:name>Password</con:name><con:value>IOITpOYJOh5Q6KwbTT7o</con:value></con:property></con:properties><con:reportParameters/></con:testCase><con:testCase failOnError="true" failTestCaseOnErrors="true" keepSession="false" maxResults="0" name="getMemberLockedsByCriteria TestCase" searchProperties="true" id="abf1c683-0728-4996-9f75-6a947ca9e0fe"><con:settings/><con:testStep type="request" name="getMemberLockedsByCriteria" id="59e02b22-3c94-4294-8d72-b1506f8b1a35"><con:settings/><con:config xsi:type="con:RequestStep" xmlns:xsi="http://www.w3.org/2001/XMLSchema-instance"><con:interface>medfusionSoapBinding</con:interface><con:operation>getMemberLockedsByCriteria</con:operation><con:request name="getMemberLockedsByCriteria" outgoingWss="" incomingWss="" id="ec601c08-60af-489a-858b-6419f2916d71"><con:settings><con:setting id="com.eviware.soapui.impl.wsdl.WsdlRequest@request-headers">&lt;entry key="Authorization" value="Basic SUhHQ29ubmVjdGh1YjIwOTcxOklPSVRwT1lKT2g1UTZLd2JUVDdv" xmlns="http://eviware.com/soapui/config"/></con:setting></con:settings><con:encoding>UTF-8</con:encoding><con:endpoint>http://dev3-portal-wicket01.mf.qhg.local:8080/webservices/services/medfusion?wsdl</con:endpoint><con:request><![CDATA[<soap:Envelope xmlns:soap="http://schemas.xmlsoap.org/soap/envelope/" xmlns:soapenc="http://schemas.xmlsoap.org/soap/encoding/" xmlns:tns="urn:Medfusion" xmlns:types="urn:Medfusion/encodedTypes" xmlns:xsd="http://www.w3.org/2001/XMLSchema" xmlns:xsi="http://www.w3.org/2001/XMLSchema-instance">
   <soap:Body soap:encodingStyle="http://schemas.xmlsoap.org/soap/encoding/">
      <tns:getMemberLockedsByCriteria>
         <in0 xsi:type="xsd:int" xs:type="type:int" xmlns:xs="http://www.w3.org/2000/XMLSchema-instance">21636</in0>
         <in1 href="#id1"/>
      </tns:getMemberLockedsByCriteria>
      <soapenc:Array id="id1" soapenc:arrayType="q1:Criteria[1]" xmlns:q1="http://query.common.webservices.integrations.medfusion.net">
         <Item href="#id2"/>
      </soapenc:Array>
      <q2:Criteria id="id2" xsi:type="q2:Criteria" xmlns:q2="http://query.common.webservices.integrations.medfusion.net">
         <fieldName xsi:type="xsd:string">memberLockedId</fieldName>
         <fieldValue xsi:type="xsd:int">111245</fieldValue>
         <operation xsi:type="xsd:int">1</operation>
         <operationCaseSensitive xsi:type="xsd:boolean">false</operationCaseSensitive>
      </q2:Criteria>
   </soap:Body>
</soap:Envelope>]]></con:request><con:assertion type="SOAP Response" name="SOAP Response" id="79a58e10-c94d-4b34-a181-2d39706a4095"/><con:assertion type="Simple NotContains" name="Not Contains invalid login" id="a70e2432-d5c7-445b-b195-d070ed1c36f7"><con:configuration><token>&lt;message xsi:type="xsd:string">Invalid login.&lt;/message></token><ignoreCase>false</ignoreCase><useRegEx>false</useRegEx></con:configuration></con:assertion><con:assertion type="Simple NotContains" name="Not Contains no username/password" id="da702440-8138-485c-892e-599bbde2e29b"><con:configuration><token>&lt;message xsi:type="xsd:string">You did not provide a password to the Web Service.  You must specify the password and username as HTTP BASIC authentication to the service&lt;/message></token><ignoreCase>false</ignoreCase><useRegEx>false</useRegEx></con:configuration></con:assertion><con:assertion type="Simple Contains" name="Contains getMemberLockedsByCriteriaResponse" id="90aece38-6d03-4e5f-8a90-2667b46832c1"><con:configuration><token>&lt;ns1:getMemberLockedsByCriteriaResponse soapenv</token><ignoreCase>false</ignoreCase><useRegEx>false</useRegEx></con:configuration></con:assertion><con:credentials><con:username xsi:nil="true"/><con:password xsi:nil="true"/><con:domain xsi:nil="true"/><con:authType>No Authorization</con:authType></con:credentials><con:jmsConfig JMSDeliveryMode="PERSISTENT"/><con:jmsPropertyConfig/><con:wsaConfig action="urn:Medfusion/Medfusion/getMemberLockedsByCriteriaRequest" mustUnderstand="NONE" version="200508"/><con:wsrmConfig version="1.2"/></con:request></con:config></con:testStep><con:testStep type="request" name="getMemberLockedsByCriteria - no crit" id="c28903b1-f57d-4196-8641-5d1381d59591"><con:settings/><con:config xsi:type="con:RequestStep" xmlns:xsi="http://www.w3.org/2001/XMLSchema-instance"><con:interface>medfusionSoapBinding</con:interface><con:operation>getMemberLockedsByCriteria</con:operation><con:request name="getMemberLockedsByCriteria - no crit" outgoingWss="" incomingWss="" id="f11d0280-235d-47d5-9e99-95eb2fb35b65"><con:settings><con:setting id="com.eviware.soapui.impl.wsdl.WsdlRequest@request-headers">&lt;entry key="Authorization" value="Basic SUhHQ29ubmVjdGh1YjIwOTcxOklPSVRwT1lKT2g1UTZLd2JUVDdv" xmlns="http://eviware.com/soapui/config"/></con:setting></con:settings><con:encoding>UTF-8</con:encoding><con:endpoint>http://dev3-portal-wicket01.mf.qhg.local:8080/webservices/services/medfusion?wsdl</con:endpoint><con:request><![CDATA[<soap:Envelope xmlns:soap="http://schemas.xmlsoap.org/soap/envelope/" xmlns:soapenc="http://schemas.xmlsoap.org/soap/encoding/" xmlns:tns="urn:Medfusion" xmlns:types="urn:Medfusion/encodedTypes" xmlns:xsd="http://www.w3.org/2001/XMLSchema" xmlns:xsi="http://www.w3.org/2001/XMLSchema-instance">
   <soap:Body soap:encodingStyle="http://schemas.xmlsoap.org/soap/encoding/">
      <tns:getMemberLockedsByCriteria>
         <in0 xsi:type="xsd:int" xs:type="type:int" xmlns:xs="http://www.w3.org/2000/XMLSchema-instance"/>
         <in1 href="#id1"/>
      </tns:getMemberLockedsByCriteria>
      <soapenc:Array id="id1" soapenc:arrayType="q1:Criteria[1]" xmlns:q1="http://query.common.webservices.integrations.medfusion.net">
         <Item href="#id2"/>
      </soapenc:Array>
      <q2:Criteria id="id2" xsi:type="q2:Criteria" xmlns:q2="http://query.common.webservices.integrations.medfusion.net">
         <fieldName xsi:type="xsd:string">memberLockedId</fieldName>
         <fieldValue xsi:type="xsd:int">111245</fieldValue>
         <operation xsi:type="xsd:int">1</operation>
         <operationCaseSensitive xsi:type="xsd:boolean">false</operationCaseSensitive>
      </q2:Criteria>
   </soap:Body>
</soap:Envelope>]]></con:request><con:assertion type="SOAP Response" name="SOAP Response" id="1b1237d9-f123-4dec-9626-f5d19b810785"/><con:assertion type="Simple NotContains" name="Not Contains invalid login" id="85c098c5-5722-46b5-abc5-63402aa29eb8"><con:configuration><token>&lt;message xsi:type="xsd:string">Invalid login.&lt;/message></token><ignoreCase>false</ignoreCase><useRegEx>false</useRegEx></con:configuration></con:assertion><con:assertion type="Simple NotContains" name="Not Contains no username/password" id="d5dab67e-2600-4ea3-828d-b50a204bf6e8"><con:configuration><token>&lt;message xsi:type="xsd:string">You did not provide a password to the Web Service.  You must specify the password and username as HTTP BASIC authentication to the service&lt;/message></token><ignoreCase>false</ignoreCase><useRegEx>false</useRegEx></con:configuration></con:assertion><con:assertion type="Simple Contains" name="Contains faultstring" id="c440a955-2153-4871-ab26-d1bc6447f412"><con:configuration><token>&lt;faultstring>No such operation 'getMemberLockedsByCriteria'&lt;/faultstring></token><ignoreCase>false</ignoreCase><useRegEx>false</useRegEx></con:configuration></con:assertion><con:credentials><con:username xsi:nil="true"/><con:password xsi:nil="true"/><con:domain xsi:nil="true"/><con:authType>No Authorization</con:authType></con:credentials><con:jmsConfig JMSDeliveryMode="PERSISTENT"/><con:jmsPropertyConfig/><con:wsaConfig action="urn:Medfusion/Medfusion/getMemberLockedsByCriteriaRequest" mustUnderstand="NONE" version="200508"/><con:wsrmConfig version="1.2"/></con:request></con:config></con:testStep><con:testStep type="request" name="getMemberLockedsByCriteria - invalid crit" id="b85dad06-4aa0-4714-8fa1-47d7b9e89c59"><con:settings/><con:config xsi:type="con:RequestStep" xmlns:xsi="http://www.w3.org/2001/XMLSchema-instance"><con:interface>medfusionSoapBinding</con:interface><con:operation>getMemberLockedsByCriteria</con:operation><con:request name="getMemberLockedsByCriteria - invalid crit" outgoingWss="" incomingWss="" id="28ab4bf7-d244-413e-8439-9fed045536f8"><con:settings><con:setting id="com.eviware.soapui.impl.wsdl.WsdlRequest@request-headers">&lt;entry key="Authorization" value="Basic SUhHQ29ubmVjdGh1YjIwOTcxOklPSVRwT1lKT2g1UTZLd2JUVDdv" xmlns="http://eviware.com/soapui/config"/></con:setting></con:settings><con:encoding>UTF-8</con:encoding><con:endpoint>http://dev3-portal-wicket01.mf.qhg.local:8080/webservices/services/medfusion?wsdl</con:endpoint><con:request><![CDATA[<soap:Envelope xmlns:soap="http://schemas.xmlsoap.org/soap/envelope/" xmlns:soapenc="http://schemas.xmlsoap.org/soap/encoding/" xmlns:tns="urn:Medfusion" xmlns:types="urn:Medfusion/encodedTypes" xmlns:xsd="http://www.w3.org/2001/XMLSchema" xmlns:xsi="http://www.w3.org/2001/XMLSchema-instance">
   <soap:Body soap:encodingStyle="http://schemas.xmlsoap.org/soap/encoding/">
      <tns:getMemberLockedsByCriteria>
         <in0 xsi:type="xsd:int" xs:type="type:int" xmlns:xs="http://www.w3.org/2000/XMLSchema-instance">err</in0>
         <in1 href="#id1"/>
      </tns:getMemberLockedsByCriteria>
      <soapenc:Array id="id1" soapenc:arrayType="q1:Criteria[1]" xmlns:q1="http://query.common.webservices.integrations.medfusion.net">
         <Item href="#id2"/>
      </soapenc:Array>
      <q2:Criteria id="id2" xsi:type="q2:Criteria" xmlns:q2="http://query.common.webservices.integrations.medfusion.net">
         <fieldName xsi:type="xsd:string">memberLockedId</fieldName>
         <fieldValue xsi:type="xsd:int">111245</fieldValue>
         <operation xsi:type="xsd:int">1</operation>
         <operationCaseSensitive xsi:type="xsd:boolean">false</operationCaseSensitive>
      </q2:Criteria>
   </soap:Body>
</soap:Envelope>]]></con:request><con:assertion type="SOAP Response" name="SOAP Response" id="e53770da-45ef-4e6d-9966-500ba11ea62f"/><con:assertion type="Simple NotContains" name="Not Contains invalid login" id="9a157887-004a-4ad1-818e-b0be6e2bd702"><con:configuration><token>&lt;message xsi:type="xsd:string">Invalid login.&lt;/message></token><ignoreCase>false</ignoreCase><useRegEx>false</useRegEx></con:configuration></con:assertion><con:assertion type="Simple NotContains" name="Not Contains no username/password" id="15eb2da3-745a-427f-ab5e-f27cc008f80e"><con:configuration><token>&lt;message xsi:type="xsd:string">You did not provide a password to the Web Service.  You must specify the password and username as HTTP BASIC authentication to the service&lt;/message></token><ignoreCase>false</ignoreCase><useRegEx>false</useRegEx></con:configuration></con:assertion><con:assertion type="Simple Contains" name="Contains NumberFormatException" id="225b0aed-033b-4207-b4d1-b30cb1d9f67c"><con:configuration><token>&lt;faultstring>java.lang.NumberFormatException: For input string:</token><ignoreCase>false</ignoreCase><useRegEx>false</useRegEx></con:configuration></con:assertion><con:credentials><con:username xsi:nil="true"/><con:password xsi:nil="true"/><con:domain xsi:nil="true"/><con:authType>No Authorization</con:authType></con:credentials><con:jmsConfig JMSDeliveryMode="PERSISTENT"/><con:jmsPropertyConfig/><con:wsaConfig action="urn:Medfusion/Medfusion/getMemberLockedsByCriteriaRequest" mustUnderstand="NONE" version="200508"/><con:wsrmConfig version="1.2"/></con:request></con:config></con:testStep><con:properties><con:property><con:name>Username</con:name><con:value>IHGConnecthub20971</con:value></con:property><con:property><con:name>Password</con:name><con:value>IOITpOYJOh5Q6KwbTT7o</con:value></con:property></con:properties><con:reportParameters/></con:testCase><con:testCase failOnError="true" failTestCaseOnErrors="true" keepSession="false" maxResults="0" name="getEMStatusesByEMIds TestCase" searchProperties="true" id="8b8cd586-0a79-47fa-9d3d-d5da676513d4"><con:settings/><con:testStep type="request" name="getEMStatusesByEMIds" id="57acd038-4e12-4edd-8ec7-8825671d5533"><con:settings/><con:config xsi:type="con:RequestStep" xmlns:xsi="http://www.w3.org/2001/XMLSchema-instance"><con:interface>medfusionSoapBinding</con:interface><con:operation>getEMStatusesByEMIds</con:operation><con:request name="getEMStatusesByEMIds" outgoingWss="" incomingWss="" id="5c6106f9-bf61-43e9-a24c-9dc04c7edaf8"><con:settings><con:setting id="com.eviware.soapui.impl.wsdl.WsdlRequest@request-headers">&lt;entry key="Authorization" value="Basic SUhHQ29ubmVjdGh1YjIwOTcxOklPSVRwT1lKT2g1UTZLd2JUVDdv" xmlns="http://eviware.com/soapui/config"/></con:setting></con:settings><con:encoding>UTF-8</con:encoding><con:endpoint>http://dev3-portal-wicket01.mf.qhg.local:8080/webservices/services/medfusion?wsdl</con:endpoint><con:request><![CDATA[<soap:Envelope xmlns:soap="http://schemas.xmlsoap.org/soap/envelope/" xmlns:soapenc="http://schemas.xmlsoap.org/soap/encoding/" xmlns:tns="urn:Medfusion" xmlns:types="urn:Medfusion/encodedTypes" xmlns:xsd="http://www.w3.org/2001/XMLSchema" xmlns:xsi="http://www.w3.org/2001/XMLSchema-instance">
   <soap:Body soap:encodingStyle="http://schemas.xmlsoap.org/soap/encoding/">
      <tns:getEMStatusesByEMIds>
         <in0 href="#idArr" />
      </tns:getEMStatusesByEMIds>
      <soapenc:Array id="idArr" soapenc:arrayType="xsd:int[2]">
         <xsd:int>24707</xsd:int>
         <xsd:int>24713</xsd:int>
      </soapenc:Array>
   </soap:Body>
</soap:Envelope>]]></con:request><con:assertion type="SOAP Response" name="SOAP Response" id="0beb3dc4-9b2b-4609-94fe-bcbf8471110b"/><con:assertion type="Simple NotContains" name="Not Contains invalid login" id="350c1225-b5ef-49b1-b932-6d32fbb9b1da"><con:configuration><token>&lt;message xsi:type="xsd:string">Invalid login.&lt;/message></token><ignoreCase>false</ignoreCase><useRegEx>false</useRegEx></con:configuration></con:assertion><con:assertion type="Simple NotContains" name="Not Contains no username/password" id="16564bcd-5b89-48ed-9092-6729c421b381"><con:configuration><token>&lt;message xsi:type="xsd:string">You did not provide a password to the Web Service.  You must specify the password and username as HTTP BASIC authentication to the service&lt;/message></token><ignoreCase>false</ignoreCase><useRegEx>false</useRegEx></con:configuration></con:assertion><con:assertion type="Simple Contains" name="Contains getEMStatusesByEMIdsResponse" id="b0ba60f0-0ca0-4e53-8ed7-2befa92472b4"><con:configuration><token>&lt;ns1:getEMStatusesByEMIdsResponse soapenv:</token><ignoreCase>false</ignoreCase><useRegEx>false</useRegEx></con:configuration></con:assertion><con:credentials><con:username xsi:nil="true"/><con:password xsi:nil="true"/><con:domain xsi:nil="true"/><con:authType>No Authorization</con:authType></con:credentials><con:jmsConfig JMSDeliveryMode="PERSISTENT"/><con:jmsPropertyConfig/><con:wsaConfig action="urn:Medfusion/Medfusion/getEMStatusesByEMIdsRequest" mustUnderstand="NONE" version="200508"/><con:wsrmConfig version="1.2"/></con:request></con:config></con:testStep><con:testStep type="request" name="getEMStatusesByEMIds - no id" id="65cb4e02-43b6-4579-aa6e-b0881daf940f"><con:settings/><con:config xsi:type="con:RequestStep" xmlns:xsi="http://www.w3.org/2001/XMLSchema-instance"><con:interface>medfusionSoapBinding</con:interface><con:operation>getEMStatusesByEMIds</con:operation><con:request name="getEMStatusesByEMIds - no id" outgoingWss="" incomingWss="" id="740be1d8-0e94-4b43-b26c-1668471c8652"><con:settings><con:setting id="com.eviware.soapui.impl.wsdl.WsdlRequest@request-headers">&lt;entry key="Authorization" value="Basic SUhHQ29ubmVjdGh1YjIwOTcxOklPSVRwT1lKT2g1UTZLd2JUVDdv" xmlns="http://eviware.com/soapui/config"/></con:setting></con:settings><con:encoding>UTF-8</con:encoding><con:endpoint>http://dev3-portal-wicket01.mf.qhg.local:8080/webservices/services/medfusion?wsdl</con:endpoint><con:request><![CDATA[<soap:Envelope xmlns:soap="http://schemas.xmlsoap.org/soap/envelope/" xmlns:soapenc="http://schemas.xmlsoap.org/soap/encoding/" xmlns:tns="urn:Medfusion" xmlns:types="urn:Medfusion/encodedTypes" xmlns:xsd="http://www.w3.org/2001/XMLSchema" xmlns:xsi="http://www.w3.org/2001/XMLSchema-instance">
   <soap:Body soap:encodingStyle="http://schemas.xmlsoap.org/soap/encoding/">
      <tns:getEMStatusesByEMIds>
         <in0 href="#idArr"/>
      </tns:getEMStatusesByEMIds>
      <soapenc:Array id="idArr" soapenc:arrayType="xsd:int[2]">
         <xsd:int></xsd:int>
         <xsd:int></xsd:int>
      </soapenc:Array>
   </soap:Body>
</soap:Envelope>]]></con:request><con:assertion type="SOAP Response" name="SOAP Response" id="bd34e43d-bdec-4673-b3ea-b6e6cd273ca4"/><con:assertion type="Simple NotContains" name="Not Contains invalid login" id="f1a9c09d-9f34-4558-946d-6e3c08c137d2"><con:configuration><token>&lt;message xsi:type="xsd:string">Invalid login.&lt;/message></token><ignoreCase>false</ignoreCase><useRegEx>false</useRegEx></con:configuration></con:assertion><con:assertion type="Simple NotContains" name="Not Contains no username/password" id="726f2db9-35ce-464e-b8b3-cc077affdb87"><con:configuration><token>&lt;message xsi:type="xsd:string">You did not provide a password to the Web Service.  You must specify the password and username as HTTP BASIC authentication to the service&lt;/message></token><ignoreCase>false</ignoreCase><useRegEx>false</useRegEx></con:configuration></con:assertion><con:assertion type="Simple Contains" name="Contains IllegalArgumentException" id="74405ef1-7400-4c02-b91a-0f519bc84ea4"><con:configuration><token>&lt;faultstring>java.lang.IllegalArgumentException&lt;/faultstring></token><ignoreCase>false</ignoreCase><useRegEx>false</useRegEx></con:configuration></con:assertion><con:credentials><con:username xsi:nil="true"/><con:password xsi:nil="true"/><con:domain xsi:nil="true"/><con:authType>No Authorization</con:authType></con:credentials><con:jmsConfig JMSDeliveryMode="PERSISTENT"/><con:jmsPropertyConfig/><con:wsaConfig action="urn:Medfusion/Medfusion/getEMStatusesByEMIdsRequest" mustUnderstand="NONE" version="200508"/><con:wsrmConfig version="1.2"/></con:request></con:config></con:testStep><con:testStep type="request" name="getEMStatusesByEMIds - invalid id" id="16127337-dd48-4580-923c-be2f432f5126"><con:settings/><con:config xsi:type="con:RequestStep" xmlns:xsi="http://www.w3.org/2001/XMLSchema-instance"><con:interface>medfusionSoapBinding</con:interface><con:operation>getEMStatusesByEMIds</con:operation><con:request name="getEMStatusesByEMIds - invalid id" outgoingWss="" incomingWss="" id="5a9924ff-9ca1-466e-a156-064861b9444c"><con:settings><con:setting id="com.eviware.soapui.impl.wsdl.WsdlRequest@request-headers">&lt;entry key="Authorization" value="Basic SUhHQ29ubmVjdGh1YjIwOTcxOklPSVRwT1lKT2g1UTZLd2JUVDdv" xmlns="http://eviware.com/soapui/config"/></con:setting></con:settings><con:encoding>UTF-8</con:encoding><con:endpoint>http://dev3-portal-wicket01.mf.qhg.local:8080/webservices/services/medfusion?wsdl</con:endpoint><con:request><![CDATA[<soap:Envelope xmlns:soap="http://schemas.xmlsoap.org/soap/envelope/" xmlns:soapenc="http://schemas.xmlsoap.org/soap/encoding/" xmlns:tns="urn:Medfusion" xmlns:types="urn:Medfusion/encodedTypes" xmlns:xsd="http://www.w3.org/2001/XMLSchema" xmlns:xsi="http://www.w3.org/2001/XMLSchema-instance">
   <soap:Body soap:encodingStyle="http://schemas.xmlsoap.org/soap/encoding/">
      <tns:getEMStatusesByEMIds>
         <in0 href="#idArr"/>
      </tns:getEMStatusesByEMIds>
      <soapenc:Array id="idArr" soapenc:arrayType="xsd:int[2]">
         <xsd:int>err1</xsd:int>
         <xsd:int>err2</xsd:int>
      </soapenc:Array>
   </soap:Body>
</soap:Envelope>]]></con:request><con:assertion type="SOAP Response" name="SOAP Response" id="8acd8d03-b7c7-4ab7-8ca9-44513b12c851"/><con:assertion type="Simple NotContains" name="Not Contains invalid login" id="169e8786-41b1-43c8-a9a6-630bf8dfce72"><con:configuration><token>&lt;message xsi:type="xsd:string">Invalid login.&lt;/message></token><ignoreCase>false</ignoreCase><useRegEx>false</useRegEx></con:configuration></con:assertion><con:assertion type="Simple NotContains" name="Not Contains no username/password" id="08421519-8059-439a-a341-ccac35e98ee0"><con:configuration><token>&lt;message xsi:type="xsd:string">You did not provide a password to the Web Service.  You must specify the password and username as HTTP BASIC authentication to the service&lt;/message></token><ignoreCase>false</ignoreCase><useRegEx>false</useRegEx></con:configuration></con:assertion><con:assertion type="Simple Contains" name="Contains NumberFormatException" id="30bf67b1-9e61-469f-83a4-adcd46612b25"><con:configuration><token>&lt;faultstring>java.lang.NumberFormatException: For input string:</token><ignoreCase>false</ignoreCase><useRegEx>false</useRegEx></con:configuration></con:assertion><con:credentials><con:username xsi:nil="true"/><con:password xsi:nil="true"/><con:domain xsi:nil="true"/><con:authType>No Authorization</con:authType></con:credentials><con:jmsConfig JMSDeliveryMode="PERSISTENT"/><con:jmsPropertyConfig/><con:wsaConfig action="urn:Medfusion/Medfusion/getEMStatusesByEMIdsRequest" mustUnderstand="NONE" version="200508"/><con:wsrmConfig version="1.2"/></con:request></con:config></con:testStep><con:properties><con:property><con:name>Username</con:name><con:value>IHGConnecthub20971</con:value></con:property><con:property><con:name>Password</con:name><con:value>IOITpOYJOh5Q6KwbTT7o</con:value></con:property></con:properties><con:reportParameters/></con:testCase><con:testCase failOnError="true" failTestCaseOnErrors="true" keepSession="false" maxResults="0" name="getExternalSystemsForPractice TestCase" searchProperties="true" id="a0186c73-d61a-4f6e-942b-0e36f79c6ad2"><con:settings/><con:testStep type="request" name="getExternalSystemsForPractice" id="0a047dc6-3fa3-4ced-8851-76658d2ae6ee"><con:settings/><con:config xsi:type="con:RequestStep" xmlns:xsi="http://www.w3.org/2001/XMLSchema-instance"><con:interface>medfusionSoapBinding</con:interface><con:operation>getExternalSystemsForPractice</con:operation><con:request name="getExternalSystemsForPractice" outgoingWss="" incomingWss="" id="8e55723d-09d1-4061-ad00-c848218c39ed"><con:settings><con:setting id="com.eviware.soapui.impl.wsdl.WsdlRequest@request-headers">&lt;entry key="Authorization" value="Basic SUhHQ29ubmVjdGh1YjIwOTcxOklPSVRwT1lKT2g1UTZLd2JUVDdv" xmlns="http://eviware.com/soapui/config"/></con:setting></con:settings><con:encoding>UTF-8</con:encoding><con:endpoint>http://dev3-portal-wicket01.mf.qhg.local:8080/webservices/services/medfusion?wsdl</con:endpoint><con:request><![CDATA[<soap:Envelope xmlns:soap="http://schemas.xmlsoap.org/soap/envelope/" xmlns:soapenc="http://schemas.xmlsoap.org/soap/encoding/" xmlns:tns="urn:Medfusion" xmlns:types="urn:Medfusion/encodedTypes" xmlns:xsd="http://www.w3.org/2001/XMLSchema" xmlns:xsi="http://www.w3.org/2001/XMLSchema-instance">
   <soap:Body soap:encodingStyle="http://schemas.xmlsoap.org/soap/encoding/">
      <tns:getExternalSystemsForPractice>
         <in0 xsi:type="xsd:int" xs:type="type:int" xmlns:xs="http://www.w3.org/2000/XMLSchema-instance">20971</in0>
      </tns:getExternalSystemsForPractice>
   </soap:Body>
</soap:Envelope>]]></con:request><con:assertion type="SOAP Response" name="SOAP Response" id="0b967461-3980-43d9-b15a-b8a63b21fd63"/><con:assertion type="Simple NotContains" name="Not Contains invalid login" id="a31ebb3f-9831-44bb-a427-ccef340ff086"><con:configuration><token>&lt;message xsi:type="xsd:string">Invalid login.&lt;/message></token><ignoreCase>false</ignoreCase><useRegEx>false</useRegEx></con:configuration></con:assertion><con:assertion type="Simple NotContains" name="Not Contains no username/password" id="d7c27281-b809-462c-a7c1-8503a3026a69"><con:configuration><token>&lt;message xsi:type="xsd:string">You did not provide a password to the Web Service.  You must specify the password and username as HTTP BASIC authentication to the service&lt;/message></token><ignoreCase>false</ignoreCase><useRegEx>false</useRegEx></con:configuration></con:assertion><con:assertion type="Simple Contains" name="Contains getExternalSystemsForPracticeResponse" id="4965a070-3a7f-42e6-83d6-a269aecc9297"><con:configuration><token>&lt;ns1:getExternalSystemsForPracticeResponse soapenv:encodingStyle=</token><ignoreCase>false</ignoreCase><useRegEx>false</useRegEx></con:configuration></con:assertion><con:credentials><con:username xsi:nil="true"/><con:password xsi:nil="true"/><con:domain xsi:nil="true"/><con:authType>No Authorization</con:authType></con:credentials><con:jmsConfig JMSDeliveryMode="PERSISTENT"/><con:jmsPropertyConfig/><con:wsaConfig action="urn:Medfusion/Medfusion/getExternalSystemsForPracticeRequest" mustUnderstand="NONE" version="200508"/><con:wsrmConfig version="1.2"/></con:request></con:config></con:testStep><con:testStep type="request" name="getExternalSystemsForPractice - no id" id="3e350a74-9ec5-473c-817c-dcd0b5ca14d9"><con:settings/><con:config xsi:type="con:RequestStep" xmlns:xsi="http://www.w3.org/2001/XMLSchema-instance"><con:interface>medfusionSoapBinding</con:interface><con:operation>getExternalSystemsForPractice</con:operation><con:request name="getExternalSystemsForPractice - no id" outgoingWss="" incomingWss="" id="af54db02-618e-4fdc-b1e8-3f45e1cfa255"><con:settings><con:setting id="com.eviware.soapui.impl.wsdl.WsdlRequest@request-headers">&lt;entry key="Authorization" value="Basic SUhHQ29ubmVjdGh1YjIwOTcxOklPSVRwT1lKT2g1UTZLd2JUVDdv" xmlns="http://eviware.com/soapui/config"/></con:setting></con:settings><con:encoding>UTF-8</con:encoding><con:endpoint>http://dev3-portal-wicket01.mf.qhg.local:8080/webservices/services/medfusion?wsdl</con:endpoint><con:request><![CDATA[<soap:Envelope xmlns:soap="http://schemas.xmlsoap.org/soap/envelope/" xmlns:soapenc="http://schemas.xmlsoap.org/soap/encoding/" xmlns:tns="urn:Medfusion" xmlns:types="urn:Medfusion/encodedTypes" xmlns:xsd="http://www.w3.org/2001/XMLSchema" xmlns:xsi="http://www.w3.org/2001/XMLSchema-instance">
   <soap:Body soap:encodingStyle="http://schemas.xmlsoap.org/soap/encoding/">
      <tns:getExternalSystemsForPractice>
         <in0 xsi:type="xsd:int" xs:type="type:int" xmlns:xs="http://www.w3.org/2000/XMLSchema-instance"/>
      </tns:getExternalSystemsForPractice>
   </soap:Body>
</soap:Envelope>]]></con:request><con:assertion type="SOAP Response" name="SOAP Response" id="fafb5715-999f-446d-8fd0-b446325e0f25"/><con:assertion type="Simple NotContains" name="Not Contains invalid login" id="c6d01b18-ae02-4ec1-9588-053ec7d20c74"><con:configuration><token>&lt;message xsi:type="xsd:string">Invalid login.&lt;/message></token><ignoreCase>false</ignoreCase><useRegEx>false</useRegEx></con:configuration></con:assertion><con:assertion type="Simple NotContains" name="Not Contains no username/password" id="de0df5ed-1dc1-46be-848a-dae9adadf6b2"><con:configuration><token>&lt;message xsi:type="xsd:string">You did not provide a password to the Web Service.  You must specify the password and username as HTTP BASIC authentication to the service&lt;/message></token><ignoreCase>false</ignoreCase><useRegEx>false</useRegEx></con:configuration></con:assertion><con:assertion type="Simple Contains" name="Contains faultstring" id="b2de2d86-9443-4282-b561-2d2d3b9351b9"><con:configuration><token>&lt;faultstring>No such operation 'getExternalSystemsForPractice'&lt;/faultstring></token><ignoreCase>false</ignoreCase><useRegEx>false</useRegEx></con:configuration></con:assertion><con:credentials><con:username xsi:nil="true"/><con:password xsi:nil="true"/><con:domain xsi:nil="true"/><con:authType>No Authorization</con:authType></con:credentials><con:jmsConfig JMSDeliveryMode="PERSISTENT"/><con:jmsPropertyConfig/><con:wsaConfig action="urn:Medfusion/Medfusion/getExternalSystemsForPracticeRequest" mustUnderstand="NONE" version="200508"/><con:wsrmConfig version="1.2"/></con:request></con:config></con:testStep><con:testStep type="request" name="getExternalSystemsForPractice - invalid id" id="8a2c7468-43cf-45f1-9fbb-0b323d4eeeec"><con:settings/><con:config xsi:type="con:RequestStep" xmlns:xsi="http://www.w3.org/2001/XMLSchema-instance"><con:interface>medfusionSoapBinding</con:interface><con:operation>getExternalSystemsForPractice</con:operation><con:request name="getExternalSystemsForPractice - invalid id" outgoingWss="" incomingWss="" id="edf8491e-4870-4f26-bf4e-310dfef32bc6"><con:settings><con:setting id="com.eviware.soapui.impl.wsdl.WsdlRequest@request-headers">&lt;entry key="Authorization" value="Basic SUhHQ29ubmVjdGh1YjIwOTcxOklPSVRwT1lKT2g1UTZLd2JUVDdv" xmlns="http://eviware.com/soapui/config"/></con:setting></con:settings><con:encoding>UTF-8</con:encoding><con:endpoint>http://dev3-portal-wicket01.mf.qhg.local:8080/webservices/services/medfusion?wsdl</con:endpoint><con:request><![CDATA[<soap:Envelope xmlns:soap="http://schemas.xmlsoap.org/soap/envelope/" xmlns:soapenc="http://schemas.xmlsoap.org/soap/encoding/" xmlns:tns="urn:Medfusion" xmlns:types="urn:Medfusion/encodedTypes" xmlns:xsd="http://www.w3.org/2001/XMLSchema" xmlns:xsi="http://www.w3.org/2001/XMLSchema-instance">
   <soap:Body soap:encodingStyle="http://schemas.xmlsoap.org/soap/encoding/">
      <tns:getExternalSystemsForPractice>
         <in0 xsi:type="xsd:int" xs:type="type:int" xmlns:xs="http://www.w3.org/2000/XMLSchema-instance">err</in0>
      </tns:getExternalSystemsForPractice>
   </soap:Body>
</soap:Envelope>]]></con:request><con:assertion type="SOAP Response" name="SOAP Response" id="e8ef20ff-4f75-44b9-8ab3-45d4e76f6dd0"/><con:assertion type="Simple NotContains" name="Not Contains invalid login" id="e6539118-afcb-436c-9494-b43f4eab0d43"><con:configuration><token>&lt;message xsi:type="xsd:string">Invalid login.&lt;/message></token><ignoreCase>false</ignoreCase><useRegEx>false</useRegEx></con:configuration></con:assertion><con:assertion type="Simple NotContains" name="Not Contains no username/password" id="122d8bf7-6dba-4824-a079-7dc86926e36f"><con:configuration><token>&lt;message xsi:type="xsd:string">You did not provide a password to the Web Service.  You must specify the password and username as HTTP BASIC authentication to the service&lt;/message></token><ignoreCase>false</ignoreCase><useRegEx>false</useRegEx></con:configuration></con:assertion><con:assertion type="Simple Contains" name="Contains" id="fd785e06-3ef8-441c-a222-b874719aa726"><con:configuration><token>&lt;faultstring>java.lang.NumberFormatException: For input string:</token><ignoreCase>false</ignoreCase><useRegEx>false</useRegEx></con:configuration></con:assertion><con:credentials><con:username xsi:nil="true"/><con:password xsi:nil="true"/><con:domain xsi:nil="true"/><con:authType>No Authorization</con:authType></con:credentials><con:jmsConfig JMSDeliveryMode="PERSISTENT"/><con:jmsPropertyConfig/><con:wsaConfig action="urn:Medfusion/Medfusion/getExternalSystemsForPracticeRequest" mustUnderstand="NONE" version="200508"/><con:wsrmConfig version="1.2"/></con:request></con:config></con:testStep><con:properties><con:property><con:name>Username</con:name><con:value>IHGConnecthub20971</con:value></con:property><con:property><con:name>Password</con:name><con:value>IOITpOYJOh5Q6KwbTT7o</con:value></con:property></con:properties><con:reportParameters/></con:testCase><con:testCase failOnError="true" failTestCaseOnErrors="true" keepSession="false" maxResults="0" name="getOBPByCriteria TestCase" searchProperties="true" id="cdceec02-9184-441c-80c8-f1a0fc6a446c"><con:settings/><con:testStep type="request" name="getOBPByCriteria" id="d608ba93-acb3-49ab-a151-613851839086"><con:settings/><con:config xsi:type="con:RequestStep" xmlns:xsi="http://www.w3.org/2001/XMLSchema-instance"><con:interface>medfusionSoapBinding</con:interface><con:operation>getOBPByCriteria</con:operation><con:request name="getOBPByCriteria" outgoingWss="" incomingWss="" id="d283959e-8cde-424b-8ca4-e86fc91d2543"><con:settings><con:setting id="com.eviware.soapui.impl.wsdl.WsdlRequest@request-headers">&lt;entry key="Authorization" value="Basic SUhHQ29ubmVjdGh1YjIwOTcxOklPSVRwT1lKT2g1UTZLd2JUVDdv" xmlns="http://eviware.com/soapui/config"/></con:setting></con:settings><con:encoding>UTF-8</con:encoding><con:endpoint>http://dev3-portal-wicket01.mf.qhg.local:8080/webservices/services/medfusion?wsdl</con:endpoint><con:request><![CDATA[<soap:Envelope xmlns:soap="http://schemas.xmlsoap.org/soap/envelope/" xmlns:soapenc="http://schemas.xmlsoap.org/soap/encoding/" xmlns:tns="urn:Medfusion" xmlns:types="urn:Medfusion/encodedTypes" xmlns:xsd="http://www.w3.org/2001/XMLSchema" xmlns:xsi="http://www.w3.org/2001/XMLSchema-instance">
   <soap:Body soap:encodingStyle="http://schemas.xmlsoap.org/soap/encoding/">
      <tns:getOBPByCriteria>
         <in0 xsi:type="xsd:int" xs:type="type:int" xmlns:xs="http://www.w3.org/2000/XMLSchema-instance">20971</in0>
         <in1 href="#id1"/>
      </tns:getOBPByCriteria>
      <soapenc:Array id="id1" soapenc:arrayType="q1:Criteria[3]" xmlns:q1="http://query.common.webservices.integrations.medfusion.net">
         <Item href="#id2"/>
         <Item href="#id3"/>
         <Item href="#id4"/>
      </soapenc:Array>
      <q2:Criteria id="id2" xsi:type="q2:Criteria" xmlns:q2="http://query.common.webservices.integrations.medfusion.net">
         <fieldName xsi:type="xsd:string">obpPracticeId</fieldName>
         <fieldValue xsi:type="xsd:int">20971</fieldValue>
         <operation xsi:type="xsd:int">1</operation>
         <operationCaseSensitive xsi:type="xsd:boolean">false</operationCaseSensitive>
      </q2:Criteria>
      <q3:Criteria id="id3" xsi:type="q3:Criteria" xmlns:q3="http://query.common.webservices.integrations.medfusion.net">
         <fieldName xsi:type="xsd:string">obpCreationDate</fieldName>
         <fieldValue xsi:type="xsd:dateTime">2014-03-03T04:55:00</fieldValue>
         <operation xsi:type="xsd:int">3</operation>
         <operationCaseSensitive xsi:type="xsd:boolean">false</operationCaseSensitive>
      </q3:Criteria>
      <q4:Criteria id="id4" xsi:type="q4:Criteria" xmlns:q4="http://query.common.webservices.integrations.medfusion.net">
         <fieldName xsi:type="xsd:string">obpStatus</fieldName>
         <fieldValue xsi:type="xsd:string">Pending</fieldValue>
         <operation xsi:type="xsd:int">1</operation>
         <operationCaseSensitive xsi:type="xsd:boolean">false</operationCaseSensitive>
      </q4:Criteria>
   </soap:Body>
</soap:Envelope>]]></con:request><con:assertion type="SOAP Response" name="SOAP Response" id="411dcc2a-23db-484f-8fd1-2dbd3249621f"/><con:assertion type="Simple NotContains" name="Not Contains invalid login" id="ba0cb9e9-85a9-46f1-95b6-af26bd4c9658"><con:configuration><token>&lt;message xsi:type="xsd:string">Invalid login.&lt;/message></token><ignoreCase>false</ignoreCase><useRegEx>false</useRegEx></con:configuration></con:assertion><con:assertion type="Simple NotContains" name="Not Contains no username/password" id="27b1c5d3-3e92-4b4b-bfc8-fec461bc1c22"><con:configuration><token>&lt;message xsi:type="xsd:string">You did not provide a password to the Web Service.  You must specify the password and username as HTTP BASIC authentication to the service&lt;/message></token><ignoreCase>false</ignoreCase><useRegEx>false</useRegEx></con:configuration></con:assertion><con:assertion type="Simple Contains" name="Contains getOBPByCriteriaResponse" id="6e2a6360-5650-4c31-86cd-384aae4f1d41"><con:configuration><token>&lt;ns1:getOBPByCriteriaResponse soapenv</token><ignoreCase>false</ignoreCase><useRegEx>false</useRegEx></con:configuration></con:assertion><con:credentials><con:username xsi:nil="true"/><con:password xsi:nil="true"/><con:domain xsi:nil="true"/><con:authType>No Authorization</con:authType></con:credentials><con:jmsConfig JMSDeliveryMode="PERSISTENT"/><con:jmsPropertyConfig/><con:wsaConfig action="urn:Medfusion/Medfusion/getOBPByCriteriaRequest" mustUnderstand="NONE" version="200508"/><con:wsrmConfig version="1.2"/></con:request></con:config></con:testStep><con:testStep type="request" name="getOBPByCriteria - no crit" id="e7c41aa4-83ee-438d-b707-e6f7c6541791"><con:settings/><con:config xsi:type="con:RequestStep" xmlns:xsi="http://www.w3.org/2001/XMLSchema-instance"><con:interface>medfusionSoapBinding</con:interface><con:operation>getOBPByCriteria</con:operation><con:request name="getOBPByCriteria - no crit" outgoingWss="" incomingWss="" id="d15112ae-1a11-47c3-8c60-d016ae5d04ba"><con:settings><con:setting id="com.eviware.soapui.impl.wsdl.WsdlRequest@request-headers">&lt;entry key="Authorization" value="Basic SUhHQ29ubmVjdGh1YjIwOTcxOklPSVRwT1lKT2g1UTZLd2JUVDdv" xmlns="http://eviware.com/soapui/config"/></con:setting></con:settings><con:encoding>UTF-8</con:encoding><con:endpoint>http://dev3-portal-wicket01.mf.qhg.local:8080/webservices/services/medfusion?wsdl</con:endpoint><con:request><![CDATA[<soap:Envelope xmlns:soap="http://schemas.xmlsoap.org/soap/envelope/" xmlns:soapenc="http://schemas.xmlsoap.org/soap/encoding/" xmlns:tns="urn:Medfusion" xmlns:types="urn:Medfusion/encodedTypes" xmlns:xsd="http://www.w3.org/2001/XMLSchema" xmlns:xsi="http://www.w3.org/2001/XMLSchema-instance">
   <soap:Body soap:encodingStyle="http://schemas.xmlsoap.org/soap/encoding/">
      <tns:getOBPByCriteria>
         <in0 xsi:type="xsd:int" xs:type="type:int" xmlns:xs="http://www.w3.org/2000/XMLSchema-instance"/>
         <in1 href="#id1"/>
      </tns:getOBPByCriteria>
      <soapenc:Array id="id1" soapenc:arrayType="q1:Criteria[3]" xmlns:q1="http://query.common.webservices.integrations.medfusion.net">
         <Item href="#id2"/>
         <Item href="#id3"/>
         <Item href="#id4"/>
      </soapenc:Array>
      <q2:Criteria id="id2" xsi:type="q2:Criteria" xmlns:q2="http://query.common.webservices.integrations.medfusion.net">
         <fieldName xsi:type="xsd:string">obpPracticeId</fieldName>
         <fieldValue xsi:type="xsd:int">20971</fieldValue>
         <operation xsi:type="xsd:int">1</operation>
         <operationCaseSensitive xsi:type="xsd:boolean">false</operationCaseSensitive>
      </q2:Criteria>
      <q3:Criteria id="id3" xsi:type="q3:Criteria" xmlns:q3="http://query.common.webservices.integrations.medfusion.net">
         <fieldName xsi:type="xsd:string">obpCreationDate</fieldName>
         <fieldValue xsi:type="xsd:dateTime">2014-03-03T04:55:00</fieldValue>
         <operation xsi:type="xsd:int">3</operation>
         <operationCaseSensitive xsi:type="xsd:boolean">false</operationCaseSensitive>
      </q3:Criteria>
      <q4:Criteria id="id4" xsi:type="q4:Criteria" xmlns:q4="http://query.common.webservices.integrations.medfusion.net">
         <fieldName xsi:type="xsd:string">obpStatus</fieldName>
         <fieldValue xsi:type="xsd:string">Pending</fieldValue>
         <operation xsi:type="xsd:int">1</operation>
         <operationCaseSensitive xsi:type="xsd:boolean">false</operationCaseSensitive>
      </q4:Criteria>
   </soap:Body>
</soap:Envelope>]]></con:request><con:assertion type="SOAP Response" name="SOAP Response" id="be5cd4b0-645a-471c-b8cc-87b8631f1416"/><con:assertion type="Simple NotContains" name="Not Contains invalid login" id="50e76b72-c6ef-4f66-9f9d-253fc5c4660c"><con:configuration><token>&lt;message xsi:type="xsd:string">Invalid login.&lt;/message></token><ignoreCase>false</ignoreCase><useRegEx>false</useRegEx></con:configuration></con:assertion><con:assertion type="Simple NotContains" name="Not Contains no username/password" id="ede3cd45-f089-4470-ba04-1d6a79b3cda7"><con:configuration><token>&lt;message xsi:type="xsd:string">You did not provide a password to the Web Service.  You must specify the password and username as HTTP BASIC authentication to the service&lt;/message></token><ignoreCase>false</ignoreCase><useRegEx>false</useRegEx></con:configuration></con:assertion><con:assertion type="Simple Contains" name="Contains faultstring" id="c1aa41fd-c2d9-49c9-a5bf-3d94f8fd52f3"><con:configuration><token>&lt;faultstring>No such operation 'getOBPByCriteria'&lt;/faultstring></token><ignoreCase>false</ignoreCase><useRegEx>false</useRegEx></con:configuration></con:assertion><con:credentials><con:username xsi:nil="true"/><con:password xsi:nil="true"/><con:domain xsi:nil="true"/><con:authType>No Authorization</con:authType></con:credentials><con:jmsConfig JMSDeliveryMode="PERSISTENT"/><con:jmsPropertyConfig/><con:wsaConfig action="urn:Medfusion/Medfusion/getOBPByCriteriaRequest" mustUnderstand="NONE" version="200508"/><con:wsrmConfig version="1.2"/></con:request></con:config></con:testStep><con:testStep type="request" name="getOBPByCriteria - invalid crit" id="a180c26b-26a7-443e-bbfc-ec7b5349ae87"><con:settings/><con:config xsi:type="con:RequestStep" xmlns:xsi="http://www.w3.org/2001/XMLSchema-instance"><con:interface>medfusionSoapBinding</con:interface><con:operation>getOBPByCriteria</con:operation><con:request name="getOBPByCriteria - invalid crit" outgoingWss="" incomingWss="" id="d573cbae-c80a-4707-97be-1c5a2f5bc1a3"><con:settings><con:setting id="com.eviware.soapui.impl.wsdl.WsdlRequest@request-headers">&lt;entry key="Authorization" value="Basic SUhHQ29ubmVjdGh1YjIwOTcxOklPSVRwT1lKT2g1UTZLd2JUVDdv" xmlns="http://eviware.com/soapui/config"/></con:setting></con:settings><con:encoding>UTF-8</con:encoding><con:endpoint>http://dev3-portal-wicket01.mf.qhg.local:8080/webservices/services/medfusion?wsdl</con:endpoint><con:request><![CDATA[<soap:Envelope xmlns:soap="http://schemas.xmlsoap.org/soap/envelope/" xmlns:soapenc="http://schemas.xmlsoap.org/soap/encoding/" xmlns:tns="urn:Medfusion" xmlns:types="urn:Medfusion/encodedTypes" xmlns:xsd="http://www.w3.org/2001/XMLSchema" xmlns:xsi="http://www.w3.org/2001/XMLSchema-instance">
   <soap:Body soap:encodingStyle="http://schemas.xmlsoap.org/soap/encoding/">
      <tns:getOBPByCriteria>
         <in0 xsi:type="xsd:int" xs:type="type:int" xmlns:xs="http://www.w3.org/2000/XMLSchema-instance">err</in0>
         <in1 href="#id1"/>
      </tns:getOBPByCriteria>
      <soapenc:Array id="id1" soapenc:arrayType="q1:Criteria[3]" xmlns:q1="http://query.common.webservices.integrations.medfusion.net">
         <Item href="#id2"/>
         <Item href="#id3"/>
         <Item href="#id4"/>
      </soapenc:Array>
      <q2:Criteria id="id2" xsi:type="q2:Criteria" xmlns:q2="http://query.common.webservices.integrations.medfusion.net">
         <fieldName xsi:type="xsd:string">obpPracticeId</fieldName>
         <fieldValue xsi:type="xsd:int">20971</fieldValue>
         <operation xsi:type="xsd:int">1</operation>
         <operationCaseSensitive xsi:type="xsd:boolean">false</operationCaseSensitive>
      </q2:Criteria>
      <q3:Criteria id="id3" xsi:type="q3:Criteria" xmlns:q3="http://query.common.webservices.integrations.medfusion.net">
         <fieldName xsi:type="xsd:string">obpCreationDate</fieldName>
         <fieldValue xsi:type="xsd:dateTime">2014-03-03T04:55:00</fieldValue>
         <operation xsi:type="xsd:int">3</operation>
         <operationCaseSensitive xsi:type="xsd:boolean">false</operationCaseSensitive>
      </q3:Criteria>
      <q4:Criteria id="id4" xsi:type="q4:Criteria" xmlns:q4="http://query.common.webservices.integrations.medfusion.net">
         <fieldName xsi:type="xsd:string">obpStatus</fieldName>
         <fieldValue xsi:type="xsd:string">Pending</fieldValue>
         <operation xsi:type="xsd:int">1</operation>
         <operationCaseSensitive xsi:type="xsd:boolean">false</operationCaseSensitive>
      </q4:Criteria>
   </soap:Body>
</soap:Envelope>]]></con:request><con:assertion type="SOAP Response" name="SOAP Response" id="9b430605-0500-4902-8eb1-0c133d1717fc"/><con:assertion type="Simple NotContains" name="Not Contains invalid login" id="5a27affe-6716-4404-be28-4083a5c7fc4d"><con:configuration><token>&lt;message xsi:type="xsd:string">Invalid login.&lt;/message></token><ignoreCase>false</ignoreCase><useRegEx>false</useRegEx></con:configuration></con:assertion><con:assertion type="Simple NotContains" name="Not Contains no username/password" id="6cfb2377-f0a4-4c49-b5fe-c86333afdc48"><con:configuration><token>&lt;message xsi:type="xsd:string">You did not provide a password to the Web Service.  You must specify the password and username as HTTP BASIC authentication to the service&lt;/message></token><ignoreCase>false</ignoreCase><useRegEx>false</useRegEx></con:configuration></con:assertion><con:assertion type="Simple Contains" name="Contains NumberFormatException" id="73722884-2835-4d03-a93b-38de31cd5f9c"><con:configuration><token>&lt;faultstring>java.lang.NumberFormatException: For input string</token><ignoreCase>false</ignoreCase><useRegEx>false</useRegEx></con:configuration></con:assertion><con:credentials><con:username xsi:nil="true"/><con:password xsi:nil="true"/><con:domain xsi:nil="true"/><con:authType>No Authorization</con:authType></con:credentials><con:jmsConfig JMSDeliveryMode="PERSISTENT"/><con:jmsPropertyConfig/><con:wsaConfig action="urn:Medfusion/Medfusion/getOBPByCriteriaRequest" mustUnderstand="NONE" version="200508"/><con:wsrmConfig version="1.2"/></con:request></con:config></con:testStep><con:properties><con:property><con:name>Username</con:name><con:value>IHGConnecthub20971</con:value></con:property><con:property><con:name>Password</con:name><con:value>IOITpOYJOh5Q6KwbTT7o</con:value></con:property></con:properties><con:reportParameters/></con:testCase><con:testCase failOnError="true" failTestCaseOnErrors="true" keepSession="false" maxResults="0" name="getRxRefillReqByCriteria TestCase" searchProperties="true" id="163ab79e-3a34-4ce2-97e4-aefdd12379f1"><con:settings/><con:testStep type="request" name="getRxRefillReqByCriteria" id="853f29c4-28e8-42c3-8bcd-f4d762e0c103"><con:settings/><con:config xsi:type="con:RequestStep" xmlns:xsi="http://www.w3.org/2001/XMLSchema-instance"><con:interface>medfusionSoapBinding</con:interface><con:operation>getRxRefillReqByCriteria</con:operation><con:request name="getRxRefillReqByCriteria" outgoingWss="" incomingWss="" id="af2fe103-78bf-4dd4-99fc-568964fb06e9"><con:settings><con:setting id="com.eviware.soapui.impl.wsdl.WsdlRequest@request-headers">&lt;entry key="Authorization" value="Basic SUhHQ29ubmVjdGh1YjIwOTcxOklPSVRwT1lKT2g1UTZLd2JUVDdv" xmlns="http://eviware.com/soapui/config"/></con:setting></con:settings><con:encoding>UTF-8</con:encoding><con:endpoint>http://dev3-portal-wicket01.mf.qhg.local:8080/webservices/services/medfusion?wsdl</con:endpoint><con:request><![CDATA[<soap:Envelope xmlns:soap="http://schemas.xmlsoap.org/soap/envelope/" xmlns:soapenc="http://schemas.xmlsoap.org/soap/encoding/" xmlns:tns="urn:Medfusion" xmlns:types="urn:Medfusion/encodedTypes" xmlns:xsd="http://www.w3.org/2001/XMLSchema" xmlns:xsi="http://www.w3.org/2001/XMLSchema-instance">
   <soap:Body soap:encodingStyle="http://schemas.xmlsoap.org/soap/encoding/">
      <tns:getRxRefillReqByCriteria>
         <in0 xsi:type="xsd:int" xs:type="type:int" xmlns:xs="http://www.w3.org/2000/XMLSchema-instance">21636</in0>
         <in1 href="#id1"/>
      </tns:getRxRefillReqByCriteria>
      <soapenc:Array id="id1" soapenc:arrayType="q1:Criteria[2]" xmlns:q1="http://query.common.webservices.integrations.medfusion.net">
         <Item href="#id2"/>
         <Item href="#id3"/>
      </soapenc:Array>
      <q2:Criteria id="id2" xsi:type="q2:Criteria" xmlns:q2="http://query.common.webservices.integrations.medfusion.net">
         <fieldName xsi:type="xsd:string">rxRefillReqPracticeId</fieldName>
         <fieldValue xsi:type="xsd:int">21636</fieldValue>
         <operation xsi:type="xsd:int">1</operation>
         <operationCaseSensitive xsi:type="xsd:boolean">false</operationCaseSensitive>
      </q2:Criteria>
      <q3:Criteria id="id3" xsi:type="q3:Criteria" xmlns:q3="http://query.common.webservices.integrations.medfusion.net">
         <fieldName xsi:type="xsd:string">rxRefillReqCreationDate</fieldName>
         <fieldValue xsi:type="xsd:dateTime">2013-02-01T18:43:17</fieldValue>
         <operation xsi:type="xsd:int">3</operation>
         <operationCaseSensitive xsi:type="xsd:boolean">false</operationCaseSensitive>
      </q3:Criteria>
   </soap:Body>
</soap:Envelope>]]></con:request><con:assertion type="SOAP Response" name="SOAP Response" id="f0a1f330-a94c-470c-ae27-c4fd03d81ea8"/><con:assertion type="Simple NotContains" name="Not Contains invalid login" id="9c1aeca5-ed4a-4452-84aa-8d6c636f53c7"><con:configuration><token>&lt;message xsi:type="xsd:string">Invalid login.&lt;/message></token><ignoreCase>false</ignoreCase><useRegEx>false</useRegEx></con:configuration></con:assertion><con:assertion type="Simple NotContains" name="Not Contains no username/password" id="ba56d405-2313-4be0-91ca-549577c2fc38"><con:configuration><token>&lt;message xsi:type="xsd:string">You did not provide a password to the Web Service.  You must specify the password and username as HTTP BASIC authentication to the service&lt;/message></token><ignoreCase>false</ignoreCase><useRegEx>false</useRegEx></con:configuration></con:assertion><con:assertion type="Simple Contains" name="Contains getRxRefillReqByCriteriaResponse" id="fdcd096e-950a-42f8-9d79-00f43e3992c0"><con:configuration><token>&lt;ns1:getRxRefillReqByCriteriaResponse soapenv</token><ignoreCase>false</ignoreCase><useRegEx>false</useRegEx></con:configuration></con:assertion><con:credentials><con:username xsi:nil="true"/><con:password xsi:nil="true"/><con:domain xsi:nil="true"/><con:authType>No Authorization</con:authType></con:credentials><con:jmsConfig JMSDeliveryMode="PERSISTENT"/><con:jmsPropertyConfig/><con:wsaConfig action="urn:Medfusion/Medfusion/getRxRefillReqByCriteriaRequest" mustUnderstand="NONE" version="200508"/><con:wsrmConfig version="1.2"/></con:request></con:config></con:testStep><con:testStep type="request" name="getRxRefillReqByCriteria - no crit" id="2fb4f47d-0e14-41ae-8704-618f26e76b9d"><con:settings/><con:config xsi:type="con:RequestStep" xmlns:xsi="http://www.w3.org/2001/XMLSchema-instance"><con:interface>medfusionSoapBinding</con:interface><con:operation>getRxRefillReqByCriteria</con:operation><con:request name="getRxRefillReqByCriteria - no crit" outgoingWss="" incomingWss="" id="32eb559b-ca71-43ac-98fd-e8cf5716c42e"><con:settings><con:setting id="com.eviware.soapui.impl.wsdl.WsdlRequest@request-headers">&lt;entry key="Authorization" value="Basic SUhHQ29ubmVjdGh1YjIwOTcxOklPSVRwT1lKT2g1UTZLd2JUVDdv" xmlns="http://eviware.com/soapui/config"/></con:setting></con:settings><con:encoding>UTF-8</con:encoding><con:endpoint>http://dev3-portal-wicket01.mf.qhg.local:8080/webservices/services/medfusion?wsdl</con:endpoint><con:request><![CDATA[<soap:Envelope xmlns:soap="http://schemas.xmlsoap.org/soap/envelope/" xmlns:soapenc="http://schemas.xmlsoap.org/soap/encoding/" xmlns:tns="urn:Medfusion" xmlns:types="urn:Medfusion/encodedTypes" xmlns:xsd="http://www.w3.org/2001/XMLSchema" xmlns:xsi="http://www.w3.org/2001/XMLSchema-instance">
   <soap:Body soap:encodingStyle="http://schemas.xmlsoap.org/soap/encoding/">
      <tns:getRxRefillReqByCriteria>
         <in0 xsi:type="xsd:int" xs:type="type:int" xmlns:xs="http://www.w3.org/2000/XMLSchema-instance"/>
         <in1 href="#id1"/>
      </tns:getRxRefillReqByCriteria>
      <soapenc:Array id="id1" soapenc:arrayType="q1:Criteria[2]" xmlns:q1="http://query.common.webservices.integrations.medfusion.net">
         <Item href="#id2"/>
         <Item href="#id3"/>
      </soapenc:Array>
      <q2:Criteria id="id2" xsi:type="q2:Criteria" xmlns:q2="http://query.common.webservices.integrations.medfusion.net">
         <fieldName xsi:type="xsd:string">rxRefillReqPracticeId</fieldName>
         <fieldValue xsi:type="xsd:int">21636</fieldValue>
         <operation xsi:type="xsd:int">1</operation>
         <operationCaseSensitive xsi:type="xsd:boolean">false</operationCaseSensitive>
      </q2:Criteria>
      <q3:Criteria id="id3" xsi:type="q3:Criteria" xmlns:q3="http://query.common.webservices.integrations.medfusion.net">
         <fieldName xsi:type="xsd:string">rxRefillReqCreationDate</fieldName>
         <fieldValue xsi:type="xsd:dateTime">2013-02-01T18:43:17</fieldValue>
         <operation xsi:type="xsd:int">3</operation>
         <operationCaseSensitive xsi:type="xsd:boolean">false</operationCaseSensitive>
      </q3:Criteria>
   </soap:Body>
</soap:Envelope>]]></con:request><con:assertion type="SOAP Response" name="SOAP Response" id="5329aa82-29f6-48a0-baa3-77b5ed01457a"/><con:assertion type="Simple NotContains" name="Not Contains invalid login" id="346025a0-8aa9-4e66-bef4-10ae60db7928"><con:configuration><token>&lt;message xsi:type="xsd:string">Invalid login.&lt;/message></token><ignoreCase>false</ignoreCase><useRegEx>false</useRegEx></con:configuration></con:assertion><con:assertion type="Simple NotContains" name="Not Contains no username/password" id="8539d9d9-e3b2-44bf-8ca9-8900028a5aed"><con:configuration><token>&lt;message xsi:type="xsd:string">You did not provide a password to the Web Service.  You must specify the password and username as HTTP BASIC authentication to the service&lt;/message></token><ignoreCase>false</ignoreCase><useRegEx>false</useRegEx></con:configuration></con:assertion><con:assertion type="Simple Contains" name="Contains faultstring" id="e59ade6d-e218-45d9-8052-e0493aa63052"><con:configuration><token>&lt;faultstring>No such operation 'getRxRefillReqByCriteria'&lt;/faultstring></token><ignoreCase>false</ignoreCase><useRegEx>false</useRegEx></con:configuration></con:assertion><con:credentials><con:username xsi:nil="true"/><con:password xsi:nil="true"/><con:domain xsi:nil="true"/><con:authType>No Authorization</con:authType></con:credentials><con:jmsConfig JMSDeliveryMode="PERSISTENT"/><con:jmsPropertyConfig/><con:wsaConfig action="urn:Medfusion/Medfusion/getRxRefillReqByCriteriaRequest" mustUnderstand="NONE" version="200508"/><con:wsrmConfig version="1.2"/></con:request></con:config></con:testStep><con:testStep type="request" name="getRxRefillReqByCriteria - invalid crit" id="849154b3-fe5f-4431-b846-85f017ef31d9"><con:settings/><con:config xsi:type="con:RequestStep" xmlns:xsi="http://www.w3.org/2001/XMLSchema-instance"><con:interface>medfusionSoapBinding</con:interface><con:operation>getRxRefillReqByCriteria</con:operation><con:request name="getRxRefillReqByCriteria - invalid crit" outgoingWss="" incomingWss="" id="843a3cdf-798c-4a61-915b-b935052860f9"><con:settings><con:setting id="com.eviware.soapui.impl.wsdl.WsdlRequest@request-headers">&lt;entry key="Authorization" value="Basic SUhHQ29ubmVjdGh1YjIwOTcxOklPSVRwT1lKT2g1UTZLd2JUVDdv" xmlns="http://eviware.com/soapui/config"/></con:setting></con:settings><con:encoding>UTF-8</con:encoding><con:endpoint>http://dev3-portal-wicket01.mf.qhg.local:8080/webservices/services/medfusion?wsdl</con:endpoint><con:request><![CDATA[<soap:Envelope xmlns:soap="http://schemas.xmlsoap.org/soap/envelope/" xmlns:soapenc="http://schemas.xmlsoap.org/soap/encoding/" xmlns:tns="urn:Medfusion" xmlns:types="urn:Medfusion/encodedTypes" xmlns:xsd="http://www.w3.org/2001/XMLSchema" xmlns:xsi="http://www.w3.org/2001/XMLSchema-instance">
   <soap:Body soap:encodingStyle="http://schemas.xmlsoap.org/soap/encoding/">
      <tns:getRxRefillReqByCriteria>
         <in0 xsi:type="xsd:int" xs:type="type:int" xmlns:xs="http://www.w3.org/2000/XMLSchema-instance">err</in0>
         <in1 href="#id1"/>
      </tns:getRxRefillReqByCriteria>
      <soapenc:Array id="id1" soapenc:arrayType="q1:Criteria[2]" xmlns:q1="http://query.common.webservices.integrations.medfusion.net">
         <Item href="#id2"/>
         <Item href="#id3"/>
      </soapenc:Array>
      <q2:Criteria id="id2" xsi:type="q2:Criteria" xmlns:q2="http://query.common.webservices.integrations.medfusion.net">
         <fieldName xsi:type="xsd:string">rxRefillReqPracticeId</fieldName>
         <fieldValue xsi:type="xsd:int">21636</fieldValue>
         <operation xsi:type="xsd:int">1</operation>
         <operationCaseSensitive xsi:type="xsd:boolean">false</operationCaseSensitive>
      </q2:Criteria>
      <q3:Criteria id="id3" xsi:type="q3:Criteria" xmlns:q3="http://query.common.webservices.integrations.medfusion.net">
         <fieldName xsi:type="xsd:string">rxRefillReqCreationDate</fieldName>
         <fieldValue xsi:type="xsd:dateTime">2013-02-01T18:43:17</fieldValue>
         <operation xsi:type="xsd:int">3</operation>
         <operationCaseSensitive xsi:type="xsd:boolean">false</operationCaseSensitive>
      </q3:Criteria>
   </soap:Body>
</soap:Envelope>]]></con:request><con:assertion type="SOAP Response" name="SOAP Response" id="9ca032d0-fa00-4d00-a5fa-0c0ea86b48a5"/><con:assertion type="Simple NotContains" name="Not Contains invalid login" id="34829f80-dfc2-4a12-a927-d61baee9215f"><con:configuration><token>&lt;message xsi:type="xsd:string">Invalid login.&lt;/message></token><ignoreCase>false</ignoreCase><useRegEx>false</useRegEx></con:configuration></con:assertion><con:assertion type="Simple NotContains" name="Not Contains no username/password" id="ec2272e5-64fc-434b-8b5f-3ff649b029ec"><con:configuration><token>&lt;message xsi:type="xsd:string">You did not provide a password to the Web Service.  You must specify the password and username as HTTP BASIC authentication to the service&lt;/message></token><ignoreCase>false</ignoreCase><useRegEx>false</useRegEx></con:configuration></con:assertion><con:assertion type="Simple Contains" name="Contains NumberFormatException" id="8e00e1af-15fd-4649-90a0-a5c61b2148f8"><con:configuration><token>&lt;faultstring>java.lang.NumberFormatException: For input string:</token><ignoreCase>false</ignoreCase><useRegEx>false</useRegEx></con:configuration></con:assertion><con:credentials><con:username xsi:nil="true"/><con:password xsi:nil="true"/><con:domain xsi:nil="true"/><con:authType>No Authorization</con:authType></con:credentials><con:jmsConfig JMSDeliveryMode="PERSISTENT"/><con:jmsPropertyConfig/><con:wsaConfig action="urn:Medfusion/Medfusion/getRxRefillReqByCriteriaRequest" mustUnderstand="NONE" version="200508"/><con:wsrmConfig version="1.2"/></con:request></con:config></con:testStep><con:properties><con:property><con:name>Username</con:name><con:value>IHGConnecthub20971</con:value></con:property><con:property><con:name>Password</con:name><con:value>IOITpOYJOh5Q6KwbTT7o</con:value></con:property></con:properties><con:reportParameters/></con:testCase><con:testCase failOnError="true" failTestCaseOnErrors="true" keepSession="false" maxResults="0" name="getStaffForPractice TestCase" searchProperties="true" id="b0698ec9-60f6-4992-a87d-c1e55217e4f7"><con:settings/><con:testStep type="request" name="getStaffForPractice" id="3ee2a5ee-d92a-41e2-a403-349a583633f9"><con:settings/><con:config xsi:type="con:RequestStep" xmlns:xsi="http://www.w3.org/2001/XMLSchema-instance"><con:interface>medfusionSoapBinding</con:interface><con:operation>getStaffForPractice</con:operation><con:request name="getStaffForPractice" outgoingWss="" incomingWss="" id="5796e1e6-611d-4a5d-9597-d6bcd253be71"><con:settings><con:setting id="com.eviware.soapui.impl.wsdl.WsdlRequest@request-headers">&lt;entry key="Authorization" value="Basic SUhHQ29ubmVjdGh1YjIwOTcxOklPSVRwT1lKT2g1UTZLd2JUVDdv" xmlns="http://eviware.com/soapui/config"/></con:setting></con:settings><con:encoding>UTF-8</con:encoding><con:endpoint>http://dev3-portal-wicket01.mf.qhg.local:8080/webservices/services/medfusion?wsdl</con:endpoint><con:request><![CDATA[<soap:Envelope xmlns:soap="http://schemas.xmlsoap.org/soap/envelope/" xmlns:soapenc="http://schemas.xmlsoap.org/soap/encoding/" xmlns:tns="urn:Medfusion" xmlns:types="urn:Medfusion/encodedTypes" xmlns:xsd="http://www.w3.org/2001/XMLSchema" xmlns:xsi="http://www.w3.org/2001/XMLSchema-instance">
   <soap:Body soap:encodingStyle="http://schemas.xmlsoap.org/soap/encoding/">
      <tns:getStaffForPractice>
         <in0 xsi:type="xsd:int" xs:type="type:int" xmlns:xs="http://www.w3.org/2000/XMLSchema-instance">20971</in0>
      </tns:getStaffForPractice>
   </soap:Body>
</soap:Envelope>]]></con:request><con:assertion type="SOAP Response" name="SOAP Response" id="29c48ea1-28e4-4f08-8040-0e2faef6139d"/><con:assertion type="Simple NotContains" name="Not Contains invalid login" id="68d33a19-66e8-496c-80c6-57401098a335"><con:configuration><token>&lt;message xsi:type="xsd:string">Invalid login.&lt;/message></token><ignoreCase>false</ignoreCase><useRegEx>false</useRegEx></con:configuration></con:assertion><con:assertion type="Simple NotContains" name="Not Contains no username/password" id="f96e3c59-3443-4f8c-88a3-09b40f76acd3"><con:configuration><token>&lt;message xsi:type="xsd:string">You did not provide a password to the Web Service.  You must specify the password and username as HTTP BASIC authentication to the service&lt;/message></token><ignoreCase>false</ignoreCase><useRegEx>false</useRegEx></con:configuration></con:assertion><con:assertion type="Simple Contains" name="Contains getStaffForPracticeResponse" id="1fb73c35-8e4b-4248-ac5f-f610063a77c3"><con:configuration><token>&lt;ns1:getStaffForPracticeResponse soapenv</token><ignoreCase>false</ignoreCase><useRegEx>false</useRegEx></con:configuration></con:assertion><con:credentials><con:username xsi:nil="true"/><con:password xsi:nil="true"/><con:domain xsi:nil="true"/><con:authType>No Authorization</con:authType></con:credentials><con:jmsConfig JMSDeliveryMode="PERSISTENT"/><con:jmsPropertyConfig/><con:wsaConfig action="urn:Medfusion/Medfusion/getStaffForPracticeRequest" mustUnderstand="NONE" version="200508"/><con:wsrmConfig version="1.2"/></con:request></con:config></con:testStep><con:testStep type="request" name="getStaffForPractice - no id" id="0f0ecddd-7bab-45a4-a0a4-f8f79b0643c4"><con:settings/><con:config xsi:type="con:RequestStep" xmlns:xsi="http://www.w3.org/2001/XMLSchema-instance"><con:interface>medfusionSoapBinding</con:interface><con:operation>getStaffForPractice</con:operation><con:request name="getStaffForPractice - no id" outgoingWss="" incomingWss="" id="0408c652-2c4d-4b23-ba8e-2cf25da54c3d"><con:settings><con:setting id="com.eviware.soapui.impl.wsdl.WsdlRequest@request-headers">&lt;entry key="Authorization" value="Basic SUhHQ29ubmVjdGh1YjIwOTcxOklPSVRwT1lKT2g1UTZLd2JUVDdv" xmlns="http://eviware.com/soapui/config"/></con:setting></con:settings><con:encoding>UTF-8</con:encoding><con:endpoint>http://dev3-portal-wicket01.mf.qhg.local:8080/webservices/services/medfusion?wsdl</con:endpoint><con:request><![CDATA[<soap:Envelope xmlns:soap="http://schemas.xmlsoap.org/soap/envelope/" xmlns:soapenc="http://schemas.xmlsoap.org/soap/encoding/" xmlns:tns="urn:Medfusion" xmlns:types="urn:Medfusion/encodedTypes" xmlns:xsd="http://www.w3.org/2001/XMLSchema" xmlns:xsi="http://www.w3.org/2001/XMLSchema-instance">
   <soap:Body soap:encodingStyle="http://schemas.xmlsoap.org/soap/encoding/">
      <tns:getStaffForPractice>
         <in0 xsi:type="xsd:int" xs:type="type:int" xmlns:xs="http://www.w3.org/2000/XMLSchema-instance"/>
      </tns:getStaffForPractice>
   </soap:Body>
</soap:Envelope>]]></con:request><con:assertion type="SOAP Response" name="SOAP Response" id="f1ee0c07-6a79-4ec1-90ad-e6b7e6adf7a2"/><con:assertion type="Simple NotContains" name="Not Contains invalid login" id="8fe41989-a5f1-4669-bb6f-da6b7e9a8c66"><con:configuration><token>&lt;message xsi:type="xsd:string">Invalid login.&lt;/message></token><ignoreCase>false</ignoreCase><useRegEx>false</useRegEx></con:configuration></con:assertion><con:assertion type="Simple NotContains" name="Not Contains no username/password" id="52e7e024-55dc-47d0-88fc-7170c449adfe"><con:configuration><token>&lt;message xsi:type="xsd:string">You did not provide a password to the Web Service.  You must specify the password and username as HTTP BASIC authentication to the service&lt;/message></token><ignoreCase>false</ignoreCase><useRegEx>false</useRegEx></con:configuration></con:assertion><con:assertion type="Simple Contains" name="Contains faultstring" id="9ede9c9c-668b-49b7-b212-adf72c69a906"><con:configuration><token>&lt;faultstring>No such operation 'getStaffForPractice'&lt;/faultstring></token><ignoreCase>false</ignoreCase><useRegEx>false</useRegEx></con:configuration></con:assertion><con:credentials><con:username xsi:nil="true"/><con:password xsi:nil="true"/><con:domain xsi:nil="true"/><con:authType>No Authorization</con:authType></con:credentials><con:jmsConfig JMSDeliveryMode="PERSISTENT"/><con:jmsPropertyConfig/><con:wsaConfig action="urn:Medfusion/Medfusion/getStaffForPracticeRequest" mustUnderstand="NONE" version="200508"/><con:wsrmConfig version="1.2"/></con:request></con:config></con:testStep><con:testStep type="request" name="getStaffForPractice - invalid id" id="11f2fd09-9df9-4604-bded-216fb2ef66fd"><con:settings/><con:config xsi:type="con:RequestStep" xmlns:xsi="http://www.w3.org/2001/XMLSchema-instance"><con:interface>medfusionSoapBinding</con:interface><con:operation>getStaffForPractice</con:operation><con:request name="getStaffForPractice - invalid id" outgoingWss="" incomingWss="" id="294ab1ea-375d-42d8-845a-e2d65be4f4e8"><con:settings><con:setting id="com.eviware.soapui.impl.wsdl.WsdlRequest@request-headers">&lt;entry key="Authorization" value="Basic SUhHQ29ubmVjdGh1YjIwOTcxOklPSVRwT1lKT2g1UTZLd2JUVDdv" xmlns="http://eviware.com/soapui/config"/></con:setting></con:settings><con:encoding>UTF-8</con:encoding><con:endpoint>http://dev3-portal-wicket01.mf.qhg.local:8080/webservices/services/medfusion?wsdl</con:endpoint><con:request><![CDATA[<soap:Envelope xmlns:soap="http://schemas.xmlsoap.org/soap/envelope/" xmlns:soapenc="http://schemas.xmlsoap.org/soap/encoding/" xmlns:tns="urn:Medfusion" xmlns:types="urn:Medfusion/encodedTypes" xmlns:xsd="http://www.w3.org/2001/XMLSchema" xmlns:xsi="http://www.w3.org/2001/XMLSchema-instance">
   <soap:Body soap:encodingStyle="http://schemas.xmlsoap.org/soap/encoding/">
      <tns:getStaffForPractice>
         <in0 xsi:type="xsd:int" xs:type="type:int" xmlns:xs="http://www.w3.org/2000/XMLSchema-instance">err</in0>
      </tns:getStaffForPractice>
   </soap:Body>
</soap:Envelope>]]></con:request><con:assertion type="SOAP Response" name="SOAP Response" id="df7d8126-4966-4f6d-9101-381f9390efc8"/><con:assertion type="Simple NotContains" name="Not Contains invalid login" id="5748deea-9f2a-4b09-901e-7a623ae27614"><con:configuration><token>&lt;message xsi:type="xsd:string">Invalid login.&lt;/message></token><ignoreCase>false</ignoreCase><useRegEx>false</useRegEx></con:configuration></con:assertion><con:assertion type="Simple NotContains" name="Not Contains no username/password" id="9dcadcc6-7792-4e05-b094-0cc6ee41da43"><con:configuration><token>&lt;message xsi:type="xsd:string">You did not provide a password to the Web Service.  You must specify the password and username as HTTP BASIC authentication to the service&lt;/message></token><ignoreCase>false</ignoreCase><useRegEx>false</useRegEx></con:configuration></con:assertion><con:assertion type="Simple Contains" name="Contains NumberFormatException" id="d9dae72c-dbc0-42e6-88bb-79edba56a1bd"><con:configuration><token>&lt;faultstring>java.lang.NumberFormatException: For input string:</token><ignoreCase>false</ignoreCase><useRegEx>false</useRegEx></con:configuration></con:assertion><con:credentials><con:username xsi:nil="true"/><con:password xsi:nil="true"/><con:domain xsi:nil="true"/><con:authType>No Authorization</con:authType></con:credentials><con:jmsConfig JMSDeliveryMode="PERSISTENT"/><con:jmsPropertyConfig/><con:wsaConfig action="urn:Medfusion/Medfusion/getStaffForPracticeRequest" mustUnderstand="NONE" version="200508"/><con:wsrmConfig version="1.2"/></con:request></con:config></con:testStep><con:properties><con:property><con:name>Username</con:name><con:value>IHGConnecthub20971</con:value></con:property><con:property><con:name>Password</con:name><con:value>IOITpOYJOh5Q6KwbTT7o</con:value></con:property></con:properties><con:reportParameters/></con:testCase><con:testCase failOnError="true" failTestCaseOnErrors="true" keepSession="false" maxResults="0" name="getVOVsByCriteria - Ask A Doctor TestCase" searchProperties="true" id="dfcf3255-6b45-4395-bdfd-fc93a09a50f3"><con:settings/><con:testStep type="request" name="getVOVsByCriteria" id="8b672322-090e-4b03-adb1-ab5442a4ad09"><con:settings/><con:config xsi:type="con:RequestStep" xmlns:xsi="http://www.w3.org/2001/XMLSchema-instance"><con:interface>medfusionSoapBinding</con:interface><con:operation>getVOVsByCriteria</con:operation><con:request name="getVOVsByCriteria" outgoingWss="" incomingWss="" id="e1eaf5c3-0f16-4cc3-b067-f2d8a2abcfcc"><con:settings><con:setting id="com.eviware.soapui.impl.wsdl.WsdlRequest@request-headers">&lt;entry key="Authorization" value="Basic SUhHQ29ubmVjdGh1YjIwOTcxOklPSVRwT1lKT2g1UTZLd2JUVDdv" xmlns="http://eviware.com/soapui/config"/></con:setting></con:settings><con:encoding>UTF-8</con:encoding><con:endpoint>http://dev3-portal-wicket01.mf.qhg.local:8080/webservices/services/medfusion?wsdl</con:endpoint><con:request><![CDATA[<soap:Envelope xmlns:soap="http://schemas.xmlsoap.org/soap/envelope/" xmlns:soapenc="http://schemas.xmlsoap.org/soap/encoding/" xmlns:tns="urn:Medfusion" xmlns:types="urn:Medfusion/encodedTypes" xmlns:xsd="http://www.w3.org/2001/XMLSchema" xmlns:xsi="http://www.w3.org/2001/XMLSchema-instance">
   <soap:Body soap:encodingStyle="http://schemas.xmlsoap.org/soap/encoding/">
      <tns:getVOVsByCriteria>
         <in0 xsi:type="xsd:int" xs:type="type:int" xmlns:xs="http://www.w3.org/2000/XMLSchema-instance">20971</in0>
         <in1 href="#id1"/>
      </tns:getVOVsByCriteria>
      <soapenc:Array id="id1" soapenc:arrayType="q1:Criteria[3]" xmlns:q1="http://query.common.webservices.integrations.medfusion.net">
         <Item href="#id2"/>
         <Item href="#id3"/>
         <Item href="#id4"/>
      </soapenc:Array>
      <q2:Criteria id="id2" xsi:type="q2:Criteria" xmlns:q2="http://query.common.webservices.integrations.medfusion.net">
         <fieldName xsi:type="xsd:string">vovPracticeId</fieldName>
         <fieldValue xsi:type="xsd:int">20971</fieldValue>
         <operation xsi:type="xsd:int">1</operation>
         <operationCaseSensitive xsi:type="xsd:boolean">false</operationCaseSensitive>
      </q2:Criteria>
      <q3:Criteria id="id3" xsi:type="q3:Criteria" xmlns:q3="http://query.common.webservices.integrations.medfusion.net">
         <fieldName xsi:type="xsd:string">vovCreationDate</fieldName>
         <fieldValue xsi:type="xsd:dateTime">2013-02-17T18:43:17</fieldValue>
         <operation xsi:type="xsd:int">3</operation>
         <operationCaseSensitive xsi:type="xsd:boolean">false</operationCaseSensitive>
      </q3:Criteria>
      <q4:Criteria id="id4" xsi:type="q4:Criteria" xmlns:q4="http://query.common.webservices.integrations.medfusion.net">
         <fieldName xsi:type="xsd:string">vovVisitType</fieldName>
         <fieldValue xsi:type="xsd:string">Ask A Doctor</fieldValue>
         <operation xsi:type="xsd:int">1</operation>
         <operationCaseSensitive xsi:type="xsd:boolean">false</operationCaseSensitive>
      </q4:Criteria>
   </soap:Body>
</soap:Envelope>]]></con:request><con:assertion type="SOAP Response" name="SOAP Response" id="80f509a9-ee64-41b2-a6b6-b44f7bb4bac0"/><con:assertion type="Simple NotContains" name="Not Contains invalid login" id="244e7c42-9b13-439a-bac7-649fd735c6be"><con:configuration><token>&lt;message xsi:type="xsd:string">Invalid login.&lt;/message></token><ignoreCase>false</ignoreCase><useRegEx>false</useRegEx></con:configuration></con:assertion><con:assertion type="Simple NotContains" name="Not Contains no username/password" id="762b21df-00e1-49e1-a865-d149f7a9b756"><con:configuration><token>&lt;message xsi:type="xsd:string">You did not provide a password to the Web Service.  You must specify the password and username as HTTP BASIC authentication to the service&lt;/message></token><ignoreCase>false</ignoreCase><useRegEx>false</useRegEx></con:configuration></con:assertion><con:assertion type="Simple Contains" name="Contains getVOVsByCriteriaResponse" id="aa257d7d-f81c-4c34-aaa4-08c79a815c1a"><con:configuration><token>&lt;ns1:getVOVsByCriteriaResponse soapenv</token><ignoreCase>false</ignoreCase><useRegEx>false</useRegEx></con:configuration></con:assertion><con:credentials><con:username xsi:nil="true"/><con:password xsi:nil="true"/><con:domain xsi:nil="true"/><con:authType>No Authorization</con:authType></con:credentials><con:jmsConfig JMSDeliveryMode="PERSISTENT"/><con:jmsPropertyConfig/><con:wsaConfig action="urn:Medfusion/Medfusion/getVOVsByCriteriaRequest" mustUnderstand="NONE" version="200508"/><con:wsrmConfig version="1.2"/></con:request></con:config></con:testStep><con:testStep type="request" name="getVOVsByCriteria - no crit" id="8a143727-45c1-4254-bf4a-dd72d57e9074"><con:settings/><con:config xsi:type="con:RequestStep" xmlns:xsi="http://www.w3.org/2001/XMLSchema-instance"><con:interface>medfusionSoapBinding</con:interface><con:operation>getVOVsByCriteria</con:operation><con:request name="getVOVsByCriteria - no crit" outgoingWss="" incomingWss="" id="e26b5461-7cfb-4c81-a2b6-0e34bf79aa63"><con:settings><con:setting id="com.eviware.soapui.impl.wsdl.WsdlRequest@request-headers">&lt;entry key="Authorization" value="Basic SUhHQ29ubmVjdGh1YjIwOTcxOklPSVRwT1lKT2g1UTZLd2JUVDdv" xmlns="http://eviware.com/soapui/config"/></con:setting></con:settings><con:encoding>UTF-8</con:encoding><con:endpoint>http://dev3-portal-wicket01.mf.qhg.local:8080/webservices/services/medfusion?wsdl</con:endpoint><con:request><![CDATA[<soap:Envelope xmlns:soap="http://schemas.xmlsoap.org/soap/envelope/" xmlns:soapenc="http://schemas.xmlsoap.org/soap/encoding/" xmlns:tns="urn:Medfusion" xmlns:types="urn:Medfusion/encodedTypes" xmlns:xsd="http://www.w3.org/2001/XMLSchema" xmlns:xsi="http://www.w3.org/2001/XMLSchema-instance">
   <soap:Body soap:encodingStyle="http://schemas.xmlsoap.org/soap/encoding/">
      <tns:getVOVsByCriteria>
         <in0 xsi:type="xsd:int" xs:type="type:int" xmlns:xs="http://www.w3.org/2000/XMLSchema-instance"/>
         <in1 href="#id1"/>
      </tns:getVOVsByCriteria>
      <soapenc:Array id="id1" soapenc:arrayType="q1:Criteria[3]" xmlns:q1="http://query.common.webservices.integrations.medfusion.net">
         <Item href="#id2"/>
         <Item href="#id3"/>
         <Item href="#id4"/>
      </soapenc:Array>
      <q2:Criteria id="id2" xsi:type="q2:Criteria" xmlns:q2="http://query.common.webservices.integrations.medfusion.net">
         <fieldName xsi:type="xsd:string">vovPracticeId</fieldName>
         <fieldValue xsi:type="xsd:int">20971</fieldValue>
         <operation xsi:type="xsd:int">1</operation>
         <operationCaseSensitive xsi:type="xsd:boolean">false</operationCaseSensitive>
      </q2:Criteria>
      <q3:Criteria id="id3" xsi:type="q3:Criteria" xmlns:q3="http://query.common.webservices.integrations.medfusion.net">
         <fieldName xsi:type="xsd:string">vovCreationDate</fieldName>
         <fieldValue xsi:type="xsd:dateTime">2013-02-17T18:43:17</fieldValue>
         <operation xsi:type="xsd:int">3</operation>
         <operationCaseSensitive xsi:type="xsd:boolean">false</operationCaseSensitive>
      </q3:Criteria>
      <q4:Criteria id="id4" xsi:type="q4:Criteria" xmlns:q4="http://query.common.webservices.integrations.medfusion.net">
         <fieldName xsi:type="xsd:string">vovVisitType</fieldName>
         <fieldValue xsi:type="xsd:string">Ask A Doctor</fieldValue>
         <operation xsi:type="xsd:int">1</operation>
         <operationCaseSensitive xsi:type="xsd:boolean">false</operationCaseSensitive>
      </q4:Criteria>
   </soap:Body>
</soap:Envelope>]]></con:request><con:assertion type="SOAP Response" name="SOAP Response" id="b1633858-2383-4ad7-91c4-64e0f02345e0"/><con:assertion type="Simple NotContains" name="Not Contains invalid login" id="9cb78c4a-5344-406d-845e-45dcbe0a9f8c"><con:configuration><token>&lt;message xsi:type="xsd:string">Invalid login.&lt;/message></token><ignoreCase>false</ignoreCase><useRegEx>false</useRegEx></con:configuration></con:assertion><con:assertion type="Simple NotContains" name="Not Contains no username/password" id="e73df9ed-35b4-47e4-b1f4-7b6928408dbd"><con:configuration><token>&lt;message xsi:type="xsd:string">You did not provide a password to the Web Service.  You must specify the password and username as HTTP BASIC authentication to the service&lt;/message></token><ignoreCase>false</ignoreCase><useRegEx>false</useRegEx></con:configuration></con:assertion><con:assertion type="Simple Contains" name="Contains faultstring" id="7d585533-ffa8-455f-8c67-b078981320b1"><con:configuration><token>&lt;faultstring>No such operation 'getVOVsByCriteria'&lt;/faultstring></token><ignoreCase>false</ignoreCase><useRegEx>false</useRegEx></con:configuration></con:assertion><con:credentials><con:username xsi:nil="true"/><con:password xsi:nil="true"/><con:domain xsi:nil="true"/><con:authType>No Authorization</con:authType></con:credentials><con:jmsConfig JMSDeliveryMode="PERSISTENT"/><con:jmsPropertyConfig/><con:wsaConfig action="urn:Medfusion/Medfusion/getVOVsByCriteriaRequest" mustUnderstand="NONE" version="200508"/><con:wsrmConfig version="1.2"/></con:request></con:config></con:testStep><con:testStep type="request" name="getVOVsByCriteria - invalid crit" id="bd865013-74ba-4a02-9873-d5169322300f"><con:settings/><con:config xsi:type="con:RequestStep" xmlns:xsi="http://www.w3.org/2001/XMLSchema-instance"><con:interface>medfusionSoapBinding</con:interface><con:operation>getVOVsByCriteria</con:operation><con:request name="getVOVsByCriteria - invalid crit" outgoingWss="" incomingWss="" id="8228be4b-94dc-4762-b5cc-1d09c1e9719e"><con:settings><con:setting id="com.eviware.soapui.impl.wsdl.WsdlRequest@request-headers">&lt;entry key="Authorization" value="Basic SUhHQ29ubmVjdGh1YjIwOTcxOklPSVRwT1lKT2g1UTZLd2JUVDdv" xmlns="http://eviware.com/soapui/config"/></con:setting></con:settings><con:encoding>UTF-8</con:encoding><con:endpoint>http://dev3-portal-wicket01.mf.qhg.local:8080/webservices/services/medfusion?wsdl</con:endpoint><con:request><![CDATA[<soap:Envelope xmlns:soap="http://schemas.xmlsoap.org/soap/envelope/" xmlns:soapenc="http://schemas.xmlsoap.org/soap/encoding/" xmlns:tns="urn:Medfusion" xmlns:types="urn:Medfusion/encodedTypes" xmlns:xsd="http://www.w3.org/2001/XMLSchema" xmlns:xsi="http://www.w3.org/2001/XMLSchema-instance">
   <soap:Body soap:encodingStyle="http://schemas.xmlsoap.org/soap/encoding/">
      <tns:getVOVsByCriteria>
         <in0 xsi:type="xsd:int" xs:type="type:int" xmlns:xs="http://www.w3.org/2000/XMLSchema-instance">err</in0>
         <in1 href="#id1"/>
      </tns:getVOVsByCriteria>
      <soapenc:Array id="id1" soapenc:arrayType="q1:Criteria[3]" xmlns:q1="http://query.common.webservices.integrations.medfusion.net">
         <Item href="#id2"/>
         <Item href="#id3"/>
         <Item href="#id4"/>
      </soapenc:Array>
      <q2:Criteria id="id2" xsi:type="q2:Criteria" xmlns:q2="http://query.common.webservices.integrations.medfusion.net">
         <fieldName xsi:type="xsd:string">vovPracticeId</fieldName>
         <fieldValue xsi:type="xsd:int">20971</fieldValue>
         <operation xsi:type="xsd:int">1</operation>
         <operationCaseSensitive xsi:type="xsd:boolean">false</operationCaseSensitive>
      </q2:Criteria>
      <q3:Criteria id="id3" xsi:type="q3:Criteria" xmlns:q3="http://query.common.webservices.integrations.medfusion.net">
         <fieldName xsi:type="xsd:string">vovCreationDate</fieldName>
         <fieldValue xsi:type="xsd:dateTime">2013-02-17T18:43:17</fieldValue>
         <operation xsi:type="xsd:int">3</operation>
         <operationCaseSensitive xsi:type="xsd:boolean">false</operationCaseSensitive>
      </q3:Criteria>
      <q4:Criteria id="id4" xsi:type="q4:Criteria" xmlns:q4="http://query.common.webservices.integrations.medfusion.net">
         <fieldName xsi:type="xsd:string">vovVisitType</fieldName>
         <fieldValue xsi:type="xsd:string">Ask A Doctor</fieldValue>
         <operation xsi:type="xsd:int">1</operation>
         <operationCaseSensitive xsi:type="xsd:boolean">false</operationCaseSensitive>
      </q4:Criteria>
   </soap:Body>
</soap:Envelope>]]></con:request><con:assertion type="SOAP Response" name="SOAP Response" id="6df0e3c0-11e0-46f9-a546-37db4a77aa7e"/><con:assertion type="Simple NotContains" name="Not Contains invalid login" id="c7ecd360-4dbb-4543-ad25-4857013b2348"><con:configuration><token>&lt;message xsi:type="xsd:string">Invalid login.&lt;/message></token><ignoreCase>false</ignoreCase><useRegEx>false</useRegEx></con:configuration></con:assertion><con:assertion type="Simple NotContains" name="Not Contains no username/password" id="aaef6bbb-a995-4a3e-bfd0-46b97873e484"><con:configuration><token>&lt;message xsi:type="xsd:string">You did not provide a password to the Web Service.  You must specify the password and username as HTTP BASIC authentication to the service&lt;/message></token><ignoreCase>false</ignoreCase><useRegEx>false</useRegEx></con:configuration></con:assertion><con:assertion type="Simple Contains" name="Contains NumberFormatException" id="c4808570-dcb1-4eb8-98e2-59854deefefa"><con:configuration><token>&lt;faultstring>java.lang.NumberFormatException: For input string</token><ignoreCase>false</ignoreCase><useRegEx>false</useRegEx></con:configuration></con:assertion><con:credentials><con:username xsi:nil="true"/><con:password xsi:nil="true"/><con:domain xsi:nil="true"/><con:authType>No Authorization</con:authType></con:credentials><con:jmsConfig JMSDeliveryMode="PERSISTENT"/><con:jmsPropertyConfig/><con:wsaConfig action="urn:Medfusion/Medfusion/getVOVsByCriteriaRequest" mustUnderstand="NONE" version="200508"/><con:wsrmConfig version="1.2"/></con:request></con:config></con:testStep><con:properties><con:property><con:name>Username</con:name><con:value>IHGConnecthub20971</con:value></con:property><con:property><con:name>Password</con:name><con:value>IOITpOYJOh5Q6KwbTT7o</con:value></con:property></con:properties><con:reportParameters/></con:testCase><con:testCase failOnError="true" failTestCaseOnErrors="true" keepSession="false" maxResults="0" name="getVOVsByCriteria - Virtual Office Visit TestCase" searchProperties="true" id="fb608384-1f4e-4ef5-b23a-2e1b1b5b49c0"><con:settings/><con:testStep type="request" name="getVOVsByCriteria" id="b9862b92-580b-4089-a283-cdcbe908d408"><con:settings/><con:config xsi:type="con:RequestStep" xmlns:xsi="http://www.w3.org/2001/XMLSchema-instance"><con:interface>medfusionSoapBinding</con:interface><con:operation>getVOVsByCriteria</con:operation><con:request name="getVOVsByCriteria" outgoingWss="" incomingWss="" id="0ed803cf-6b61-423b-a3ff-83cb268ac5a4"><con:settings><con:setting id="com.eviware.soapui.impl.wsdl.WsdlRequest@request-headers">&lt;entry key="Authorization" value="Basic SUhHQ29ubmVjdGh1YjIwOTcxOklPSVRwT1lKT2g1UTZLd2JUVDdv" xmlns="http://eviware.com/soapui/config"/></con:setting></con:settings><con:encoding>UTF-8</con:encoding><con:endpoint>http://dev3-portal-wicket01.mf.qhg.local:8080/webservices/services/medfusion?wsdl</con:endpoint><con:request><![CDATA[<soap:Envelope xmlns:soap="http://schemas.xmlsoap.org/soap/envelope/" xmlns:soapenc="http://schemas.xmlsoap.org/soap/encoding/" xmlns:tns="urn:Medfusion" xmlns:types="urn:Medfusion/encodedTypes" xmlns:xsd="http://www.w3.org/2001/XMLSchema" xmlns:xsi="http://www.w3.org/2001/XMLSchema-instance">
   <soap:Body soap:encodingStyle="http://schemas.xmlsoap.org/soap/encoding/">
      <tns:getVOVsByCriteria>
         <in0 xsi:type="xsd:int" xs:type="type:int" xmlns:xs="http://www.w3.org/2000/XMLSchema-instance">20971</in0>
         <in1 href="#id1"/>
      </tns:getVOVsByCriteria>
      <soapenc:Array id="id1" soapenc:arrayType="q1:Criteria[3]" xmlns:q1="http://query.common.webservices.integrations.medfusion.net">
         <Item href="#id2"/>
         <Item href="#id3"/>
         <Item href="#id4"/>
      </soapenc:Array>
      <q2:Criteria id="id2" xsi:type="q2:Criteria" xmlns:q2="http://query.common.webservices.integrations.medfusion.net">
         <fieldName xsi:type="xsd:string">vovPracticeId</fieldName>
         <fieldValue xsi:type="xsd:int">20971</fieldValue>
         <operation xsi:type="xsd:int">1</operation>
         <operationCaseSensitive xsi:type="xsd:boolean">false</operationCaseSensitive>
      </q2:Criteria>
      <q3:Criteria id="id3" xsi:type="q3:Criteria" xmlns:q3="http://query.common.webservices.integrations.medfusion.net">
         <fieldName xsi:type="xsd:string">vovCreationDate</fieldName>
         <fieldValue xsi:type="xsd:dateTime">2013-02-17T18:43:17</fieldValue>
         <operation xsi:type="xsd:int">3</operation>
         <operationCaseSensitive xsi:type="xsd:boolean">false</operationCaseSensitive>
      </q3:Criteria>
      <q4:Criteria id="id4" xsi:type="q4:Criteria" xmlns:q4="http://query.common.webservices.integrations.medfusion.net">
         <fieldName xsi:type="xsd:string">vovVisitType</fieldName>
         <fieldValue xsi:type="xsd:string">Virtual Office Visit</fieldValue>
         <operation xsi:type="xsd:int">1</operation>
         <operationCaseSensitive xsi:type="xsd:boolean">false</operationCaseSensitive>
      </q4:Criteria>
   </soap:Body>
</soap:Envelope>]]></con:request><con:assertion type="SOAP Response" name="SOAP Response" id="54dcfbf2-79ed-4ef4-95da-b3bf40c5c139"/><con:assertion type="Simple NotContains" name="Not Contains invalid login" id="b3d901db-1f74-4c38-9467-ee7afbf0ab68"><con:configuration><token>&lt;message xsi:type="xsd:string">Invalid login.&lt;/message></token><ignoreCase>false</ignoreCase><useRegEx>false</useRegEx></con:configuration></con:assertion><con:assertion type="Simple NotContains" name="Not Contains no username/password" id="5aa03685-f717-4c79-b284-338e1b5c4c1c"><con:configuration><token>&lt;message xsi:type="xsd:string">You did not provide a password to the Web Service.  You must specify the password and username as HTTP BASIC authentication to the service&lt;/message></token><ignoreCase>false</ignoreCase><useRegEx>false</useRegEx></con:configuration></con:assertion><con:assertion type="Simple Contains" name="Contains getVOVsByCriteriaResponse" id="358f1778-a7e7-48c8-b1a1-a29216b0a214"><con:configuration><token>&lt;ns1:getVOVsByCriteriaResponse soapenv</token><ignoreCase>false</ignoreCase><useRegEx>false</useRegEx></con:configuration></con:assertion><con:credentials><con:username xsi:nil="true"/><con:password xsi:nil="true"/><con:domain xsi:nil="true"/><con:authType>No Authorization</con:authType></con:credentials><con:jmsConfig JMSDeliveryMode="PERSISTENT"/><con:jmsPropertyConfig/><con:wsaConfig action="urn:Medfusion/Medfusion/getVOVsByCriteriaRequest" mustUnderstand="NONE" version="200508"/><con:wsrmConfig version="1.2"/></con:request></con:config></con:testStep><con:testStep type="request" name="getVOVsByCriteria - no crit" id="142ab164-852d-4d32-b3c1-22e5f7e3f875"><con:settings/><con:config xsi:type="con:RequestStep" xmlns:xsi="http://www.w3.org/2001/XMLSchema-instance"><con:interface>medfusionSoapBinding</con:interface><con:operation>getVOVsByCriteria</con:operation><con:request name="getVOVsByCriteria - no crit" outgoingWss="" incomingWss="" id="df9dfb87-9a2c-4453-aa58-0dc8a118bfc1"><con:settings><con:setting id="com.eviware.soapui.impl.wsdl.WsdlRequest@request-headers">&lt;entry key="Authorization" value="Basic SUhHQ29ubmVjdGh1YjIwOTcxOklPSVRwT1lKT2g1UTZLd2JUVDdv" xmlns="http://eviware.com/soapui/config"/></con:setting></con:settings><con:encoding>UTF-8</con:encoding><con:endpoint>http://dev3-portal-wicket01.mf.qhg.local:8080/webservices/services/medfusion?wsdl</con:endpoint><con:request><![CDATA[<soap:Envelope xmlns:soap="http://schemas.xmlsoap.org/soap/envelope/" xmlns:soapenc="http://schemas.xmlsoap.org/soap/encoding/" xmlns:tns="urn:Medfusion" xmlns:types="urn:Medfusion/encodedTypes" xmlns:xsd="http://www.w3.org/2001/XMLSchema" xmlns:xsi="http://www.w3.org/2001/XMLSchema-instance">
   <soap:Body soap:encodingStyle="http://schemas.xmlsoap.org/soap/encoding/">
      <tns:getVOVsByCriteria>
         <in0 xsi:type="xsd:int" xs:type="type:int" xmlns:xs="http://www.w3.org/2000/XMLSchema-instance"/>
         <in1 href="#id1"/>
      </tns:getVOVsByCriteria>
      <soapenc:Array id="id1" soapenc:arrayType="q1:Criteria[3]" xmlns:q1="http://query.common.webservices.integrations.medfusion.net">
         <Item href="#id2"/>
         <Item href="#id3"/>
         <Item href="#id4"/>
      </soapenc:Array>
      <q2:Criteria id="id2" xsi:type="q2:Criteria" xmlns:q2="http://query.common.webservices.integrations.medfusion.net">
         <fieldName xsi:type="xsd:string">vovPracticeId</fieldName>
         <fieldValue xsi:type="xsd:int">20971</fieldValue>
         <operation xsi:type="xsd:int">1</operation>
         <operationCaseSensitive xsi:type="xsd:boolean">false</operationCaseSensitive>
      </q2:Criteria>
      <q3:Criteria id="id3" xsi:type="q3:Criteria" xmlns:q3="http://query.common.webservices.integrations.medfusion.net">
         <fieldName xsi:type="xsd:string">vovCreationDate</fieldName>
         <fieldValue xsi:type="xsd:dateTime">2013-02-17T18:43:17</fieldValue>
         <operation xsi:type="xsd:int">3</operation>
         <operationCaseSensitive xsi:type="xsd:boolean">false</operationCaseSensitive>
      </q3:Criteria>
      <q4:Criteria id="id4" xsi:type="q4:Criteria" xmlns:q4="http://query.common.webservices.integrations.medfusion.net">
         <fieldName xsi:type="xsd:string">vovVisitType</fieldName>
         <fieldValue xsi:type="xsd:string">Virtual Office Visit</fieldValue>
         <operation xsi:type="xsd:int">1</operation>
         <operationCaseSensitive xsi:type="xsd:boolean">false</operationCaseSensitive>
      </q4:Criteria>
   </soap:Body>
</soap:Envelope>]]></con:request><con:assertion type="SOAP Response" name="SOAP Response" id="253ef1d9-1ca8-456a-8133-7fa266408423"/><con:assertion type="Simple NotContains" name="Not Contains invalid login" id="0f81c370-105c-47c1-9f2f-9082da1eeafb"><con:configuration><token>&lt;message xsi:type="xsd:string">Invalid login.&lt;/message></token><ignoreCase>false</ignoreCase><useRegEx>false</useRegEx></con:configuration></con:assertion><con:assertion type="Simple NotContains" name="Not Contains no username/password" id="a08a0cc3-8b77-4ea0-a5ca-07ab1a3bdbf8"><con:configuration><token>&lt;message xsi:type="xsd:string">You did not provide a password to the Web Service.  You must specify the password and username as HTTP BASIC authentication to the service&lt;/message></token><ignoreCase>false</ignoreCase><useRegEx>false</useRegEx></con:configuration></con:assertion><con:assertion type="Simple Contains" name="Contains faultstring" id="b9fc5917-4d4f-4b4d-b1b0-711379ae6fd0"><con:configuration><token>&lt;faultstring>No such operation 'getVOVsByCriteria'&lt;/faultstring></token><ignoreCase>false</ignoreCase><useRegEx>false</useRegEx></con:configuration></con:assertion><con:credentials><con:username xsi:nil="true"/><con:password xsi:nil="true"/><con:domain xsi:nil="true"/><con:authType>No Authorization</con:authType></con:credentials><con:jmsConfig JMSDeliveryMode="PERSISTENT"/><con:jmsPropertyConfig/><con:wsaConfig action="urn:Medfusion/Medfusion/getVOVsByCriteriaRequest" mustUnderstand="NONE" version="200508"/><con:wsrmConfig version="1.2"/></con:request></con:config></con:testStep><con:testStep type="request" name="getVOVsByCriteria - invalid crit" id="56c4e84d-1f59-4b09-b40c-6975be05281a"><con:settings/><con:config xsi:type="con:RequestStep" xmlns:xsi="http://www.w3.org/2001/XMLSchema-instance"><con:interface>medfusionSoapBinding</con:interface><con:operation>getVOVsByCriteria</con:operation><con:request name="getVOVsByCriteria - invalid crit" outgoingWss="" incomingWss="" id="f04ec489-8d2d-4d05-859b-1bec4ac4af50"><con:settings><con:setting id="com.eviware.soapui.impl.wsdl.WsdlRequest@request-headers">&lt;entry key="Authorization" value="Basic SUhHQ29ubmVjdGh1YjIwOTcxOklPSVRwT1lKT2g1UTZLd2JUVDdv" xmlns="http://eviware.com/soapui/config"/></con:setting></con:settings><con:encoding>UTF-8</con:encoding><con:endpoint>http://dev3-portal-wicket01.mf.qhg.local:8080/webservices/services/medfusion?wsdl</con:endpoint><con:request><![CDATA[<soap:Envelope xmlns:soap="http://schemas.xmlsoap.org/soap/envelope/" xmlns:soapenc="http://schemas.xmlsoap.org/soap/encoding/" xmlns:tns="urn:Medfusion" xmlns:types="urn:Medfusion/encodedTypes" xmlns:xsd="http://www.w3.org/2001/XMLSchema" xmlns:xsi="http://www.w3.org/2001/XMLSchema-instance">
   <soap:Body soap:encodingStyle="http://schemas.xmlsoap.org/soap/encoding/">
      <tns:getVOVsByCriteria>
         <in0 xsi:type="xsd:int" xs:type="type:int" xmlns:xs="http://www.w3.org/2000/XMLSchema-instance">err</in0>
         <in1 href="#id1"/>
      </tns:getVOVsByCriteria>
      <soapenc:Array id="id1" soapenc:arrayType="q1:Criteria[3]" xmlns:q1="http://query.common.webservices.integrations.medfusion.net">
         <Item href="#id2"/>
         <Item href="#id3"/>
         <Item href="#id4"/>
      </soapenc:Array>
      <q2:Criteria id="id2" xsi:type="q2:Criteria" xmlns:q2="http://query.common.webservices.integrations.medfusion.net">
         <fieldName xsi:type="xsd:string">vovPracticeId</fieldName>
         <fieldValue xsi:type="xsd:int">20971</fieldValue>
         <operation xsi:type="xsd:int">1</operation>
         <operationCaseSensitive xsi:type="xsd:boolean">false</operationCaseSensitive>
      </q2:Criteria>
      <q3:Criteria id="id3" xsi:type="q3:Criteria" xmlns:q3="http://query.common.webservices.integrations.medfusion.net">
         <fieldName xsi:type="xsd:string">vovCreationDate</fieldName>
         <fieldValue xsi:type="xsd:dateTime">2013-02-17T18:43:17</fieldValue>
         <operation xsi:type="xsd:int">3</operation>
         <operationCaseSensitive xsi:type="xsd:boolean">false</operationCaseSensitive>
      </q3:Criteria>
      <q4:Criteria id="id4" xsi:type="q4:Criteria" xmlns:q4="http://query.common.webservices.integrations.medfusion.net">
         <fieldName xsi:type="xsd:string">vovVisitType</fieldName>
         <fieldValue xsi:type="xsd:string">Virtual Office Visit</fieldValue>
         <operation xsi:type="xsd:int">1</operation>
         <operationCaseSensitive xsi:type="xsd:boolean">false</operationCaseSensitive>
      </q4:Criteria>
   </soap:Body>
</soap:Envelope>]]></con:request><con:assertion type="SOAP Response" name="SOAP Response" id="fcaaad2e-7a77-4c85-8f95-dfa9014ab294"/><con:assertion type="Simple NotContains" name="Not Contains invalid login" id="b45faa8f-2b88-4f4a-9573-b1da96ed5999"><con:configuration><token>&lt;message xsi:type="xsd:string">Invalid login.&lt;/message></token><ignoreCase>false</ignoreCase><useRegEx>false</useRegEx></con:configuration></con:assertion><con:assertion type="Simple NotContains" name="Not Contains no username/password" id="bfba89fd-9fea-45ce-b54c-1e31dfc6d346"><con:configuration><token>&lt;message xsi:type="xsd:string">You did not provide a password to the Web Service.  You must specify the password and username as HTTP BASIC authentication to the service&lt;/message></token><ignoreCase>false</ignoreCase><useRegEx>false</useRegEx></con:configuration></con:assertion><con:assertion type="Simple Contains" name="Contains NumberFormatException" id="d2d4c95d-08e4-446b-8975-0200f1cf5261"><con:configuration><token>&lt;faultstring>java.lang.NumberFormatException: For input string</token><ignoreCase>false</ignoreCase><useRegEx>false</useRegEx></con:configuration></con:assertion><con:credentials><con:username xsi:nil="true"/><con:password xsi:nil="true"/><con:domain xsi:nil="true"/><con:authType>No Authorization</con:authType></con:credentials><con:jmsConfig JMSDeliveryMode="PERSISTENT"/><con:jmsPropertyConfig/><con:wsaConfig action="urn:Medfusion/Medfusion/getVOVsByCriteriaRequest" mustUnderstand="NONE" version="200508"/><con:wsrmConfig version="1.2"/></con:request></con:config></con:testStep><con:properties><con:property><con:name>Username</con:name><con:value>IHGConnecthub20971</con:value></con:property><con:property><con:name>Password</con:name><con:value>IOITpOYJOh5Q6KwbTT7o</con:value></con:property></con:properties><con:reportParameters/></con:testCase><con:properties/><con:reportParameters/></con:testSuite><con:endpointStrategy xsi:type="con:DefaultEndpointStrategy" xmlns:xsi="http://www.w3.org/2001/XMLSchema-instance"><con:endpoint mode="OVERRIDE" username="" password="" domain="" wssTimeToLive="" outgoingWss="" incomingWss="" wssType="">http://dev3-portal-ejb-int01.mf.qhg.local:8080/webservices/services/medfusion</con:endpoint></con:endpointStrategy><con:requirements/><con:properties/><con:wssContainer/><con:databaseConnectionContainer/><con:oAuth2ProfileContainer/><con:reporting><con:xmlTemplates/><con:parameters/></con:reporting><con:eventHandlers type="SubmitListener.beforeSubmit" name="SubmitListener.beforeSubmit"><con:script disabled="false">import com.eviware.soapui.support.types.StringToStringMap;
import org.apache.commons.codec.binary.Base64

def userName = context.getTestCase().getPropertyValue("Username")
def password = context.getTestCase().getPropertyValue("Password")
def data = (userName + ":" + password).bytes

Base64 coder = new Base64()
def encodedData = data.encodeBase64().toString()

log.info "Username: " + userName + ", Password: " + password + ", Base64: " + encodedData

def headers = new StringToStringMap()
headers.put("Authorization", "Basic " + encodedData)
submit.request.setRequestHeaders(headers)</con:script></con:eventHandlers><con:sensitiveInformation/></con:soapui-project>