<?xml version="1.0" encoding="UTF-8"?>
<!-- Generated by org.testng.reporters.JUnitReportReporter -->
<testsuite hostname="dev.medfusion.net" name="net.medfusion.integrations.webservices.IntegrationEngineTest" tests="1" failures="0" timestamp="6 Jan 2013 02:15:06 GMT" time="45.766" errors="0">
  <testcase name="testChangeServices" time="45.766" classname="net.medfusion.integrations.webservices.IntegrationEngineTest"/>
</testsuite> <!-- net.medfusion.integrations.webservices.IntegrationEngineTest -->
