<?xml version="1.0" encoding="UTF-8"?>
<!-- Generated by org.testng.reporters.JUnitReportReporter -->
<testsuite hostname="DESKTOP-7R0ARDJ" name="net.medfusion.integrations.webservices.MedfusionWebservicesTest" tests="1" failures="0" timestamp="10 Jan 2017 10:13:59 GMT" time="216.885" errors="0">
  <testcase name="testExternalIdMethods" time="216.885" classname="net.medfusion.integrations.webservices.MedfusionWebservicesTest"/>
</testsuite> <!-- net.medfusion.integrations.webservices.MedfusionWebservicesTest -->
