<?xml version="1.0" encoding="UTF-8"?>
<!-- Generated by org.testng.reporters.JUnitReportReporter -->
<testsuite hostname="dev.medfusion.net" name="net.medfusion.integrations.webservices.CommserviceWebservicesTest" tests="1" failures="0" timestamp="11 Sep 2012 04:24:13 GMT" time="2.038" errors="0">
  <testcase name="testpostNewCommunication" time="2.038" classname="net.medfusion.integrations.webservices.CommserviceWebservicesTest"/>
</testsuite> <!-- net.medfusion.integrations.webservices.CommserviceWebservicesTest -->
