<?xml version="1.0" encoding="UTF-8"?>
<!-- Generated by org.testng.reporters.JUnitReportReporter -->
<testsuite hostname="dev.medfusion.net" name="net.medfusion.integrations.webservices.WebserviceTest" tests="1" failures="0" timestamp="6 Aug 2012 15:35:20 GMT" time="45.119" errors="0">
  <testcase name="testExternalIdMethods" time="45.119" classname="net.medfusion.integrations.webservices.WebserviceTest"/>
</testsuite> <!-- net.medfusion.integrations.webservices.WebserviceTest -->
