<?xml version="1.0" encoding="UTF-8"?>
<!-- Generated by org.testng.reporters.JUnitReportReporter -->
<testsuite skipped="0" hostname="LAPTOP-4C9D9HMK" name="provisioningtests.SearchMerchantTest" tests="1" failures="0" timestamp="2021-04-29T16:50:30 IST" time="14.622" errors="0">
  <testcase name="navigatingToMerchantSearch" time="14.622" classname="provisioningtests.SearchMerchantTest"/>
  <system-out>
step 3: Navigating to search Merchant<br/> Checking all elements on MerchantSearchPage<br/> Expected value: true Actual value: true - PASSED<br/> mmid = 2560791218<br/> mmid = 2560808937<br/> mmid = 2560809259<br/> mmid = 2560809219<br/> mmid = 2560809257<br/> mmid = 2560809237<br/> mmid = 2560805517<br/> mmid = 2560805637<br/> mmid = 2560797957<br/> mmid = 2560809137<br/> mmid = 2560799017<br/> mmid = 2560795757<br/> mmid = 2560805797<br/> mmid = 2560805777<br/> mmid = 2560805817<br/> mmid = 2560808944<br/> mmid = 2560806957<br/> mmid = 2560807838<br/> mmid = 2560808817<br/> mmid = 2560806058<br/> mmid = 2560806037<br/> mmid = 2560808237<br/> mmid = 2560807797<br/> mmid = 2560807877<br/> mmid = 2560800877<br/> mmid = 2560805837<br/> mmid = 2560805878<br/> mmid = 2560805897<br/> mmid = 2560805917<br/> mmid = 2560805979<br/> mmid = 2560806120<br/> mmid = 2560806057<br/> mmid = 2560806077<br/> mmid = 2560805937<br/> mmid = 2560806837<br/> mmid = 2560798957<br/> mmid = 2560806937<br/> Assert valuefalse<br/>  </system-out>
</testsuite> <!-- provisioningtests.SearchMerchantTest -->
