<?xml version="1.0" encoding="UTF-8"?>
<!-- Generated by org.testng.reporters.JUnitReportReporter -->
<testsuite skipped="0" hostname="LAPTOP-4C9D9HMK" name="provisioningtests.ProvisioningBaseTest" tests="1" failures="0" timestamp="2021-03-04T19:13:10 IST" time="59.652" errors="0">
  <testcase name="logIntoMP" time="59.652" classname="provisioningtests.ProvisioningBaseTest"/>
  <system-out>
Execution Environment: DEV3<br/> Execution Browser: chrome<br/> Getting Test Data<br/> step 1: Navigating to Merchant provisioning<br/> Loading login page<br/> URL: http://d3-py-pay01.dev.medfusion.net/#/user/login<br/> Checking all elements on LoginPage<br/> Expected value: true Actual value: true - PASSED<br/> step 2: Login into merchant provisioning<br/> step 3: Input practice ID<br/> step 4: Finding list of merchant rows and columns<br/>  </system-out>
</testsuite> <!-- provisioningtests.ProvisioningBaseTest -->
